ARM GAS  /tmp/ccZHNb0o.s 			page 1


   1              		.syntax unified
   2              		.cpu cortex-m4
   3              		.fpu softvfp
   4              		.eabi_attribute 20, 1
   5              		.eabi_attribute 21, 1
   6              		.eabi_attribute 23, 3
   7              		.eabi_attribute 24, 1
   8              		.eabi_attribute 25, 1
   9              		.eabi_attribute 26, 1
  10              		.eabi_attribute 30, 2
  11              		.eabi_attribute 34, 1
  12              		.eabi_attribute 18, 4
  13              		.thumb
  14              		.file	"hal.c"
  15              		.text
  16              	.Ltext0:
  17              		.section	.gnu.lto_.jmpfuncs.4c808f4681a33d0b,"",%progbits
  18 0000 789C6362 		.ascii	"x\234cb`b\300\006\244\2414#\204d\252f\370\3250\243A"
  18      6062C006 
  18      A4A13423 
  18      8464AA66 
  18      F8D530A3 
  19 0015 20939121 		.ascii	" \223\221!\227\021*\005\000@s\004\031"
  19      97112A05 
  19      00407304 
  19      19
  20              		.text
  21              		.section	.gnu.lto_.inline.4c808f4681a33d0b,"",%progbits
  22 0000 789C6362 		.ascii	"x\234cb`b\300\006\364\2404#\003\003\247)#X\021\333\002"
  22      6062C006 
  22      F4A03423 
  22      0303A729 
  22      235811DB 
  23 0015 79B05A46 		.ascii	"y\260ZF.\024\202\211\033\244\012\314d\000\0003\352\001"
  23      2E148289 
  23      1BA40ACC 
  23      64000033 
  23      EA01
  24 0027 76       		.ascii	"v"
  25              		.text
  26              		.section	.gnu.lto_.pureconst.4c808f4681a33d0b,"",%progbits
  27 0000 789C6362 		.ascii	"x\234cb`b`f\200\000F\006\011\000\000\203\000!"
  27      60626066 
  27      80004606 
  27      09000083 
  27      0021
  28              		.text
  29              		.section	.gnu.lto_halInit.4c808f4681a33d0b,"",%progbits
  30 0000 789C6362 		.ascii	"x\234cb`b@\007\222@\254\314\310\300 \007\244\031\231"
  30      60624007 
  30      9240ACCC 
  30      C8C02007 
  30      A41999
  31 0013 19189926 		.ascii	"\031\030\231&\234c`h\344`bd\0041\030\030\031\352\231"
  31      9C636068 
  31      E4606264 
  31      04311818 
ARM GAS  /tmp/ccZHNb0o.s 			page 2


  31      19EA99
  32 0026 18EB2319 		.ascii	"\030\353#\031\301j\3273\035x\360\377\377\272\017\033"
  32      C16AD733 
  32      1D78F0FF 
  32      FFBA0F1B 
  33 0036 1FCE6314 		.ascii	"\037\316c\024b\007\012\2602\26444LP``H\006+\010\001"
  33      62070AB0 
  33      32B43434 
  33      4C506060 
  33      48062B08 
  34 004b 92205DA1 		.ascii	"\222 ]\241\214L \232\371<C\363\203\177v\211\214\013"
  34      8C4C209A 
  34      F93C43F3 
  34      837F7689 
  34      8C0B
  35 005d 195981B2 		.ascii	"\031Y\201\262\325\014\277\032:\032\0042\031\201\252"
  35      D50CBF1A 
  35      3A1A0432 
  35      1981AA
  36 006c 21E66582 		.ascii	"!\346e\202\350\363\014-\017:\2231\0241%3B\034\013\022"
  36      E8F30C2D 
  36      0F3A9331 
  36      14312533 
  36      421C0B12 
  37 0080 91C86464 		.ascii	"\221\310dd\316ed\200*\312dd\001ik~pj1\0336\303\231\221"
  37      CE656480 
  37      2ACA6464 
  37      01696B7E 
  37      706A311B 
  38 0098 0D6F7ED0 		.ascii	"\015o~\320\333\312\216M\025\013\252\2529K\261\232\305"
  38      DBCA8E4D 
  38      150BAAAA 
  38      394BB19A 
  38      C5
  39 00a9 8A507591 		.ascii	"\212Pu\221\241\361\301<U\230\"\010\010\001J\000}\012"
  39      A1F1C13C 
  39      55982208 
  39      08014A00 
  39      7D0A
  40 00bb 72A98C9E 		.ascii	"r\251\214\236\236\276sFfR\246\177\260~~\261~Fb\216~"
  40      9EBE7346 
  40      6652A67F 
  40      B07E7EB1 
  40      7E46628E 
  41 00d0 71513288 		.ascii	"qQ2\210\326Kf\000\000b\206Q\217"
  41      D64B6600 
  41      00628651 
  41      8F
  42              		.text
  43              		.section	.gnu.lto_.symbol_nodes.4c808f4681a33d0b,"",%progbits
  44 0000 789C45C8 		.ascii	"x\234E\310;\016\200 \020\204\341\331\001\274\366\222"
  44      3B0E8020 
  44      1084E1D9 
  44      01BCF692 
  45 0010 90184B7C 		.ascii	"\220\030K|\2266\036\305\3363h\274\007\221\240\221m\376"
  45      96361EC5 
  45      DE3368BC 
ARM GAS  /tmp/ccZHNb0o.s 			page 3


  45      0791A091 
  45      6DFE
  46 0022 FD86205A 		.ascii	"\375\206 Z|\307H\005\342\001\250\256\235\270\221\371"
  46      7CC74805 
  46      E201A8AE 
  46      9DB891F9 
  47 0032 832C5479 		.ascii	"\203,TyW\357Ef*\253&\252\251\032\250\266\252\247\272"
  47      57EF4566 
  47      2AAB26AA 
  47      A91AA8B6 
  47      AAA7BA
  48 0045 5F060DC2 		.ascii	"_\006\015\302\231r\035\266R\213\275\324\340.%\302\225"
  48      99721DB6 
  48      528BBDD4 
  48      E02E25C2 
  48      95
  49 0056 040FEA16 		.ascii	"\004\017\352\026&\331"
  49      26D9
  50              		.text
  51              		.section	.gnu.lto_.refs.4c808f4681a33d0b,"",%progbits
  52 0000 789C6362 		.ascii	"x\234cb`b`e\200\000F\006&F\006\000\000\237\000\016"
  52      60626065 
  52      80004606 
  52      26460600 
  52      009F000E 
  53              		.text
  54              		.section	.gnu.lto_.decls.4c808f4681a33d0b,"",%progbits
  55 0000 789CBD96 		.ascii	"x\234\275\226_h\034E\034\307\177s\227\\ri\214\022\260"
  55      5F681C45 
  55      1CC77F73 
  55      975C7269 
  55      8C12B0
  56 0013 582DE4AA 		.ascii	"X-\344\252\324\207B\262z\251\022\037\254\324\244\255"
  56      D48742B2 
  56      7AA9121F 
  56      ACD4A4AD 
  57 0023 81684263 		.ascii	"\201hBc\305>-\223\333Mn\341\356\366\334\333h}r\222J"
  57      C53E2D93 
  57      DB4D6EE1 
  57      EEF6DCDB 
  57      687D7292 
  58 0038 2852E51A 		.ascii	"(R\345\032\252\030\032\302\2456\232@\377H\005\021\033"
  58      AA181AC2 
  58      A5369A40 
  58      FF480511 
  58      1B
  59 0049 CB190DA6 		.ascii	"\313\031\015\246\010\275\366\324\246\241\255\275\252"
  59      08BDF6D4 
  59      A6A1ADBD 
  59      AA
  60 0056 F8505F42 		.ascii	"\370P_BA)Rz\316\314\356\335\355&\273\311\335\213\003"
  60      4129527A 
  60      CECCEEDD 
  60      ED26BBC9 
  60      DD8B03
  61 0069 F39BB9DD 		.ascii	"\363\233\271\335\337|~\337\371\315o\367\326\003\036"
  61      DF7C7EDF 
ARM GAS  /tmp/ccZHNb0o.s 			page 4


  61      F9CD6FF7 
  61      D6031E
  62 0078 380A0079 		.ascii	"8\012\000y\332\366\327\001d=@\257\000\354\240\035\321"
  62      DAF6D701 
  62      643D40AF 
  62      00ECA01D 
  62      D1
  63 0089 3E0946F3 		.ascii	">\011F\363\321~\221\366,\355?\323~\205\366\253\264_"
  63      D17E91F6 
  63      2CED3FD3 
  63      7E85F6AB 
  63      B45F
  64 009b 37FD7E05 		.ascii	"7\375~\005{c\276\325\264\347h\317\320~\313d-\255\340"
  64      7B63BED5 
  64      B4E768CF 
  64      D07ECB64 
  64      2DADE0
  65 00ae 5D373957 		.ascii	"]79WLn\326\205\267\001\336#d\230\244F\310K\013\015\215"
  65      4C6ED685 
  65      B701DE23 
  65      6498A446 
  65      C84B0B0D 
  66 00c3 7084D096 		.ascii	"p\204\320\226\"\004-4\000\274\2160j\360C\272\216\317"
  66      22042D34 
  66      00BC8E30 
  66      6AF043BA 
  66      8ECF
  67 00d5 EAFD30CD 		.ascii	"\352\3750\315\010[\341\004!\311\334\374\371GI\225\271"
  67      085BE104 
  67      21C9DCFC 
  67      F9474995 
  67      B9
  68 00e6 20E0EE8D 		.ascii	" \340\356\215\321'h+\254\357\307<\247P#l\203\031\352"
  68      D127682B 
  68      ACEFC73C 
  68      A750236C 
  68      8319EA
  69 00f9 982464EE 		.ascii	"\230$d\3561\233N\036\225\244\317e\353I\225\341\311V"
  69      319B4E1E 
  69      95A4CF65 
  69      EB4995E1 
  69      C956
  70 010b 7C8AB681 		.ascii	"|\212\266\201C\333\002)\346|9;\216Hj\0169D\317\241B"
  70      43DB0229 
  70      E67C393B 
  70      8E486A0E 
  70      3944CFA1 
  71 0120 F4CDC52D 		.ascii	"\364\315\305-\245\307\262(\200\321\014\365\367\300\363"
  71      A5C7B228 
  71      80D10CF5 
  71      F7C0F3
  72 012f C8865F17 		.ascii	"\310\206_\027\301\324\234\244+\215E\246\332k\031\256"
  72      C1D49CA4 
  72      2B8D45A6 
  72      DA6B19AE 
  73 013f F664196A 		.ascii	"\366d\031j\207\32373\343\233\230Z?\034*\235H1Z\240\020"
  73      87D33733 
ARM GAS  /tmp/ccZHNb0o.s 			page 5


  73      E39B985A 
  73      3F1C2A9D 
  73      48315AA0 
  74 0154 ACAA7404 		.ascii	"\254\252t\004\227G\346\277E\303\364\2600:C\227y\340"
  74      9747E6BF 
  74      45C3F4B0 
  74      303A4397 
  74      79E0
  75 0166 7B64575D 		.ascii	"{dW]>\352\334\007\263\317\021R\213\321Y\016\312z\354"
  75      3EEADC07 
  75      B3CF1152 
  75      8BD1590E 
  75      CA7AEC
  76 0179 208C6AFC 		.ascii	" \214j\374V\311\374w\301\201\321\370ms\302J\376A\250"
  76      56C9FC77 
  76      C181D1F8 
  76      6D73C24A 
  76      FE41A8
  77 018c D4DD0337 		.ascii	"\324\335\0037xP\226,'\241\346\324h\246\203-\201\271"
  77      7850962C 
  77      27A1E6D4 
  77      68A6832D 
  77      81B9
  78 019e 13F72F20 		.ascii	"\023\367/ 2Z_H\306\357\025\343\002\266\363\370'S\237"
  78      325A5F48 
  78      C6EF15E3 
  78      02B6F3F8 
  78      27539F
  79 01b1 C405D8ED 		.ascii	"\304\005\330\355r`\265\256\332\322\377Zaw*\206\331\225"
  79      7260B5AE 
  79      DAD2FF5A 
  79      61772A86 
  79      D995
  80 01c3 DDB7C2EE 		.ascii	"\335\267\302\356\226\003{\310]\331h\326\002\273W1\314"
  80      96037BC8 
  80      5DD968D6 
  80      02BB5731 
  80      CC
  81 01d4 AEEC232B 		.ascii	"\256\354#+l\310[\006\354\021\007eN\315\372tat\212\276"
  81      6CC85B06 
  81      EC110765 
  81      4ECDFA74 
  81      61748ABE 
  82 01e8 53303A8D 		.ascii	"S0:\215\266P\373%\267_q\3735\267\263\334\236\3476Mm"
  82      B650FB25 
  82      B75F71FB 
  82      35B7B3DC 
  82      9EE7364D 
  83 01fd B1796084 		.ascii	"\261y`\204k\232*i\262?\305\353\025\031I_\335\3136h\274"
  83      6B9A2A69 
  83      B23FC5EB 
  83      1519495F 
  83      DDCB3668 
  84 0212 23DE2F0B 		.ascii	"#\336/\013f\333a\300\006[\266\300\216\226\005ksWv\327"
  84      66DB61C0 
  84      065BB6C0 
  84      8E96056B 
ARM GAS  /tmp/ccZHNb0o.s 			page 6


  84      735776D7 
  85 0226 023B5616 		.ascii	"\002;V\026\254\307]Y\262\267\004;^\026,\356\256\354"
  85      ACC75D59 
  85      B2B7043B 
  85      5E162CEE 
  85      AEEC
  86 0238 630B6CA6 		.ascii	"c\013l\246,\330!\344 \315R\013F\025|\306\253`\232\237"
  86      2CD821E4 
  86      20CD520B 
  86      46157CC6 
  86      AB609A9F 
  87 024c F377DCCE 		.ascii	"\363w\334\316s\373\003\267\027\270\375\321~\376\237"
  87      73FB03B7 
  87      17B8FDD1 
  87      7EFE9F
  88 025b 7B57BED8 		.ascii	"{W\276\330\214\277\022\013{\252XgP\031\335\251\312\031"
  88      8CBF120B 
  88      7BAA5867 
  88      5019DDA9 
  88      CA19
  89 026d 62126D28 		.ascii	"b\022m(\2704\301\004I\345r\177\037\233\365\215\221\364"
  89      B834C104 
  89      49E5727F 
  89      1F9BF58D 
  89      91F4
  90 027f BB249F7F 		.ascii	"\273$\237\177\0076\302\207\374Ow\204\276\310u\214v<"
  90      0736C287 
  90      FC4F7784 
  90      BEC8758C 
  90      763C
  91 0291 EC0ACAA0 		.ascii	"\354\012\312\240\215\346l\237\267\260\241\305\025\033"
  91      8DE66C9F 
  91      B7B0A1C5 
  91      151B
  92 029f 027812A6 		.ascii	"\002x\022\246\030\217L\023/\2471\377\213\250\311\276"
  92      188F4C13 
  92      2FA731FF 
  92      8BA8C9BE 
  93 02af C94BC863 		.ascii	"\311K\310c\275\300t\345\222\271\374\304\342\020:r0\265"
  93      BDC074E5 
  93      92B9FCC4 
  93      E2103A72 
  93      30B5
  94 02c1 4096D93B 		.ascii	"@\226\331;\331\210\350\201\374\252\030\006\344'G\310"
  94      D988E881 
  94      FCAA1806 
  94      E42747C8 
  95 02d1 F86F0BA7 		.ascii	"\370o\013\247\320\350*\3107U\316\220_\034!\023\177."
  95      D0E82AC8 
  95      3755CE90 
  95      5F1C2113 
  95      7F2E
  96 02e3 778E9139 		.ascii	"w\216\2219#C\005\304_.\210EG\304\037g\017o\"\223\303"
  96      234305C4 
  96      5F2E8845 
  96      47C41F67 
  96      0F6F2293 
ARM GAS  /tmp/ccZHNb0o.s 			page 7


  97 02f8 E97CFE85 		.ascii	"\351|\376\205\012r\274d\346\330\313\277\326\314\323"
  97      0A72BC64 
  97      E6D8CBBF 
  97      D6CCD3
  98 0307 2B259CE7 		.ascii	"+%\234\347\374\216\213\216k\216:\222\267/M;\344\343"
  98      FC8E8B8E 
  98      6B8E3A92 
  98      B72F4D3B 
  98      E4E3
  99 0319 8B6A67C8 		.ascii	"\213jg\310\015;\344q\230$\313\364k\353\314\341\266!"
  99      0D3BE471 
  99      9824CBF4 
  99      6BEBCCE1 
  99      B621
 100 032b 960F722F 		.ascii	"\226\017r/\237GT\362q\3764\245\213\020\367\257\252\233"
 100      9F4754F2 
 100      71FE34A5 
 100      8B10F7AF 
 100      AA9B
 101 033d 25A0ED63 		.ascii	"%\240\355c\317\020\342\226\207\\\251hW\254ZZc\325\255"
 101      CF10E296 
 101      875CA968 
 101      57AC5A5A 
 101      63D5AD
 102 0350 D22A686D 		.ascii	"\322*hmi\021\332\303J\237\322\335+\250\011!\214#B\\"
 102      6911DAC3 
 102      4A9FD2DD 
 102      2BA80921 
 102      8C23425C 
 103 0364 D5F484D0 		.ascii	"\325\364\204\320\373\352\313\255A\241\253\253C\330\323"
 103      FBEACBAD 
 103      41A1ABAB 
 103      43D8D3
 104 0373 D3D9FD66 		.ascii	"\323\331\375fP\210\343\210\030\211H-a\360\355ye_\240"
 104      5088E388 
 104      1889482D 
 104      61F0ED79 
 104      655FA0
 105 0386 1D1A137A 		.ascii	"\035\032\023z\2645(\016\304\025UL\310\372`\\\244\313"
 105      B435280E 
 105      C415554C 
 105      C8FA605C 
 105      A4CB
 106 0398 62FDBC3F 		.ascii	"b\375\274?#\204\325\250,hrB\306Z(L\271\232\364\026\326"
 106      2384D5A8 
 106      2C687242 
 106      C65A284C 
 106      B99AF416 
 107 03ad 64016BD1 		.ascii	"d\001k\321\2400\020\0125\323I\263\034\355\223%I\226"
 107      A030100A 
 107      35D349B3 
 107      1CED9325 
 107      4996
 108 03bf 8A17626A 		.ascii	"\212\027bjLn\226q\237\322\274]lk\016>\365\364\3667\202"
 108      4C6E9671 
 108      9FD2BC5D 
 108      6C6B0E3E 
ARM GAS  /tmp/ccZHNb0o.s 			page 8


 108      F5F4F637 
 109 03d4 82ED86A0 		.ascii	"\202\355\206\240\304B\221AI\026\022\272\244\304t\252"
 109      C4429141 
 109      491612BA 
 109      A4C474AA 
 110 03e4 A676908E 		.ascii	"\246v\220\216T\207~\020\375\177\321\2438\024Vb\262 "
 110      54877E10 
 110      FD7FD1A3 
 110      38145662 
 110      B220
 111 03f6 4A723F1E 		.ascii	"Jr?\036\214\350\242\376v\\NP5u\242X\320S\035U%Y\363"
 111      8CE8A2FE 
 111      765C4E50 
 111      3575A258 
 111      D0531D55 
 112 040d A9EC9656 		.ascii	"\251\354\226V\243&\342\262,i\325\361\301\270\244yUI"
 112      A326E2B2 
 112      2C69D5F1 
 112      C1B8A479 
 112      5549
 113 041f ABC2FD5A 		.ascii	"\253\302\375Z\204\231\260\257gg\007\326\261\257\347"
 113      8499B0AF 
 113      676707D6 
 113      B1AFE7
 114 042e 45636837 		.ascii	"Ech7\206\016c\330e\014\273\331\340\357\331\331\325\256"
 114      860E63D8 
 114      650CBBD9 
 114      E0EFD9D9 
 114      D5AE
 115 0440 C6FA9581 		.ascii	"\306\372\225\201\315\253\317-\241\205\330\330\022\202"
 115      CDABCF2D 
 115      A185D8D8 
 115      1282
 116 044e 1A3A74C6 		.ascii	"\032:t\306\024\275i\265S)}\354 \023:s{v\265[\237JS\306"
 116      14BD69B5 
 116      53297DEC 
 116      20133A73 
 116      7B76B55B 
 117 0466 8A40E475 		.ascii	"\212@\344u\260\273U\354\350\354m\357~m\327\336\375\306"
 117      B0BB55EC 
 117      E8EC6DEF 
 117      7E6DD7DE 
 117      FDC6
 118 0478 3DBADACF 		.ascii	"=\272\332\317'\014\360\304\032qdM\241\232X,\356\372"
 118      270CF0C4 
 118      1A71644D 
 118      A19A582C 
 118      EEFA
 119 048a 8068D691 		.ascii	"\200h\326\221\250\320_\301\265\253\317\214}\340\000"
 119      A8D05FC1 
 119      B5ABCF8C 
 119      7DE000
 120 0499 BB63165F 		.ascii	"\273c\026_}\330\262\276\221\301\012G\020\342\211\371"
 120      7DD8B2BE 
 120      91C10A47 
 120      10E289F9 
 121 04a9 0F1D53F3 		.ascii	"\017\035S\363\217"
ARM GAS  /tmp/ccZHNb0o.s 			page 9


 121      8F
 122              		.text
 123              		.section	.gnu.lto_.symtab.4c808f4681a33d0b,"",%progbits
 124 0000 68616C49 		.ascii	"halInit\000\000\000\000\000\000\000\000\000\000\000"
 124      6E697400 
 124      00000000 
 124      00000000 
 124      0000
 125 0012 00CE0000 		.ascii	"\000\316\000\000\000pal_default_config\000\000\002\000"
 125      0070616C 
 125      5F646566 
 125      61756C74 
 125      5F636F6E 
 126 002d 00000000 		.ascii	"\000\000\000\000\000\000\000\000\336\000\000\000stI"
 126      00000000 
 126      DE000000 
 126      737449
 127 003c 6E697400 		.ascii	"nit\000\000\002\000\000\000\000\000\000\000\000\000"
 127      00020000 
 127      00000000 
 127      000000
 128 004b D2000000 		.ascii	"\322\000\000\000boardInit\000\000\002\000\000\000\000"
 128      626F6172 
 128      64496E69 
 128      74000002 
 128      00000000 
 129 005f 00000000 		.ascii	"\000\000\000\000\000\324\000\000\000sdInit\000\000\002"
 129      00D40000 
 129      00736449 
 129      6E697400 
 129      0002
 130 0071 00000000 		.ascii	"\000\000\000\000\000\000\000\000\000\326\000\000\000"
 130      00000000 
 130      00D60000 
 130      00
 131 007e 5F70616C 		.ascii	"_pal_lld_init\000\000\002\000\000\000\000\000\000\000"
 131      5F6C6C64 
 131      5F696E69 
 131      74000002 
 131      00000000 
 132 0095 0000D800 		.ascii	"\000\000\330\000\000\000hal_lld_init\000\000\002\000"
 132      00006861 
 132      6C5F6C6C 
 132      645F696E 
 132      69740000 
 133 00ab 00000000 		.ascii	"\000\000\000\000\000\000\000\000\334\000\000\000"
 133      00000000 
 133      DC000000 
 134              		.text
 135              		.section	.gnu.lto_.opts,"",%progbits
 136 0000 272D6D63 		.ascii	"'-mcpu=cortex-m4' '-mno-thumb-interwork' '-mthumb' "
 136      70753D63 
 136      6F727465 
 136      782D6D34 
 136      2720272D 
 137 0033 272D6767 		.ascii	"'-ggdb' '-O2' '-fomit-frame-pointer' '-falign-funct"
 137      64622720 
ARM GAS  /tmp/ccZHNb0o.s 			page 10


 137      272D4F32 
 137      2720272D 
 137      666F6D69 
 138 0066 696F6E73 		.ascii	"ions=16' '-ffunction-sections' '-fdata-sections' '-"
 138      3D313627 
 138      20272D66 
 138      66756E63 
 138      74696F6E 
 139 0099 666E6F2D 		.ascii	"fno-common' '-flto'\000"
 139      636F6D6D 
 139      6F6E2720 
 139      272D666C 
 139      746F2700 
 140              		.text
 141              		.cfi_sections	.debug_frame
 142              		.section	.text.halInit,"ax",%progbits
 143              		.align	2
 144              		.p2align 4,,15
 145              		.global	halInit
 146              		.thumb
 147              		.thumb_func
 148              		.type	halInit, %function
 149              	halInit:
 150              	.LFB272:
 151              		.file 1 "../ChibiOS/os/hal/src/hal.c"
 152              		.loc 1 56 0
 153              		.cfi_startproc
 154              		@ args = 0, pretend = 0, frame = 0
 155              		@ frame_needed = 0, uses_anonymous_args = 0
 156 0000 08B5     		push	{r3, lr}
 157              		.cfi_def_cfa_offset 8
 158              		.cfi_offset 3, -8
 159              		.cfi_offset 14, -4
 160              		.loc 1 62 0
 161 0002 FFF7FEFF 		bl	hal_lld_init
 162              	.LVL0:
 163              		.loc 1 65 0
 164 0006 0548     		ldr	r0, .L2
 165 0008 FFF7FEFF 		bl	_pal_lld_init
 166              	.LVL1:
 167              		.loc 1 98 0
 168 000c FFF7FEFF 		bl	sdInit
 169              	.LVL2:
 170              		.loc 1 133 0
 171 0010 FFF7FEFF 		bl	boardInit
 172              	.LVL3:
 173              		.loc 1 142 0
 174 0014 BDE80840 		pop	{r3, lr}
 175              		.loc 1 140 0
 176 0018 FFF7FEBF 		b	stInit
 177              	.LVL4:
 178              	.L3:
 179              		.align	2
 180              	.L2:
 181 001c 00000000 		.word	pal_default_config
 182              		.cfi_endproc
 183              	.LFE272:
ARM GAS  /tmp/ccZHNb0o.s 			page 11


 184              		.size	halInit, .-halInit
 185              		.text
 186              	.Letext0:
 187              		.file 2 "/nfs/nfs5/home/research/hardware/arm2/gcc-arm-embedded/gcc-arm-none-eabi-4_8-2014q2/arm-n
 188              		.file 3 "/nfs/nfs5/home/research/hardware/arm2/gcc-arm-embedded/gcc-arm-none-eabi-4_8-2014q2/arm-n
 189              		.file 4 "../ChibiOS/os/rt/ports/ARMCMx/compilers/GCC/chtypes.h"
 190              		.file 5 "../ChibiOS/os/rt/include/chsystypes.h"
 191              		.file 6 "../ChibiOS/os/rt/include/chschd.h"
 192              		.file 7 "../ChibiOS/os/rt/ports/ARMCMx/chcore.h"
 193              		.file 8 "../ChibiOS/os/rt/ports/ARMCMx/chcore_v7m.h"
 194              		.file 9 "../ChibiOS/os/rt/include/chtm.h"
 195              		.file 10 "../ChibiOS/os/rt/include/chsem.h"
 196              		.file 11 "../ChibiOS/os/rt/include/chmtx.h"
 197              		.file 12 "../ChibiOS/os/hal/ports/STM32/LLD/GPIOv2/pal_lld.h"
 198              		.file 13 "../ChibiOS/os/ext/CMSIS/include/core_cm4.h"
 199              		.file 14 "../ChibiOS/os/hal/ports/STM32/STM32F3xx/hal_lld.h"
 200              		.file 15 "../ChibiOS/os/hal/include/serial.h"
 201              		.file 16 "../ChibiOS/os/hal/boards/ST_STM32F3_DISCOVERY/board.h"
 202              		.file 17 "../ChibiOS/os/hal/include/st.h"
 203              		.file 18 "../ChibiOS/os/hal/osal/rt/osal.h"
 204              		.section	.debug_info,"",%progbits
 205              	.Ldebug_info0:
 206 0000 98070000 		.4byte	0x798
 207 0004 0400     		.2byte	0x4
 208 0006 00000000 		.4byte	.Ldebug_abbrev0
 209 000a 04       		.byte	0x4
 210 000b 01       		.uleb128 0x1
 211 000c C8040000 		.4byte	.LASF122
 212 0010 01       		.byte	0x1
 213 0011 6A030000 		.4byte	.LASF123
 214 0015 B8030000 		.4byte	.LASF124
 215 0019 00000000 		.4byte	.Ldebug_ranges0+0
 216 001d 00000000 		.4byte	0
 217 0021 00000000 		.4byte	.Ldebug_line0
 218 0025 02       		.uleb128 0x2
 219 0026 04       		.byte	0x4
 220 0027 05       		.byte	0x5
 221 0028 696E7400 		.ascii	"int\000"
 222 002c 03       		.uleb128 0x3
 223 002d 04       		.byte	0x4
 224 002e 07       		.byte	0x7
 225 002f 7D010000 		.4byte	.LASF0
 226 0033 03       		.uleb128 0x3
 227 0034 01       		.byte	0x1
 228 0035 06       		.byte	0x6
 229 0036 E4000000 		.4byte	.LASF1
 230 003a 04       		.uleb128 0x4
 231 003b 3D000000 		.4byte	.LASF5
 232 003f 02       		.byte	0x2
 233 0040 1C       		.byte	0x1c
 234 0041 45000000 		.4byte	0x45
 235 0045 03       		.uleb128 0x3
 236 0046 01       		.byte	0x1
 237 0047 08       		.byte	0x8
 238 0048 07030000 		.4byte	.LASF2
 239 004c 03       		.uleb128 0x3
 240 004d 02       		.byte	0x2
ARM GAS  /tmp/ccZHNb0o.s 			page 12


 241 004e 05       		.byte	0x5
 242 004f 2A030000 		.4byte	.LASF3
 243 0053 03       		.uleb128 0x3
 244 0054 02       		.byte	0x2
 245 0055 07       		.byte	0x7
 246 0056 BB010000 		.4byte	.LASF4
 247 005a 04       		.uleb128 0x4
 248 005b 13020000 		.4byte	.LASF6
 249 005f 02       		.byte	0x2
 250 0060 37       		.byte	0x37
 251 0061 65000000 		.4byte	0x65
 252 0065 03       		.uleb128 0x3
 253 0066 04       		.byte	0x4
 254 0067 05       		.byte	0x5
 255 0068 10010000 		.4byte	.LASF7
 256 006c 04       		.uleb128 0x4
 257 006d 4C040000 		.4byte	.LASF8
 258 0071 02       		.byte	0x2
 259 0072 38       		.byte	0x38
 260 0073 77000000 		.4byte	0x77
 261 0077 03       		.uleb128 0x3
 262 0078 04       		.byte	0x4
 263 0079 07       		.byte	0x7
 264 007a 00040000 		.4byte	.LASF9
 265 007e 03       		.uleb128 0x3
 266 007f 08       		.byte	0x8
 267 0080 05       		.byte	0x5
 268 0081 D6000000 		.4byte	.LASF10
 269 0085 04       		.uleb128 0x4
 270 0086 AE020000 		.4byte	.LASF11
 271 008a 02       		.byte	0x2
 272 008b 4E       		.byte	0x4e
 273 008c 90000000 		.4byte	0x90
 274 0090 03       		.uleb128 0x3
 275 0091 08       		.byte	0x8
 276 0092 07       		.byte	0x7
 277 0093 62000000 		.4byte	.LASF12
 278 0097 04       		.uleb128 0x4
 279 0098 C0040000 		.4byte	.LASF13
 280 009c 03       		.byte	0x3
 281 009d 2A       		.byte	0x2a
 282 009e 3A000000 		.4byte	0x3a
 283 00a2 04       		.uleb128 0x4
 284 00a3 FF020000 		.4byte	.LASF14
 285 00a7 03       		.byte	0x3
 286 00a8 41       		.byte	0x41
 287 00a9 5A000000 		.4byte	0x5a
 288 00ad 04       		.uleb128 0x4
 289 00ae AF030000 		.4byte	.LASF15
 290 00b2 03       		.byte	0x3
 291 00b3 42       		.byte	0x42
 292 00b4 6C000000 		.4byte	0x6c
 293 00b8 04       		.uleb128 0x4
 294 00b9 34000000 		.4byte	.LASF16
 295 00bd 03       		.byte	0x3
 296 00be 4E       		.byte	0x4e
 297 00bf 85000000 		.4byte	0x85
ARM GAS  /tmp/ccZHNb0o.s 			page 13


 298 00c3 04       		.uleb128 0x4
 299 00c4 7D040000 		.4byte	.LASF17
 300 00c8 04       		.byte	0x4
 301 00c9 39       		.byte	0x39
 302 00ca AD000000 		.4byte	0xad
 303 00ce 04       		.uleb128 0x4
 304 00cf F1010000 		.4byte	.LASF18
 305 00d3 04       		.byte	0x4
 306 00d4 3C       		.byte	0x3c
 307 00d5 97000000 		.4byte	0x97
 308 00d9 04       		.uleb128 0x4
 309 00da 20010000 		.4byte	.LASF19
 310 00de 04       		.byte	0x4
 311 00df 3D       		.byte	0x3d
 312 00e0 97000000 		.4byte	0x97
 313 00e4 04       		.uleb128 0x4
 314 00e5 B9020000 		.4byte	.LASF20
 315 00e9 04       		.byte	0x4
 316 00ea 3E       		.byte	0x3e
 317 00eb 97000000 		.4byte	0x97
 318 00ef 04       		.uleb128 0x4
 319 00f0 E1020000 		.4byte	.LASF21
 320 00f4 04       		.byte	0x4
 321 00f5 40       		.byte	0x40
 322 00f6 AD000000 		.4byte	0xad
 323 00fa 04       		.uleb128 0x4
 324 00fb DF010000 		.4byte	.LASF22
 325 00ff 04       		.byte	0x4
 326 0100 41       		.byte	0x41
 327 0101 A2000000 		.4byte	0xa2
 328 0105 04       		.uleb128 0x4
 329 0106 07020000 		.4byte	.LASF23
 330 010a 04       		.byte	0x4
 331 010b 43       		.byte	0x43
 332 010c AD000000 		.4byte	0xad
 333 0110 04       		.uleb128 0x4
 334 0111 77010000 		.4byte	.LASF24
 335 0115 04       		.byte	0x4
 336 0116 45       		.byte	0x45
 337 0117 A2000000 		.4byte	0xa2
 338 011b 04       		.uleb128 0x4
 339 011c 2E040000 		.4byte	.LASF25
 340 0120 05       		.byte	0x5
 341 0121 33       		.byte	0x33
 342 0122 AD000000 		.4byte	0xad
 343 0126 04       		.uleb128 0x4
 344 0127 1E040000 		.4byte	.LASF26
 345 012b 05       		.byte	0x5
 346 012c 3F       		.byte	0x3f
 347 012d 31010000 		.4byte	0x131
 348 0131 05       		.uleb128 0x5
 349 0132 D5010000 		.4byte	.LASF45
 350 0136 40       		.byte	0x40
 351 0137 06       		.byte	0x6
 352 0138 C2       		.byte	0xc2
 353 0139 11020000 		.4byte	0x211
 354 013d 06       		.uleb128 0x6
ARM GAS  /tmp/ccZHNb0o.s 			page 14


 355 013e 5B030000 		.4byte	.LASF27
 356 0142 06       		.byte	0x6
 357 0143 C3       		.byte	0xc3
 358 0144 1C020000 		.4byte	0x21c
 359 0148 00       		.byte	0
 360 0149 06       		.uleb128 0x6
 361 014a D1020000 		.4byte	.LASF28
 362 014e 06       		.byte	0x6
 363 014f C5       		.byte	0xc5
 364 0150 1C020000 		.4byte	0x21c
 365 0154 04       		.byte	0x4
 366 0155 06       		.uleb128 0x6
 367 0156 CF000000 		.4byte	.LASF29
 368 015a 06       		.byte	0x6
 369 015b C7       		.byte	0xc7
 370 015c EF000000 		.4byte	0xef
 371 0160 08       		.byte	0x8
 372 0161 06       		.uleb128 0x6
 373 0162 F8050000 		.4byte	.LASF30
 374 0166 06       		.byte	0x6
 375 0167 C8       		.byte	0xc8
 376 0168 4C040000 		.4byte	0x44c
 377 016c 0C       		.byte	0xc
 378 016d 06       		.uleb128 0x6
 379 016e 29010000 		.4byte	.LASF31
 380 0172 06       		.byte	0x6
 381 0173 CA       		.byte	0xca
 382 0174 1C020000 		.4byte	0x21c
 383 0178 10       		.byte	0x10
 384 0179 06       		.uleb128 0x6
 385 017a 71020000 		.4byte	.LASF32
 386 017e 06       		.byte	0x6
 387 017f CB       		.byte	0xcb
 388 0180 1C020000 		.4byte	0x21c
 389 0184 14       		.byte	0x14
 390 0185 06       		.uleb128 0x6
 391 0186 AF050000 		.4byte	.LASF33
 392 018a 06       		.byte	0x6
 393 018b D2       		.byte	0xd2
 394 018c D7050000 		.4byte	0x5d7
 395 0190 18       		.byte	0x18
 396 0191 06       		.uleb128 0x6
 397 0192 34030000 		.4byte	.LASF34
 398 0196 06       		.byte	0x6
 399 0197 DD       		.byte	0xdd
 400 0198 D9000000 		.4byte	0xd9
 401 019c 1C       		.byte	0x1c
 402 019d 06       		.uleb128 0x6
 403 019e 62030000 		.4byte	.LASF35
 404 01a2 06       		.byte	0x6
 405 01a3 E1       		.byte	0xe1
 406 01a4 CE000000 		.4byte	0xce
 407 01a8 1D       		.byte	0x1d
 408 01a9 06       		.uleb128 0x6
 409 01aa A5040000 		.4byte	.LASF36
 410 01ae 06       		.byte	0x6
 411 01af E6       		.byte	0xe6
ARM GAS  /tmp/ccZHNb0o.s 			page 15


 412 01b0 E4000000 		.4byte	0xe4
 413 01b4 1E       		.byte	0x1e
 414 01b5 07       		.uleb128 0x7
 415 01b6 705F7500 		.ascii	"p_u\000"
 416 01ba 06       		.byte	0x6
 417 01bb 3701     		.2byte	0x137
 418 01bd 06050000 		.4byte	0x506
 419 01c1 20       		.byte	0x20
 420 01c2 08       		.uleb128 0x8
 421 01c3 28020000 		.4byte	.LASF37
 422 01c7 06       		.byte	0x6
 423 01c8 3C01     		.2byte	0x13c
 424 01ca 22020000 		.4byte	0x222
 425 01ce 24       		.byte	0x24
 426 01cf 08       		.uleb128 0x8
 427 01d0 99010000 		.4byte	.LASF38
 428 01d4 06       		.byte	0x6
 429 01d5 4201     		.2byte	0x142
 430 01d7 46020000 		.4byte	0x246
 431 01db 28       		.byte	0x28
 432 01dc 08       		.uleb128 0x8
 433 01dd A4030000 		.4byte	.LASF39
 434 01e1 06       		.byte	0x6
 435 01e2 4801     		.2byte	0x148
 436 01e4 05010000 		.4byte	0x105
 437 01e8 30       		.byte	0x30
 438 01e9 08       		.uleb128 0x8
 439 01ea 20030000 		.4byte	.LASF40
 440 01ee 06       		.byte	0x6
 441 01ef 4F01     		.2byte	0x14f
 442 01f1 D1050000 		.4byte	0x5d1
 443 01f5 34       		.byte	0x34
 444 01f6 08       		.uleb128 0x8
 445 01f7 38040000 		.4byte	.LASF41
 446 01fb 06       		.byte	0x6
 447 01fc 5301     		.2byte	0x153
 448 01fe EF000000 		.4byte	0xef
 449 0202 38       		.byte	0x38
 450 0203 08       		.uleb128 0x8
 451 0204 F0000000 		.4byte	.LASF42
 452 0208 06       		.byte	0x6
 453 0209 5A01     		.2byte	0x15a
 454 020b F9020000 		.4byte	0x2f9
 455 020f 3C       		.byte	0x3c
 456 0210 00       		.byte	0
 457 0211 04       		.uleb128 0x4
 458 0212 3B020000 		.4byte	.LASF43
 459 0216 05       		.byte	0x5
 460 0217 44       		.byte	0x44
 461 0218 1C020000 		.4byte	0x21c
 462 021c 09       		.uleb128 0x9
 463 021d 04       		.byte	0x4
 464 021e 26010000 		.4byte	0x126
 465 0222 04       		.uleb128 0x4
 466 0223 BD050000 		.4byte	.LASF44
 467 0227 05       		.byte	0x5
 468 0228 49       		.byte	0x49
ARM GAS  /tmp/ccZHNb0o.s 			page 16


 469 0229 2D020000 		.4byte	0x22d
 470 022d 05       		.uleb128 0x5
 471 022e F0030000 		.4byte	.LASF46
 472 0232 04       		.byte	0x4
 473 0233 06       		.byte	0x6
 474 0234 B0       		.byte	0xb0
 475 0235 46020000 		.4byte	0x246
 476 0239 06       		.uleb128 0x6
 477 023a 5B030000 		.4byte	.LASF27
 478 023e 06       		.byte	0x6
 479 023f B1       		.byte	0xb1
 480 0240 1C020000 		.4byte	0x21c
 481 0244 00       		.byte	0
 482 0245 00       		.byte	0
 483 0246 04       		.uleb128 0x4
 484 0247 8C040000 		.4byte	.LASF47
 485 024b 05       		.byte	0x5
 486 024c 50       		.byte	0x50
 487 024d 51020000 		.4byte	0x251
 488 0251 05       		.uleb128 0x5
 489 0252 BE000000 		.4byte	.LASF48
 490 0256 08       		.byte	0x8
 491 0257 06       		.byte	0x6
 492 0258 B7       		.byte	0xb7
 493 0259 76020000 		.4byte	0x276
 494 025d 06       		.uleb128 0x6
 495 025e 5B030000 		.4byte	.LASF27
 496 0262 06       		.byte	0x6
 497 0263 B8       		.byte	0xb8
 498 0264 1C020000 		.4byte	0x21c
 499 0268 00       		.byte	0
 500 0269 06       		.uleb128 0x6
 501 026a D1020000 		.4byte	.LASF28
 502 026e 06       		.byte	0x6
 503 026f B9       		.byte	0xb9
 504 0270 1C020000 		.4byte	0x21c
 505 0274 04       		.byte	0x4
 506 0275 00       		.byte	0
 507 0276 04       		.uleb128 0x4
 508 0277 13000000 		.4byte	.LASF49
 509 027b 05       		.byte	0x5
 510 027c 57       		.byte	0x57
 511 027d 81020000 		.4byte	0x281
 512 0281 0A       		.uleb128 0xa
 513 0282 F9010000 		.4byte	.LASF50
 514 0286 1C       		.byte	0x1c
 515 0287 06       		.byte	0x6
 516 0288 9201     		.2byte	0x192
 517 028a DD020000 		.4byte	0x2dd
 518 028e 08       		.uleb128 0x8
 519 028f DF030000 		.4byte	.LASF51
 520 0293 06       		.byte	0x6
 521 0294 9301     		.2byte	0x193
 522 0296 46020000 		.4byte	0x246
 523 029a 00       		.byte	0
 524 029b 08       		.uleb128 0x8
 525 029c 46030000 		.4byte	.LASF52
ARM GAS  /tmp/ccZHNb0o.s 			page 17


 526 02a0 06       		.byte	0x6
 527 02a1 9401     		.2byte	0x194
 528 02a3 EF000000 		.4byte	0xef
 529 02a7 08       		.byte	0x8
 530 02a8 08       		.uleb128 0x8
 531 02a9 79020000 		.4byte	.LASF53
 532 02ad 06       		.byte	0x6
 533 02ae 9601     		.2byte	0x196
 534 02b0 4C040000 		.4byte	0x44c
 535 02b4 0C       		.byte	0xc
 536 02b5 08       		.uleb128 0x8
 537 02b6 39010000 		.4byte	.LASF54
 538 02ba 06       		.byte	0x6
 539 02bb 9901     		.2byte	0x199
 540 02bd 1C020000 		.4byte	0x21c
 541 02c1 10       		.byte	0x10
 542 02c2 08       		.uleb128 0x8
 543 02c3 A6020000 		.4byte	.LASF55
 544 02c7 06       		.byte	0x6
 545 02c8 9A01     		.2byte	0x19a
 546 02ca 1C020000 		.4byte	0x21c
 547 02ce 14       		.byte	0x14
 548 02cf 08       		.uleb128 0x8
 549 02d0 9C020000 		.4byte	.LASF56
 550 02d4 06       		.byte	0x6
 551 02d5 9D01     		.2byte	0x19d
 552 02d7 1C020000 		.4byte	0x21c
 553 02db 18       		.byte	0x18
 554 02dc 00       		.byte	0
 555 02dd 04       		.uleb128 0x4
 556 02de 43040000 		.4byte	.LASF57
 557 02e2 05       		.byte	0x5
 558 02e3 5C       		.byte	0x5c
 559 02e4 E8020000 		.4byte	0x2e8
 560 02e8 09       		.uleb128 0x9
 561 02e9 04       		.byte	0x4
 562 02ea EE020000 		.4byte	0x2ee
 563 02ee 0B       		.uleb128 0xb
 564 02ef F9020000 		.4byte	0x2f9
 565 02f3 0C       		.uleb128 0xc
 566 02f4 F9020000 		.4byte	0x2f9
 567 02f8 00       		.byte	0
 568 02f9 0D       		.uleb128 0xd
 569 02fa 04       		.byte	0x4
 570 02fb 04       		.uleb128 0x4
 571 02fc C1020000 		.4byte	.LASF58
 572 0300 05       		.byte	0x5
 573 0301 61       		.byte	0x61
 574 0302 06030000 		.4byte	0x306
 575 0306 0A       		.uleb128 0xa
 576 0307 86030000 		.4byte	.LASF59
 577 030b 14       		.byte	0x14
 578 030c 06       		.byte	0x6
 579 030d 6D01     		.2byte	0x16d
 580 030f 55030000 		.4byte	0x355
 581 0313 08       		.uleb128 0x8
 582 0314 8A010000 		.4byte	.LASF60
ARM GAS  /tmp/ccZHNb0o.s 			page 18


 583 0318 06       		.byte	0x6
 584 0319 6E01     		.2byte	0x16e
 585 031b E9050000 		.4byte	0x5e9
 586 031f 00       		.byte	0
 587 0320 08       		.uleb128 0x8
 588 0321 4A010000 		.4byte	.LASF61
 589 0325 06       		.byte	0x6
 590 0326 6F01     		.2byte	0x16f
 591 0328 E9050000 		.4byte	0x5e9
 592 032c 04       		.byte	0x4
 593 032d 08       		.uleb128 0x8
 594 032e E7030000 		.4byte	.LASF62
 595 0332 06       		.byte	0x6
 596 0333 7001     		.2byte	0x170
 597 0335 1B010000 		.4byte	0x11b
 598 0339 08       		.byte	0x8
 599 033a 08       		.uleb128 0x8
 600 033b FE050000 		.4byte	.LASF63
 601 033f 06       		.byte	0x6
 602 0340 7101     		.2byte	0x171
 603 0342 DD020000 		.4byte	0x2dd
 604 0346 0C       		.byte	0xc
 605 0347 08       		.uleb128 0x8
 606 0348 85040000 		.4byte	.LASF64
 607 034c 06       		.byte	0x6
 608 034d 7301     		.2byte	0x173
 609 034f F9020000 		.4byte	0x2f9
 610 0353 10       		.byte	0x10
 611 0354 00       		.byte	0
 612 0355 04       		.uleb128 0x4
 613 0356 9B000000 		.4byte	.LASF65
 614 035a 05       		.byte	0x5
 615 035b 66       		.byte	0x66
 616 035c 60030000 		.4byte	0x360
 617 0360 0A       		.uleb128 0xa
 618 0361 4E020000 		.4byte	.LASF66
 619 0365 10       		.byte	0x10
 620 0366 06       		.byte	0x6
 621 0367 7D01     		.2byte	0x17d
 622 0369 A2030000 		.4byte	0x3a2
 623 036d 08       		.uleb128 0x8
 624 036e 8A010000 		.4byte	.LASF60
 625 0372 06       		.byte	0x6
 626 0373 7E01     		.2byte	0x17e
 627 0375 E9050000 		.4byte	0x5e9
 628 0379 00       		.byte	0
 629 037a 08       		.uleb128 0x8
 630 037b 4A010000 		.4byte	.LASF61
 631 037f 06       		.byte	0x6
 632 0380 8001     		.2byte	0x180
 633 0382 E9050000 		.4byte	0x5e9
 634 0386 04       		.byte	0x4
 635 0387 08       		.uleb128 0x8
 636 0388 E7030000 		.4byte	.LASF62
 637 038c 06       		.byte	0x6
 638 038d 8201     		.2byte	0x182
 639 038f 1B010000 		.4byte	0x11b
ARM GAS  /tmp/ccZHNb0o.s 			page 19


 640 0393 08       		.byte	0x8
 641 0394 08       		.uleb128 0x8
 642 0395 65020000 		.4byte	.LASF67
 643 0399 06       		.byte	0x6
 644 039a 8A01     		.2byte	0x18a
 645 039c 1B010000 		.4byte	0x11b
 646 03a0 0C       		.byte	0xc
 647 03a1 00       		.byte	0
 648 03a2 04       		.uleb128 0x4
 649 03a3 53000000 		.4byte	.LASF68
 650 03a7 05       		.byte	0x5
 651 03a8 6B       		.byte	0x6b
 652 03a9 AD030000 		.4byte	0x3ad
 653 03ad 0A       		.uleb128 0xa
 654 03ae E9020000 		.4byte	.LASF69
 655 03b2 04       		.byte	0x4
 656 03b3 06       		.byte	0x6
 657 03b4 A401     		.2byte	0x1a4
 658 03b6 C8030000 		.4byte	0x3c8
 659 03ba 08       		.uleb128 0x8
 660 03bb 57040000 		.4byte	.LASF70
 661 03bf 06       		.byte	0x6
 662 03c0 AC01     		.2byte	0x1ac
 663 03c2 EF050000 		.4byte	0x5ef
 664 03c6 00       		.byte	0
 665 03c7 00       		.byte	0
 666 03c8 04       		.uleb128 0x4
 667 03c9 E5010000 		.4byte	.LASF71
 668 03cd 05       		.byte	0x5
 669 03ce 70       		.byte	0x70
 670 03cf D3030000 		.4byte	0x3d3
 671 03d3 0E       		.uleb128 0xe
 672 03d4 06010000 		.4byte	.LASF72
 673 03d8 5001     		.2byte	0x150
 674 03da 06       		.byte	0x6
 675 03db C401     		.2byte	0x1c4
 676 03dd 2F040000 		.4byte	0x42f
 677 03e1 08       		.uleb128 0x8
 678 03e2 BA040000 		.4byte	.LASF73
 679 03e6 06       		.byte	0x6
 680 03e7 C801     		.2byte	0x1c8
 681 03e9 76020000 		.4byte	0x276
 682 03ed 00       		.byte	0
 683 03ee 08       		.uleb128 0x8
 684 03ef 52010000 		.4byte	.LASF74
 685 03f3 06       		.byte	0x6
 686 03f4 CC01     		.2byte	0x1cc
 687 03f6 55030000 		.4byte	0x355
 688 03fa 1C       		.byte	0x1c
 689 03fb 07       		.uleb128 0x7
 690 03fc 64626700 		.ascii	"dbg\000"
 691 0400 06       		.byte	0x6
 692 0401 D001     		.2byte	0x1d0
 693 0403 A2030000 		.4byte	0x3a2
 694 0407 2C       		.byte	0x2c
 695 0408 08       		.uleb128 0x8
 696 0409 88000000 		.4byte	.LASF75
ARM GAS  /tmp/ccZHNb0o.s 			page 20


 697 040d 06       		.byte	0x6
 698 040e D401     		.2byte	0x1d4
 699 0410 26010000 		.4byte	0x126
 700 0414 30       		.byte	0x30
 701 0415 07       		.uleb128 0x7
 702 0416 746D00   		.ascii	"tm\000"
 703 0419 06       		.byte	0x6
 704 041a D901     		.2byte	0x1d9
 705 041c FB040000 		.4byte	0x4fb
 706 0420 70       		.byte	0x70
 707 0421 08       		.uleb128 0x8
 708 0422 68010000 		.4byte	.LASF76
 709 0426 06       		.byte	0x6
 710 0427 E501     		.2byte	0x1e5
 711 0429 F4050000 		.4byte	0x5f4
 712 042d 78       		.byte	0x78
 713 042e 00       		.byte	0
 714 042f 03       		.uleb128 0x3
 715 0430 04       		.byte	0x4
 716 0431 07       		.byte	0x7
 717 0432 32020000 		.4byte	.LASF77
 718 0436 04       		.uleb128 0x4
 719 0437 41010000 		.4byte	.LASF78
 720 043b 07       		.byte	0x7
 721 043c 65       		.byte	0x65
 722 043d F9020000 		.4byte	0x2f9
 723 0441 04       		.uleb128 0x4
 724 0442 1D020000 		.4byte	.LASF79
 725 0446 07       		.byte	0x7
 726 0447 6D       		.byte	0x6d
 727 0448 B8000000 		.4byte	0xb8
 728 044c 05       		.uleb128 0x5
 729 044d 68040000 		.4byte	.LASF80
 730 0451 04       		.byte	0x4
 731 0452 07       		.byte	0x7
 732 0453 89       		.byte	0x89
 733 0454 65040000 		.4byte	0x465
 734 0458 0F       		.uleb128 0xf
 735 0459 72313300 		.ascii	"r13\000"
 736 045d 07       		.byte	0x7
 737 045e 8A       		.byte	0x8a
 738 045f E0040000 		.4byte	0x4e0
 739 0463 00       		.byte	0
 740 0464 00       		.byte	0
 741 0465 05       		.uleb128 0x5
 742 0466 47000000 		.4byte	.LASF81
 743 046a 24       		.byte	0x24
 744 046b 08       		.byte	0x8
 745 046c FD       		.byte	0xfd
 746 046d E0040000 		.4byte	0x4e0
 747 0471 07       		.uleb128 0x7
 748 0472 723400   		.ascii	"r4\000"
 749 0475 08       		.byte	0x8
 750 0476 1001     		.2byte	0x110
 751 0478 36040000 		.4byte	0x436
 752 047c 00       		.byte	0
 753 047d 07       		.uleb128 0x7
ARM GAS  /tmp/ccZHNb0o.s 			page 21


 754 047e 723500   		.ascii	"r5\000"
 755 0481 08       		.byte	0x8
 756 0482 1101     		.2byte	0x111
 757 0484 36040000 		.4byte	0x436
 758 0488 04       		.byte	0x4
 759 0489 07       		.uleb128 0x7
 760 048a 723600   		.ascii	"r6\000"
 761 048d 08       		.byte	0x8
 762 048e 1201     		.2byte	0x112
 763 0490 36040000 		.4byte	0x436
 764 0494 08       		.byte	0x8
 765 0495 07       		.uleb128 0x7
 766 0496 723700   		.ascii	"r7\000"
 767 0499 08       		.byte	0x8
 768 049a 1301     		.2byte	0x113
 769 049c 36040000 		.4byte	0x436
 770 04a0 0C       		.byte	0xc
 771 04a1 07       		.uleb128 0x7
 772 04a2 723800   		.ascii	"r8\000"
 773 04a5 08       		.byte	0x8
 774 04a6 1401     		.2byte	0x114
 775 04a8 36040000 		.4byte	0x436
 776 04ac 10       		.byte	0x10
 777 04ad 07       		.uleb128 0x7
 778 04ae 723900   		.ascii	"r9\000"
 779 04b1 08       		.byte	0x8
 780 04b2 1501     		.2byte	0x115
 781 04b4 36040000 		.4byte	0x436
 782 04b8 14       		.byte	0x14
 783 04b9 07       		.uleb128 0x7
 784 04ba 72313000 		.ascii	"r10\000"
 785 04be 08       		.byte	0x8
 786 04bf 1601     		.2byte	0x116
 787 04c1 36040000 		.4byte	0x436
 788 04c5 18       		.byte	0x18
 789 04c6 07       		.uleb128 0x7
 790 04c7 72313100 		.ascii	"r11\000"
 791 04cb 08       		.byte	0x8
 792 04cc 1701     		.2byte	0x117
 793 04ce 36040000 		.4byte	0x436
 794 04d2 1C       		.byte	0x1c
 795 04d3 07       		.uleb128 0x7
 796 04d4 6C7200   		.ascii	"lr\000"
 797 04d7 08       		.byte	0x8
 798 04d8 1801     		.2byte	0x118
 799 04da 36040000 		.4byte	0x436
 800 04de 20       		.byte	0x20
 801 04df 00       		.byte	0
 802 04e0 09       		.uleb128 0x9
 803 04e1 04       		.byte	0x4
 804 04e2 65040000 		.4byte	0x465
 805 04e6 10       		.uleb128 0x10
 806 04e7 04       		.byte	0x4
 807 04e8 09       		.byte	0x9
 808 04e9 38       		.byte	0x38
 809 04ea FB040000 		.4byte	0x4fb
 810 04ee 06       		.uleb128 0x6
ARM GAS  /tmp/ccZHNb0o.s 			page 22


 811 04ef 61040000 		.4byte	.LASF82
 812 04f3 09       		.byte	0x9
 813 04f4 3C       		.byte	0x3c
 814 04f5 C3000000 		.4byte	0xc3
 815 04f9 00       		.byte	0
 816 04fa 00       		.byte	0
 817 04fb 04       		.uleb128 0x4
 818 04fc 7F020000 		.4byte	.LASF83
 819 0500 09       		.byte	0x9
 820 0501 3D       		.byte	0x3d
 821 0502 E6040000 		.4byte	0x4e6
 822 0506 11       		.uleb128 0x11
 823 0507 04       		.byte	0x4
 824 0508 06       		.byte	0x6
 825 0509 FA       		.byte	0xfa
 826 050a 6F050000 		.4byte	0x56f
 827 050e 12       		.uleb128 0x12
 828 050f 2D000000 		.4byte	.LASF84
 829 0513 06       		.byte	0x6
 830 0514 0101     		.2byte	0x101
 831 0516 FA000000 		.4byte	0xfa
 832 051a 12       		.uleb128 0x12
 833 051b 7F000000 		.4byte	.LASF85
 834 051f 06       		.byte	0x6
 835 0520 0801     		.2byte	0x108
 836 0522 FA000000 		.4byte	0xfa
 837 0526 12       		.uleb128 0x12
 838 0527 A8050000 		.4byte	.LASF86
 839 052b 06       		.byte	0x6
 840 052c 0F01     		.2byte	0x10f
 841 052e F9020000 		.4byte	0x2f9
 842 0532 12       		.uleb128 0x12
 843 0533 27000000 		.4byte	.LASF87
 844 0537 06       		.byte	0x6
 845 0538 1601     		.2byte	0x116
 846 053a 6F050000 		.4byte	0x56f
 847 053e 12       		.uleb128 0x12
 848 053f 93000000 		.4byte	.LASF88
 849 0543 06       		.byte	0x6
 850 0544 1B01     		.2byte	0x11b
 851 0546 FA000000 		.4byte	0xfa
 852 054a 12       		.uleb128 0x12
 853 054b 92010000 		.4byte	.LASF89
 854 054f 06       		.byte	0x6
 855 0550 2401     		.2byte	0x124
 856 0552 9A050000 		.4byte	0x59a
 857 0556 12       		.uleb128 0x12
 858 0557 17040000 		.4byte	.LASF90
 859 055b 06       		.byte	0x6
 860 055c 2D01     		.2byte	0x12d
 861 055e D1050000 		.4byte	0x5d1
 862 0562 12       		.uleb128 0x12
 863 0563 54030000 		.4byte	.LASF91
 864 0567 06       		.byte	0x6
 865 0568 3501     		.2byte	0x135
 866 056a 05010000 		.4byte	0x105
 867 056e 00       		.byte	0
ARM GAS  /tmp/ccZHNb0o.s 			page 23


 868 056f 09       		.uleb128 0x9
 869 0570 04       		.byte	0x4
 870 0571 11020000 		.4byte	0x211
 871 0575 05       		.uleb128 0x5
 872 0576 97030000 		.4byte	.LASF92
 873 057a 0C       		.byte	0xc
 874 057b 0A       		.byte	0xa
 875 057c 34       		.byte	0x34
 876 057d 9A050000 		.4byte	0x59a
 877 0581 06       		.uleb128 0x6
 878 0582 31010000 		.4byte	.LASF93
 879 0586 0A       		.byte	0xa
 880 0587 35       		.byte	0x35
 881 0588 46020000 		.4byte	0x246
 882 058c 00       		.byte	0
 883 058d 06       		.uleb128 0x6
 884 058e 1A030000 		.4byte	.LASF94
 885 0592 0A       		.byte	0xa
 886 0593 37       		.byte	0x37
 887 0594 10010000 		.4byte	0x110
 888 0598 08       		.byte	0x8
 889 0599 00       		.byte	0
 890 059a 09       		.uleb128 0x9
 891 059b 04       		.byte	0x4
 892 059c 75050000 		.4byte	0x575
 893 05a0 05       		.uleb128 0x5
 894 05a1 9C040000 		.4byte	.LASF95
 895 05a5 10       		.byte	0x10
 896 05a6 0B       		.byte	0xb
 897 05a7 39       		.byte	0x39
 898 05a8 D1050000 		.4byte	0x5d1
 899 05ac 06       		.uleb128 0x6
 900 05ad F8000000 		.4byte	.LASF96
 901 05b1 0B       		.byte	0xb
 902 05b2 3A       		.byte	0x3a
 903 05b3 46020000 		.4byte	0x246
 904 05b7 00       		.byte	0
 905 05b8 06       		.uleb128 0x6
 906 05b9 DD050000 		.4byte	.LASF97
 907 05bd 0B       		.byte	0xb
 908 05be 3C       		.byte	0x3c
 909 05bf 1C020000 		.4byte	0x21c
 910 05c3 08       		.byte	0x8
 911 05c4 06       		.uleb128 0x6
 912 05c5 27040000 		.4byte	.LASF98
 913 05c9 0B       		.byte	0xb
 914 05ca 3E       		.byte	0x3e
 915 05cb 0F060000 		.4byte	0x60f
 916 05cf 0C       		.byte	0xc
 917 05d0 00       		.byte	0
 918 05d1 09       		.uleb128 0x9
 919 05d2 04       		.byte	0x4
 920 05d3 A0050000 		.4byte	0x5a0
 921 05d7 09       		.uleb128 0x9
 922 05d8 04       		.byte	0x4
 923 05d9 DD050000 		.4byte	0x5dd
 924 05dd 13       		.uleb128 0x13
ARM GAS  /tmp/ccZHNb0o.s 			page 24


 925 05de E2050000 		.4byte	0x5e2
 926 05e2 03       		.uleb128 0x3
 927 05e3 01       		.byte	0x1
 928 05e4 08       		.byte	0x8
 929 05e5 12040000 		.4byte	.LASF99
 930 05e9 09       		.uleb128 0x9
 931 05ea 04       		.byte	0x4
 932 05eb FB020000 		.4byte	0x2fb
 933 05ef 14       		.uleb128 0x14
 934 05f0 D7050000 		.4byte	0x5d7
 935 05f4 15       		.uleb128 0x15
 936 05f5 41040000 		.4byte	0x441
 937 05f9 04060000 		.4byte	0x604
 938 05fd 16       		.uleb128 0x16
 939 05fe 2F040000 		.4byte	0x42f
 940 0602 1A       		.byte	0x1a
 941 0603 00       		.byte	0
 942 0604 04       		.uleb128 0x4
 943 0605 59010000 		.4byte	.LASF100
 944 0609 0B       		.byte	0xb
 945 060a 34       		.byte	0x34
 946 060b A0050000 		.4byte	0x5a0
 947 060f 09       		.uleb128 0x9
 948 0610 04       		.byte	0x4
 949 0611 04060000 		.4byte	0x604
 950 0615 03       		.uleb128 0x3
 951 0616 01       		.byte	0x1
 952 0617 02       		.byte	0x2
 953 0618 F9020000 		.4byte	.LASF101
 954 061c 10       		.uleb128 0x10
 955 061d 1C       		.byte	0x1c
 956 061e 0C       		.byte	0xc
 957 061f F5       		.byte	0xf5
 958 0620 7B060000 		.4byte	0x67b
 959 0624 06       		.uleb128 0x6
 960 0625 00010000 		.4byte	.LASF102
 961 0629 0C       		.byte	0xc
 962 062a F7       		.byte	0xf7
 963 062b AD000000 		.4byte	0xad
 964 062f 00       		.byte	0
 965 0630 06       		.uleb128 0x6
 966 0631 B4010000 		.4byte	.LASF103
 967 0635 0C       		.byte	0xc
 968 0636 F9       		.byte	0xf9
 969 0637 AD000000 		.4byte	0xad
 970 063b 04       		.byte	0x4
 971 063c 06       		.uleb128 0x6
 972 063d AC010000 		.4byte	.LASF104
 973 0641 0C       		.byte	0xc
 974 0642 FB       		.byte	0xfb
 975 0643 AD000000 		.4byte	0xad
 976 0647 08       		.byte	0x8
 977 0648 06       		.uleb128 0x6
 978 0649 79000000 		.4byte	.LASF105
 979 064d 0C       		.byte	0xc
 980 064e FD       		.byte	0xfd
 981 064f AD000000 		.4byte	0xad
ARM GAS  /tmp/ccZHNb0o.s 			page 25


 982 0653 0C       		.byte	0xc
 983 0654 0F       		.uleb128 0xf
 984 0655 6F647200 		.ascii	"odr\000"
 985 0659 0C       		.byte	0xc
 986 065a FF       		.byte	0xff
 987 065b AD000000 		.4byte	0xad
 988 065f 10       		.byte	0x10
 989 0660 08       		.uleb128 0x8
 990 0661 15030000 		.4byte	.LASF106
 991 0665 0C       		.byte	0xc
 992 0666 0101     		.2byte	0x101
 993 0668 AD000000 		.4byte	0xad
 994 066c 14       		.byte	0x14
 995 066d 08       		.uleb128 0x8
 996 066e 90020000 		.4byte	.LASF107
 997 0672 0C       		.byte	0xc
 998 0673 0301     		.2byte	0x103
 999 0675 AD000000 		.4byte	0xad
 1000 0679 18       		.byte	0x18
 1001 067a 00       		.byte	0
 1002 067b 17       		.uleb128 0x17
 1003 067c 00000000 		.4byte	.LASF108
 1004 0680 0C       		.byte	0xc
 1005 0681 0401     		.2byte	0x104
 1006 0683 1C060000 		.4byte	0x61c
 1007 0687 18       		.uleb128 0x18
 1008 0688 A8       		.byte	0xa8
 1009 0689 0C       		.byte	0xc
 1010 068a 0D01     		.2byte	0x10d
 1011 068c DF060000 		.4byte	0x6df
 1012 0690 08       		.uleb128 0x8
 1013 0691 4D030000 		.4byte	.LASF109
 1014 0695 0C       		.byte	0xc
 1015 0696 1001     		.2byte	0x110
 1016 0698 7B060000 		.4byte	0x67b
 1017 069c 00       		.byte	0
 1018 069d 08       		.uleb128 0x8
 1019 069e 61010000 		.4byte	.LASF110
 1020 06a2 0C       		.byte	0xc
 1021 06a3 1401     		.2byte	0x114
 1022 06a5 7B060000 		.4byte	0x67b
 1023 06a9 1C       		.byte	0x1c
 1024 06aa 08       		.uleb128 0x8
 1025 06ab B6050000 		.4byte	.LASF111
 1026 06af 0C       		.byte	0xc
 1027 06b0 1801     		.2byte	0x118
 1028 06b2 7B060000 		.4byte	0x67b
 1029 06b6 38       		.byte	0x38
 1030 06b7 08       		.uleb128 0x8
 1031 06b8 95020000 		.4byte	.LASF112
 1032 06bc 0C       		.byte	0xc
 1033 06bd 1C01     		.2byte	0x11c
 1034 06bf 7B060000 		.4byte	0x67b
 1035 06c3 54       		.byte	0x54
 1036 06c4 08       		.uleb128 0x8
 1037 06c5 19010000 		.4byte	.LASF113
 1038 06c9 0C       		.byte	0xc
ARM GAS  /tmp/ccZHNb0o.s 			page 26


 1039 06ca 2001     		.2byte	0x120
 1040 06cc 7B060000 		.4byte	0x67b
 1041 06d0 70       		.byte	0x70
 1042 06d1 08       		.uleb128 0x8
 1043 06d2 CE010000 		.4byte	.LASF114
 1044 06d6 0C       		.byte	0xc
 1045 06d7 2401     		.2byte	0x124
 1046 06d9 7B060000 		.4byte	0x67b
 1047 06dd 8C       		.byte	0x8c
 1048 06de 00       		.byte	0
 1049 06df 17       		.uleb128 0x17
 1050 06e0 D3050000 		.4byte	.LASF115
 1051 06e4 0C       		.byte	0xc
 1052 06e5 3A01     		.2byte	0x13a
 1053 06e7 87060000 		.4byte	0x687
 1054 06eb 19       		.uleb128 0x19
 1055 06ec D8020000 		.4byte	.LASF125
 1056 06f0 12       		.byte	0x12
 1057 06f1 C101     		.2byte	0x1c1
 1058 06f3 03       		.byte	0x3
 1059 06f4 1A       		.uleb128 0x1a
 1060 06f5 A4010000 		.4byte	.LASF126
 1061 06f9 01       		.byte	0x1
 1062 06fa 38       		.byte	0x38
 1063 06fb 00000000 		.4byte	.LFB272
 1064 06ff 20000000 		.4byte	.LFE272-.LFB272
 1065 0703 01       		.uleb128 0x1
 1066 0704 9C       		.byte	0x9c
 1067 0705 37070000 		.4byte	0x737
 1068 0709 1B       		.uleb128 0x1b
 1069 070a 06000000 		.4byte	.LVL0
 1070 070e 64070000 		.4byte	0x764
 1071 0712 1B       		.uleb128 0x1b
 1072 0713 0C000000 		.4byte	.LVL1
 1073 0717 6C070000 		.4byte	0x76c
 1074 071b 1B       		.uleb128 0x1b
 1075 071c 10000000 		.4byte	.LVL2
 1076 0720 84070000 		.4byte	0x784
 1077 0724 1B       		.uleb128 0x1b
 1078 0725 14000000 		.4byte	.LVL3
 1079 0729 8C070000 		.4byte	0x78c
 1080 072d 1C       		.uleb128 0x1c
 1081 072e 1C000000 		.4byte	.LVL4
 1082 0732 94070000 		.4byte	0x794
 1083 0736 00       		.byte	0
 1084 0737 1D       		.uleb128 0x1d
 1085 0738 B1000000 		.4byte	.LASF116
 1086 073c 0D       		.byte	0xd
 1087 073d FA06     		.2byte	0x6fa
 1088 073f 43070000 		.4byte	0x743
 1089 0743 14       		.uleb128 0x14
 1090 0744 A2000000 		.4byte	0xa2
 1091 0748 1E       		.uleb128 0x1e
 1092 0749 636800   		.ascii	"ch\000"
 1093 074c 06       		.byte	0x6
 1094 074d 0B02     		.2byte	0x20b
 1095 074f C8030000 		.4byte	0x3c8
ARM GAS  /tmp/ccZHNb0o.s 			page 27


 1096 0753 1D       		.uleb128 0x1d
 1097 0754 E5050000 		.4byte	.LASF117
 1098 0758 0C       		.byte	0xc
 1099 0759 1E02     		.2byte	0x21e
 1100 075b 5F070000 		.4byte	0x75f
 1101 075f 13       		.uleb128 0x13
 1102 0760 DF060000 		.4byte	0x6df
 1103 0764 1F       		.uleb128 0x1f
 1104 0765 70040000 		.4byte	.LASF118
 1105 0769 0E       		.byte	0xe
 1106 076a 8204     		.2byte	0x482
 1107 076c 20       		.uleb128 0x20
 1108 076d AC040000 		.4byte	.LASF127
 1109 0771 0C       		.byte	0xc
 1110 0772 2302     		.2byte	0x223
 1111 0774 7E070000 		.4byte	0x77e
 1112 0778 0C       		.uleb128 0xc
 1113 0779 7E070000 		.4byte	0x77e
 1114 077d 00       		.byte	0
 1115 077e 09       		.uleb128 0x9
 1116 077f 04       		.byte	0x4
 1117 0780 5F070000 		.4byte	0x75f
 1118 0784 1F       		.uleb128 0x1f
 1119 0785 CC050000 		.4byte	.LASF119
 1120 0789 0F       		.byte	0xf
 1121 078a 0E01     		.2byte	0x10e
 1122 078c 1F       		.uleb128 0x1f
 1123 078d 3C030000 		.4byte	.LASF120
 1124 0791 10       		.byte	0x10
 1125 0792 A904     		.2byte	0x4a9
 1126 0794 21       		.uleb128 0x21
 1127 0795 20000000 		.4byte	.LASF121
 1128 0799 11       		.byte	0x11
 1129 079a 56       		.byte	0x56
 1130 079b 00       		.byte	0
 1131              		.section	.debug_abbrev,"",%progbits
 1132              	.Ldebug_abbrev0:
 1133 0000 01       		.uleb128 0x1
 1134 0001 11       		.uleb128 0x11
 1135 0002 01       		.byte	0x1
 1136 0003 25       		.uleb128 0x25
 1137 0004 0E       		.uleb128 0xe
 1138 0005 13       		.uleb128 0x13
 1139 0006 0B       		.uleb128 0xb
 1140 0007 03       		.uleb128 0x3
 1141 0008 0E       		.uleb128 0xe
 1142 0009 1B       		.uleb128 0x1b
 1143 000a 0E       		.uleb128 0xe
 1144 000b 55       		.uleb128 0x55
 1145 000c 17       		.uleb128 0x17
 1146 000d 11       		.uleb128 0x11
 1147 000e 01       		.uleb128 0x1
 1148 000f 10       		.uleb128 0x10
 1149 0010 17       		.uleb128 0x17
 1150 0011 00       		.byte	0
 1151 0012 00       		.byte	0
 1152 0013 02       		.uleb128 0x2
ARM GAS  /tmp/ccZHNb0o.s 			page 28


 1153 0014 24       		.uleb128 0x24
 1154 0015 00       		.byte	0
 1155 0016 0B       		.uleb128 0xb
 1156 0017 0B       		.uleb128 0xb
 1157 0018 3E       		.uleb128 0x3e
 1158 0019 0B       		.uleb128 0xb
 1159 001a 03       		.uleb128 0x3
 1160 001b 08       		.uleb128 0x8
 1161 001c 00       		.byte	0
 1162 001d 00       		.byte	0
 1163 001e 03       		.uleb128 0x3
 1164 001f 24       		.uleb128 0x24
 1165 0020 00       		.byte	0
 1166 0021 0B       		.uleb128 0xb
 1167 0022 0B       		.uleb128 0xb
 1168 0023 3E       		.uleb128 0x3e
 1169 0024 0B       		.uleb128 0xb
 1170 0025 03       		.uleb128 0x3
 1171 0026 0E       		.uleb128 0xe
 1172 0027 00       		.byte	0
 1173 0028 00       		.byte	0
 1174 0029 04       		.uleb128 0x4
 1175 002a 16       		.uleb128 0x16
 1176 002b 00       		.byte	0
 1177 002c 03       		.uleb128 0x3
 1178 002d 0E       		.uleb128 0xe
 1179 002e 3A       		.uleb128 0x3a
 1180 002f 0B       		.uleb128 0xb
 1181 0030 3B       		.uleb128 0x3b
 1182 0031 0B       		.uleb128 0xb
 1183 0032 49       		.uleb128 0x49
 1184 0033 13       		.uleb128 0x13
 1185 0034 00       		.byte	0
 1186 0035 00       		.byte	0
 1187 0036 05       		.uleb128 0x5
 1188 0037 13       		.uleb128 0x13
 1189 0038 01       		.byte	0x1
 1190 0039 03       		.uleb128 0x3
 1191 003a 0E       		.uleb128 0xe
 1192 003b 0B       		.uleb128 0xb
 1193 003c 0B       		.uleb128 0xb
 1194 003d 3A       		.uleb128 0x3a
 1195 003e 0B       		.uleb128 0xb
 1196 003f 3B       		.uleb128 0x3b
 1197 0040 0B       		.uleb128 0xb
 1198 0041 01       		.uleb128 0x1
 1199 0042 13       		.uleb128 0x13
 1200 0043 00       		.byte	0
 1201 0044 00       		.byte	0
 1202 0045 06       		.uleb128 0x6
 1203 0046 0D       		.uleb128 0xd
 1204 0047 00       		.byte	0
 1205 0048 03       		.uleb128 0x3
 1206 0049 0E       		.uleb128 0xe
 1207 004a 3A       		.uleb128 0x3a
 1208 004b 0B       		.uleb128 0xb
 1209 004c 3B       		.uleb128 0x3b
ARM GAS  /tmp/ccZHNb0o.s 			page 29


 1210 004d 0B       		.uleb128 0xb
 1211 004e 49       		.uleb128 0x49
 1212 004f 13       		.uleb128 0x13
 1213 0050 38       		.uleb128 0x38
 1214 0051 0B       		.uleb128 0xb
 1215 0052 00       		.byte	0
 1216 0053 00       		.byte	0
 1217 0054 07       		.uleb128 0x7
 1218 0055 0D       		.uleb128 0xd
 1219 0056 00       		.byte	0
 1220 0057 03       		.uleb128 0x3
 1221 0058 08       		.uleb128 0x8
 1222 0059 3A       		.uleb128 0x3a
 1223 005a 0B       		.uleb128 0xb
 1224 005b 3B       		.uleb128 0x3b
 1225 005c 05       		.uleb128 0x5
 1226 005d 49       		.uleb128 0x49
 1227 005e 13       		.uleb128 0x13
 1228 005f 38       		.uleb128 0x38
 1229 0060 0B       		.uleb128 0xb
 1230 0061 00       		.byte	0
 1231 0062 00       		.byte	0
 1232 0063 08       		.uleb128 0x8
 1233 0064 0D       		.uleb128 0xd
 1234 0065 00       		.byte	0
 1235 0066 03       		.uleb128 0x3
 1236 0067 0E       		.uleb128 0xe
 1237 0068 3A       		.uleb128 0x3a
 1238 0069 0B       		.uleb128 0xb
 1239 006a 3B       		.uleb128 0x3b
 1240 006b 05       		.uleb128 0x5
 1241 006c 49       		.uleb128 0x49
 1242 006d 13       		.uleb128 0x13
 1243 006e 38       		.uleb128 0x38
 1244 006f 0B       		.uleb128 0xb
 1245 0070 00       		.byte	0
 1246 0071 00       		.byte	0
 1247 0072 09       		.uleb128 0x9
 1248 0073 0F       		.uleb128 0xf
 1249 0074 00       		.byte	0
 1250 0075 0B       		.uleb128 0xb
 1251 0076 0B       		.uleb128 0xb
 1252 0077 49       		.uleb128 0x49
 1253 0078 13       		.uleb128 0x13
 1254 0079 00       		.byte	0
 1255 007a 00       		.byte	0
 1256 007b 0A       		.uleb128 0xa
 1257 007c 13       		.uleb128 0x13
 1258 007d 01       		.byte	0x1
 1259 007e 03       		.uleb128 0x3
 1260 007f 0E       		.uleb128 0xe
 1261 0080 0B       		.uleb128 0xb
 1262 0081 0B       		.uleb128 0xb
 1263 0082 3A       		.uleb128 0x3a
 1264 0083 0B       		.uleb128 0xb
 1265 0084 3B       		.uleb128 0x3b
 1266 0085 05       		.uleb128 0x5
ARM GAS  /tmp/ccZHNb0o.s 			page 30


 1267 0086 01       		.uleb128 0x1
 1268 0087 13       		.uleb128 0x13
 1269 0088 00       		.byte	0
 1270 0089 00       		.byte	0
 1271 008a 0B       		.uleb128 0xb
 1272 008b 15       		.uleb128 0x15
 1273 008c 01       		.byte	0x1
 1274 008d 27       		.uleb128 0x27
 1275 008e 19       		.uleb128 0x19
 1276 008f 01       		.uleb128 0x1
 1277 0090 13       		.uleb128 0x13
 1278 0091 00       		.byte	0
 1279 0092 00       		.byte	0
 1280 0093 0C       		.uleb128 0xc
 1281 0094 05       		.uleb128 0x5
 1282 0095 00       		.byte	0
 1283 0096 49       		.uleb128 0x49
 1284 0097 13       		.uleb128 0x13
 1285 0098 00       		.byte	0
 1286 0099 00       		.byte	0
 1287 009a 0D       		.uleb128 0xd
 1288 009b 0F       		.uleb128 0xf
 1289 009c 00       		.byte	0
 1290 009d 0B       		.uleb128 0xb
 1291 009e 0B       		.uleb128 0xb
 1292 009f 00       		.byte	0
 1293 00a0 00       		.byte	0
 1294 00a1 0E       		.uleb128 0xe
 1295 00a2 13       		.uleb128 0x13
 1296 00a3 01       		.byte	0x1
 1297 00a4 03       		.uleb128 0x3
 1298 00a5 0E       		.uleb128 0xe
 1299 00a6 0B       		.uleb128 0xb
 1300 00a7 05       		.uleb128 0x5
 1301 00a8 3A       		.uleb128 0x3a
 1302 00a9 0B       		.uleb128 0xb
 1303 00aa 3B       		.uleb128 0x3b
 1304 00ab 05       		.uleb128 0x5
 1305 00ac 01       		.uleb128 0x1
 1306 00ad 13       		.uleb128 0x13
 1307 00ae 00       		.byte	0
 1308 00af 00       		.byte	0
 1309 00b0 0F       		.uleb128 0xf
 1310 00b1 0D       		.uleb128 0xd
 1311 00b2 00       		.byte	0
 1312 00b3 03       		.uleb128 0x3
 1313 00b4 08       		.uleb128 0x8
 1314 00b5 3A       		.uleb128 0x3a
 1315 00b6 0B       		.uleb128 0xb
 1316 00b7 3B       		.uleb128 0x3b
 1317 00b8 0B       		.uleb128 0xb
 1318 00b9 49       		.uleb128 0x49
 1319 00ba 13       		.uleb128 0x13
 1320 00bb 38       		.uleb128 0x38
 1321 00bc 0B       		.uleb128 0xb
 1322 00bd 00       		.byte	0
 1323 00be 00       		.byte	0
ARM GAS  /tmp/ccZHNb0o.s 			page 31


 1324 00bf 10       		.uleb128 0x10
 1325 00c0 13       		.uleb128 0x13
 1326 00c1 01       		.byte	0x1
 1327 00c2 0B       		.uleb128 0xb
 1328 00c3 0B       		.uleb128 0xb
 1329 00c4 3A       		.uleb128 0x3a
 1330 00c5 0B       		.uleb128 0xb
 1331 00c6 3B       		.uleb128 0x3b
 1332 00c7 0B       		.uleb128 0xb
 1333 00c8 01       		.uleb128 0x1
 1334 00c9 13       		.uleb128 0x13
 1335 00ca 00       		.byte	0
 1336 00cb 00       		.byte	0
 1337 00cc 11       		.uleb128 0x11
 1338 00cd 17       		.uleb128 0x17
 1339 00ce 01       		.byte	0x1
 1340 00cf 0B       		.uleb128 0xb
 1341 00d0 0B       		.uleb128 0xb
 1342 00d1 3A       		.uleb128 0x3a
 1343 00d2 0B       		.uleb128 0xb
 1344 00d3 3B       		.uleb128 0x3b
 1345 00d4 0B       		.uleb128 0xb
 1346 00d5 01       		.uleb128 0x1
 1347 00d6 13       		.uleb128 0x13
 1348 00d7 00       		.byte	0
 1349 00d8 00       		.byte	0
 1350 00d9 12       		.uleb128 0x12
 1351 00da 0D       		.uleb128 0xd
 1352 00db 00       		.byte	0
 1353 00dc 03       		.uleb128 0x3
 1354 00dd 0E       		.uleb128 0xe
 1355 00de 3A       		.uleb128 0x3a
 1356 00df 0B       		.uleb128 0xb
 1357 00e0 3B       		.uleb128 0x3b
 1358 00e1 05       		.uleb128 0x5
 1359 00e2 49       		.uleb128 0x49
 1360 00e3 13       		.uleb128 0x13
 1361 00e4 00       		.byte	0
 1362 00e5 00       		.byte	0
 1363 00e6 13       		.uleb128 0x13
 1364 00e7 26       		.uleb128 0x26
 1365 00e8 00       		.byte	0
 1366 00e9 49       		.uleb128 0x49
 1367 00ea 13       		.uleb128 0x13
 1368 00eb 00       		.byte	0
 1369 00ec 00       		.byte	0
 1370 00ed 14       		.uleb128 0x14
 1371 00ee 35       		.uleb128 0x35
 1372 00ef 00       		.byte	0
 1373 00f0 49       		.uleb128 0x49
 1374 00f1 13       		.uleb128 0x13
 1375 00f2 00       		.byte	0
 1376 00f3 00       		.byte	0
 1377 00f4 15       		.uleb128 0x15
 1378 00f5 01       		.uleb128 0x1
 1379 00f6 01       		.byte	0x1
 1380 00f7 49       		.uleb128 0x49
ARM GAS  /tmp/ccZHNb0o.s 			page 32


 1381 00f8 13       		.uleb128 0x13
 1382 00f9 01       		.uleb128 0x1
 1383 00fa 13       		.uleb128 0x13
 1384 00fb 00       		.byte	0
 1385 00fc 00       		.byte	0
 1386 00fd 16       		.uleb128 0x16
 1387 00fe 21       		.uleb128 0x21
 1388 00ff 00       		.byte	0
 1389 0100 49       		.uleb128 0x49
 1390 0101 13       		.uleb128 0x13
 1391 0102 2F       		.uleb128 0x2f
 1392 0103 0B       		.uleb128 0xb
 1393 0104 00       		.byte	0
 1394 0105 00       		.byte	0
 1395 0106 17       		.uleb128 0x17
 1396 0107 16       		.uleb128 0x16
 1397 0108 00       		.byte	0
 1398 0109 03       		.uleb128 0x3
 1399 010a 0E       		.uleb128 0xe
 1400 010b 3A       		.uleb128 0x3a
 1401 010c 0B       		.uleb128 0xb
 1402 010d 3B       		.uleb128 0x3b
 1403 010e 05       		.uleb128 0x5
 1404 010f 49       		.uleb128 0x49
 1405 0110 13       		.uleb128 0x13
 1406 0111 00       		.byte	0
 1407 0112 00       		.byte	0
 1408 0113 18       		.uleb128 0x18
 1409 0114 13       		.uleb128 0x13
 1410 0115 01       		.byte	0x1
 1411 0116 0B       		.uleb128 0xb
 1412 0117 0B       		.uleb128 0xb
 1413 0118 3A       		.uleb128 0x3a
 1414 0119 0B       		.uleb128 0xb
 1415 011a 3B       		.uleb128 0x3b
 1416 011b 05       		.uleb128 0x5
 1417 011c 01       		.uleb128 0x1
 1418 011d 13       		.uleb128 0x13
 1419 011e 00       		.byte	0
 1420 011f 00       		.byte	0
 1421 0120 19       		.uleb128 0x19
 1422 0121 2E       		.uleb128 0x2e
 1423 0122 00       		.byte	0
 1424 0123 03       		.uleb128 0x3
 1425 0124 0E       		.uleb128 0xe
 1426 0125 3A       		.uleb128 0x3a
 1427 0126 0B       		.uleb128 0xb
 1428 0127 3B       		.uleb128 0x3b
 1429 0128 05       		.uleb128 0x5
 1430 0129 27       		.uleb128 0x27
 1431 012a 19       		.uleb128 0x19
 1432 012b 20       		.uleb128 0x20
 1433 012c 0B       		.uleb128 0xb
 1434 012d 00       		.byte	0
 1435 012e 00       		.byte	0
 1436 012f 1A       		.uleb128 0x1a
 1437 0130 2E       		.uleb128 0x2e
ARM GAS  /tmp/ccZHNb0o.s 			page 33


 1438 0131 01       		.byte	0x1
 1439 0132 3F       		.uleb128 0x3f
 1440 0133 19       		.uleb128 0x19
 1441 0134 03       		.uleb128 0x3
 1442 0135 0E       		.uleb128 0xe
 1443 0136 3A       		.uleb128 0x3a
 1444 0137 0B       		.uleb128 0xb
 1445 0138 3B       		.uleb128 0x3b
 1446 0139 0B       		.uleb128 0xb
 1447 013a 27       		.uleb128 0x27
 1448 013b 19       		.uleb128 0x19
 1449 013c 11       		.uleb128 0x11
 1450 013d 01       		.uleb128 0x1
 1451 013e 12       		.uleb128 0x12
 1452 013f 06       		.uleb128 0x6
 1453 0140 40       		.uleb128 0x40
 1454 0141 18       		.uleb128 0x18
 1455 0142 9742     		.uleb128 0x2117
 1456 0144 19       		.uleb128 0x19
 1457 0145 01       		.uleb128 0x1
 1458 0146 13       		.uleb128 0x13
 1459 0147 00       		.byte	0
 1460 0148 00       		.byte	0
 1461 0149 1B       		.uleb128 0x1b
 1462 014a 898201   		.uleb128 0x4109
 1463 014d 00       		.byte	0
 1464 014e 11       		.uleb128 0x11
 1465 014f 01       		.uleb128 0x1
 1466 0150 31       		.uleb128 0x31
 1467 0151 13       		.uleb128 0x13
 1468 0152 00       		.byte	0
 1469 0153 00       		.byte	0
 1470 0154 1C       		.uleb128 0x1c
 1471 0155 898201   		.uleb128 0x4109
 1472 0158 00       		.byte	0
 1473 0159 11       		.uleb128 0x11
 1474 015a 01       		.uleb128 0x1
 1475 015b 9542     		.uleb128 0x2115
 1476 015d 19       		.uleb128 0x19
 1477 015e 31       		.uleb128 0x31
 1478 015f 13       		.uleb128 0x13
 1479 0160 00       		.byte	0
 1480 0161 00       		.byte	0
 1481 0162 1D       		.uleb128 0x1d
 1482 0163 34       		.uleb128 0x34
 1483 0164 00       		.byte	0
 1484 0165 03       		.uleb128 0x3
 1485 0166 0E       		.uleb128 0xe
 1486 0167 3A       		.uleb128 0x3a
 1487 0168 0B       		.uleb128 0xb
 1488 0169 3B       		.uleb128 0x3b
 1489 016a 05       		.uleb128 0x5
 1490 016b 49       		.uleb128 0x49
 1491 016c 13       		.uleb128 0x13
 1492 016d 3F       		.uleb128 0x3f
 1493 016e 19       		.uleb128 0x19
 1494 016f 3C       		.uleb128 0x3c
ARM GAS  /tmp/ccZHNb0o.s 			page 34


 1495 0170 19       		.uleb128 0x19
 1496 0171 00       		.byte	0
 1497 0172 00       		.byte	0
 1498 0173 1E       		.uleb128 0x1e
 1499 0174 34       		.uleb128 0x34
 1500 0175 00       		.byte	0
 1501 0176 03       		.uleb128 0x3
 1502 0177 08       		.uleb128 0x8
 1503 0178 3A       		.uleb128 0x3a
 1504 0179 0B       		.uleb128 0xb
 1505 017a 3B       		.uleb128 0x3b
 1506 017b 05       		.uleb128 0x5
 1507 017c 49       		.uleb128 0x49
 1508 017d 13       		.uleb128 0x13
 1509 017e 3F       		.uleb128 0x3f
 1510 017f 19       		.uleb128 0x19
 1511 0180 3C       		.uleb128 0x3c
 1512 0181 19       		.uleb128 0x19
 1513 0182 00       		.byte	0
 1514 0183 00       		.byte	0
 1515 0184 1F       		.uleb128 0x1f
 1516 0185 2E       		.uleb128 0x2e
 1517 0186 00       		.byte	0
 1518 0187 3F       		.uleb128 0x3f
 1519 0188 19       		.uleb128 0x19
 1520 0189 03       		.uleb128 0x3
 1521 018a 0E       		.uleb128 0xe
 1522 018b 3A       		.uleb128 0x3a
 1523 018c 0B       		.uleb128 0xb
 1524 018d 3B       		.uleb128 0x3b
 1525 018e 05       		.uleb128 0x5
 1526 018f 27       		.uleb128 0x27
 1527 0190 19       		.uleb128 0x19
 1528 0191 3C       		.uleb128 0x3c
 1529 0192 19       		.uleb128 0x19
 1530 0193 00       		.byte	0
 1531 0194 00       		.byte	0
 1532 0195 20       		.uleb128 0x20
 1533 0196 2E       		.uleb128 0x2e
 1534 0197 01       		.byte	0x1
 1535 0198 3F       		.uleb128 0x3f
 1536 0199 19       		.uleb128 0x19
 1537 019a 03       		.uleb128 0x3
 1538 019b 0E       		.uleb128 0xe
 1539 019c 3A       		.uleb128 0x3a
 1540 019d 0B       		.uleb128 0xb
 1541 019e 3B       		.uleb128 0x3b
 1542 019f 05       		.uleb128 0x5
 1543 01a0 27       		.uleb128 0x27
 1544 01a1 19       		.uleb128 0x19
 1545 01a2 3C       		.uleb128 0x3c
 1546 01a3 19       		.uleb128 0x19
 1547 01a4 01       		.uleb128 0x1
 1548 01a5 13       		.uleb128 0x13
 1549 01a6 00       		.byte	0
 1550 01a7 00       		.byte	0
 1551 01a8 21       		.uleb128 0x21
ARM GAS  /tmp/ccZHNb0o.s 			page 35


 1552 01a9 2E       		.uleb128 0x2e
 1553 01aa 00       		.byte	0
 1554 01ab 3F       		.uleb128 0x3f
 1555 01ac 19       		.uleb128 0x19
 1556 01ad 03       		.uleb128 0x3
 1557 01ae 0E       		.uleb128 0xe
 1558 01af 3A       		.uleb128 0x3a
 1559 01b0 0B       		.uleb128 0xb
 1560 01b1 3B       		.uleb128 0x3b
 1561 01b2 0B       		.uleb128 0xb
 1562 01b3 27       		.uleb128 0x27
 1563 01b4 19       		.uleb128 0x19
 1564 01b5 3C       		.uleb128 0x3c
 1565 01b6 19       		.uleb128 0x19
 1566 01b7 00       		.byte	0
 1567 01b8 00       		.byte	0
 1568 01b9 00       		.byte	0
 1569              		.section	.debug_aranges,"",%progbits
 1570 0000 1C000000 		.4byte	0x1c
 1571 0004 0200     		.2byte	0x2
 1572 0006 00000000 		.4byte	.Ldebug_info0
 1573 000a 04       		.byte	0x4
 1574 000b 00       		.byte	0
 1575 000c 0000     		.2byte	0
 1576 000e 0000     		.2byte	0
 1577 0010 00000000 		.4byte	.LFB272
 1578 0014 20000000 		.4byte	.LFE272-.LFB272
 1579 0018 00000000 		.4byte	0
 1580 001c 00000000 		.4byte	0
 1581              		.section	.debug_ranges,"",%progbits
 1582              	.Ldebug_ranges0:
 1583 0000 00000000 		.4byte	.LFB272
 1584 0004 20000000 		.4byte	.LFE272
 1585 0008 00000000 		.4byte	0
 1586 000c 00000000 		.4byte	0
 1587              		.section	.debug_line,"",%progbits
 1588              	.Ldebug_line0:
 1589 0000 3B030000 		.section	.debug_str,"MS",%progbits,1
 1589      02001A03 
 1589      00000201 
 1589      FB0E0D00 
 1589      01010101 
 1590              	.LASF108:
 1591 0000 73746D33 		.ascii	"stm32_gpio_setup_t\000"
 1591      325F6770 
 1591      696F5F73 
 1591      65747570 
 1591      5F7400
 1592              	.LASF49:
 1593 0013 72656164 		.ascii	"ready_list_t\000"
 1593      795F6C69 
 1593      73745F74 
 1593      00
 1594              	.LASF121:
 1595 0020 7374496E 		.ascii	"stInit\000"
 1595      697400
 1596              	.LASF87:
ARM GAS  /tmp/ccZHNb0o.s 			page 36


 1597 0027 77747472 		.ascii	"wttrp\000"
 1597      7000
 1598              	.LASF84:
 1599 002d 7264796D 		.ascii	"rdymsg\000"
 1599      736700
 1600              	.LASF16:
 1601 0034 75696E74 		.ascii	"uint64_t\000"
 1601      36345F74 
 1601      00
 1602              	.LASF5:
 1603 003d 5F5F7569 		.ascii	"__uint8_t\000"
 1603      6E74385F 
 1603      7400
 1604              	.LASF81:
 1605 0047 706F7274 		.ascii	"port_intctx\000"
 1605      5F696E74 
 1605      63747800 
 1606              	.LASF68:
 1607 0053 73797374 		.ascii	"system_debug_t\000"
 1607      656D5F64 
 1607      65627567 
 1607      5F7400
 1608              	.LASF12:
 1609 0062 6C6F6E67 		.ascii	"long long unsigned int\000"
 1609      206C6F6E 
 1609      6720756E 
 1609      7369676E 
 1609      65642069 
 1610              	.LASF105:
 1611 0079 70757064 		.ascii	"pupdr\000"
 1611      7200
 1612              	.LASF85:
 1613 007f 65786974 		.ascii	"exitcode\000"
 1613      636F6465 
 1613      00
 1614              	.LASF75:
 1615 0088 6D61696E 		.ascii	"mainthread\000"
 1615      74687265 
 1615      616400
 1616              	.LASF88:
 1617 0093 73656E74 		.ascii	"sentmsg\000"
 1617      6D736700 
 1618              	.LASF65:
 1619 009b 76697274 		.ascii	"virtual_timers_list_t\000"
 1619      75616C5F 
 1619      74696D65 
 1619      72735F6C 
 1619      6973745F 
 1620              	.LASF116:
 1621 00b1 49544D5F 		.ascii	"ITM_RxBuffer\000"
 1621      52784275 
 1621      66666572 
 1621      00
 1622              	.LASF48:
 1623 00be 63685F74 		.ascii	"ch_threads_queue\000"
 1623      68726561 
 1623      64735F71 
ARM GAS  /tmp/ccZHNb0o.s 			page 37


 1623      75657565 
 1623      00
 1624              	.LASF29:
 1625 00cf 705F7072 		.ascii	"p_prio\000"
 1625      696F00
 1626              	.LASF10:
 1627 00d6 6C6F6E67 		.ascii	"long long int\000"
 1627      206C6F6E 
 1627      6720696E 
 1627      7400
 1628              	.LASF1:
 1629 00e4 7369676E 		.ascii	"signed char\000"
 1629      65642063 
 1629      68617200 
 1630              	.LASF42:
 1631 00f0 705F6D70 		.ascii	"p_mpool\000"
 1631      6F6F6C00 
 1632              	.LASF96:
 1633 00f8 6D5F7175 		.ascii	"m_queue\000"
 1633      65756500 
 1634              	.LASF102:
 1635 0100 6D6F6465 		.ascii	"moder\000"
 1635      7200
 1636              	.LASF72:
 1637 0106 63685F73 		.ascii	"ch_system\000"
 1637      79737465 
 1637      6D00
 1638              	.LASF7:
 1639 0110 6C6F6E67 		.ascii	"long int\000"
 1639      20696E74 
 1639      00
 1640              	.LASF113:
 1641 0119 50454461 		.ascii	"PEData\000"
 1641      746100
 1642              	.LASF19:
 1643 0120 74737461 		.ascii	"tstate_t\000"
 1643      74655F74 
 1643      00
 1644              	.LASF31:
 1645 0129 705F6E65 		.ascii	"p_newer\000"
 1645      77657200 
 1646              	.LASF93:
 1647 0131 735F7175 		.ascii	"s_queue\000"
 1647      65756500 
 1648              	.LASF54:
 1649 0139 725F6E65 		.ascii	"r_newer\000"
 1649      77657200 
 1650              	.LASF78:
 1651 0141 72656761 		.ascii	"regarm_t\000"
 1651      726D5F74 
 1651      00
 1652              	.LASF61:
 1653 014a 76745F70 		.ascii	"vt_prev\000"
 1653      72657600 
 1654              	.LASF74:
 1655 0152 76746C69 		.ascii	"vtlist\000"
 1655      737400
ARM GAS  /tmp/ccZHNb0o.s 			page 38


 1656              	.LASF100:
 1657 0159 6D757465 		.ascii	"mutex_t\000"
 1657      785F7400 
 1658              	.LASF110:
 1659 0161 50424461 		.ascii	"PBData\000"
 1659      746100
 1660              	.LASF76:
 1661 0168 69646C65 		.ascii	"idle_thread_wa\000"
 1661      5F746872 
 1661      6561645F 
 1661      776100
 1662              	.LASF24:
 1663 0177 636E745F 		.ascii	"cnt_t\000"
 1663      7400
 1664              	.LASF0:
 1665 017d 756E7369 		.ascii	"unsigned int\000"
 1665      676E6564 
 1665      20696E74 
 1665      00
 1666              	.LASF60:
 1667 018a 76745F6E 		.ascii	"vt_next\000"
 1667      65787400 
 1668              	.LASF89:
 1669 0192 77747365 		.ascii	"wtsemp\000"
 1669      6D7000
 1670              	.LASF38:
 1671 0199 705F6D73 		.ascii	"p_msgqueue\000"
 1671      67717565 
 1671      756500
 1672              	.LASF126:
 1673 01a4 68616C49 		.ascii	"halInit\000"
 1673      6E697400 
 1674              	.LASF104:
 1675 01ac 6F737065 		.ascii	"ospeedr\000"
 1675      65647200 
 1676              	.LASF103:
 1677 01b4 6F747970 		.ascii	"otyper\000"
 1677      657200
 1678              	.LASF4:
 1679 01bb 73686F72 		.ascii	"short unsigned int\000"
 1679      7420756E 
 1679      7369676E 
 1679      65642069 
 1679      6E7400
 1680              	.LASF114:
 1681 01ce 50464461 		.ascii	"PFData\000"
 1681      746100
 1682              	.LASF45:
 1683 01d5 63685F74 		.ascii	"ch_thread\000"
 1683      68726561 
 1683      6400
 1684              	.LASF22:
 1685 01df 6D73675F 		.ascii	"msg_t\000"
 1685      7400
 1686              	.LASF71:
 1687 01e5 63685F73 		.ascii	"ch_system_t\000"
 1687      79737465 
ARM GAS  /tmp/ccZHNb0o.s 			page 39


 1687      6D5F7400 
 1688              	.LASF18:
 1689 01f1 746D6F64 		.ascii	"tmode_t\000"
 1689      655F7400 
 1690              	.LASF50:
 1691 01f9 63685F72 		.ascii	"ch_ready_list\000"
 1691      65616479 
 1691      5F6C6973 
 1691      7400
 1692              	.LASF23:
 1693 0207 6576656E 		.ascii	"eventmask_t\000"
 1693      746D6173 
 1693      6B5F7400 
 1694              	.LASF6:
 1695 0213 5F5F696E 		.ascii	"__int32_t\000"
 1695      7433325F 
 1695      7400
 1696              	.LASF79:
 1697 021d 73746B61 		.ascii	"stkalign_t\000"
 1697      6C69676E 
 1697      5F7400
 1698              	.LASF37:
 1699 0228 705F7761 		.ascii	"p_waiting\000"
 1699      6974696E 
 1699      6700
 1700              	.LASF77:
 1701 0232 73697A65 		.ascii	"sizetype\000"
 1701      74797065 
 1701      00
 1702              	.LASF43:
 1703 023b 74687265 		.ascii	"thread_reference_t\000"
 1703      61645F72 
 1703      65666572 
 1703      656E6365 
 1703      5F7400
 1704              	.LASF66:
 1705 024e 63685F76 		.ascii	"ch_virtual_timers_list\000"
 1705      69727475 
 1705      616C5F74 
 1705      696D6572 
 1705      735F6C69 
 1706              	.LASF67:
 1707 0265 76745F6C 		.ascii	"vt_lasttime\000"
 1707      61737474 
 1707      696D6500 
 1708              	.LASF32:
 1709 0271 705F6F6C 		.ascii	"p_older\000"
 1709      64657200 
 1710              	.LASF53:
 1711 0279 725F6374 		.ascii	"r_ctx\000"
 1711      7800
 1712              	.LASF83:
 1713 027f 746D5F63 		.ascii	"tm_calibration_t\000"
 1713      616C6962 
 1713      72617469 
 1713      6F6E5F74 
 1713      00
ARM GAS  /tmp/ccZHNb0o.s 			page 40


 1714              	.LASF107:
 1715 0290 61667268 		.ascii	"afrh\000"
 1715      00
 1716              	.LASF112:
 1717 0295 50444461 		.ascii	"PDData\000"
 1717      746100
 1718              	.LASF56:
 1719 029c 725F6375 		.ascii	"r_current\000"
 1719      7272656E 
 1719      7400
 1720              	.LASF55:
 1721 02a6 725F6F6C 		.ascii	"r_older\000"
 1721      64657200 
 1722              	.LASF11:
 1723 02ae 5F5F7569 		.ascii	"__uint64_t\000"
 1723      6E743634 
 1723      5F7400
 1724              	.LASF20:
 1725 02b9 74726566 		.ascii	"trefs_t\000"
 1725      735F7400 
 1726              	.LASF58:
 1727 02c1 76697274 		.ascii	"virtual_timer_t\000"
 1727      75616C5F 
 1727      74696D65 
 1727      725F7400 
 1728              	.LASF28:
 1729 02d1 705F7072 		.ascii	"p_prev\000"
 1729      657600
 1730              	.LASF125:
 1731 02d8 6F73616C 		.ascii	"osalInit\000"
 1731      496E6974 
 1731      00
 1732              	.LASF21:
 1733 02e1 74707269 		.ascii	"tprio_t\000"
 1733      6F5F7400 
 1734              	.LASF69:
 1735 02e9 63685F73 		.ascii	"ch_system_debug\000"
 1735      79737465 
 1735      6D5F6465 
 1735      62756700 
 1736              	.LASF101:
 1737 02f9 5F426F6F 		.ascii	"_Bool\000"
 1737      6C00
 1738              	.LASF14:
 1739 02ff 696E7433 		.ascii	"int32_t\000"
 1739      325F7400 
 1740              	.LASF2:
 1741 0307 756E7369 		.ascii	"unsigned char\000"
 1741      676E6564 
 1741      20636861 
 1741      7200
 1742              	.LASF106:
 1743 0315 6166726C 		.ascii	"afrl\000"
 1743      00
 1744              	.LASF94:
 1745 031a 735F636E 		.ascii	"s_cnt\000"
 1745      7400
ARM GAS  /tmp/ccZHNb0o.s 			page 41


 1746              	.LASF40:
 1747 0320 705F6D74 		.ascii	"p_mtxlist\000"
 1747      786C6973 
 1747      7400
 1748              	.LASF3:
 1749 032a 73686F72 		.ascii	"short int\000"
 1749      7420696E 
 1749      7400
 1750              	.LASF34:
 1751 0334 705F7374 		.ascii	"p_state\000"
 1751      61746500 
 1752              	.LASF120:
 1753 033c 626F6172 		.ascii	"boardInit\000"
 1753      64496E69 
 1753      7400
 1754              	.LASF52:
 1755 0346 725F7072 		.ascii	"r_prio\000"
 1755      696F00
 1756              	.LASF109:
 1757 034d 50414461 		.ascii	"PAData\000"
 1757      746100
 1758              	.LASF91:
 1759 0354 65776D61 		.ascii	"ewmask\000"
 1759      736B00
 1760              	.LASF27:
 1761 035b 705F6E65 		.ascii	"p_next\000"
 1761      787400
 1762              	.LASF35:
 1763 0362 705F666C 		.ascii	"p_flags\000"
 1763      61677300 
 1764              	.LASF123:
 1765 036a 2E2E2F43 		.ascii	"../ChibiOS/os/hal/src/hal.c\000"
 1765      68696269 
 1765      4F532F6F 
 1765      732F6861 
 1765      6C2F7372 
 1766              	.LASF59:
 1767 0386 63685F76 		.ascii	"ch_virtual_timer\000"
 1767      69727475 
 1767      616C5F74 
 1767      696D6572 
 1767      00
 1768              	.LASF92:
 1769 0397 63685F73 		.ascii	"ch_semaphore\000"
 1769      656D6170 
 1769      686F7265 
 1769      00
 1770              	.LASF39:
 1771 03a4 705F6570 		.ascii	"p_epending\000"
 1771      656E6469 
 1771      6E6700
 1772              	.LASF15:
 1773 03af 75696E74 		.ascii	"uint32_t\000"
 1773      33325F74 
 1773      00
 1774              	.LASF124:
 1775 03b8 2F752F6A 		.ascii	"/u/jacoroge/442FinalProject/milestone1\000"
ARM GAS  /tmp/ccZHNb0o.s 			page 42


 1775      61636F72 
 1775      6F67652F 
 1775      34343246 
 1775      696E616C 
 1776              	.LASF51:
 1777 03df 725F7175 		.ascii	"r_queue\000"
 1777      65756500 
 1778              	.LASF62:
 1779 03e7 76745F64 		.ascii	"vt_delta\000"
 1779      656C7461 
 1779      00
 1780              	.LASF46:
 1781 03f0 63685F74 		.ascii	"ch_threads_list\000"
 1781      68726561 
 1781      64735F6C 
 1781      69737400 
 1782              	.LASF9:
 1783 0400 6C6F6E67 		.ascii	"long unsigned int\000"
 1783      20756E73 
 1783      69676E65 
 1783      6420696E 
 1783      7400
 1784              	.LASF99:
 1785 0412 63686172 		.ascii	"char\000"
 1785      00
 1786              	.LASF90:
 1787 0417 77746D74 		.ascii	"wtmtxp\000"
 1787      787000
 1788              	.LASF26:
 1789 041e 74687265 		.ascii	"thread_t\000"
 1789      61645F74 
 1789      00
 1790              	.LASF98:
 1791 0427 6D5F6E65 		.ascii	"m_next\000"
 1791      787400
 1792              	.LASF25:
 1793 042e 73797374 		.ascii	"systime_t\000"
 1793      696D655F 
 1793      7400
 1794              	.LASF41:
 1795 0438 705F7265 		.ascii	"p_realprio\000"
 1795      616C7072 
 1795      696F00
 1796              	.LASF57:
 1797 0443 76746675 		.ascii	"vtfunc_t\000"
 1797      6E635F74 
 1797      00
 1798              	.LASF8:
 1799 044c 5F5F7569 		.ascii	"__uint32_t\000"
 1799      6E743332 
 1799      5F7400
 1800              	.LASF70:
 1801 0457 70616E69 		.ascii	"panic_msg\000"
 1801      635F6D73 
 1801      6700
 1802              	.LASF82:
 1803 0461 6F666673 		.ascii	"offset\000"
ARM GAS  /tmp/ccZHNb0o.s 			page 43


 1803      657400
 1804              	.LASF80:
 1805 0468 636F6E74 		.ascii	"context\000"
 1805      65787400 
 1806              	.LASF118:
 1807 0470 68616C5F 		.ascii	"hal_lld_init\000"
 1807      6C6C645F 
 1807      696E6974 
 1807      00
 1808              	.LASF17:
 1809 047d 7274636E 		.ascii	"rtcnt_t\000"
 1809      745F7400 
 1810              	.LASF64:
 1811 0485 76745F70 		.ascii	"vt_par\000"
 1811      617200
 1812              	.LASF47:
 1813 048c 74687265 		.ascii	"threads_queue_t\000"
 1813      6164735F 
 1813      71756575 
 1813      655F7400 
 1814              	.LASF95:
 1815 049c 63685F6D 		.ascii	"ch_mutex\000"
 1815      75746578 
 1815      00
 1816              	.LASF36:
 1817 04a5 705F7265 		.ascii	"p_refs\000"
 1817      667300
 1818              	.LASF127:
 1819 04ac 5F70616C 		.ascii	"_pal_lld_init\000"
 1819      5F6C6C64 
 1819      5F696E69 
 1819      7400
 1820              	.LASF73:
 1821 04ba 726C6973 		.ascii	"rlist\000"
 1821      7400
 1822              	.LASF13:
 1823 04c0 75696E74 		.ascii	"uint8_t\000"
 1823      385F7400 
 1824              	.LASF122:
 1825 04c8 474E5520 		.ascii	"GNU C 4.8.4 20140526 (release) [ARM/embedded-4_8-br"
 1825      4320342E 
 1825      382E3420 
 1825      32303134 
 1825      30353236 
 1826 04fb 616E6368 		.ascii	"anch revision 211358] -mcpu=cortex-m4 -mno-thumb-in"
 1826      20726576 
 1826      6973696F 
 1826      6E203231 
 1826      31333538 
 1827 052e 74657277 		.ascii	"terwork -mthumb -ggdb -O2 -fomit-frame-pointer -fal"
 1827      6F726B20 
 1827      2D6D7468 
 1827      756D6220 
 1827      2D676764 
 1828 0561 69676E2D 		.ascii	"ign-functions=16 -ffunction-sections -fdata-section"
 1828      66756E63 
 1828      74696F6E 
ARM GAS  /tmp/ccZHNb0o.s 			page 44


 1828      733D3136 
 1828      202D6666 
 1829 0594 73202D66 		.ascii	"s -fno-common -flto\000"
 1829      6E6F2D63 
 1829      6F6D6D6F 
 1829      6E202D66 
 1829      6C746F00 
 1830              	.LASF86:
 1831 05a8 77746F62 		.ascii	"wtobjp\000"
 1831      6A7000
 1832              	.LASF33:
 1833 05af 705F6E61 		.ascii	"p_name\000"
 1833      6D6500
 1834              	.LASF111:
 1835 05b6 50434461 		.ascii	"PCData\000"
 1835      746100
 1836              	.LASF44:
 1837 05bd 74687265 		.ascii	"threads_list_t\000"
 1837      6164735F 
 1837      6C697374 
 1837      5F7400
 1838              	.LASF119:
 1839 05cc 7364496E 		.ascii	"sdInit\000"
 1839      697400
 1840              	.LASF115:
 1841 05d3 50414C43 		.ascii	"PALConfig\000"
 1841      6F6E6669 
 1841      6700
 1842              	.LASF97:
 1843 05dd 6D5F6F77 		.ascii	"m_owner\000"
 1843      6E657200 
 1844              	.LASF117:
 1845 05e5 70616C5F 		.ascii	"pal_default_config\000"
 1845      64656661 
 1845      756C745F 
 1845      636F6E66 
 1845      696700
 1846              	.LASF30:
 1847 05f8 705F6374 		.ascii	"p_ctx\000"
 1847      7800
 1848              	.LASF63:
 1849 05fe 76745F66 		.ascii	"vt_func\000"
 1849      756E6300 
 1850              		.comm	__gnu_lto_v1,1,1
 1851              		.ident	"GCC: (GNU Tools for ARM Embedded Processors) 4.8.4 20140526 (release) [ARM/embedded-4_8-br
ARM GAS  /tmp/ccZHNb0o.s 			page 45


DEFINED SYMBOLS
                            *ABS*:00000000 hal.c
     /tmp/ccZHNb0o.s:143    .text.halInit:00000000 $t
     /tmp/ccZHNb0o.s:149    .text.halInit:00000000 halInit
     /tmp/ccZHNb0o.s:181    .text.halInit:0000001c $d
                            *COM*:00000001 __gnu_lto_v1
                     .debug_frame:00000010 $d

UNDEFINED SYMBOLS
hal_lld_init
_pal_lld_init
sdInit
boardInit
stInit
pal_default_config
