ARM GAS  /tmp/ccHnUyZF.s 			page 1


   1              		.syntax unified
   2              		.cpu cortex-m4
   3              		.fpu softvfp
   4              		.eabi_attribute 20, 1
   5              		.eabi_attribute 21, 1
   6              		.eabi_attribute 23, 3
   7              		.eabi_attribute 24, 1
   8              		.eabi_attribute 25, 1
   9              		.eabi_attribute 26, 1
  10              		.eabi_attribute 30, 2
  11              		.eabi_attribute 34, 1
  12              		.eabi_attribute 18, 4
  13              		.thumb
  14              		.file	"fatfs_syscall.c"
  15              		.text
  16              	.Ltext0:
  17              		.cfi_sections	.debug_frame
  18              	.Letext0:
  19              		.file 1 "/nfs/nfs5/home/research/hardware/arm2/gcc-arm-embedded/gcc-arm-none-eabi-4_8-2014q2/arm-n
  20              		.file 2 "/nfs/nfs5/home/research/hardware/arm2/gcc-arm-embedded/gcc-arm-none-eabi-4_8-2014q2/arm-n
  21              		.file 3 "../ChibiOS/os/rt/ports/ARMCMx/compilers/GCC/chtypes.h"
  22              		.file 4 "../ChibiOS/os/rt/include/chsystypes.h"
  23              		.file 5 "../ChibiOS/os/rt/include/chschd.h"
  24              		.file 6 "../ChibiOS/os/rt/ports/ARMCMx/chcore.h"
  25              		.file 7 "../ChibiOS/os/rt/ports/ARMCMx/chcore_v7m.h"
  26              		.file 8 "../ChibiOS/os/rt/include/chtm.h"
  27              		.file 9 "../ChibiOS/os/rt/include/chsem.h"
  28              		.file 10 "../ChibiOS/os/rt/include/chmtx.h"
  29              		.file 11 "../ChibiOS/os/ext/CMSIS/include/core_cm4.h"
  30              		.section	.debug_info,"",%progbits
  31              	.Ldebug_info0:
  32 0000 2D060000 		.4byte	0x62d
  33 0004 0400     		.2byte	0x4
  34 0006 00000000 		.4byte	.Ldebug_abbrev0
  35 000a 04       		.byte	0x4
  36 000b 01       		.uleb128 0x1
  37 000c 4F000000 		.4byte	.LASF103
  38 0010 01       		.byte	0x1
  39 0011 B7010000 		.4byte	.LASF104
  40 0015 91020000 		.4byte	.LASF105
  41 0019 00000000 		.4byte	.Ldebug_line0
  42 001d 02       		.uleb128 0x2
  43 001e 04       		.byte	0x4
  44 001f 05       		.byte	0x5
  45 0020 696E7400 		.ascii	"int\000"
  46 0024 03       		.uleb128 0x3
  47 0025 04       		.byte	0x4
  48 0026 07       		.byte	0x7
  49 0027 24030000 		.4byte	.LASF0
  50 002b 03       		.uleb128 0x3
  51 002c 01       		.byte	0x1
  52 002d 06       		.byte	0x6
  53 002e F0020000 		.4byte	.LASF1
  54 0032 04       		.uleb128 0x4
  55 0033 7F020000 		.4byte	.LASF5
  56 0037 01       		.byte	0x1
  57 0038 1C       		.byte	0x1c
ARM GAS  /tmp/ccHnUyZF.s 			page 2


  58 0039 3D000000 		.4byte	0x3d
  59 003d 03       		.uleb128 0x3
  60 003e 01       		.byte	0x1
  61 003f 08       		.byte	0x8
  62 0040 DB020000 		.4byte	.LASF2
  63 0044 03       		.uleb128 0x3
  64 0045 02       		.byte	0x2
  65 0046 05       		.byte	0x5
  66 0047 3D000000 		.4byte	.LASF3
  67 004b 03       		.uleb128 0x3
  68 004c 02       		.byte	0x2
  69 004d 07       		.byte	0x7
  70 004e 44040000 		.4byte	.LASF4
  71 0052 04       		.uleb128 0x4
  72 0053 89040000 		.4byte	.LASF6
  73 0057 01       		.byte	0x1
  74 0058 37       		.byte	0x37
  75 0059 5D000000 		.4byte	0x5d
  76 005d 03       		.uleb128 0x3
  77 005e 04       		.byte	0x4
  78 005f 05       		.byte	0x5
  79 0060 3E020000 		.4byte	.LASF7
  80 0064 04       		.uleb128 0x4
  81 0065 57040000 		.4byte	.LASF8
  82 0069 01       		.byte	0x1
  83 006a 38       		.byte	0x38
  84 006b 6F000000 		.4byte	0x6f
  85 006f 03       		.uleb128 0x3
  86 0070 04       		.byte	0x4
  87 0071 07       		.byte	0x7
  88 0072 28040000 		.4byte	.LASF9
  89 0076 03       		.uleb128 0x3
  90 0077 08       		.byte	0x8
  91 0078 05       		.byte	0x5
  92 0079 21020000 		.4byte	.LASF10
  93 007d 04       		.uleb128 0x4
  94 007e FD030000 		.4byte	.LASF11
  95 0082 01       		.byte	0x1
  96 0083 4E       		.byte	0x4e
  97 0084 88000000 		.4byte	0x88
  98 0088 03       		.uleb128 0x3
  99 0089 08       		.byte	0x8
 100 008a 07       		.byte	0x7
 101 008b 04030000 		.4byte	.LASF12
 102 008f 04       		.uleb128 0x4
 103 0090 95010000 		.4byte	.LASF13
 104 0094 02       		.byte	0x2
 105 0095 2A       		.byte	0x2a
 106 0096 32000000 		.4byte	0x32
 107 009a 04       		.uleb128 0x4
 108 009b D0030000 		.4byte	.LASF14
 109 009f 02       		.byte	0x2
 110 00a0 41       		.byte	0x41
 111 00a1 52000000 		.4byte	0x52
 112 00a5 04       		.uleb128 0x4
 113 00a6 AE010000 		.4byte	.LASF15
 114 00aa 02       		.byte	0x2
ARM GAS  /tmp/ccHnUyZF.s 			page 3


 115 00ab 42       		.byte	0x42
 116 00ac 64000000 		.4byte	0x64
 117 00b0 04       		.uleb128 0x4
 118 00b1 29000000 		.4byte	.LASF16
 119 00b5 02       		.byte	0x2
 120 00b6 4E       		.byte	0x4e
 121 00b7 7D000000 		.4byte	0x7d
 122 00bb 04       		.uleb128 0x4
 123 00bc 64010000 		.4byte	.LASF17
 124 00c0 03       		.byte	0x3
 125 00c1 39       		.byte	0x39
 126 00c2 A5000000 		.4byte	0xa5
 127 00c6 04       		.uleb128 0x4
 128 00c7 19020000 		.4byte	.LASF18
 129 00cb 03       		.byte	0x3
 130 00cc 3C       		.byte	0x3c
 131 00cd 8F000000 		.4byte	0x8f
 132 00d1 04       		.uleb128 0x4
 133 00d2 B4040000 		.4byte	.LASF19
 134 00d6 03       		.byte	0x3
 135 00d7 3D       		.byte	0x3d
 136 00d8 8F000000 		.4byte	0x8f
 137 00dc 04       		.uleb128 0x4
 138 00dd 09000000 		.4byte	.LASF20
 139 00e1 03       		.byte	0x3
 140 00e2 3E       		.byte	0x3e
 141 00e3 8F000000 		.4byte	0x8f
 142 00e7 04       		.uleb128 0x4
 143 00e8 36020000 		.4byte	.LASF21
 144 00ec 03       		.byte	0x3
 145 00ed 40       		.byte	0x40
 146 00ee A5000000 		.4byte	0xa5
 147 00f2 04       		.uleb128 0x4
 148 00f3 35050000 		.4byte	.LASF22
 149 00f7 03       		.byte	0x3
 150 00f8 41       		.byte	0x41
 151 00f9 9A000000 		.4byte	0x9a
 152 00fd 04       		.uleb128 0x4
 153 00fe 3F010000 		.4byte	.LASF23
 154 0102 03       		.byte	0x3
 155 0103 43       		.byte	0x43
 156 0104 A5000000 		.4byte	0xa5
 157 0108 04       		.uleb128 0x4
 158 0109 DF030000 		.4byte	.LASF24
 159 010d 03       		.byte	0x3
 160 010e 45       		.byte	0x45
 161 010f 9A000000 		.4byte	0x9a
 162 0113 04       		.uleb128 0x4
 163 0114 A2030000 		.4byte	.LASF25
 164 0118 04       		.byte	0x4
 165 0119 33       		.byte	0x33
 166 011a A5000000 		.4byte	0xa5
 167 011e 04       		.uleb128 0x4
 168 011f 00000000 		.4byte	.LASF26
 169 0123 04       		.byte	0x4
 170 0124 3F       		.byte	0x3f
 171 0125 29010000 		.4byte	0x129
ARM GAS  /tmp/ccHnUyZF.s 			page 4


 172 0129 05       		.uleb128 0x5
 173 012a 0F020000 		.4byte	.LASF45
 174 012e 40       		.byte	0x40
 175 012f 05       		.byte	0x5
 176 0130 C2       		.byte	0xc2
 177 0131 09020000 		.4byte	0x209
 178 0135 06       		.uleb128 0x6
 179 0136 5D010000 		.4byte	.LASF27
 180 013a 05       		.byte	0x5
 181 013b C3       		.byte	0xc3
 182 013c 14020000 		.4byte	0x214
 183 0140 00       		.byte	0
 184 0141 06       		.uleb128 0x6
 185 0142 32010000 		.4byte	.LASF28
 186 0146 05       		.byte	0x5
 187 0147 C5       		.byte	0xc5
 188 0148 14020000 		.4byte	0x214
 189 014c 04       		.byte	0x4
 190 014d 06       		.uleb128 0x6
 191 014e 56010000 		.4byte	.LASF29
 192 0152 05       		.byte	0x5
 193 0153 C7       		.byte	0xc7
 194 0154 E7000000 		.4byte	0xe7
 195 0158 08       		.byte	0x8
 196 0159 06       		.uleb128 0x6
 197 015a 04050000 		.4byte	.LASF30
 198 015e 05       		.byte	0x5
 199 015f C8       		.byte	0xc8
 200 0160 44040000 		.4byte	0x444
 201 0164 0C       		.byte	0xc
 202 0165 06       		.uleb128 0x6
 203 0166 FC020000 		.4byte	.LASF31
 204 016a 05       		.byte	0x5
 205 016b CA       		.byte	0xca
 206 016c 14020000 		.4byte	0x214
 207 0170 10       		.byte	0x10
 208 0171 06       		.uleb128 0x6
 209 0172 DA040000 		.4byte	.LASF32
 210 0176 05       		.byte	0x5
 211 0177 CB       		.byte	0xcb
 212 0178 14020000 		.4byte	0x214
 213 017c 14       		.byte	0x14
 214 017d 06       		.uleb128 0x6
 215 017e 12040000 		.4byte	.LASF33
 216 0182 05       		.byte	0x5
 217 0183 D2       		.byte	0xd2
 218 0184 CF050000 		.4byte	0x5cf
 219 0188 18       		.byte	0x18
 220 0189 06       		.uleb128 0x6
 221 018a E5030000 		.4byte	.LASF34
 222 018e 05       		.byte	0x5
 223 018f DD       		.byte	0xdd
 224 0190 D1000000 		.4byte	0xd1
 225 0194 1C       		.byte	0x1c
 226 0195 06       		.uleb128 0x6
 227 0196 86030000 		.4byte	.LASF35
 228 019a 05       		.byte	0x5
ARM GAS  /tmp/ccHnUyZF.s 			page 5


 229 019b E1       		.byte	0xe1
 230 019c C6000000 		.4byte	0xc6
 231 01a0 1D       		.byte	0x1d
 232 01a1 06       		.uleb128 0x6
 233 01a2 EF040000 		.4byte	.LASF36
 234 01a6 05       		.byte	0x5
 235 01a7 E6       		.byte	0xe6
 236 01a8 DC000000 		.4byte	0xdc
 237 01ac 1E       		.byte	0x1e
 238 01ad 07       		.uleb128 0x7
 239 01ae 705F7500 		.ascii	"p_u\000"
 240 01b2 05       		.byte	0x5
 241 01b3 3701     		.2byte	0x137
 242 01b5 FE040000 		.4byte	0x4fe
 243 01b9 20       		.byte	0x20
 244 01ba 08       		.uleb128 0x8
 245 01bb F3030000 		.4byte	.LASF37
 246 01bf 05       		.byte	0x5
 247 01c0 3C01     		.2byte	0x13c
 248 01c2 1A020000 		.4byte	0x21a
 249 01c6 24       		.byte	0x24
 250 01c7 08       		.uleb128 0x8
 251 01c8 4B010000 		.4byte	.LASF38
 252 01cc 05       		.byte	0x5
 253 01cd 4201     		.2byte	0x142
 254 01cf 3E020000 		.4byte	0x23e
 255 01d3 28       		.byte	0x28
 256 01d4 08       		.uleb128 0x8
 257 01d5 EC010000 		.4byte	.LASF39
 258 01d9 05       		.byte	0x5
 259 01da 4801     		.2byte	0x148
 260 01dc FD000000 		.4byte	0xfd
 261 01e0 30       		.byte	0x30
 262 01e1 08       		.uleb128 0x8
 263 01e2 08040000 		.4byte	.LASF40
 264 01e6 05       		.byte	0x5
 265 01e7 4F01     		.2byte	0x14f
 266 01e9 C9050000 		.4byte	0x5c9
 267 01ed 34       		.byte	0x34
 268 01ee 08       		.uleb128 0x8
 269 01ef 97030000 		.4byte	.LASF41
 270 01f3 05       		.byte	0x5
 271 01f4 5301     		.2byte	0x153
 272 01f6 E7000000 		.4byte	0xe7
 273 01fa 38       		.byte	0x38
 274 01fb 08       		.uleb128 0x8
 275 01fc 1F050000 		.4byte	.LASF42
 276 0200 05       		.byte	0x5
 277 0201 5A01     		.2byte	0x15a
 278 0203 F1020000 		.4byte	0x2f1
 279 0207 3C       		.byte	0x3c
 280 0208 00       		.byte	0
 281 0209 04       		.uleb128 0x4
 282 020a 9A040000 		.4byte	.LASF43
 283 020e 04       		.byte	0x4
 284 020f 44       		.byte	0x44
 285 0210 14020000 		.4byte	0x214
ARM GAS  /tmp/ccHnUyZF.s 			page 6


 286 0214 09       		.uleb128 0x9
 287 0215 04       		.byte	0x4
 288 0216 1E010000 		.4byte	0x11e
 289 021a 04       		.uleb128 0x4
 290 021b 4A050000 		.4byte	.LASF44
 291 021f 04       		.byte	0x4
 292 0220 49       		.byte	0x49
 293 0221 25020000 		.4byte	0x225
 294 0225 05       		.uleb128 0x5
 295 0226 BB020000 		.4byte	.LASF46
 296 022a 04       		.byte	0x4
 297 022b 05       		.byte	0x5
 298 022c B0       		.byte	0xb0
 299 022d 3E020000 		.4byte	0x23e
 300 0231 06       		.uleb128 0x6
 301 0232 5D010000 		.4byte	.LASF27
 302 0236 05       		.byte	0x5
 303 0237 B1       		.byte	0xb1
 304 0238 14020000 		.4byte	0x214
 305 023c 00       		.byte	0
 306 023d 00       		.byte	0
 307 023e 04       		.uleb128 0x4
 308 023f 6E030000 		.4byte	.LASF47
 309 0243 04       		.byte	0x4
 310 0244 50       		.byte	0x50
 311 0245 49020000 		.4byte	0x249
 312 0249 05       		.uleb128 0x5
 313 024a 9D010000 		.4byte	.LASF48
 314 024e 08       		.byte	0x8
 315 024f 05       		.byte	0x5
 316 0250 B7       		.byte	0xb7
 317 0251 6E020000 		.4byte	0x26e
 318 0255 06       		.uleb128 0x6
 319 0256 5D010000 		.4byte	.LASF27
 320 025a 05       		.byte	0x5
 321 025b B8       		.byte	0xb8
 322 025c 14020000 		.4byte	0x214
 323 0260 00       		.byte	0
 324 0261 06       		.uleb128 0x6
 325 0262 32010000 		.4byte	.LASF28
 326 0266 05       		.byte	0x5
 327 0267 B9       		.byte	0xb9
 328 0268 14020000 		.4byte	0x214
 329 026c 04       		.byte	0x4
 330 026d 00       		.byte	0
 331 026e 04       		.uleb128 0x4
 332 026f E2040000 		.4byte	.LASF49
 333 0273 04       		.byte	0x4
 334 0274 57       		.byte	0x57
 335 0275 79020000 		.4byte	0x279
 336 0279 0A       		.uleb128 0xa
 337 027a F6040000 		.4byte	.LASF50
 338 027e 1C       		.byte	0x1c
 339 027f 05       		.byte	0x5
 340 0280 9201     		.2byte	0x192
 341 0282 D5020000 		.4byte	0x2d5
 342 0286 08       		.uleb128 0x8
ARM GAS  /tmp/ccHnUyZF.s 			page 7


 343 0287 47000000 		.4byte	.LASF51
 344 028b 05       		.byte	0x5
 345 028c 9301     		.2byte	0x193
 346 028e 3E020000 		.4byte	0x23e
 347 0292 00       		.byte	0
 348 0293 08       		.uleb128 0x8
 349 0294 D8030000 		.4byte	.LASF52
 350 0298 05       		.byte	0x5
 351 0299 9401     		.2byte	0x194
 352 029b E7000000 		.4byte	0xe7
 353 029f 08       		.byte	0x8
 354 02a0 08       		.uleb128 0x8
 355 02a1 39010000 		.4byte	.LASF53
 356 02a5 05       		.byte	0x5
 357 02a6 9601     		.2byte	0x196
 358 02a8 44040000 		.4byte	0x444
 359 02ac 0C       		.byte	0xc
 360 02ad 08       		.uleb128 0x8
 361 02ae 7E030000 		.4byte	.LASF54
 362 02b2 05       		.byte	0x5
 363 02b3 9901     		.2byte	0x199
 364 02b5 14020000 		.4byte	0x214
 365 02b9 10       		.byte	0x10
 366 02ba 08       		.uleb128 0x8
 367 02bb 11000000 		.4byte	.LASF55
 368 02bf 05       		.byte	0x5
 369 02c0 9A01     		.2byte	0x19a
 370 02c2 14020000 		.4byte	0x214
 371 02c6 14       		.byte	0x14
 372 02c7 08       		.uleb128 0x8
 373 02c8 CB020000 		.4byte	.LASF56
 374 02cc 05       		.byte	0x5
 375 02cd 9D01     		.2byte	0x19d
 376 02cf 14020000 		.4byte	0x214
 377 02d3 18       		.byte	0x18
 378 02d4 00       		.byte	0
 379 02d5 04       		.uleb128 0x4
 380 02d6 D1040000 		.4byte	.LASF57
 381 02da 04       		.byte	0x4
 382 02db 5C       		.byte	0x5c
 383 02dc E0020000 		.4byte	0x2e0
 384 02e0 09       		.uleb128 0x9
 385 02e1 04       		.byte	0x4
 386 02e2 E6020000 		.4byte	0x2e6
 387 02e6 0B       		.uleb128 0xb
 388 02e7 F1020000 		.4byte	0x2f1
 389 02eb 0C       		.uleb128 0xc
 390 02ec F1020000 		.4byte	0x2f1
 391 02f0 00       		.byte	0
 392 02f1 0D       		.uleb128 0xd
 393 02f2 04       		.byte	0x4
 394 02f3 04       		.uleb128 0x4
 395 02f4 58020000 		.4byte	.LASF58
 396 02f8 04       		.byte	0x4
 397 02f9 61       		.byte	0x61
 398 02fa FE020000 		.4byte	0x2fe
 399 02fe 0A       		.uleb128 0xa
ARM GAS  /tmp/ccHnUyZF.s 			page 8


 400 02ff BF030000 		.4byte	.LASF59
 401 0303 14       		.byte	0x14
 402 0304 05       		.byte	0x5
 403 0305 6D01     		.2byte	0x16d
 404 0307 4D030000 		.4byte	0x34d
 405 030b 08       		.uleb128 0x8
 406 030c 50030000 		.4byte	.LASF60
 407 0310 05       		.byte	0x5
 408 0311 6E01     		.2byte	0x16e
 409 0313 E1050000 		.4byte	0x5e1
 410 0317 00       		.byte	0
 411 0318 08       		.uleb128 0x8
 412 0319 81040000 		.4byte	.LASF61
 413 031d 05       		.byte	0x5
 414 031e 6F01     		.2byte	0x16f
 415 0320 E1050000 		.4byte	0x5e1
 416 0324 04       		.byte	0x4
 417 0325 08       		.uleb128 0x8
 418 0326 8E030000 		.4byte	.LASF62
 419 032a 05       		.byte	0x5
 420 032b 7001     		.2byte	0x170
 421 032d 13010000 		.4byte	0x113
 422 0331 08       		.byte	0x8
 423 0332 08       		.uleb128 0x8
 424 0333 84010000 		.4byte	.LASF63
 425 0337 05       		.byte	0x5
 426 0338 7101     		.2byte	0x171
 427 033a D5020000 		.4byte	0x2d5
 428 033e 0C       		.byte	0xc
 429 033f 08       		.uleb128 0x8
 430 0340 7D010000 		.4byte	.LASF64
 431 0344 05       		.byte	0x5
 432 0345 7301     		.2byte	0x173
 433 0347 F1020000 		.4byte	0x2f1
 434 034b 10       		.byte	0x10
 435 034c 00       		.byte	0
 436 034d 04       		.uleb128 0x4
 437 034e 58030000 		.4byte	.LASF65
 438 0352 04       		.byte	0x4
 439 0353 66       		.byte	0x66
 440 0354 58030000 		.4byte	0x358
 441 0358 0A       		.uleb128 0xa
 442 0359 31030000 		.4byte	.LASF66
 443 035d 10       		.byte	0x10
 444 035e 05       		.byte	0x5
 445 035f 7D01     		.2byte	0x17d
 446 0361 9A030000 		.4byte	0x39a
 447 0365 08       		.uleb128 0x8
 448 0366 50030000 		.4byte	.LASF60
 449 036a 05       		.byte	0x5
 450 036b 7E01     		.2byte	0x17e
 451 036d E1050000 		.4byte	0x5e1
 452 0371 00       		.byte	0
 453 0372 08       		.uleb128 0x8
 454 0373 81040000 		.4byte	.LASF61
 455 0377 05       		.byte	0x5
 456 0378 8001     		.2byte	0x180
ARM GAS  /tmp/ccHnUyZF.s 			page 9


 457 037a E1050000 		.4byte	0x5e1
 458 037e 04       		.byte	0x4
 459 037f 08       		.uleb128 0x8
 460 0380 8E030000 		.4byte	.LASF62
 461 0384 05       		.byte	0x5
 462 0385 8201     		.2byte	0x182
 463 0387 13010000 		.4byte	0x113
 464 038b 08       		.byte	0x8
 465 038c 08       		.uleb128 0x8
 466 038d 03020000 		.4byte	.LASF67
 467 0391 05       		.byte	0x5
 468 0392 8A01     		.2byte	0x18a
 469 0394 13010000 		.4byte	0x113
 470 0398 0C       		.byte	0xc
 471 0399 00       		.byte	0
 472 039a 04       		.uleb128 0x4
 473 039b 68020000 		.4byte	.LASF68
 474 039f 04       		.byte	0x4
 475 03a0 6B       		.byte	0x6b
 476 03a1 A5030000 		.4byte	0x3a5
 477 03a5 0A       		.uleb128 0xa
 478 03a6 19000000 		.4byte	.LASF69
 479 03aa 04       		.byte	0x4
 480 03ab 05       		.byte	0x5
 481 03ac A401     		.2byte	0x1a4
 482 03ae C0030000 		.4byte	0x3c0
 483 03b2 08       		.uleb128 0x8
 484 03b3 3A040000 		.4byte	.LASF70
 485 03b7 05       		.byte	0x5
 486 03b8 AC01     		.2byte	0x1ac
 487 03ba E7050000 		.4byte	0x5e7
 488 03be 00       		.byte	0
 489 03bf 00       		.byte	0
 490 03c0 04       		.uleb128 0x4
 491 03c1 F7010000 		.4byte	.LASF71
 492 03c5 04       		.byte	0x4
 493 03c6 70       		.byte	0x70
 494 03c7 CB030000 		.4byte	0x3cb
 495 03cb 0E       		.uleb128 0xe
 496 03cc 47020000 		.4byte	.LASF72
 497 03d0 5001     		.2byte	0x150
 498 03d2 05       		.byte	0x5
 499 03d3 C401     		.2byte	0x1c4
 500 03d5 27040000 		.4byte	0x427
 501 03d9 08       		.uleb128 0x8
 502 03da AC030000 		.4byte	.LASF73
 503 03de 05       		.byte	0x5
 504 03df C801     		.2byte	0x1c8
 505 03e1 6E020000 		.4byte	0x26e
 506 03e5 00       		.byte	0
 507 03e6 08       		.uleb128 0x8
 508 03e7 2E050000 		.4byte	.LASF74
 509 03eb 05       		.byte	0x5
 510 03ec CC01     		.2byte	0x1cc
 511 03ee 4D030000 		.4byte	0x34d
 512 03f2 1C       		.byte	0x1c
 513 03f3 07       		.uleb128 0x7
ARM GAS  /tmp/ccHnUyZF.s 			page 10


 514 03f4 64626700 		.ascii	"dbg\000"
 515 03f8 05       		.byte	0x5
 516 03f9 D001     		.2byte	0x1d0
 517 03fb 9A030000 		.4byte	0x39a
 518 03ff 2C       		.byte	0x2c
 519 0400 08       		.uleb128 0x8
 520 0401 32000000 		.4byte	.LASF75
 521 0405 05       		.byte	0x5
 522 0406 D401     		.2byte	0x1d4
 523 0408 1E010000 		.4byte	0x11e
 524 040c 30       		.byte	0x30
 525 040d 07       		.uleb128 0x7
 526 040e 746D00   		.ascii	"tm\000"
 527 0411 05       		.byte	0x5
 528 0412 D901     		.2byte	0x1d9
 529 0414 F3040000 		.4byte	0x4f3
 530 0418 70       		.byte	0x70
 531 0419 08       		.uleb128 0x8
 532 041a 19040000 		.4byte	.LASF76
 533 041e 05       		.byte	0x5
 534 041f E501     		.2byte	0x1e5
 535 0421 EC050000 		.4byte	0x5ec
 536 0425 78       		.byte	0x78
 537 0426 00       		.byte	0
 538 0427 03       		.uleb128 0x3
 539 0428 04       		.byte	0x4
 540 0429 07       		.byte	0x7
 541 042a 29010000 		.4byte	.LASF77
 542 042e 04       		.uleb128 0x4
 543 042f 8C010000 		.4byte	.LASF78
 544 0433 06       		.byte	0x6
 545 0434 65       		.byte	0x65
 546 0435 F1020000 		.4byte	0x2f1
 547 0439 04       		.uleb128 0x4
 548 043a BD040000 		.4byte	.LASF79
 549 043e 06       		.byte	0x6
 550 043f 6D       		.byte	0x6d
 551 0440 B0000000 		.4byte	0xb0
 552 0444 05       		.uleb128 0x5
 553 0445 89020000 		.4byte	.LASF80
 554 0449 04       		.byte	0x4
 555 044a 06       		.byte	0x6
 556 044b 89       		.byte	0x89
 557 044c 5D040000 		.4byte	0x45d
 558 0450 0F       		.uleb128 0xf
 559 0451 72313300 		.ascii	"r13\000"
 560 0455 06       		.byte	0x6
 561 0456 8A       		.byte	0x8a
 562 0457 D8040000 		.4byte	0x4d8
 563 045b 00       		.byte	0
 564 045c 00       		.byte	0
 565 045d 05       		.uleb128 0x5
 566 045e 75040000 		.4byte	.LASF81
 567 0462 24       		.byte	0x24
 568 0463 07       		.byte	0x7
 569 0464 FD       		.byte	0xfd
 570 0465 D8040000 		.4byte	0x4d8
ARM GAS  /tmp/ccHnUyZF.s 			page 11


 571 0469 07       		.uleb128 0x7
 572 046a 723400   		.ascii	"r4\000"
 573 046d 07       		.byte	0x7
 574 046e 1001     		.2byte	0x110
 575 0470 2E040000 		.4byte	0x42e
 576 0474 00       		.byte	0
 577 0475 07       		.uleb128 0x7
 578 0476 723500   		.ascii	"r5\000"
 579 0479 07       		.byte	0x7
 580 047a 1101     		.2byte	0x111
 581 047c 2E040000 		.4byte	0x42e
 582 0480 04       		.byte	0x4
 583 0481 07       		.uleb128 0x7
 584 0482 723600   		.ascii	"r6\000"
 585 0485 07       		.byte	0x7
 586 0486 1201     		.2byte	0x112
 587 0488 2E040000 		.4byte	0x42e
 588 048c 08       		.byte	0x8
 589 048d 07       		.uleb128 0x7
 590 048e 723700   		.ascii	"r7\000"
 591 0491 07       		.byte	0x7
 592 0492 1301     		.2byte	0x113
 593 0494 2E040000 		.4byte	0x42e
 594 0498 0C       		.byte	0xc
 595 0499 07       		.uleb128 0x7
 596 049a 723800   		.ascii	"r8\000"
 597 049d 07       		.byte	0x7
 598 049e 1401     		.2byte	0x114
 599 04a0 2E040000 		.4byte	0x42e
 600 04a4 10       		.byte	0x10
 601 04a5 07       		.uleb128 0x7
 602 04a6 723900   		.ascii	"r9\000"
 603 04a9 07       		.byte	0x7
 604 04aa 1501     		.2byte	0x115
 605 04ac 2E040000 		.4byte	0x42e
 606 04b0 14       		.byte	0x14
 607 04b1 07       		.uleb128 0x7
 608 04b2 72313000 		.ascii	"r10\000"
 609 04b6 07       		.byte	0x7
 610 04b7 1601     		.2byte	0x116
 611 04b9 2E040000 		.4byte	0x42e
 612 04bd 18       		.byte	0x18
 613 04be 07       		.uleb128 0x7
 614 04bf 72313100 		.ascii	"r11\000"
 615 04c3 07       		.byte	0x7
 616 04c4 1701     		.2byte	0x117
 617 04c6 2E040000 		.4byte	0x42e
 618 04ca 1C       		.byte	0x1c
 619 04cb 07       		.uleb128 0x7
 620 04cc 6C7200   		.ascii	"lr\000"
 621 04cf 07       		.byte	0x7
 622 04d0 1801     		.2byte	0x118
 623 04d2 2E040000 		.4byte	0x42e
 624 04d6 20       		.byte	0x20
 625 04d7 00       		.byte	0
 626 04d8 09       		.uleb128 0x9
 627 04d9 04       		.byte	0x4
ARM GAS  /tmp/ccHnUyZF.s 			page 12


 628 04da 5D040000 		.4byte	0x45d
 629 04de 10       		.uleb128 0x10
 630 04df 04       		.byte	0x4
 631 04e0 08       		.byte	0x8
 632 04e1 38       		.byte	0x38
 633 04e2 F3040000 		.4byte	0x4f3
 634 04e6 06       		.uleb128 0x6
 635 04e7 51020000 		.4byte	.LASF82
 636 04eb 08       		.byte	0x8
 637 04ec 3C       		.byte	0x3c
 638 04ed BB000000 		.4byte	0xbb
 639 04f1 00       		.byte	0
 640 04f2 00       		.byte	0
 641 04f3 04       		.uleb128 0x4
 642 04f4 6C010000 		.4byte	.LASF83
 643 04f8 08       		.byte	0x8
 644 04f9 3D       		.byte	0x3d
 645 04fa DE040000 		.4byte	0x4de
 646 04fe 11       		.uleb128 0x11
 647 04ff 04       		.byte	0x4
 648 0500 05       		.byte	0x5
 649 0501 FA       		.byte	0xfa
 650 0502 67050000 		.4byte	0x567
 651 0506 12       		.uleb128 0x12
 652 0507 27050000 		.4byte	.LASF84
 653 050b 05       		.byte	0x5
 654 050c 0101     		.2byte	0x101
 655 050e F2000000 		.4byte	0xf2
 656 0512 12       		.uleb128 0x12
 657 0513 C8040000 		.4byte	.LASF85
 658 0517 05       		.byte	0x5
 659 0518 0801     		.2byte	0x108
 660 051a F2000000 		.4byte	0xf2
 661 051e 12       		.uleb128 0x12
 662 051f AD040000 		.4byte	.LASF86
 663 0523 05       		.byte	0x5
 664 0524 0F01     		.2byte	0x10f
 665 0526 F1020000 		.4byte	0x2f1
 666 052a 12       		.uleb128 0x12
 667 052b 62040000 		.4byte	.LASF87
 668 052f 05       		.byte	0x5
 669 0530 1601     		.2byte	0x116
 670 0532 67050000 		.4byte	0x567
 671 0536 12       		.uleb128 0x12
 672 0537 3B050000 		.4byte	.LASF88
 673 053b 05       		.byte	0x5
 674 053c 1B01     		.2byte	0x11b
 675 053e F2000000 		.4byte	0xf2
 676 0542 12       		.uleb128 0x12
 677 0543 2F020000 		.4byte	.LASF89
 678 0547 05       		.byte	0x5
 679 0548 2401     		.2byte	0x124
 680 054a 92050000 		.4byte	0x592
 681 054e 12       		.uleb128 0x12
 682 054f 43050000 		.4byte	.LASF90
 683 0553 05       		.byte	0x5
 684 0554 2D01     		.2byte	0x12d
ARM GAS  /tmp/ccHnUyZF.s 			page 13


 685 0556 C9050000 		.4byte	0x5c9
 686 055a 12       		.uleb128 0x12
 687 055b E9020000 		.4byte	.LASF91
 688 055f 05       		.byte	0x5
 689 0560 3501     		.2byte	0x135
 690 0562 FD000000 		.4byte	0xfd
 691 0566 00       		.byte	0
 692 0567 09       		.uleb128 0x9
 693 0568 04       		.byte	0x4
 694 0569 09020000 		.4byte	0x209
 695 056d 05       		.uleb128 0x5
 696 056e 68040000 		.4byte	.LASF92
 697 0572 0C       		.byte	0xc
 698 0573 09       		.byte	0x9
 699 0574 34       		.byte	0x34
 700 0575 92050000 		.4byte	0x592
 701 0579 06       		.uleb128 0x6
 702 057a B7030000 		.4byte	.LASF93
 703 057e 09       		.byte	0x9
 704 057f 35       		.byte	0x35
 705 0580 3E020000 		.4byte	0x23e
 706 0584 00       		.byte	0
 707 0585 06       		.uleb128 0x6
 708 0586 D5020000 		.4byte	.LASF94
 709 058a 09       		.byte	0x9
 710 058b 37       		.byte	0x37
 711 058c 08010000 		.4byte	0x108
 712 0590 08       		.byte	0x8
 713 0591 00       		.byte	0
 714 0592 09       		.uleb128 0x9
 715 0593 04       		.byte	0x4
 716 0594 6D050000 		.4byte	0x56d
 717 0598 05       		.uleb128 0x5
 718 0599 1B030000 		.4byte	.LASF95
 719 059d 10       		.byte	0x10
 720 059e 0A       		.byte	0xa
 721 059f 39       		.byte	0x39
 722 05a0 C9050000 		.4byte	0x5c9
 723 05a4 06       		.uleb128 0x6
 724 05a5 77020000 		.4byte	.LASF96
 725 05a9 0A       		.byte	0xa
 726 05aa 3A       		.byte	0x3a
 727 05ab 3E020000 		.4byte	0x23e
 728 05af 00       		.byte	0
 729 05b0 06       		.uleb128 0x6
 730 05b1 17050000 		.4byte	.LASF97
 731 05b5 0A       		.byte	0xa
 732 05b6 3C       		.byte	0x3c
 733 05b7 14020000 		.4byte	0x214
 734 05bb 08       		.byte	0x8
 735 05bc 06       		.uleb128 0x6
 736 05bd 93040000 		.4byte	.LASF98
 737 05c1 0A       		.byte	0xa
 738 05c2 3E       		.byte	0x3e
 739 05c3 07060000 		.4byte	0x607
 740 05c7 0C       		.byte	0xc
 741 05c8 00       		.byte	0
ARM GAS  /tmp/ccHnUyZF.s 			page 14


 742 05c9 09       		.uleb128 0x9
 743 05ca 04       		.byte	0x4
 744 05cb 98050000 		.4byte	0x598
 745 05cf 09       		.uleb128 0x9
 746 05d0 04       		.byte	0x4
 747 05d1 D5050000 		.4byte	0x5d5
 748 05d5 13       		.uleb128 0x13
 749 05d6 DA050000 		.4byte	0x5da
 750 05da 03       		.uleb128 0x3
 751 05db 01       		.byte	0x1
 752 05dc 08       		.byte	0x8
 753 05dd B2030000 		.4byte	.LASF99
 754 05e1 09       		.uleb128 0x9
 755 05e2 04       		.byte	0x4
 756 05e3 F3020000 		.4byte	0x2f3
 757 05e7 14       		.uleb128 0x14
 758 05e8 CF050000 		.4byte	0x5cf
 759 05ec 15       		.uleb128 0x15
 760 05ed 39040000 		.4byte	0x439
 761 05f1 FC050000 		.4byte	0x5fc
 762 05f5 16       		.uleb128 0x16
 763 05f6 27040000 		.4byte	0x427
 764 05fa 1A       		.byte	0x1a
 765 05fb 00       		.byte	0
 766 05fc 04       		.uleb128 0x4
 767 05fd 48030000 		.4byte	.LASF100
 768 0601 0A       		.byte	0xa
 769 0602 34       		.byte	0x34
 770 0603 98050000 		.4byte	0x598
 771 0607 09       		.uleb128 0x9
 772 0608 04       		.byte	0x4
 773 0609 FC050000 		.4byte	0x5fc
 774 060d 03       		.uleb128 0x3
 775 060e 01       		.byte	0x1
 776 060f 02       		.byte	0x2
 777 0610 ED030000 		.4byte	.LASF101
 778 0614 17       		.uleb128 0x17
 779 0615 0A050000 		.4byte	.LASF102
 780 0619 0B       		.byte	0xb
 781 061a FA06     		.2byte	0x6fa
 782 061c 20060000 		.4byte	0x620
 783 0620 14       		.uleb128 0x14
 784 0621 9A000000 		.4byte	0x9a
 785 0625 18       		.uleb128 0x18
 786 0626 636800   		.ascii	"ch\000"
 787 0629 05       		.byte	0x5
 788 062a 0B02     		.2byte	0x20b
 789 062c C0030000 		.4byte	0x3c0
 790 0630 00       		.byte	0
 791              		.section	.debug_abbrev,"",%progbits
 792              	.Ldebug_abbrev0:
 793 0000 01       		.uleb128 0x1
 794 0001 11       		.uleb128 0x11
 795 0002 01       		.byte	0x1
 796 0003 25       		.uleb128 0x25
 797 0004 0E       		.uleb128 0xe
 798 0005 13       		.uleb128 0x13
ARM GAS  /tmp/ccHnUyZF.s 			page 15


 799 0006 0B       		.uleb128 0xb
 800 0007 03       		.uleb128 0x3
 801 0008 0E       		.uleb128 0xe
 802 0009 1B       		.uleb128 0x1b
 803 000a 0E       		.uleb128 0xe
 804 000b 10       		.uleb128 0x10
 805 000c 17       		.uleb128 0x17
 806 000d 00       		.byte	0
 807 000e 00       		.byte	0
 808 000f 02       		.uleb128 0x2
 809 0010 24       		.uleb128 0x24
 810 0011 00       		.byte	0
 811 0012 0B       		.uleb128 0xb
 812 0013 0B       		.uleb128 0xb
 813 0014 3E       		.uleb128 0x3e
 814 0015 0B       		.uleb128 0xb
 815 0016 03       		.uleb128 0x3
 816 0017 08       		.uleb128 0x8
 817 0018 00       		.byte	0
 818 0019 00       		.byte	0
 819 001a 03       		.uleb128 0x3
 820 001b 24       		.uleb128 0x24
 821 001c 00       		.byte	0
 822 001d 0B       		.uleb128 0xb
 823 001e 0B       		.uleb128 0xb
 824 001f 3E       		.uleb128 0x3e
 825 0020 0B       		.uleb128 0xb
 826 0021 03       		.uleb128 0x3
 827 0022 0E       		.uleb128 0xe
 828 0023 00       		.byte	0
 829 0024 00       		.byte	0
 830 0025 04       		.uleb128 0x4
 831 0026 16       		.uleb128 0x16
 832 0027 00       		.byte	0
 833 0028 03       		.uleb128 0x3
 834 0029 0E       		.uleb128 0xe
 835 002a 3A       		.uleb128 0x3a
 836 002b 0B       		.uleb128 0xb
 837 002c 3B       		.uleb128 0x3b
 838 002d 0B       		.uleb128 0xb
 839 002e 49       		.uleb128 0x49
 840 002f 13       		.uleb128 0x13
 841 0030 00       		.byte	0
 842 0031 00       		.byte	0
 843 0032 05       		.uleb128 0x5
 844 0033 13       		.uleb128 0x13
 845 0034 01       		.byte	0x1
 846 0035 03       		.uleb128 0x3
 847 0036 0E       		.uleb128 0xe
 848 0037 0B       		.uleb128 0xb
 849 0038 0B       		.uleb128 0xb
 850 0039 3A       		.uleb128 0x3a
 851 003a 0B       		.uleb128 0xb
 852 003b 3B       		.uleb128 0x3b
 853 003c 0B       		.uleb128 0xb
 854 003d 01       		.uleb128 0x1
 855 003e 13       		.uleb128 0x13
ARM GAS  /tmp/ccHnUyZF.s 			page 16


 856 003f 00       		.byte	0
 857 0040 00       		.byte	0
 858 0041 06       		.uleb128 0x6
 859 0042 0D       		.uleb128 0xd
 860 0043 00       		.byte	0
 861 0044 03       		.uleb128 0x3
 862 0045 0E       		.uleb128 0xe
 863 0046 3A       		.uleb128 0x3a
 864 0047 0B       		.uleb128 0xb
 865 0048 3B       		.uleb128 0x3b
 866 0049 0B       		.uleb128 0xb
 867 004a 49       		.uleb128 0x49
 868 004b 13       		.uleb128 0x13
 869 004c 38       		.uleb128 0x38
 870 004d 0B       		.uleb128 0xb
 871 004e 00       		.byte	0
 872 004f 00       		.byte	0
 873 0050 07       		.uleb128 0x7
 874 0051 0D       		.uleb128 0xd
 875 0052 00       		.byte	0
 876 0053 03       		.uleb128 0x3
 877 0054 08       		.uleb128 0x8
 878 0055 3A       		.uleb128 0x3a
 879 0056 0B       		.uleb128 0xb
 880 0057 3B       		.uleb128 0x3b
 881 0058 05       		.uleb128 0x5
 882 0059 49       		.uleb128 0x49
 883 005a 13       		.uleb128 0x13
 884 005b 38       		.uleb128 0x38
 885 005c 0B       		.uleb128 0xb
 886 005d 00       		.byte	0
 887 005e 00       		.byte	0
 888 005f 08       		.uleb128 0x8
 889 0060 0D       		.uleb128 0xd
 890 0061 00       		.byte	0
 891 0062 03       		.uleb128 0x3
 892 0063 0E       		.uleb128 0xe
 893 0064 3A       		.uleb128 0x3a
 894 0065 0B       		.uleb128 0xb
 895 0066 3B       		.uleb128 0x3b
 896 0067 05       		.uleb128 0x5
 897 0068 49       		.uleb128 0x49
 898 0069 13       		.uleb128 0x13
 899 006a 38       		.uleb128 0x38
 900 006b 0B       		.uleb128 0xb
 901 006c 00       		.byte	0
 902 006d 00       		.byte	0
 903 006e 09       		.uleb128 0x9
 904 006f 0F       		.uleb128 0xf
 905 0070 00       		.byte	0
 906 0071 0B       		.uleb128 0xb
 907 0072 0B       		.uleb128 0xb
 908 0073 49       		.uleb128 0x49
 909 0074 13       		.uleb128 0x13
 910 0075 00       		.byte	0
 911 0076 00       		.byte	0
 912 0077 0A       		.uleb128 0xa
ARM GAS  /tmp/ccHnUyZF.s 			page 17


 913 0078 13       		.uleb128 0x13
 914 0079 01       		.byte	0x1
 915 007a 03       		.uleb128 0x3
 916 007b 0E       		.uleb128 0xe
 917 007c 0B       		.uleb128 0xb
 918 007d 0B       		.uleb128 0xb
 919 007e 3A       		.uleb128 0x3a
 920 007f 0B       		.uleb128 0xb
 921 0080 3B       		.uleb128 0x3b
 922 0081 05       		.uleb128 0x5
 923 0082 01       		.uleb128 0x1
 924 0083 13       		.uleb128 0x13
 925 0084 00       		.byte	0
 926 0085 00       		.byte	0
 927 0086 0B       		.uleb128 0xb
 928 0087 15       		.uleb128 0x15
 929 0088 01       		.byte	0x1
 930 0089 27       		.uleb128 0x27
 931 008a 19       		.uleb128 0x19
 932 008b 01       		.uleb128 0x1
 933 008c 13       		.uleb128 0x13
 934 008d 00       		.byte	0
 935 008e 00       		.byte	0
 936 008f 0C       		.uleb128 0xc
 937 0090 05       		.uleb128 0x5
 938 0091 00       		.byte	0
 939 0092 49       		.uleb128 0x49
 940 0093 13       		.uleb128 0x13
 941 0094 00       		.byte	0
 942 0095 00       		.byte	0
 943 0096 0D       		.uleb128 0xd
 944 0097 0F       		.uleb128 0xf
 945 0098 00       		.byte	0
 946 0099 0B       		.uleb128 0xb
 947 009a 0B       		.uleb128 0xb
 948 009b 00       		.byte	0
 949 009c 00       		.byte	0
 950 009d 0E       		.uleb128 0xe
 951 009e 13       		.uleb128 0x13
 952 009f 01       		.byte	0x1
 953 00a0 03       		.uleb128 0x3
 954 00a1 0E       		.uleb128 0xe
 955 00a2 0B       		.uleb128 0xb
 956 00a3 05       		.uleb128 0x5
 957 00a4 3A       		.uleb128 0x3a
 958 00a5 0B       		.uleb128 0xb
 959 00a6 3B       		.uleb128 0x3b
 960 00a7 05       		.uleb128 0x5
 961 00a8 01       		.uleb128 0x1
 962 00a9 13       		.uleb128 0x13
 963 00aa 00       		.byte	0
 964 00ab 00       		.byte	0
 965 00ac 0F       		.uleb128 0xf
 966 00ad 0D       		.uleb128 0xd
 967 00ae 00       		.byte	0
 968 00af 03       		.uleb128 0x3
 969 00b0 08       		.uleb128 0x8
ARM GAS  /tmp/ccHnUyZF.s 			page 18


 970 00b1 3A       		.uleb128 0x3a
 971 00b2 0B       		.uleb128 0xb
 972 00b3 3B       		.uleb128 0x3b
 973 00b4 0B       		.uleb128 0xb
 974 00b5 49       		.uleb128 0x49
 975 00b6 13       		.uleb128 0x13
 976 00b7 38       		.uleb128 0x38
 977 00b8 0B       		.uleb128 0xb
 978 00b9 00       		.byte	0
 979 00ba 00       		.byte	0
 980 00bb 10       		.uleb128 0x10
 981 00bc 13       		.uleb128 0x13
 982 00bd 01       		.byte	0x1
 983 00be 0B       		.uleb128 0xb
 984 00bf 0B       		.uleb128 0xb
 985 00c0 3A       		.uleb128 0x3a
 986 00c1 0B       		.uleb128 0xb
 987 00c2 3B       		.uleb128 0x3b
 988 00c3 0B       		.uleb128 0xb
 989 00c4 01       		.uleb128 0x1
 990 00c5 13       		.uleb128 0x13
 991 00c6 00       		.byte	0
 992 00c7 00       		.byte	0
 993 00c8 11       		.uleb128 0x11
 994 00c9 17       		.uleb128 0x17
 995 00ca 01       		.byte	0x1
 996 00cb 0B       		.uleb128 0xb
 997 00cc 0B       		.uleb128 0xb
 998 00cd 3A       		.uleb128 0x3a
 999 00ce 0B       		.uleb128 0xb
 1000 00cf 3B       		.uleb128 0x3b
 1001 00d0 0B       		.uleb128 0xb
 1002 00d1 01       		.uleb128 0x1
 1003 00d2 13       		.uleb128 0x13
 1004 00d3 00       		.byte	0
 1005 00d4 00       		.byte	0
 1006 00d5 12       		.uleb128 0x12
 1007 00d6 0D       		.uleb128 0xd
 1008 00d7 00       		.byte	0
 1009 00d8 03       		.uleb128 0x3
 1010 00d9 0E       		.uleb128 0xe
 1011 00da 3A       		.uleb128 0x3a
 1012 00db 0B       		.uleb128 0xb
 1013 00dc 3B       		.uleb128 0x3b
 1014 00dd 05       		.uleb128 0x5
 1015 00de 49       		.uleb128 0x49
 1016 00df 13       		.uleb128 0x13
 1017 00e0 00       		.byte	0
 1018 00e1 00       		.byte	0
 1019 00e2 13       		.uleb128 0x13
 1020 00e3 26       		.uleb128 0x26
 1021 00e4 00       		.byte	0
 1022 00e5 49       		.uleb128 0x49
 1023 00e6 13       		.uleb128 0x13
 1024 00e7 00       		.byte	0
 1025 00e8 00       		.byte	0
 1026 00e9 14       		.uleb128 0x14
ARM GAS  /tmp/ccHnUyZF.s 			page 19


 1027 00ea 35       		.uleb128 0x35
 1028 00eb 00       		.byte	0
 1029 00ec 49       		.uleb128 0x49
 1030 00ed 13       		.uleb128 0x13
 1031 00ee 00       		.byte	0
 1032 00ef 00       		.byte	0
 1033 00f0 15       		.uleb128 0x15
 1034 00f1 01       		.uleb128 0x1
 1035 00f2 01       		.byte	0x1
 1036 00f3 49       		.uleb128 0x49
 1037 00f4 13       		.uleb128 0x13
 1038 00f5 01       		.uleb128 0x1
 1039 00f6 13       		.uleb128 0x13
 1040 00f7 00       		.byte	0
 1041 00f8 00       		.byte	0
 1042 00f9 16       		.uleb128 0x16
 1043 00fa 21       		.uleb128 0x21
 1044 00fb 00       		.byte	0
 1045 00fc 49       		.uleb128 0x49
 1046 00fd 13       		.uleb128 0x13
 1047 00fe 2F       		.uleb128 0x2f
 1048 00ff 0B       		.uleb128 0xb
 1049 0100 00       		.byte	0
 1050 0101 00       		.byte	0
 1051 0102 17       		.uleb128 0x17
 1052 0103 34       		.uleb128 0x34
 1053 0104 00       		.byte	0
 1054 0105 03       		.uleb128 0x3
 1055 0106 0E       		.uleb128 0xe
 1056 0107 3A       		.uleb128 0x3a
 1057 0108 0B       		.uleb128 0xb
 1058 0109 3B       		.uleb128 0x3b
 1059 010a 05       		.uleb128 0x5
 1060 010b 49       		.uleb128 0x49
 1061 010c 13       		.uleb128 0x13
 1062 010d 3F       		.uleb128 0x3f
 1063 010e 19       		.uleb128 0x19
 1064 010f 3C       		.uleb128 0x3c
 1065 0110 19       		.uleb128 0x19
 1066 0111 00       		.byte	0
 1067 0112 00       		.byte	0
 1068 0113 18       		.uleb128 0x18
 1069 0114 34       		.uleb128 0x34
 1070 0115 00       		.byte	0
 1071 0116 03       		.uleb128 0x3
 1072 0117 08       		.uleb128 0x8
 1073 0118 3A       		.uleb128 0x3a
 1074 0119 0B       		.uleb128 0xb
 1075 011a 3B       		.uleb128 0x3b
 1076 011b 05       		.uleb128 0x5
 1077 011c 49       		.uleb128 0x49
 1078 011d 13       		.uleb128 0x13
 1079 011e 3F       		.uleb128 0x3f
 1080 011f 19       		.uleb128 0x19
 1081 0120 3C       		.uleb128 0x3c
 1082 0121 19       		.uleb128 0x19
 1083 0122 00       		.byte	0
ARM GAS  /tmp/ccHnUyZF.s 			page 20


 1084 0123 00       		.byte	0
 1085 0124 00       		.byte	0
 1086              		.section	.debug_aranges,"",%progbits
 1087 0000 14000000 		.4byte	0x14
 1088 0004 0200     		.2byte	0x2
 1089 0006 00000000 		.4byte	.Ldebug_info0
 1090 000a 04       		.byte	0x4
 1091 000b 00       		.byte	0
 1092 000c 0000     		.2byte	0
 1093 000e 0000     		.2byte	0
 1094 0010 00000000 		.4byte	0
 1095 0014 00000000 		.4byte	0
 1096              		.section	.debug_line,"",%progbits
 1097              	.Ldebug_line0:
 1098 0000 0B020000 		.section	.debug_str,"MS",%progbits,1
 1098      02000502 
 1098      00000201 
 1098      FB0E0D00 
 1098      01010101 
 1099              	.LASF26:
 1100 0000 74687265 		.ascii	"thread_t\000"
 1100      61645F74 
 1100      00
 1101              	.LASF20:
 1102 0009 74726566 		.ascii	"trefs_t\000"
 1102      735F7400 
 1103              	.LASF55:
 1104 0011 725F6F6C 		.ascii	"r_older\000"
 1104      64657200 
 1105              	.LASF69:
 1106 0019 63685F73 		.ascii	"ch_system_debug\000"
 1106      79737465 
 1106      6D5F6465 
 1106      62756700 
 1107              	.LASF16:
 1108 0029 75696E74 		.ascii	"uint64_t\000"
 1108      36345F74 
 1108      00
 1109              	.LASF75:
 1110 0032 6D61696E 		.ascii	"mainthread\000"
 1110      74687265 
 1110      616400
 1111              	.LASF3:
 1112 003d 73686F72 		.ascii	"short int\000"
 1112      7420696E 
 1112      7400
 1113              	.LASF51:
 1114 0047 725F7175 		.ascii	"r_queue\000"
 1114      65756500 
 1115              	.LASF103:
 1116 004f 474E5520 		.ascii	"GNU C 4.8.4 20140526 (release) [ARM/embedded-4_8-br"
 1116      4320342E 
 1116      382E3420 
 1116      32303134 
 1116      30353236 
 1117 0082 616E6368 		.ascii	"anch revision 211358] -mcpu=cortex-m4 -mno-thumb-in"
 1117      20726576 
ARM GAS  /tmp/ccHnUyZF.s 			page 21


 1117      6973696F 
 1117      6E203231 
 1117      31333538 
 1118 00b5 74657277 		.ascii	"terwork -mthumb -ggdb -O2 -fomit-frame-pointer -fal"
 1118      6F726B20 
 1118      2D6D7468 
 1118      756D6220 
 1118      2D676764 
 1119 00e8 69676E2D 		.ascii	"ign-functions=16 -ffunction-sections -fdata-section"
 1119      66756E63 
 1119      74696F6E 
 1119      733D3136 
 1119      202D6666 
 1120 011b 73202D66 		.ascii	"s -fno-common\000"
 1120      6E6F2D63 
 1120      6F6D6D6F 
 1120      6E00
 1121              	.LASF77:
 1122 0129 73697A65 		.ascii	"sizetype\000"
 1122      74797065 
 1122      00
 1123              	.LASF28:
 1124 0132 705F7072 		.ascii	"p_prev\000"
 1124      657600
 1125              	.LASF53:
 1126 0139 725F6374 		.ascii	"r_ctx\000"
 1126      7800
 1127              	.LASF23:
 1128 013f 6576656E 		.ascii	"eventmask_t\000"
 1128      746D6173 
 1128      6B5F7400 
 1129              	.LASF38:
 1130 014b 705F6D73 		.ascii	"p_msgqueue\000"
 1130      67717565 
 1130      756500
 1131              	.LASF29:
 1132 0156 705F7072 		.ascii	"p_prio\000"
 1132      696F00
 1133              	.LASF27:
 1134 015d 705F6E65 		.ascii	"p_next\000"
 1134      787400
 1135              	.LASF17:
 1136 0164 7274636E 		.ascii	"rtcnt_t\000"
 1136      745F7400 
 1137              	.LASF83:
 1138 016c 746D5F63 		.ascii	"tm_calibration_t\000"
 1138      616C6962 
 1138      72617469 
 1138      6F6E5F74 
 1138      00
 1139              	.LASF64:
 1140 017d 76745F70 		.ascii	"vt_par\000"
 1140      617200
 1141              	.LASF63:
 1142 0184 76745F66 		.ascii	"vt_func\000"
 1142      756E6300 
 1143              	.LASF78:
ARM GAS  /tmp/ccHnUyZF.s 			page 22


 1144 018c 72656761 		.ascii	"regarm_t\000"
 1144      726D5F74 
 1144      00
 1145              	.LASF13:
 1146 0195 75696E74 		.ascii	"uint8_t\000"
 1146      385F7400 
 1147              	.LASF48:
 1148 019d 63685F74 		.ascii	"ch_threads_queue\000"
 1148      68726561 
 1148      64735F71 
 1148      75657565 
 1148      00
 1149              	.LASF15:
 1150 01ae 75696E74 		.ascii	"uint32_t\000"
 1150      33325F74 
 1150      00
 1151              	.LASF104:
 1152 01b7 2E2E2F43 		.ascii	"../ChibiOS/os/various/fatfs_bindings/fatfs_syscall."
 1152      68696269 
 1152      4F532F6F 
 1152      732F7661 
 1152      72696F75 
 1153 01ea 6300     		.ascii	"c\000"
 1154              	.LASF39:
 1155 01ec 705F6570 		.ascii	"p_epending\000"
 1155      656E6469 
 1155      6E6700
 1156              	.LASF71:
 1157 01f7 63685F73 		.ascii	"ch_system_t\000"
 1157      79737465 
 1157      6D5F7400 
 1158              	.LASF67:
 1159 0203 76745F6C 		.ascii	"vt_lasttime\000"
 1159      61737474 
 1159      696D6500 
 1160              	.LASF45:
 1161 020f 63685F74 		.ascii	"ch_thread\000"
 1161      68726561 
 1161      6400
 1162              	.LASF18:
 1163 0219 746D6F64 		.ascii	"tmode_t\000"
 1163      655F7400 
 1164              	.LASF10:
 1165 0221 6C6F6E67 		.ascii	"long long int\000"
 1165      206C6F6E 
 1165      6720696E 
 1165      7400
 1166              	.LASF89:
 1167 022f 77747365 		.ascii	"wtsemp\000"
 1167      6D7000
 1168              	.LASF21:
 1169 0236 74707269 		.ascii	"tprio_t\000"
 1169      6F5F7400 
 1170              	.LASF7:
 1171 023e 6C6F6E67 		.ascii	"long int\000"
 1171      20696E74 
 1171      00
ARM GAS  /tmp/ccHnUyZF.s 			page 23


 1172              	.LASF72:
 1173 0247 63685F73 		.ascii	"ch_system\000"
 1173      79737465 
 1173      6D00
 1174              	.LASF82:
 1175 0251 6F666673 		.ascii	"offset\000"
 1175      657400
 1176              	.LASF58:
 1177 0258 76697274 		.ascii	"virtual_timer_t\000"
 1177      75616C5F 
 1177      74696D65 
 1177      725F7400 
 1178              	.LASF68:
 1179 0268 73797374 		.ascii	"system_debug_t\000"
 1179      656D5F64 
 1179      65627567 
 1179      5F7400
 1180              	.LASF96:
 1181 0277 6D5F7175 		.ascii	"m_queue\000"
 1181      65756500 
 1182              	.LASF5:
 1183 027f 5F5F7569 		.ascii	"__uint8_t\000"
 1183      6E74385F 
 1183      7400
 1184              	.LASF80:
 1185 0289 636F6E74 		.ascii	"context\000"
 1185      65787400 
 1186              	.LASF105:
 1187 0291 2F752F63 		.ascii	"/u/cojthack/summerResearch2016/milestone2\000"
 1187      6F6A7468 
 1187      61636B2F 
 1187      73756D6D 
 1187      65725265 
 1188              	.LASF46:
 1189 02bb 63685F74 		.ascii	"ch_threads_list\000"
 1189      68726561 
 1189      64735F6C 
 1189      69737400 
 1190              	.LASF56:
 1191 02cb 725F6375 		.ascii	"r_current\000"
 1191      7272656E 
 1191      7400
 1192              	.LASF94:
 1193 02d5 735F636E 		.ascii	"s_cnt\000"
 1193      7400
 1194              	.LASF2:
 1195 02db 756E7369 		.ascii	"unsigned char\000"
 1195      676E6564 
 1195      20636861 
 1195      7200
 1196              	.LASF91:
 1197 02e9 65776D61 		.ascii	"ewmask\000"
 1197      736B00
 1198              	.LASF1:
 1199 02f0 7369676E 		.ascii	"signed char\000"
 1199      65642063 
 1199      68617200 
ARM GAS  /tmp/ccHnUyZF.s 			page 24


 1200              	.LASF31:
 1201 02fc 705F6E65 		.ascii	"p_newer\000"
 1201      77657200 
 1202              	.LASF12:
 1203 0304 6C6F6E67 		.ascii	"long long unsigned int\000"
 1203      206C6F6E 
 1203      6720756E 
 1203      7369676E 
 1203      65642069 
 1204              	.LASF95:
 1205 031b 63685F6D 		.ascii	"ch_mutex\000"
 1205      75746578 
 1205      00
 1206              	.LASF0:
 1207 0324 756E7369 		.ascii	"unsigned int\000"
 1207      676E6564 
 1207      20696E74 
 1207      00
 1208              	.LASF66:
 1209 0331 63685F76 		.ascii	"ch_virtual_timers_list\000"
 1209      69727475 
 1209      616C5F74 
 1209      696D6572 
 1209      735F6C69 
 1210              	.LASF100:
 1211 0348 6D757465 		.ascii	"mutex_t\000"
 1211      785F7400 
 1212              	.LASF60:
 1213 0350 76745F6E 		.ascii	"vt_next\000"
 1213      65787400 
 1214              	.LASF65:
 1215 0358 76697274 		.ascii	"virtual_timers_list_t\000"
 1215      75616C5F 
 1215      74696D65 
 1215      72735F6C 
 1215      6973745F 
 1216              	.LASF47:
 1217 036e 74687265 		.ascii	"threads_queue_t\000"
 1217      6164735F 
 1217      71756575 
 1217      655F7400 
 1218              	.LASF54:
 1219 037e 725F6E65 		.ascii	"r_newer\000"
 1219      77657200 
 1220              	.LASF35:
 1221 0386 705F666C 		.ascii	"p_flags\000"
 1221      61677300 
 1222              	.LASF62:
 1223 038e 76745F64 		.ascii	"vt_delta\000"
 1223      656C7461 
 1223      00
 1224              	.LASF41:
 1225 0397 705F7265 		.ascii	"p_realprio\000"
 1225      616C7072 
 1225      696F00
 1226              	.LASF25:
 1227 03a2 73797374 		.ascii	"systime_t\000"
ARM GAS  /tmp/ccHnUyZF.s 			page 25


 1227      696D655F 
 1227      7400
 1228              	.LASF73:
 1229 03ac 726C6973 		.ascii	"rlist\000"
 1229      7400
 1230              	.LASF99:
 1231 03b2 63686172 		.ascii	"char\000"
 1231      00
 1232              	.LASF93:
 1233 03b7 735F7175 		.ascii	"s_queue\000"
 1233      65756500 
 1234              	.LASF59:
 1235 03bf 63685F76 		.ascii	"ch_virtual_timer\000"
 1235      69727475 
 1235      616C5F74 
 1235      696D6572 
 1235      00
 1236              	.LASF14:
 1237 03d0 696E7433 		.ascii	"int32_t\000"
 1237      325F7400 
 1238              	.LASF52:
 1239 03d8 725F7072 		.ascii	"r_prio\000"
 1239      696F00
 1240              	.LASF24:
 1241 03df 636E745F 		.ascii	"cnt_t\000"
 1241      7400
 1242              	.LASF34:
 1243 03e5 705F7374 		.ascii	"p_state\000"
 1243      61746500 
 1244              	.LASF101:
 1245 03ed 5F426F6F 		.ascii	"_Bool\000"
 1245      6C00
 1246              	.LASF37:
 1247 03f3 705F7761 		.ascii	"p_waiting\000"
 1247      6974696E 
 1247      6700
 1248              	.LASF11:
 1249 03fd 5F5F7569 		.ascii	"__uint64_t\000"
 1249      6E743634 
 1249      5F7400
 1250              	.LASF40:
 1251 0408 705F6D74 		.ascii	"p_mtxlist\000"
 1251      786C6973 
 1251      7400
 1252              	.LASF33:
 1253 0412 705F6E61 		.ascii	"p_name\000"
 1253      6D6500
 1254              	.LASF76:
 1255 0419 69646C65 		.ascii	"idle_thread_wa\000"
 1255      5F746872 
 1255      6561645F 
 1255      776100
 1256              	.LASF9:
 1257 0428 6C6F6E67 		.ascii	"long unsigned int\000"
 1257      20756E73 
 1257      69676E65 
 1257      6420696E 
ARM GAS  /tmp/ccHnUyZF.s 			page 26


 1257      7400
 1258              	.LASF70:
 1259 043a 70616E69 		.ascii	"panic_msg\000"
 1259      635F6D73 
 1259      6700
 1260              	.LASF4:
 1261 0444 73686F72 		.ascii	"short unsigned int\000"
 1261      7420756E 
 1261      7369676E 
 1261      65642069 
 1261      6E7400
 1262              	.LASF8:
 1263 0457 5F5F7569 		.ascii	"__uint32_t\000"
 1263      6E743332 
 1263      5F7400
 1264              	.LASF87:
 1265 0462 77747472 		.ascii	"wttrp\000"
 1265      7000
 1266              	.LASF92:
 1267 0468 63685F73 		.ascii	"ch_semaphore\000"
 1267      656D6170 
 1267      686F7265 
 1267      00
 1268              	.LASF81:
 1269 0475 706F7274 		.ascii	"port_intctx\000"
 1269      5F696E74 
 1269      63747800 
 1270              	.LASF61:
 1271 0481 76745F70 		.ascii	"vt_prev\000"
 1271      72657600 
 1272              	.LASF6:
 1273 0489 5F5F696E 		.ascii	"__int32_t\000"
 1273      7433325F 
 1273      7400
 1274              	.LASF98:
 1275 0493 6D5F6E65 		.ascii	"m_next\000"
 1275      787400
 1276              	.LASF43:
 1277 049a 74687265 		.ascii	"thread_reference_t\000"
 1277      61645F72 
 1277      65666572 
 1277      656E6365 
 1277      5F7400
 1278              	.LASF86:
 1279 04ad 77746F62 		.ascii	"wtobjp\000"
 1279      6A7000
 1280              	.LASF19:
 1281 04b4 74737461 		.ascii	"tstate_t\000"
 1281      74655F74 
 1281      00
 1282              	.LASF79:
 1283 04bd 73746B61 		.ascii	"stkalign_t\000"
 1283      6C69676E 
 1283      5F7400
 1284              	.LASF85:
 1285 04c8 65786974 		.ascii	"exitcode\000"
 1285      636F6465 
ARM GAS  /tmp/ccHnUyZF.s 			page 27


 1285      00
 1286              	.LASF57:
 1287 04d1 76746675 		.ascii	"vtfunc_t\000"
 1287      6E635F74 
 1287      00
 1288              	.LASF32:
 1289 04da 705F6F6C 		.ascii	"p_older\000"
 1289      64657200 
 1290              	.LASF49:
 1291 04e2 72656164 		.ascii	"ready_list_t\000"
 1291      795F6C69 
 1291      73745F74 
 1291      00
 1292              	.LASF36:
 1293 04ef 705F7265 		.ascii	"p_refs\000"
 1293      667300
 1294              	.LASF50:
 1295 04f6 63685F72 		.ascii	"ch_ready_list\000"
 1295      65616479 
 1295      5F6C6973 
 1295      7400
 1296              	.LASF30:
 1297 0504 705F6374 		.ascii	"p_ctx\000"
 1297      7800
 1298              	.LASF102:
 1299 050a 49544D5F 		.ascii	"ITM_RxBuffer\000"
 1299      52784275 
 1299      66666572 
 1299      00
 1300              	.LASF97:
 1301 0517 6D5F6F77 		.ascii	"m_owner\000"
 1301      6E657200 
 1302              	.LASF42:
 1303 051f 705F6D70 		.ascii	"p_mpool\000"
 1303      6F6F6C00 
 1304              	.LASF84:
 1305 0527 7264796D 		.ascii	"rdymsg\000"
 1305      736700
 1306              	.LASF74:
 1307 052e 76746C69 		.ascii	"vtlist\000"
 1307      737400
 1308              	.LASF22:
 1309 0535 6D73675F 		.ascii	"msg_t\000"
 1309      7400
 1310              	.LASF88:
 1311 053b 73656E74 		.ascii	"sentmsg\000"
 1311      6D736700 
 1312              	.LASF90:
 1313 0543 77746D74 		.ascii	"wtmtxp\000"
 1313      787000
 1314              	.LASF44:
 1315 054a 74687265 		.ascii	"threads_list_t\000"
 1315      6164735F 
 1315      6C697374 
 1315      5F7400
 1316              		.ident	"GCC: (GNU Tools for ARM Embedded Processors) 4.8.4 20140526 (release) [ARM/embedded-4_8-br
ARM GAS  /tmp/ccHnUyZF.s 			page 28


DEFINED SYMBOLS
                            *ABS*:00000000 fatfs_syscall.c

NO UNDEFINED SYMBOLS
