ARM GAS  /tmp/ccYUwmkV.s 			page 1


   1              		.syntax unified
   2              		.cpu cortex-m4
   3              		.fpu softvfp
   4              		.eabi_attribute 20, 1
   5              		.eabi_attribute 21, 1
   6              		.eabi_attribute 23, 3
   7              		.eabi_attribute 24, 1
   8              		.eabi_attribute 25, 1
   9              		.eabi_attribute 26, 1
  10              		.eabi_attribute 30, 2
  11              		.eabi_attribute 34, 1
  12              		.eabi_attribute 18, 4
  13              		.thumb
  14              		.file	"pal.c"
  15              		.text
  16              	.Ltext0:
  17              		.cfi_sections	.debug_frame
  18              		.section	.text.palReadBus,"ax",%progbits
  19              		.align	2
  20              		.p2align 4,,15
  21              		.global	palReadBus
  22              		.thumb
  23              		.thumb_func
  24              		.type	palReadBus, %function
  25              	palReadBus:
  26              	.LFB272:
  27              		.file 1 "../ChibiOS/os/hal/src/pal.c"
  28              		.loc 1 65 0
  29              		.cfi_startproc
  30              		@ args = 0, pretend = 0, frame = 0
  31              		@ frame_needed = 0, uses_anonymous_args = 0
  32              		@ link register save eliminated.
  33              	.LVL0:
  34              		.loc 1 69 0
  35 0000 0368     		ldr	r3, [r0]
  36 0002 8268     		ldr	r2, [r0, #8]
  37 0004 1969     		ldr	r1, [r3, #16]
  38 0006 4368     		ldr	r3, [r0, #4]
  39 0008 21FA02F0 		lsr	r0, r1, r2
  40              	.LVL1:
  41              		.loc 1 70 0
  42 000c 1840     		ands	r0, r0, r3
  43 000e 7047     		bx	lr
  44              		.cfi_endproc
  45              	.LFE272:
  46              		.size	palReadBus, .-palReadBus
  47              		.section	.text.palWriteBus,"ax",%progbits
  48              		.align	2
  49              		.p2align 4,,15
  50              		.global	palWriteBus
  51              		.thumb
  52              		.thumb_func
  53              		.type	palWriteBus, %function
  54              	palWriteBus:
  55              	.LFB273:
  56              		.loc 1 90 0
  57              		.cfi_startproc
ARM GAS  /tmp/ccYUwmkV.s 			page 2


  58              		@ args = 0, pretend = 0, frame = 0
  59              		@ frame_needed = 0, uses_anonymous_args = 0
  60              		@ link register save eliminated.
  61              	.LVL2:
  62              		.loc 1 94 0
  63 0000 0DC8     		ldmia	r0, {r0, r2, r3}
  64              	.LVL3:
  65              		.loc 1 90 0
  66 0002 30B4     		push	{r4, r5}
  67              		.cfi_def_cfa_offset 8
  68              		.cfi_offset 4, -8
  69              		.cfi_offset 5, -4
  70              		.loc 1 94 0
  71 0004 22EA0105 		bic	r5, r2, r1
  72 0008 03F11004 		add	r4, r3, #16
  73 000c 0A40     		ands	r2, r2, r1
  74 000e 02FA03F3 		lsl	r3, r2, r3
  75 0012 05FA04F2 		lsl	r2, r5, r4
  76 0016 1343     		orrs	r3, r3, r2
  77 0018 8361     		str	r3, [r0, #24]
  78              		.loc 1 95 0
  79 001a 30BC     		pop	{r4, r5}
  80 001c 7047     		bx	lr
  81              		.cfi_endproc
  82              	.LFE273:
  83              		.size	palWriteBus, .-palWriteBus
  84 001e 00BF     		.section	.text.palSetBusMode,"ax",%progbits
  85              		.align	2
  86              		.p2align 4,,15
  87              		.global	palSetBusMode
  88              		.thumb
  89              		.thumb_func
  90              		.type	palSetBusMode, %function
  91              	palSetBusMode:
  92              	.LFB274:
  93              		.loc 1 113 0
  94              		.cfi_startproc
  95              		@ args = 0, pretend = 0, frame = 0
  96              		@ frame_needed = 0, uses_anonymous_args = 0
  97              		@ link register save eliminated.
  98              	.LVL4:
  99 0000 10B4     		push	{r4}
 100              		.cfi_def_cfa_offset 4
 101              		.cfi_offset 4, -4
 102              		.loc 1 113 0
 103 0002 0A46     		mov	r2, r1
 104              		.loc 1 117 0
 105 0004 4468     		ldr	r4, [r0, #4]
 106 0006 8168     		ldr	r1, [r0, #8]
 107              	.LVL5:
 108 0008 0068     		ldr	r0, [r0]
 109              	.LVL6:
 110 000a 04FA01F1 		lsl	r1, r4, r1
 111              		.loc 1 118 0
 112 000e 5DF8044B 		ldr	r4, [sp], #4
 113              		.loc 1 117 0
 114 0012 FFF7FEBF 		b	_pal_lld_setgroupmode
ARM GAS  /tmp/ccYUwmkV.s 			page 3


 115              	.LVL7:
 116              		.cfi_endproc
 117              	.LFE274:
 118              		.size	palSetBusMode, .-palSetBusMode
 119 0016 00BFAFF3 		.text
 119      0080AFF3 
 119      0080
 120              	.Letext0:
 121              		.file 2 "/nfs/nfs5/home/research/hardware/arm2/gcc-arm-embedded/gcc-arm-none-eabi-4_8-2014q2/arm-n
 122              		.file 3 "/nfs/nfs5/home/research/hardware/arm2/gcc-arm-embedded/gcc-arm-none-eabi-4_8-2014q2/arm-n
 123              		.file 4 "../ChibiOS/os/rt/ports/ARMCMx/compilers/GCC/chtypes.h"
 124              		.file 5 "../ChibiOS/os/rt/include/chsystypes.h"
 125              		.file 6 "../ChibiOS/os/rt/include/chschd.h"
 126              		.file 7 "../ChibiOS/os/rt/ports/ARMCMx/chcore.h"
 127              		.file 8 "../ChibiOS/os/rt/ports/ARMCMx/chcore_v7m.h"
 128              		.file 9 "../ChibiOS/os/rt/include/chtm.h"
 129              		.file 10 "../ChibiOS/os/rt/include/chsem.h"
 130              		.file 11 "../ChibiOS/os/rt/include/chmtx.h"
 131              		.file 12 "../ChibiOS/os/hal/ports/STM32/LLD/GPIOv2/pal_lld.h"
 132              		.file 13 "../ChibiOS/os/hal/include/pal.h"
 133              		.file 14 "../ChibiOS/os/ext/CMSIS/include/core_cm4.h"
 134              		.section	.debug_info,"",%progbits
 135              	.Ldebug_info0:
 136 0000 AE080000 		.4byte	0x8ae
 137 0004 0400     		.2byte	0x4
 138 0006 00000000 		.4byte	.Ldebug_abbrev0
 139 000a 04       		.byte	0x4
 140 000b 01       		.uleb128 0x1
 141 000c 5B040000 		.4byte	.LASF127
 142 0010 01       		.byte	0x1
 143 0011 98010000 		.4byte	.LASF128
 144 0015 85020000 		.4byte	.LASF129
 145 0019 00000000 		.4byte	.Ldebug_ranges0+0
 146 001d 00000000 		.4byte	0
 147 0021 00000000 		.4byte	.Ldebug_line0
 148 0025 02       		.uleb128 0x2
 149 0026 04       		.byte	0x4
 150 0027 05       		.byte	0x5
 151 0028 696E7400 		.ascii	"int\000"
 152 002c 03       		.uleb128 0x3
 153 002d 04       		.byte	0x4
 154 002e 07       		.byte	0x7
 155 002f 83010000 		.4byte	.LASF0
 156 0033 03       		.uleb128 0x3
 157 0034 01       		.byte	0x1
 158 0035 06       		.byte	0x6
 159 0036 E4000000 		.4byte	.LASF1
 160 003a 04       		.uleb128 0x4
 161 003b 23000000 		.4byte	.LASF4
 162 003f 02       		.byte	0x2
 163 0040 1C       		.byte	0x1c
 164 0041 45000000 		.4byte	0x45
 165 0045 03       		.uleb128 0x3
 166 0046 01       		.byte	0x1
 167 0047 08       		.byte	0x8
 168 0048 50030000 		.4byte	.LASF2
 169 004c 03       		.uleb128 0x3
ARM GAS  /tmp/ccYUwmkV.s 			page 4


 170 004d 02       		.byte	0x2
 171 004e 05       		.byte	0x5
 172 004f 68030000 		.4byte	.LASF3
 173 0053 04       		.uleb128 0x4
 174 0054 47040000 		.4byte	.LASF5
 175 0058 02       		.byte	0x2
 176 0059 26       		.byte	0x26
 177 005a 5E000000 		.4byte	0x5e
 178 005e 03       		.uleb128 0x3
 179 005f 02       		.byte	0x2
 180 0060 07       		.byte	0x7
 181 0061 D1010000 		.4byte	.LASF6
 182 0065 04       		.uleb128 0x4
 183 0066 22020000 		.4byte	.LASF7
 184 006a 02       		.byte	0x2
 185 006b 37       		.byte	0x37
 186 006c 70000000 		.4byte	0x70
 187 0070 03       		.uleb128 0x3
 188 0071 04       		.byte	0x4
 189 0072 05       		.byte	0x5
 190 0073 11010000 		.4byte	.LASF8
 191 0077 04       		.uleb128 0x4
 192 0078 5A050000 		.4byte	.LASF9
 193 007c 02       		.byte	0x2
 194 007d 38       		.byte	0x38
 195 007e 82000000 		.4byte	0x82
 196 0082 03       		.uleb128 0x3
 197 0083 04       		.byte	0x4
 198 0084 07       		.byte	0x7
 199 0085 20040000 		.4byte	.LASF10
 200 0089 03       		.uleb128 0x3
 201 008a 08       		.byte	0x8
 202 008b 05       		.byte	0x5
 203 008c D6000000 		.4byte	.LASF11
 204 0090 04       		.uleb128 0x4
 205 0091 37020000 		.4byte	.LASF12
 206 0095 02       		.byte	0x2
 207 0096 4E       		.byte	0x4e
 208 0097 9B000000 		.4byte	0x9b
 209 009b 03       		.uleb128 0x3
 210 009c 08       		.byte	0x8
 211 009d 07       		.byte	0x7
 212 009e 62000000 		.4byte	.LASF13
 213 00a2 04       		.uleb128 0x4
 214 00a3 E0050000 		.4byte	.LASF14
 215 00a7 03       		.byte	0x3
 216 00a8 2A       		.byte	0x2a
 217 00a9 3A000000 		.4byte	0x3a
 218 00ad 04       		.uleb128 0x4
 219 00ae 23010000 		.4byte	.LASF15
 220 00b2 03       		.byte	0x3
 221 00b3 36       		.byte	0x36
 222 00b4 53000000 		.4byte	0x53
 223 00b8 04       		.uleb128 0x4
 224 00b9 48030000 		.4byte	.LASF16
 225 00bd 03       		.byte	0x3
 226 00be 41       		.byte	0x41
ARM GAS  /tmp/ccYUwmkV.s 			page 5


 227 00bf 65000000 		.4byte	0x65
 228 00c3 04       		.uleb128 0x4
 229 00c4 EF030000 		.4byte	.LASF17
 230 00c8 03       		.byte	0x3
 231 00c9 42       		.byte	0x42
 232 00ca 77000000 		.4byte	0x77
 233 00ce 04       		.uleb128 0x4
 234 00cf 1A000000 		.4byte	.LASF18
 235 00d3 03       		.byte	0x3
 236 00d4 4E       		.byte	0x4e
 237 00d5 90000000 		.4byte	0x90
 238 00d9 04       		.uleb128 0x4
 239 00da 8F030000 		.4byte	.LASF19
 240 00de 03       		.byte	0x3
 241 00df 60       		.byte	0x60
 242 00e0 2C000000 		.4byte	0x2c
 243 00e4 04       		.uleb128 0x4
 244 00e5 9F050000 		.4byte	.LASF20
 245 00e9 04       		.byte	0x4
 246 00ea 39       		.byte	0x39
 247 00eb C3000000 		.4byte	0xc3
 248 00ef 04       		.uleb128 0x4
 249 00f0 00020000 		.4byte	.LASF21
 250 00f4 04       		.byte	0x4
 251 00f5 3C       		.byte	0x3c
 252 00f6 A2000000 		.4byte	0xa2
 253 00fa 04       		.uleb128 0x4
 254 00fb 1A010000 		.4byte	.LASF22
 255 00ff 04       		.byte	0x4
 256 0100 3D       		.byte	0x3d
 257 0101 A2000000 		.4byte	0xa2
 258 0105 04       		.uleb128 0x4
 259 0106 0B030000 		.4byte	.LASF23
 260 010a 04       		.byte	0x4
 261 010b 3E       		.byte	0x3e
 262 010c A2000000 		.4byte	0xa2
 263 0110 04       		.uleb128 0x4
 264 0111 2A030000 		.4byte	.LASF24
 265 0115 04       		.byte	0x4
 266 0116 40       		.byte	0x40
 267 0117 C3000000 		.4byte	0xc3
 268 011b 04       		.uleb128 0x4
 269 011c EE010000 		.4byte	.LASF25
 270 0120 04       		.byte	0x4
 271 0121 41       		.byte	0x41
 272 0122 B8000000 		.4byte	0xb8
 273 0126 04       		.uleb128 0x4
 274 0127 16020000 		.4byte	.LASF26
 275 012b 04       		.byte	0x4
 276 012c 43       		.byte	0x43
 277 012d C3000000 		.4byte	0xc3
 278 0131 04       		.uleb128 0x4
 279 0132 7D010000 		.4byte	.LASF27
 280 0136 04       		.byte	0x4
 281 0137 45       		.byte	0x45
 282 0138 B8000000 		.4byte	0xb8
 283 013c 04       		.uleb128 0x4
ARM GAS  /tmp/ccYUwmkV.s 			page 6


 284 013d 3C050000 		.4byte	.LASF28
 285 0141 05       		.byte	0x5
 286 0142 33       		.byte	0x33
 287 0143 C3000000 		.4byte	0xc3
 288 0147 04       		.uleb128 0x4
 289 0148 52040000 		.4byte	.LASF29
 290 014c 05       		.byte	0x5
 291 014d 3F       		.byte	0x3f
 292 014e 52010000 		.4byte	0x152
 293 0152 05       		.uleb128 0x5
 294 0153 E4010000 		.4byte	.LASF48
 295 0157 40       		.byte	0x40
 296 0158 06       		.byte	0x6
 297 0159 C2       		.byte	0xc2
 298 015a 32020000 		.4byte	0x232
 299 015e 06       		.uleb128 0x6
 300 015f 88030000 		.4byte	.LASF30
 301 0163 06       		.byte	0x6
 302 0164 C3       		.byte	0xc3
 303 0165 3D020000 		.4byte	0x23d
 304 0169 00       		.byte	0
 305 016a 06       		.uleb128 0x6
 306 016b 23030000 		.4byte	.LASF31
 307 016f 06       		.byte	0x6
 308 0170 C5       		.byte	0xc5
 309 0171 3D020000 		.4byte	0x23d
 310 0175 04       		.byte	0x4
 311 0176 06       		.uleb128 0x6
 312 0177 CF000000 		.4byte	.LASF32
 313 017b 06       		.byte	0x6
 314 017c C7       		.byte	0xc7
 315 017d 10010000 		.4byte	0x110
 316 0181 08       		.byte	0x8
 317 0182 06       		.uleb128 0x6
 318 0183 16060000 		.4byte	.LASF33
 319 0187 06       		.byte	0x6
 320 0188 C8       		.byte	0xc8
 321 0189 72040000 		.4byte	0x472
 322 018d 0C       		.byte	0xc
 323 018e 06       		.uleb128 0x6
 324 018f 2C010000 		.4byte	.LASF34
 325 0193 06       		.byte	0x6
 326 0194 CA       		.byte	0xca
 327 0195 3D020000 		.4byte	0x23d
 328 0199 10       		.byte	0x10
 329 019a 06       		.uleb128 0x6
 330 019b BB020000 		.4byte	.LASF35
 331 019f 06       		.byte	0x6
 332 01a0 CB       		.byte	0xcb
 333 01a1 3D020000 		.4byte	0x23d
 334 01a5 14       		.byte	0x14
 335 01a6 06       		.uleb128 0x6
 336 01a7 EF050000 		.4byte	.LASF36
 337 01ab 06       		.byte	0x6
 338 01ac D2       		.byte	0xd2
 339 01ad FD050000 		.4byte	0x5fd
 340 01b1 18       		.byte	0x18
ARM GAS  /tmp/ccYUwmkV.s 			page 7


 341 01b2 06       		.uleb128 0x6
 342 01b3 72030000 		.4byte	.LASF37
 343 01b7 06       		.byte	0x6
 344 01b8 DD       		.byte	0xdd
 345 01b9 FA000000 		.4byte	0xfa
 346 01bd 1C       		.byte	0x1c
 347 01be 06       		.uleb128 0x6
 348 01bf 9C030000 		.4byte	.LASF38
 349 01c3 06       		.byte	0x6
 350 01c4 E1       		.byte	0xe1
 351 01c5 EF000000 		.4byte	0xef
 352 01c9 1D       		.byte	0x1d
 353 01ca 06       		.uleb128 0x6
 354 01cb D3050000 		.4byte	.LASF39
 355 01cf 06       		.byte	0x6
 356 01d0 E6       		.byte	0xe6
 357 01d1 05010000 		.4byte	0x105
 358 01d5 1E       		.byte	0x1e
 359 01d6 07       		.uleb128 0x7
 360 01d7 705F7500 		.ascii	"p_u\000"
 361 01db 06       		.byte	0x6
 362 01dc 3701     		.2byte	0x137
 363 01de 2C050000 		.4byte	0x52c
 364 01e2 20       		.byte	0x20
 365 01e3 08       		.uleb128 0x8
 366 01e4 42020000 		.4byte	.LASF40
 367 01e8 06       		.byte	0x6
 368 01e9 3C01     		.2byte	0x13c
 369 01eb 43020000 		.4byte	0x243
 370 01ef 24       		.byte	0x24
 371 01f0 08       		.uleb128 0x8
 372 01f1 BB010000 		.4byte	.LASF41
 373 01f5 06       		.byte	0x6
 374 01f6 4201     		.2byte	0x142
 375 01f8 67020000 		.4byte	0x267
 376 01fc 28       		.byte	0x28
 377 01fd 08       		.uleb128 0x8
 378 01fe E4030000 		.4byte	.LASF42
 379 0202 06       		.byte	0x6
 380 0203 4801     		.2byte	0x148
 381 0205 26010000 		.4byte	0x126
 382 0209 30       		.byte	0x30
 383 020a 08       		.uleb128 0x8
 384 020b 5E030000 		.4byte	.LASF43
 385 020f 06       		.byte	0x6
 386 0210 4F01     		.2byte	0x14f
 387 0212 F7050000 		.4byte	0x5f7
 388 0216 34       		.byte	0x34
 389 0217 08       		.uleb128 0x8
 390 0218 46050000 		.4byte	.LASF44
 391 021c 06       		.byte	0x6
 392 021d 5301     		.2byte	0x153
 393 021f 10010000 		.4byte	0x110
 394 0223 38       		.byte	0x38
 395 0224 08       		.uleb128 0x8
 396 0225 F5000000 		.4byte	.LASF45
 397 0229 06       		.byte	0x6
ARM GAS  /tmp/ccYUwmkV.s 			page 8


 398 022a 5A01     		.2byte	0x15a
 399 022c 1A030000 		.4byte	0x31a
 400 0230 3C       		.byte	0x3c
 401 0231 00       		.byte	0
 402 0232 04       		.uleb128 0x4
 403 0233 55020000 		.4byte	.LASF46
 404 0237 05       		.byte	0x5
 405 0238 44       		.byte	0x44
 406 0239 3D020000 		.4byte	0x23d
 407 023d 09       		.uleb128 0x9
 408 023e 04       		.byte	0x4
 409 023f 47010000 		.4byte	0x147
 410 0243 04       		.uleb128 0x4
 411 0244 F6050000 		.4byte	.LASF47
 412 0248 05       		.byte	0x5
 413 0249 49       		.byte	0x49
 414 024a 4E020000 		.4byte	0x24e
 415 024e 05       		.uleb128 0x5
 416 024f 10040000 		.4byte	.LASF49
 417 0253 04       		.byte	0x4
 418 0254 06       		.byte	0x6
 419 0255 B0       		.byte	0xb0
 420 0256 67020000 		.4byte	0x267
 421 025a 06       		.uleb128 0x6
 422 025b 88030000 		.4byte	.LASF30
 423 025f 06       		.byte	0x6
 424 0260 B1       		.byte	0xb1
 425 0261 3D020000 		.4byte	0x23d
 426 0265 00       		.byte	0
 427 0266 00       		.byte	0
 428 0267 04       		.uleb128 0x4
 429 0268 BA050000 		.4byte	.LASF50
 430 026c 05       		.byte	0x5
 431 026d 50       		.byte	0x50
 432 026e 72020000 		.4byte	0x272
 433 0272 05       		.uleb128 0x5
 434 0273 BE000000 		.4byte	.LASF51
 435 0277 08       		.byte	0x8
 436 0278 06       		.byte	0x6
 437 0279 B7       		.byte	0xb7
 438 027a 97020000 		.4byte	0x297
 439 027e 06       		.uleb128 0x6
 440 027f 88030000 		.4byte	.LASF30
 441 0283 06       		.byte	0x6
 442 0284 B8       		.byte	0xb8
 443 0285 3D020000 		.4byte	0x23d
 444 0289 00       		.byte	0
 445 028a 06       		.uleb128 0x6
 446 028b 23030000 		.4byte	.LASF31
 447 028f 06       		.byte	0x6
 448 0290 B9       		.byte	0xb9
 449 0291 3D020000 		.4byte	0x23d
 450 0295 04       		.byte	0x4
 451 0296 00       		.byte	0
 452 0297 04       		.uleb128 0x4
 453 0298 00000000 		.4byte	.LASF52
 454 029c 05       		.byte	0x5
ARM GAS  /tmp/ccYUwmkV.s 			page 9


 455 029d 57       		.byte	0x57
 456 029e A2020000 		.4byte	0x2a2
 457 02a2 0A       		.uleb128 0xa
 458 02a3 08020000 		.4byte	.LASF53
 459 02a7 1C       		.byte	0x1c
 460 02a8 06       		.byte	0x6
 461 02a9 9201     		.2byte	0x192
 462 02ab FE020000 		.4byte	0x2fe
 463 02af 08       		.uleb128 0x8
 464 02b0 FF030000 		.4byte	.LASF54
 465 02b4 06       		.byte	0x6
 466 02b5 9301     		.2byte	0x193
 467 02b7 67020000 		.4byte	0x267
 468 02bb 00       		.byte	0
 469 02bc 08       		.uleb128 0x8
 470 02bd 7A030000 		.4byte	.LASF55
 471 02c1 06       		.byte	0x6
 472 02c2 9401     		.2byte	0x194
 473 02c4 10010000 		.4byte	0x110
 474 02c8 08       		.byte	0x8
 475 02c9 08       		.uleb128 0x8
 476 02ca C3020000 		.4byte	.LASF56
 477 02ce 06       		.byte	0x6
 478 02cf 9601     		.2byte	0x196
 479 02d1 72040000 		.4byte	0x472
 480 02d5 0C       		.byte	0xc
 481 02d6 08       		.uleb128 0x8
 482 02d7 44010000 		.4byte	.LASF57
 483 02db 06       		.byte	0x6
 484 02dc 9901     		.2byte	0x199
 485 02de 3D020000 		.4byte	0x23d
 486 02e2 10       		.byte	0x10
 487 02e3 08       		.uleb128 0x8
 488 02e4 E4020000 		.4byte	.LASF58
 489 02e8 06       		.byte	0x6
 490 02e9 9A01     		.2byte	0x19a
 491 02eb 3D020000 		.4byte	0x23d
 492 02ef 14       		.byte	0x14
 493 02f0 08       		.uleb128 0x8
 494 02f1 DA020000 		.4byte	.LASF59
 495 02f5 06       		.byte	0x6
 496 02f6 9D01     		.2byte	0x19d
 497 02f8 3D020000 		.4byte	0x23d
 498 02fc 18       		.byte	0x18
 499 02fd 00       		.byte	0
 500 02fe 04       		.uleb128 0x4
 501 02ff 51050000 		.4byte	.LASF60
 502 0303 05       		.byte	0x5
 503 0304 5C       		.byte	0x5c
 504 0305 09030000 		.4byte	0x309
 505 0309 09       		.uleb128 0x9
 506 030a 04       		.byte	0x4
 507 030b 0F030000 		.4byte	0x30f
 508 030f 0B       		.uleb128 0xb
 509 0310 1A030000 		.4byte	0x31a
 510 0314 0C       		.uleb128 0xc
 511 0315 1A030000 		.4byte	0x31a
ARM GAS  /tmp/ccYUwmkV.s 			page 10


 512 0319 00       		.byte	0
 513 031a 0D       		.uleb128 0xd
 514 031b 04       		.byte	0x4
 515 031c 04       		.uleb128 0x4
 516 031d 13030000 		.4byte	.LASF61
 517 0321 05       		.byte	0x5
 518 0322 61       		.byte	0x61
 519 0323 27030000 		.4byte	0x327
 520 0327 0A       		.uleb128 0xa
 521 0328 C6030000 		.4byte	.LASF62
 522 032c 14       		.byte	0x14
 523 032d 06       		.byte	0x6
 524 032e 6D01     		.2byte	0x16d
 525 0330 76030000 		.4byte	0x376
 526 0334 08       		.uleb128 0x8
 527 0335 90010000 		.4byte	.LASF63
 528 0339 06       		.byte	0x6
 529 033a 6E01     		.2byte	0x16e
 530 033c 0F060000 		.4byte	0x60f
 531 0340 00       		.byte	0
 532 0341 08       		.uleb128 0x8
 533 0342 5A010000 		.4byte	.LASF64
 534 0346 06       		.byte	0x6
 535 0347 6F01     		.2byte	0x16f
 536 0349 0F060000 		.4byte	0x60f
 537 034d 04       		.byte	0x4
 538 034e 08       		.uleb128 0x8
 539 034f 07040000 		.4byte	.LASF65
 540 0353 06       		.byte	0x6
 541 0354 7001     		.2byte	0x170
 542 0356 3C010000 		.4byte	0x13c
 543 035a 08       		.byte	0x8
 544 035b 08       		.uleb128 0x8
 545 035c 1C060000 		.4byte	.LASF66
 546 0360 06       		.byte	0x6
 547 0361 7101     		.2byte	0x171
 548 0363 FE020000 		.4byte	0x2fe
 549 0367 0C       		.byte	0xc
 550 0368 08       		.uleb128 0x8
 551 0369 A7050000 		.4byte	.LASF67
 552 036d 06       		.byte	0x6
 553 036e 7301     		.2byte	0x173
 554 0370 1A030000 		.4byte	0x31a
 555 0374 10       		.byte	0x10
 556 0375 00       		.byte	0
 557 0376 04       		.uleb128 0x4
 558 0377 9B000000 		.4byte	.LASF68
 559 037b 05       		.byte	0x5
 560 037c 66       		.byte	0x66
 561 037d 81030000 		.4byte	0x381
 562 0381 0A       		.uleb128 0xa
 563 0382 68020000 		.4byte	.LASF69
 564 0386 10       		.byte	0x10
 565 0387 06       		.byte	0x6
 566 0388 7D01     		.2byte	0x17d
 567 038a C3030000 		.4byte	0x3c3
 568 038e 08       		.uleb128 0x8
ARM GAS  /tmp/ccYUwmkV.s 			page 11


 569 038f 90010000 		.4byte	.LASF63
 570 0393 06       		.byte	0x6
 571 0394 7E01     		.2byte	0x17e
 572 0396 0F060000 		.4byte	0x60f
 573 039a 00       		.byte	0
 574 039b 08       		.uleb128 0x8
 575 039c 5A010000 		.4byte	.LASF64
 576 03a0 06       		.byte	0x6
 577 03a1 8001     		.2byte	0x180
 578 03a3 0F060000 		.4byte	0x60f
 579 03a7 04       		.byte	0x4
 580 03a8 08       		.uleb128 0x8
 581 03a9 07040000 		.4byte	.LASF65
 582 03ad 06       		.byte	0x6
 583 03ae 8201     		.2byte	0x182
 584 03b0 3C010000 		.4byte	0x13c
 585 03b4 08       		.byte	0x8
 586 03b5 08       		.uleb128 0x8
 587 03b6 AF020000 		.4byte	.LASF70
 588 03ba 06       		.byte	0x6
 589 03bb 8A01     		.2byte	0x18a
 590 03bd 3C010000 		.4byte	0x13c
 591 03c1 0C       		.byte	0xc
 592 03c2 00       		.byte	0
 593 03c3 04       		.uleb128 0x4
 594 03c4 40000000 		.4byte	.LASF71
 595 03c8 05       		.byte	0x5
 596 03c9 6B       		.byte	0x6b
 597 03ca CE030000 		.4byte	0x3ce
 598 03ce 0A       		.uleb128 0xa
 599 03cf 32030000 		.4byte	.LASF72
 600 03d3 04       		.byte	0x4
 601 03d4 06       		.byte	0x6
 602 03d5 A401     		.2byte	0x1a4
 603 03d7 E9030000 		.4byte	0x3e9
 604 03db 08       		.uleb128 0x8
 605 03dc 65050000 		.4byte	.LASF73
 606 03e0 06       		.byte	0x6
 607 03e1 AC01     		.2byte	0x1ac
 608 03e3 15060000 		.4byte	0x615
 609 03e7 00       		.byte	0
 610 03e8 00       		.byte	0
 611 03e9 04       		.uleb128 0x4
 612 03ea F4010000 		.4byte	.LASF74
 613 03ee 05       		.byte	0x5
 614 03ef 70       		.byte	0x70
 615 03f0 F4030000 		.4byte	0x3f4
 616 03f4 0E       		.uleb128 0xe
 617 03f5 BC030000 		.4byte	.LASF75
 618 03f9 5001     		.2byte	0x150
 619 03fb 06       		.byte	0x6
 620 03fc C401     		.2byte	0x1c4
 621 03fe 50040000 		.4byte	0x450
 622 0402 08       		.uleb128 0x8
 623 0403 DA050000 		.4byte	.LASF76
 624 0407 06       		.byte	0x6
 625 0408 C801     		.2byte	0x1c8
ARM GAS  /tmp/ccYUwmkV.s 			page 12


 626 040a 97020000 		.4byte	0x297
 627 040e 00       		.byte	0
 628 040f 08       		.uleb128 0x8
 629 0410 05010000 		.4byte	.LASF77
 630 0414 06       		.byte	0x6
 631 0415 CC01     		.2byte	0x1cc
 632 0417 76030000 		.4byte	0x376
 633 041b 1C       		.byte	0x1c
 634 041c 07       		.uleb128 0x7
 635 041d 64626700 		.ascii	"dbg\000"
 636 0421 06       		.byte	0x6
 637 0422 D001     		.2byte	0x1d0
 638 0424 C3030000 		.4byte	0x3c3
 639 0428 2C       		.byte	0x2c
 640 0429 08       		.uleb128 0x8
 641 042a 88000000 		.4byte	.LASF78
 642 042e 06       		.byte	0x6
 643 042f D401     		.2byte	0x1d4
 644 0431 47010000 		.4byte	0x147
 645 0435 30       		.byte	0x30
 646 0436 07       		.uleb128 0x7
 647 0437 746D00   		.ascii	"tm\000"
 648 043a 06       		.byte	0x6
 649 043b D901     		.2byte	0x1d9
 650 043d 21050000 		.4byte	0x521
 651 0441 70       		.byte	0x70
 652 0442 08       		.uleb128 0x8
 653 0443 AD030000 		.4byte	.LASF79
 654 0447 06       		.byte	0x6
 655 0448 E501     		.2byte	0x1e5
 656 044a 1A060000 		.4byte	0x61a
 657 044e 78       		.byte	0x78
 658 044f 00       		.byte	0
 659 0450 03       		.uleb128 0x3
 660 0451 04       		.byte	0x4
 661 0452 07       		.byte	0x7
 662 0453 4C020000 		.4byte	.LASF80
 663 0457 0F       		.uleb128 0xf
 664 0458 C3000000 		.4byte	0xc3
 665 045c 04       		.uleb128 0x4
 666 045d 51010000 		.4byte	.LASF81
 667 0461 07       		.byte	0x7
 668 0462 65       		.byte	0x65
 669 0463 1A030000 		.4byte	0x31a
 670 0467 04       		.uleb128 0x4
 671 0468 2C020000 		.4byte	.LASF82
 672 046c 07       		.byte	0x7
 673 046d 6D       		.byte	0x6d
 674 046e CE000000 		.4byte	0xce
 675 0472 05       		.uleb128 0x5
 676 0473 81050000 		.4byte	.LASF83
 677 0477 04       		.byte	0x4
 678 0478 07       		.byte	0x7
 679 0479 89       		.byte	0x89
 680 047a 8B040000 		.4byte	0x48b
 681 047e 10       		.uleb128 0x10
 682 047f 72313300 		.ascii	"r13\000"
ARM GAS  /tmp/ccYUwmkV.s 			page 13


 683 0483 07       		.byte	0x7
 684 0484 8A       		.byte	0x8a
 685 0485 06050000 		.4byte	0x506
 686 0489 00       		.byte	0
 687 048a 00       		.byte	0
 688 048b 05       		.uleb128 0x5
 689 048c 34000000 		.4byte	.LASF84
 690 0490 24       		.byte	0x24
 691 0491 08       		.byte	0x8
 692 0492 FD       		.byte	0xfd
 693 0493 06050000 		.4byte	0x506
 694 0497 07       		.uleb128 0x7
 695 0498 723400   		.ascii	"r4\000"
 696 049b 08       		.byte	0x8
 697 049c 1001     		.2byte	0x110
 698 049e 5C040000 		.4byte	0x45c
 699 04a2 00       		.byte	0
 700 04a3 07       		.uleb128 0x7
 701 04a4 723500   		.ascii	"r5\000"
 702 04a7 08       		.byte	0x8
 703 04a8 1101     		.2byte	0x111
 704 04aa 5C040000 		.4byte	0x45c
 705 04ae 04       		.byte	0x4
 706 04af 07       		.uleb128 0x7
 707 04b0 723600   		.ascii	"r6\000"
 708 04b3 08       		.byte	0x8
 709 04b4 1201     		.2byte	0x112
 710 04b6 5C040000 		.4byte	0x45c
 711 04ba 08       		.byte	0x8
 712 04bb 07       		.uleb128 0x7
 713 04bc 723700   		.ascii	"r7\000"
 714 04bf 08       		.byte	0x8
 715 04c0 1301     		.2byte	0x113
 716 04c2 5C040000 		.4byte	0x45c
 717 04c6 0C       		.byte	0xc
 718 04c7 07       		.uleb128 0x7
 719 04c8 723800   		.ascii	"r8\000"
 720 04cb 08       		.byte	0x8
 721 04cc 1401     		.2byte	0x114
 722 04ce 5C040000 		.4byte	0x45c
 723 04d2 10       		.byte	0x10
 724 04d3 07       		.uleb128 0x7
 725 04d4 723900   		.ascii	"r9\000"
 726 04d7 08       		.byte	0x8
 727 04d8 1501     		.2byte	0x115
 728 04da 5C040000 		.4byte	0x45c
 729 04de 14       		.byte	0x14
 730 04df 07       		.uleb128 0x7
 731 04e0 72313000 		.ascii	"r10\000"
 732 04e4 08       		.byte	0x8
 733 04e5 1601     		.2byte	0x116
 734 04e7 5C040000 		.4byte	0x45c
 735 04eb 18       		.byte	0x18
 736 04ec 07       		.uleb128 0x7
 737 04ed 72313100 		.ascii	"r11\000"
 738 04f1 08       		.byte	0x8
 739 04f2 1701     		.2byte	0x117
ARM GAS  /tmp/ccYUwmkV.s 			page 14


 740 04f4 5C040000 		.4byte	0x45c
 741 04f8 1C       		.byte	0x1c
 742 04f9 07       		.uleb128 0x7
 743 04fa 6C7200   		.ascii	"lr\000"
 744 04fd 08       		.byte	0x8
 745 04fe 1801     		.2byte	0x118
 746 0500 5C040000 		.4byte	0x45c
 747 0504 20       		.byte	0x20
 748 0505 00       		.byte	0
 749 0506 09       		.uleb128 0x9
 750 0507 04       		.byte	0x4
 751 0508 8B040000 		.4byte	0x48b
 752 050c 11       		.uleb128 0x11
 753 050d 04       		.byte	0x4
 754 050e 09       		.byte	0x9
 755 050f 38       		.byte	0x38
 756 0510 21050000 		.4byte	0x521
 757 0514 06       		.uleb128 0x6
 758 0515 6F050000 		.4byte	.LASF85
 759 0519 09       		.byte	0x9
 760 051a 3C       		.byte	0x3c
 761 051b E4000000 		.4byte	0xe4
 762 051f 00       		.byte	0
 763 0520 00       		.byte	0
 764 0521 04       		.uleb128 0x4
 765 0522 C9020000 		.4byte	.LASF86
 766 0526 09       		.byte	0x9
 767 0527 3D       		.byte	0x3d
 768 0528 0C050000 		.4byte	0x50c
 769 052c 12       		.uleb128 0x12
 770 052d 04       		.byte	0x4
 771 052e 06       		.byte	0x6
 772 052f FA       		.byte	0xfa
 773 0530 95050000 		.4byte	0x595
 774 0534 13       		.uleb128 0x13
 775 0535 13000000 		.4byte	.LASF87
 776 0539 06       		.byte	0x6
 777 053a 0101     		.2byte	0x101
 778 053c 1B010000 		.4byte	0x11b
 779 0540 13       		.uleb128 0x13
 780 0541 7F000000 		.4byte	.LASF88
 781 0545 06       		.byte	0x6
 782 0546 0801     		.2byte	0x108
 783 0548 1B010000 		.4byte	0x11b
 784 054c 13       		.uleb128 0x13
 785 054d E8050000 		.4byte	.LASF89
 786 0551 06       		.byte	0x6
 787 0552 0F01     		.2byte	0x10f
 788 0554 1A030000 		.4byte	0x31a
 789 0558 13       		.uleb128 0x13
 790 0559 0D000000 		.4byte	.LASF90
 791 055d 06       		.byte	0x6
 792 055e 1601     		.2byte	0x116
 793 0560 95050000 		.4byte	0x595
 794 0564 13       		.uleb128 0x13
 795 0565 93000000 		.4byte	.LASF91
 796 0569 06       		.byte	0x6
ARM GAS  /tmp/ccYUwmkV.s 			page 15


 797 056a 1B01     		.2byte	0x11b
 798 056c 1B010000 		.4byte	0x11b
 799 0570 13       		.uleb128 0x13
 800 0571 B4010000 		.4byte	.LASF92
 801 0575 06       		.byte	0x6
 802 0576 2401     		.2byte	0x124
 803 0578 C0050000 		.4byte	0x5c0
 804 057c 13       		.uleb128 0x13
 805 057d F8030000 		.4byte	.LASF93
 806 0581 06       		.byte	0x6
 807 0582 2D01     		.2byte	0x12d
 808 0584 F7050000 		.4byte	0x5f7
 809 0588 13       		.uleb128 0x13
 810 0589 81030000 		.4byte	.LASF94
 811 058d 06       		.byte	0x6
 812 058e 3501     		.2byte	0x135
 813 0590 26010000 		.4byte	0x126
 814 0594 00       		.byte	0
 815 0595 09       		.uleb128 0x9
 816 0596 04       		.byte	0x4
 817 0597 32020000 		.4byte	0x232
 818 059b 05       		.uleb128 0x5
 819 059c D7030000 		.4byte	.LASF95
 820 05a0 0C       		.byte	0xc
 821 05a1 0A       		.byte	0xa
 822 05a2 34       		.byte	0x34
 823 05a3 C0050000 		.4byte	0x5c0
 824 05a7 06       		.uleb128 0x6
 825 05a8 34010000 		.4byte	.LASF96
 826 05ac 0A       		.byte	0xa
 827 05ad 35       		.byte	0x35
 828 05ae 67020000 		.4byte	0x267
 829 05b2 00       		.byte	0
 830 05b3 06       		.uleb128 0x6
 831 05b4 CB010000 		.4byte	.LASF97
 832 05b8 0A       		.byte	0xa
 833 05b9 37       		.byte	0x37
 834 05ba 31010000 		.4byte	0x131
 835 05be 08       		.byte	0x8
 836 05bf 00       		.byte	0
 837 05c0 09       		.uleb128 0x9
 838 05c1 04       		.byte	0x4
 839 05c2 9B050000 		.4byte	0x59b
 840 05c6 05       		.uleb128 0x5
 841 05c7 CA050000 		.4byte	.LASF98
 842 05cb 10       		.byte	0x10
 843 05cc 0B       		.byte	0xb
 844 05cd 39       		.byte	0x39
 845 05ce F7050000 		.4byte	0x5f7
 846 05d2 06       		.uleb128 0x6
 847 05d3 FD000000 		.4byte	.LASF99
 848 05d7 0B       		.byte	0xb
 849 05d8 3A       		.byte	0x3a
 850 05d9 67020000 		.4byte	0x267
 851 05dd 00       		.byte	0
 852 05de 06       		.uleb128 0x6
 853 05df 0E060000 		.4byte	.LASF100
ARM GAS  /tmp/ccYUwmkV.s 			page 16


 854 05e3 0B       		.byte	0xb
 855 05e4 3C       		.byte	0x3c
 856 05e5 3D020000 		.4byte	0x23d
 857 05e9 08       		.byte	0x8
 858 05ea 06       		.uleb128 0x6
 859 05eb 35050000 		.4byte	.LASF101
 860 05ef 0B       		.byte	0xb
 861 05f0 3E       		.byte	0x3e
 862 05f1 35060000 		.4byte	0x635
 863 05f5 0C       		.byte	0xc
 864 05f6 00       		.byte	0
 865 05f7 09       		.uleb128 0x9
 866 05f8 04       		.byte	0x4
 867 05f9 C6050000 		.4byte	0x5c6
 868 05fd 09       		.uleb128 0x9
 869 05fe 04       		.byte	0x4
 870 05ff 03060000 		.4byte	0x603
 871 0603 14       		.uleb128 0x14
 872 0604 08060000 		.4byte	0x608
 873 0608 03       		.uleb128 0x3
 874 0609 01       		.byte	0x1
 875 060a 08       		.byte	0x8
 876 060b 32040000 		.4byte	.LASF102
 877 060f 09       		.uleb128 0x9
 878 0610 04       		.byte	0x4
 879 0611 1C030000 		.4byte	0x31c
 880 0615 0F       		.uleb128 0xf
 881 0616 FD050000 		.4byte	0x5fd
 882 061a 15       		.uleb128 0x15
 883 061b 67040000 		.4byte	0x467
 884 061f 2A060000 		.4byte	0x62a
 885 0623 16       		.uleb128 0x16
 886 0624 50040000 		.4byte	0x450
 887 0628 1A       		.byte	0x1a
 888 0629 00       		.byte	0
 889 062a 04       		.uleb128 0x4
 890 062b 6F010000 		.4byte	.LASF103
 891 062f 0B       		.byte	0xb
 892 0630 34       		.byte	0x34
 893 0631 C6050000 		.4byte	0x5c6
 894 0635 09       		.uleb128 0x9
 895 0636 04       		.byte	0x4
 896 0637 2A060000 		.4byte	0x62a
 897 063b 03       		.uleb128 0x3
 898 063c 01       		.byte	0x1
 899 063d 02       		.byte	0x2
 900 063e 42030000 		.4byte	.LASF104
 901 0642 11       		.uleb128 0x11
 902 0643 04       		.byte	0x4
 903 0644 0C       		.byte	0xc
 904 0645 E7       		.byte	0xe7
 905 0646 63060000 		.4byte	0x663
 906 064a 10       		.uleb128 0x10
 907 064b 73657400 		.ascii	"set\000"
 908 064f 0C       		.byte	0xc
 909 0650 E8       		.byte	0xe8
 910 0651 AD000000 		.4byte	0xad
ARM GAS  /tmp/ccYUwmkV.s 			page 17


 911 0655 00       		.byte	0
 912 0656 06       		.uleb128 0x6
 913 0657 7F020000 		.4byte	.LASF105
 914 065b 0C       		.byte	0xc
 915 065c E9       		.byte	0xe9
 916 065d AD000000 		.4byte	0xad
 917 0661 02       		.byte	0x2
 918 0662 00       		.byte	0
 919 0663 12       		.uleb128 0x12
 920 0664 04       		.byte	0x4
 921 0665 0C       		.byte	0xc
 922 0666 E5       		.byte	0xe5
 923 0667 7E060000 		.4byte	0x67e
 924 066b 17       		.uleb128 0x17
 925 066c 5700     		.ascii	"W\000"
 926 066e 0C       		.byte	0xc
 927 066f E6       		.byte	0xe6
 928 0670 C3000000 		.4byte	0xc3
 929 0674 17       		.uleb128 0x17
 930 0675 4800     		.ascii	"H\000"
 931 0677 0C       		.byte	0xc
 932 0678 EA       		.byte	0xea
 933 0679 42060000 		.4byte	0x642
 934 067d 00       		.byte	0
 935 067e 11       		.uleb128 0x11
 936 067f 2C       		.byte	0x2c
 937 0680 0C       		.byte	0xc
 938 0681 DD       		.byte	0xdd
 939 0682 0B070000 		.4byte	0x70b
 940 0686 06       		.uleb128 0x6
 941 0687 5C000000 		.4byte	.LASF106
 942 068b 0C       		.byte	0xc
 943 068c DF       		.byte	0xdf
 944 068d 57040000 		.4byte	0x457
 945 0691 00       		.byte	0
 946 0692 06       		.uleb128 0x6
 947 0693 2D000000 		.4byte	.LASF107
 948 0697 0C       		.byte	0xc
 949 0698 E0       		.byte	0xe0
 950 0699 57040000 		.4byte	0x457
 951 069d 04       		.byte	0x4
 952 069e 06       		.uleb128 0x6
 953 069f 3C010000 		.4byte	.LASF108
 954 06a3 0C       		.byte	0xc
 955 06a4 E1       		.byte	0xe1
 956 06a5 57040000 		.4byte	0x457
 957 06a9 08       		.byte	0x8
 958 06aa 06       		.uleb128 0x6
 959 06ab 79000000 		.4byte	.LASF109
 960 06af 0C       		.byte	0xc
 961 06b0 E2       		.byte	0xe2
 962 06b1 57040000 		.4byte	0x457
 963 06b5 0C       		.byte	0xc
 964 06b6 10       		.uleb128 0x10
 965 06b7 49445200 		.ascii	"IDR\000"
 966 06bb 0C       		.byte	0xc
 967 06bc E3       		.byte	0xe3
ARM GAS  /tmp/ccYUwmkV.s 			page 18


 968 06bd 57040000 		.4byte	0x457
 969 06c1 10       		.byte	0x10
 970 06c2 10       		.uleb128 0x10
 971 06c3 4F445200 		.ascii	"ODR\000"
 972 06c7 0C       		.byte	0xc
 973 06c8 E4       		.byte	0xe4
 974 06c9 57040000 		.4byte	0x457
 975 06cd 14       		.byte	0x14
 976 06ce 06       		.uleb128 0x6
 977 06cf F0000000 		.4byte	.LASF110
 978 06d3 0C       		.byte	0xc
 979 06d4 EB       		.byte	0xeb
 980 06d5 0B070000 		.4byte	0x70b
 981 06d9 18       		.byte	0x18
 982 06da 06       		.uleb128 0x6
 983 06db C6010000 		.4byte	.LASF111
 984 06df 0C       		.byte	0xc
 985 06e0 EC       		.byte	0xec
 986 06e1 57040000 		.4byte	0x457
 987 06e5 1C       		.byte	0x1c
 988 06e6 06       		.uleb128 0x6
 989 06e7 06030000 		.4byte	.LASF112
 990 06eb 0C       		.byte	0xc
 991 06ec ED       		.byte	0xed
 992 06ed 57040000 		.4byte	0x457
 993 06f1 20       		.byte	0x20
 994 06f2 06       		.uleb128 0x6
 995 06f3 F3020000 		.4byte	.LASF113
 996 06f7 0C       		.byte	0xc
 997 06f8 EE       		.byte	0xee
 998 06f9 57040000 		.4byte	0x457
 999 06fd 24       		.byte	0x24
 1000 06fe 10       		.uleb128 0x10
 1001 06ff 42525200 		.ascii	"BRR\000"
 1002 0703 0C       		.byte	0xc
 1003 0704 EF       		.byte	0xef
 1004 0705 57040000 		.4byte	0x457
 1005 0709 28       		.byte	0x28
 1006 070a 00       		.byte	0
 1007 070b 0F       		.uleb128 0xf
 1008 070c 63060000 		.4byte	0x663
 1009 0710 04       		.uleb128 0x4
 1010 0711 62010000 		.4byte	.LASF114
 1011 0715 0C       		.byte	0xc
 1012 0716 F0       		.byte	0xf0
 1013 0717 7E060000 		.4byte	0x67e
 1014 071b 18       		.uleb128 0x18
 1015 071c 4F000000 		.4byte	.LASF115
 1016 0720 0C       		.byte	0xc
 1017 0721 3F01     		.2byte	0x13f
 1018 0723 C3000000 		.4byte	0xc3
 1019 0727 18       		.uleb128 0x18
 1020 0728 05060000 		.4byte	.LASF116
 1021 072c 0C       		.byte	0xc
 1022 072d 4401     		.2byte	0x144
 1023 072f C3000000 		.4byte	0xc3
 1024 0733 18       		.uleb128 0x18
ARM GAS  /tmp/ccYUwmkV.s 			page 19


 1025 0734 76050000 		.4byte	.LASF117
 1026 0738 0C       		.byte	0xc
 1027 0739 5101     		.2byte	0x151
 1028 073b 3F070000 		.4byte	0x73f
 1029 073f 09       		.uleb128 0x9
 1030 0740 04       		.byte	0x4
 1031 0741 10070000 		.4byte	0x710
 1032 0745 11       		.uleb128 0x11
 1033 0746 0C       		.byte	0xc
 1034 0747 0D       		.byte	0xd
 1035 0748 7A       		.byte	0x7a
 1036 0749 72070000 		.4byte	0x772
 1037 074d 06       		.uleb128 0x6
 1038 074e EC020000 		.4byte	.LASF118
 1039 0752 0D       		.byte	0xd
 1040 0753 7E       		.byte	0x7e
 1041 0754 33070000 		.4byte	0x733
 1042 0758 00       		.byte	0
 1043 0759 06       		.uleb128 0x6
 1044 075a 4C010000 		.4byte	.LASF119
 1045 075e 0D       		.byte	0xd
 1046 075f 84       		.byte	0x84
 1047 0760 1B070000 		.4byte	0x71b
 1048 0764 04       		.byte	0x4
 1049 0765 06       		.uleb128 0x6
 1050 0766 6F050000 		.4byte	.LASF85
 1051 076a 0D       		.byte	0xd
 1052 076b 88       		.byte	0x88
 1053 076c D9000000 		.4byte	0xd9
 1054 0770 08       		.byte	0x8
 1055 0771 00       		.byte	0
 1056 0772 04       		.uleb128 0x4
 1057 0773 77010000 		.4byte	.LASF120
 1058 0777 0D       		.byte	0xd
 1059 0778 89       		.byte	0x89
 1060 0779 45070000 		.4byte	0x745
 1061 077d 19       		.uleb128 0x19
 1062 077e 3C040000 		.4byte	.LASF130
 1063 0782 01       		.byte	0x1
 1064 0783 41       		.byte	0x41
 1065 0784 1B070000 		.4byte	0x71b
 1066 0788 00000000 		.4byte	.LFB272
 1067 078c 10000000 		.4byte	.LFE272-.LFB272
 1068 0790 01       		.uleb128 0x1
 1069 0791 9C       		.byte	0x9c
 1070 0792 AF070000 		.4byte	0x7af
 1071 0796 1A       		.uleb128 0x1a
 1072 0797 62757300 		.ascii	"bus\000"
 1073 079b 01       		.byte	0x1
 1074 079c 41       		.byte	0x41
 1075 079d AF070000 		.4byte	0x7af
 1076 07a1 00000000 		.4byte	.LLST0
 1077 07a5 1B       		.uleb128 0x1b
 1078 07a6 A4030000 		.4byte	.LASF122
 1079 07aa C5070000 		.4byte	0x7c5
 1080 07ae 00       		.byte	0
 1081 07af 09       		.uleb128 0x9
ARM GAS  /tmp/ccYUwmkV.s 			page 20


 1082 07b0 04       		.byte	0x4
 1083 07b1 72070000 		.4byte	0x772
 1084 07b5 15       		.uleb128 0x15
 1085 07b6 08060000 		.4byte	0x608
 1086 07ba C5070000 		.4byte	0x7c5
 1087 07be 16       		.uleb128 0x16
 1088 07bf 50040000 		.4byte	0x450
 1089 07c3 0A       		.byte	0xa
 1090 07c4 00       		.byte	0
 1091 07c5 14       		.uleb128 0x14
 1092 07c6 B5070000 		.4byte	0x7b5
 1093 07ca 1C       		.uleb128 0x1c
 1094 07cb AE050000 		.4byte	.LASF123
 1095 07cf 01       		.byte	0x1
 1096 07d0 5A       		.byte	0x5a
 1097 07d1 00000000 		.4byte	.LFB273
 1098 07d5 1E000000 		.4byte	.LFE273-.LFB273
 1099 07d9 01       		.uleb128 0x1
 1100 07da 9C       		.byte	0x9c
 1101 07db 05080000 		.4byte	0x805
 1102 07df 1A       		.uleb128 0x1a
 1103 07e0 62757300 		.ascii	"bus\000"
 1104 07e4 01       		.byte	0x1
 1105 07e5 5A       		.byte	0x5a
 1106 07e6 AF070000 		.4byte	0x7af
 1107 07ea 21000000 		.4byte	.LLST1
 1108 07ee 1D       		.uleb128 0x1d
 1109 07ef 0C010000 		.4byte	.LASF121
 1110 07f3 01       		.byte	0x1
 1111 07f4 5A       		.byte	0x5a
 1112 07f5 1B070000 		.4byte	0x71b
 1113 07f9 01       		.uleb128 0x1
 1114 07fa 51       		.byte	0x51
 1115 07fb 1B       		.uleb128 0x1b
 1116 07fc A4030000 		.4byte	.LASF122
 1117 0800 15080000 		.4byte	0x815
 1118 0804 00       		.byte	0
 1119 0805 15       		.uleb128 0x15
 1120 0806 08060000 		.4byte	0x608
 1121 080a 15080000 		.4byte	0x815
 1122 080e 16       		.uleb128 0x16
 1123 080f 50040000 		.4byte	0x450
 1124 0813 0B       		.byte	0xb
 1125 0814 00       		.byte	0
 1126 0815 14       		.uleb128 0x14
 1127 0816 05080000 		.4byte	0x805
 1128 081a 1C       		.uleb128 0x1c
 1129 081b F8020000 		.4byte	.LASF124
 1130 081f 01       		.byte	0x1
 1131 0820 71       		.byte	0x71
 1132 0821 00000000 		.4byte	.LFB274
 1133 0825 16000000 		.4byte	.LFE274-.LFB274
 1134 0829 01       		.uleb128 0x1
 1135 082a 9C       		.byte	0x9c
 1136 082b 68080000 		.4byte	0x868
 1137 082f 1A       		.uleb128 0x1a
 1138 0830 62757300 		.ascii	"bus\000"
ARM GAS  /tmp/ccYUwmkV.s 			page 21


 1139 0834 01       		.byte	0x1
 1140 0835 71       		.byte	0x71
 1141 0836 AF070000 		.4byte	0x7af
 1142 083a 42000000 		.4byte	.LLST2
 1143 083e 1E       		.uleb128 0x1e
 1144 083f 37040000 		.4byte	.LASF125
 1145 0843 01       		.byte	0x1
 1146 0844 71       		.byte	0x71
 1147 0845 27070000 		.4byte	0x727
 1148 0849 63000000 		.4byte	.LLST3
 1149 084d 1B       		.uleb128 0x1b
 1150 084e A4030000 		.4byte	.LASF122
 1151 0852 78080000 		.4byte	0x878
 1152 0856 1F       		.uleb128 0x1f
 1153 0857 16000000 		.4byte	.LVL7
 1154 085b 99080000 		.4byte	0x899
 1155 085f 20       		.uleb128 0x20
 1156 0860 01       		.uleb128 0x1
 1157 0861 52       		.byte	0x52
 1158 0862 03       		.uleb128 0x3
 1159 0863 F3       		.byte	0xf3
 1160 0864 01       		.uleb128 0x1
 1161 0865 51       		.byte	0x51
 1162 0866 00       		.byte	0
 1163 0867 00       		.byte	0
 1164 0868 15       		.uleb128 0x15
 1165 0869 08060000 		.4byte	0x608
 1166 086d 78080000 		.4byte	0x878
 1167 0871 16       		.uleb128 0x16
 1168 0872 50040000 		.4byte	0x450
 1169 0876 0D       		.byte	0xd
 1170 0877 00       		.byte	0
 1171 0878 14       		.uleb128 0x14
 1172 0879 68080000 		.4byte	0x868
 1173 087d 21       		.uleb128 0x21
 1174 087e B1000000 		.4byte	.LASF126
 1175 0882 0E       		.byte	0xe
 1176 0883 FA06     		.2byte	0x6fa
 1177 0885 89080000 		.4byte	0x889
 1178 0889 0F       		.uleb128 0xf
 1179 088a B8000000 		.4byte	0xb8
 1180 088e 22       		.uleb128 0x22
 1181 088f 636800   		.ascii	"ch\000"
 1182 0892 06       		.byte	0x6
 1183 0893 0B02     		.2byte	0x20b
 1184 0895 E9030000 		.4byte	0x3e9
 1185 0899 23       		.uleb128 0x23
 1186 089a 89050000 		.4byte	.LASF131
 1187 089e 0C       		.byte	0xc
 1188 089f 2402     		.2byte	0x224
 1189 08a1 0C       		.uleb128 0xc
 1190 08a2 33070000 		.4byte	0x733
 1191 08a6 0C       		.uleb128 0xc
 1192 08a7 1B070000 		.4byte	0x71b
 1193 08ab 0C       		.uleb128 0xc
 1194 08ac 27070000 		.4byte	0x727
 1195 08b0 00       		.byte	0
ARM GAS  /tmp/ccYUwmkV.s 			page 22


 1196 08b1 00       		.byte	0
 1197              		.section	.debug_abbrev,"",%progbits
 1198              	.Ldebug_abbrev0:
 1199 0000 01       		.uleb128 0x1
 1200 0001 11       		.uleb128 0x11
 1201 0002 01       		.byte	0x1
 1202 0003 25       		.uleb128 0x25
 1203 0004 0E       		.uleb128 0xe
 1204 0005 13       		.uleb128 0x13
 1205 0006 0B       		.uleb128 0xb
 1206 0007 03       		.uleb128 0x3
 1207 0008 0E       		.uleb128 0xe
 1208 0009 1B       		.uleb128 0x1b
 1209 000a 0E       		.uleb128 0xe
 1210 000b 55       		.uleb128 0x55
 1211 000c 17       		.uleb128 0x17
 1212 000d 11       		.uleb128 0x11
 1213 000e 01       		.uleb128 0x1
 1214 000f 10       		.uleb128 0x10
 1215 0010 17       		.uleb128 0x17
 1216 0011 00       		.byte	0
 1217 0012 00       		.byte	0
 1218 0013 02       		.uleb128 0x2
 1219 0014 24       		.uleb128 0x24
 1220 0015 00       		.byte	0
 1221 0016 0B       		.uleb128 0xb
 1222 0017 0B       		.uleb128 0xb
 1223 0018 3E       		.uleb128 0x3e
 1224 0019 0B       		.uleb128 0xb
 1225 001a 03       		.uleb128 0x3
 1226 001b 08       		.uleb128 0x8
 1227 001c 00       		.byte	0
 1228 001d 00       		.byte	0
 1229 001e 03       		.uleb128 0x3
 1230 001f 24       		.uleb128 0x24
 1231 0020 00       		.byte	0
 1232 0021 0B       		.uleb128 0xb
 1233 0022 0B       		.uleb128 0xb
 1234 0023 3E       		.uleb128 0x3e
 1235 0024 0B       		.uleb128 0xb
 1236 0025 03       		.uleb128 0x3
 1237 0026 0E       		.uleb128 0xe
 1238 0027 00       		.byte	0
 1239 0028 00       		.byte	0
 1240 0029 04       		.uleb128 0x4
 1241 002a 16       		.uleb128 0x16
 1242 002b 00       		.byte	0
 1243 002c 03       		.uleb128 0x3
 1244 002d 0E       		.uleb128 0xe
 1245 002e 3A       		.uleb128 0x3a
 1246 002f 0B       		.uleb128 0xb
 1247 0030 3B       		.uleb128 0x3b
 1248 0031 0B       		.uleb128 0xb
 1249 0032 49       		.uleb128 0x49
 1250 0033 13       		.uleb128 0x13
 1251 0034 00       		.byte	0
 1252 0035 00       		.byte	0
ARM GAS  /tmp/ccYUwmkV.s 			page 23


 1253 0036 05       		.uleb128 0x5
 1254 0037 13       		.uleb128 0x13
 1255 0038 01       		.byte	0x1
 1256 0039 03       		.uleb128 0x3
 1257 003a 0E       		.uleb128 0xe
 1258 003b 0B       		.uleb128 0xb
 1259 003c 0B       		.uleb128 0xb
 1260 003d 3A       		.uleb128 0x3a
 1261 003e 0B       		.uleb128 0xb
 1262 003f 3B       		.uleb128 0x3b
 1263 0040 0B       		.uleb128 0xb
 1264 0041 01       		.uleb128 0x1
 1265 0042 13       		.uleb128 0x13
 1266 0043 00       		.byte	0
 1267 0044 00       		.byte	0
 1268 0045 06       		.uleb128 0x6
 1269 0046 0D       		.uleb128 0xd
 1270 0047 00       		.byte	0
 1271 0048 03       		.uleb128 0x3
 1272 0049 0E       		.uleb128 0xe
 1273 004a 3A       		.uleb128 0x3a
 1274 004b 0B       		.uleb128 0xb
 1275 004c 3B       		.uleb128 0x3b
 1276 004d 0B       		.uleb128 0xb
 1277 004e 49       		.uleb128 0x49
 1278 004f 13       		.uleb128 0x13
 1279 0050 38       		.uleb128 0x38
 1280 0051 0B       		.uleb128 0xb
 1281 0052 00       		.byte	0
 1282 0053 00       		.byte	0
 1283 0054 07       		.uleb128 0x7
 1284 0055 0D       		.uleb128 0xd
 1285 0056 00       		.byte	0
 1286 0057 03       		.uleb128 0x3
 1287 0058 08       		.uleb128 0x8
 1288 0059 3A       		.uleb128 0x3a
 1289 005a 0B       		.uleb128 0xb
 1290 005b 3B       		.uleb128 0x3b
 1291 005c 05       		.uleb128 0x5
 1292 005d 49       		.uleb128 0x49
 1293 005e 13       		.uleb128 0x13
 1294 005f 38       		.uleb128 0x38
 1295 0060 0B       		.uleb128 0xb
 1296 0061 00       		.byte	0
 1297 0062 00       		.byte	0
 1298 0063 08       		.uleb128 0x8
 1299 0064 0D       		.uleb128 0xd
 1300 0065 00       		.byte	0
 1301 0066 03       		.uleb128 0x3
 1302 0067 0E       		.uleb128 0xe
 1303 0068 3A       		.uleb128 0x3a
 1304 0069 0B       		.uleb128 0xb
 1305 006a 3B       		.uleb128 0x3b
 1306 006b 05       		.uleb128 0x5
 1307 006c 49       		.uleb128 0x49
 1308 006d 13       		.uleb128 0x13
 1309 006e 38       		.uleb128 0x38
ARM GAS  /tmp/ccYUwmkV.s 			page 24


 1310 006f 0B       		.uleb128 0xb
 1311 0070 00       		.byte	0
 1312 0071 00       		.byte	0
 1313 0072 09       		.uleb128 0x9
 1314 0073 0F       		.uleb128 0xf
 1315 0074 00       		.byte	0
 1316 0075 0B       		.uleb128 0xb
 1317 0076 0B       		.uleb128 0xb
 1318 0077 49       		.uleb128 0x49
 1319 0078 13       		.uleb128 0x13
 1320 0079 00       		.byte	0
 1321 007a 00       		.byte	0
 1322 007b 0A       		.uleb128 0xa
 1323 007c 13       		.uleb128 0x13
 1324 007d 01       		.byte	0x1
 1325 007e 03       		.uleb128 0x3
 1326 007f 0E       		.uleb128 0xe
 1327 0080 0B       		.uleb128 0xb
 1328 0081 0B       		.uleb128 0xb
 1329 0082 3A       		.uleb128 0x3a
 1330 0083 0B       		.uleb128 0xb
 1331 0084 3B       		.uleb128 0x3b
 1332 0085 05       		.uleb128 0x5
 1333 0086 01       		.uleb128 0x1
 1334 0087 13       		.uleb128 0x13
 1335 0088 00       		.byte	0
 1336 0089 00       		.byte	0
 1337 008a 0B       		.uleb128 0xb
 1338 008b 15       		.uleb128 0x15
 1339 008c 01       		.byte	0x1
 1340 008d 27       		.uleb128 0x27
 1341 008e 19       		.uleb128 0x19
 1342 008f 01       		.uleb128 0x1
 1343 0090 13       		.uleb128 0x13
 1344 0091 00       		.byte	0
 1345 0092 00       		.byte	0
 1346 0093 0C       		.uleb128 0xc
 1347 0094 05       		.uleb128 0x5
 1348 0095 00       		.byte	0
 1349 0096 49       		.uleb128 0x49
 1350 0097 13       		.uleb128 0x13
 1351 0098 00       		.byte	0
 1352 0099 00       		.byte	0
 1353 009a 0D       		.uleb128 0xd
 1354 009b 0F       		.uleb128 0xf
 1355 009c 00       		.byte	0
 1356 009d 0B       		.uleb128 0xb
 1357 009e 0B       		.uleb128 0xb
 1358 009f 00       		.byte	0
 1359 00a0 00       		.byte	0
 1360 00a1 0E       		.uleb128 0xe
 1361 00a2 13       		.uleb128 0x13
 1362 00a3 01       		.byte	0x1
 1363 00a4 03       		.uleb128 0x3
 1364 00a5 0E       		.uleb128 0xe
 1365 00a6 0B       		.uleb128 0xb
 1366 00a7 05       		.uleb128 0x5
ARM GAS  /tmp/ccYUwmkV.s 			page 25


 1367 00a8 3A       		.uleb128 0x3a
 1368 00a9 0B       		.uleb128 0xb
 1369 00aa 3B       		.uleb128 0x3b
 1370 00ab 05       		.uleb128 0x5
 1371 00ac 01       		.uleb128 0x1
 1372 00ad 13       		.uleb128 0x13
 1373 00ae 00       		.byte	0
 1374 00af 00       		.byte	0
 1375 00b0 0F       		.uleb128 0xf
 1376 00b1 35       		.uleb128 0x35
 1377 00b2 00       		.byte	0
 1378 00b3 49       		.uleb128 0x49
 1379 00b4 13       		.uleb128 0x13
 1380 00b5 00       		.byte	0
 1381 00b6 00       		.byte	0
 1382 00b7 10       		.uleb128 0x10
 1383 00b8 0D       		.uleb128 0xd
 1384 00b9 00       		.byte	0
 1385 00ba 03       		.uleb128 0x3
 1386 00bb 08       		.uleb128 0x8
 1387 00bc 3A       		.uleb128 0x3a
 1388 00bd 0B       		.uleb128 0xb
 1389 00be 3B       		.uleb128 0x3b
 1390 00bf 0B       		.uleb128 0xb
 1391 00c0 49       		.uleb128 0x49
 1392 00c1 13       		.uleb128 0x13
 1393 00c2 38       		.uleb128 0x38
 1394 00c3 0B       		.uleb128 0xb
 1395 00c4 00       		.byte	0
 1396 00c5 00       		.byte	0
 1397 00c6 11       		.uleb128 0x11
 1398 00c7 13       		.uleb128 0x13
 1399 00c8 01       		.byte	0x1
 1400 00c9 0B       		.uleb128 0xb
 1401 00ca 0B       		.uleb128 0xb
 1402 00cb 3A       		.uleb128 0x3a
 1403 00cc 0B       		.uleb128 0xb
 1404 00cd 3B       		.uleb128 0x3b
 1405 00ce 0B       		.uleb128 0xb
 1406 00cf 01       		.uleb128 0x1
 1407 00d0 13       		.uleb128 0x13
 1408 00d1 00       		.byte	0
 1409 00d2 00       		.byte	0
 1410 00d3 12       		.uleb128 0x12
 1411 00d4 17       		.uleb128 0x17
 1412 00d5 01       		.byte	0x1
 1413 00d6 0B       		.uleb128 0xb
 1414 00d7 0B       		.uleb128 0xb
 1415 00d8 3A       		.uleb128 0x3a
 1416 00d9 0B       		.uleb128 0xb
 1417 00da 3B       		.uleb128 0x3b
 1418 00db 0B       		.uleb128 0xb
 1419 00dc 01       		.uleb128 0x1
 1420 00dd 13       		.uleb128 0x13
 1421 00de 00       		.byte	0
 1422 00df 00       		.byte	0
 1423 00e0 13       		.uleb128 0x13
ARM GAS  /tmp/ccYUwmkV.s 			page 26


 1424 00e1 0D       		.uleb128 0xd
 1425 00e2 00       		.byte	0
 1426 00e3 03       		.uleb128 0x3
 1427 00e4 0E       		.uleb128 0xe
 1428 00e5 3A       		.uleb128 0x3a
 1429 00e6 0B       		.uleb128 0xb
 1430 00e7 3B       		.uleb128 0x3b
 1431 00e8 05       		.uleb128 0x5
 1432 00e9 49       		.uleb128 0x49
 1433 00ea 13       		.uleb128 0x13
 1434 00eb 00       		.byte	0
 1435 00ec 00       		.byte	0
 1436 00ed 14       		.uleb128 0x14
 1437 00ee 26       		.uleb128 0x26
 1438 00ef 00       		.byte	0
 1439 00f0 49       		.uleb128 0x49
 1440 00f1 13       		.uleb128 0x13
 1441 00f2 00       		.byte	0
 1442 00f3 00       		.byte	0
 1443 00f4 15       		.uleb128 0x15
 1444 00f5 01       		.uleb128 0x1
 1445 00f6 01       		.byte	0x1
 1446 00f7 49       		.uleb128 0x49
 1447 00f8 13       		.uleb128 0x13
 1448 00f9 01       		.uleb128 0x1
 1449 00fa 13       		.uleb128 0x13
 1450 00fb 00       		.byte	0
 1451 00fc 00       		.byte	0
 1452 00fd 16       		.uleb128 0x16
 1453 00fe 21       		.uleb128 0x21
 1454 00ff 00       		.byte	0
 1455 0100 49       		.uleb128 0x49
 1456 0101 13       		.uleb128 0x13
 1457 0102 2F       		.uleb128 0x2f
 1458 0103 0B       		.uleb128 0xb
 1459 0104 00       		.byte	0
 1460 0105 00       		.byte	0
 1461 0106 17       		.uleb128 0x17
 1462 0107 0D       		.uleb128 0xd
 1463 0108 00       		.byte	0
 1464 0109 03       		.uleb128 0x3
 1465 010a 08       		.uleb128 0x8
 1466 010b 3A       		.uleb128 0x3a
 1467 010c 0B       		.uleb128 0xb
 1468 010d 3B       		.uleb128 0x3b
 1469 010e 0B       		.uleb128 0xb
 1470 010f 49       		.uleb128 0x49
 1471 0110 13       		.uleb128 0x13
 1472 0111 00       		.byte	0
 1473 0112 00       		.byte	0
 1474 0113 18       		.uleb128 0x18
 1475 0114 16       		.uleb128 0x16
 1476 0115 00       		.byte	0
 1477 0116 03       		.uleb128 0x3
 1478 0117 0E       		.uleb128 0xe
 1479 0118 3A       		.uleb128 0x3a
 1480 0119 0B       		.uleb128 0xb
ARM GAS  /tmp/ccYUwmkV.s 			page 27


 1481 011a 3B       		.uleb128 0x3b
 1482 011b 05       		.uleb128 0x5
 1483 011c 49       		.uleb128 0x49
 1484 011d 13       		.uleb128 0x13
 1485 011e 00       		.byte	0
 1486 011f 00       		.byte	0
 1487 0120 19       		.uleb128 0x19
 1488 0121 2E       		.uleb128 0x2e
 1489 0122 01       		.byte	0x1
 1490 0123 3F       		.uleb128 0x3f
 1491 0124 19       		.uleb128 0x19
 1492 0125 03       		.uleb128 0x3
 1493 0126 0E       		.uleb128 0xe
 1494 0127 3A       		.uleb128 0x3a
 1495 0128 0B       		.uleb128 0xb
 1496 0129 3B       		.uleb128 0x3b
 1497 012a 0B       		.uleb128 0xb
 1498 012b 27       		.uleb128 0x27
 1499 012c 19       		.uleb128 0x19
 1500 012d 49       		.uleb128 0x49
 1501 012e 13       		.uleb128 0x13
 1502 012f 11       		.uleb128 0x11
 1503 0130 01       		.uleb128 0x1
 1504 0131 12       		.uleb128 0x12
 1505 0132 06       		.uleb128 0x6
 1506 0133 40       		.uleb128 0x40
 1507 0134 18       		.uleb128 0x18
 1508 0135 9742     		.uleb128 0x2117
 1509 0137 19       		.uleb128 0x19
 1510 0138 01       		.uleb128 0x1
 1511 0139 13       		.uleb128 0x13
 1512 013a 00       		.byte	0
 1513 013b 00       		.byte	0
 1514 013c 1A       		.uleb128 0x1a
 1515 013d 05       		.uleb128 0x5
 1516 013e 00       		.byte	0
 1517 013f 03       		.uleb128 0x3
 1518 0140 08       		.uleb128 0x8
 1519 0141 3A       		.uleb128 0x3a
 1520 0142 0B       		.uleb128 0xb
 1521 0143 3B       		.uleb128 0x3b
 1522 0144 0B       		.uleb128 0xb
 1523 0145 49       		.uleb128 0x49
 1524 0146 13       		.uleb128 0x13
 1525 0147 02       		.uleb128 0x2
 1526 0148 17       		.uleb128 0x17
 1527 0149 00       		.byte	0
 1528 014a 00       		.byte	0
 1529 014b 1B       		.uleb128 0x1b
 1530 014c 34       		.uleb128 0x34
 1531 014d 00       		.byte	0
 1532 014e 03       		.uleb128 0x3
 1533 014f 0E       		.uleb128 0xe
 1534 0150 49       		.uleb128 0x49
 1535 0151 13       		.uleb128 0x13
 1536 0152 34       		.uleb128 0x34
 1537 0153 19       		.uleb128 0x19
ARM GAS  /tmp/ccYUwmkV.s 			page 28


 1538 0154 00       		.byte	0
 1539 0155 00       		.byte	0
 1540 0156 1C       		.uleb128 0x1c
 1541 0157 2E       		.uleb128 0x2e
 1542 0158 01       		.byte	0x1
 1543 0159 3F       		.uleb128 0x3f
 1544 015a 19       		.uleb128 0x19
 1545 015b 03       		.uleb128 0x3
 1546 015c 0E       		.uleb128 0xe
 1547 015d 3A       		.uleb128 0x3a
 1548 015e 0B       		.uleb128 0xb
 1549 015f 3B       		.uleb128 0x3b
 1550 0160 0B       		.uleb128 0xb
 1551 0161 27       		.uleb128 0x27
 1552 0162 19       		.uleb128 0x19
 1553 0163 11       		.uleb128 0x11
 1554 0164 01       		.uleb128 0x1
 1555 0165 12       		.uleb128 0x12
 1556 0166 06       		.uleb128 0x6
 1557 0167 40       		.uleb128 0x40
 1558 0168 18       		.uleb128 0x18
 1559 0169 9742     		.uleb128 0x2117
 1560 016b 19       		.uleb128 0x19
 1561 016c 01       		.uleb128 0x1
 1562 016d 13       		.uleb128 0x13
 1563 016e 00       		.byte	0
 1564 016f 00       		.byte	0
 1565 0170 1D       		.uleb128 0x1d
 1566 0171 05       		.uleb128 0x5
 1567 0172 00       		.byte	0
 1568 0173 03       		.uleb128 0x3
 1569 0174 0E       		.uleb128 0xe
 1570 0175 3A       		.uleb128 0x3a
 1571 0176 0B       		.uleb128 0xb
 1572 0177 3B       		.uleb128 0x3b
 1573 0178 0B       		.uleb128 0xb
 1574 0179 49       		.uleb128 0x49
 1575 017a 13       		.uleb128 0x13
 1576 017b 02       		.uleb128 0x2
 1577 017c 18       		.uleb128 0x18
 1578 017d 00       		.byte	0
 1579 017e 00       		.byte	0
 1580 017f 1E       		.uleb128 0x1e
 1581 0180 05       		.uleb128 0x5
 1582 0181 00       		.byte	0
 1583 0182 03       		.uleb128 0x3
 1584 0183 0E       		.uleb128 0xe
 1585 0184 3A       		.uleb128 0x3a
 1586 0185 0B       		.uleb128 0xb
 1587 0186 3B       		.uleb128 0x3b
 1588 0187 0B       		.uleb128 0xb
 1589 0188 49       		.uleb128 0x49
 1590 0189 13       		.uleb128 0x13
 1591 018a 02       		.uleb128 0x2
 1592 018b 17       		.uleb128 0x17
 1593 018c 00       		.byte	0
 1594 018d 00       		.byte	0
ARM GAS  /tmp/ccYUwmkV.s 			page 29


 1595 018e 1F       		.uleb128 0x1f
 1596 018f 898201   		.uleb128 0x4109
 1597 0192 01       		.byte	0x1
 1598 0193 11       		.uleb128 0x11
 1599 0194 01       		.uleb128 0x1
 1600 0195 9542     		.uleb128 0x2115
 1601 0197 19       		.uleb128 0x19
 1602 0198 31       		.uleb128 0x31
 1603 0199 13       		.uleb128 0x13
 1604 019a 00       		.byte	0
 1605 019b 00       		.byte	0
 1606 019c 20       		.uleb128 0x20
 1607 019d 8A8201   		.uleb128 0x410a
 1608 01a0 00       		.byte	0
 1609 01a1 02       		.uleb128 0x2
 1610 01a2 18       		.uleb128 0x18
 1611 01a3 9142     		.uleb128 0x2111
 1612 01a5 18       		.uleb128 0x18
 1613 01a6 00       		.byte	0
 1614 01a7 00       		.byte	0
 1615 01a8 21       		.uleb128 0x21
 1616 01a9 34       		.uleb128 0x34
 1617 01aa 00       		.byte	0
 1618 01ab 03       		.uleb128 0x3
 1619 01ac 0E       		.uleb128 0xe
 1620 01ad 3A       		.uleb128 0x3a
 1621 01ae 0B       		.uleb128 0xb
 1622 01af 3B       		.uleb128 0x3b
 1623 01b0 05       		.uleb128 0x5
 1624 01b1 49       		.uleb128 0x49
 1625 01b2 13       		.uleb128 0x13
 1626 01b3 3F       		.uleb128 0x3f
 1627 01b4 19       		.uleb128 0x19
 1628 01b5 3C       		.uleb128 0x3c
 1629 01b6 19       		.uleb128 0x19
 1630 01b7 00       		.byte	0
 1631 01b8 00       		.byte	0
 1632 01b9 22       		.uleb128 0x22
 1633 01ba 34       		.uleb128 0x34
 1634 01bb 00       		.byte	0
 1635 01bc 03       		.uleb128 0x3
 1636 01bd 08       		.uleb128 0x8
 1637 01be 3A       		.uleb128 0x3a
 1638 01bf 0B       		.uleb128 0xb
 1639 01c0 3B       		.uleb128 0x3b
 1640 01c1 05       		.uleb128 0x5
 1641 01c2 49       		.uleb128 0x49
 1642 01c3 13       		.uleb128 0x13
 1643 01c4 3F       		.uleb128 0x3f
 1644 01c5 19       		.uleb128 0x19
 1645 01c6 3C       		.uleb128 0x3c
 1646 01c7 19       		.uleb128 0x19
 1647 01c8 00       		.byte	0
 1648 01c9 00       		.byte	0
 1649 01ca 23       		.uleb128 0x23
 1650 01cb 2E       		.uleb128 0x2e
 1651 01cc 01       		.byte	0x1
ARM GAS  /tmp/ccYUwmkV.s 			page 30


 1652 01cd 3F       		.uleb128 0x3f
 1653 01ce 19       		.uleb128 0x19
 1654 01cf 03       		.uleb128 0x3
 1655 01d0 0E       		.uleb128 0xe
 1656 01d1 3A       		.uleb128 0x3a
 1657 01d2 0B       		.uleb128 0xb
 1658 01d3 3B       		.uleb128 0x3b
 1659 01d4 05       		.uleb128 0x5
 1660 01d5 27       		.uleb128 0x27
 1661 01d6 19       		.uleb128 0x19
 1662 01d7 3C       		.uleb128 0x3c
 1663 01d8 19       		.uleb128 0x19
 1664 01d9 00       		.byte	0
 1665 01da 00       		.byte	0
 1666 01db 00       		.byte	0
 1667              		.section	.debug_loc,"",%progbits
 1668              	.Ldebug_loc0:
 1669              	.LLST0:
 1670 0000 00000000 		.4byte	.LVL0
 1671 0004 0C000000 		.4byte	.LVL1
 1672 0008 0100     		.2byte	0x1
 1673 000a 50       		.byte	0x50
 1674 000b 0C000000 		.4byte	.LVL1
 1675 000f 10000000 		.4byte	.LFE272
 1676 0013 0400     		.2byte	0x4
 1677 0015 F3       		.byte	0xf3
 1678 0016 01       		.uleb128 0x1
 1679 0017 50       		.byte	0x50
 1680 0018 9F       		.byte	0x9f
 1681 0019 00000000 		.4byte	0
 1682 001d 00000000 		.4byte	0
 1683              	.LLST1:
 1684 0021 00000000 		.4byte	.LVL2
 1685 0025 02000000 		.4byte	.LVL3
 1686 0029 0100     		.2byte	0x1
 1687 002b 50       		.byte	0x50
 1688 002c 02000000 		.4byte	.LVL3
 1689 0030 1E000000 		.4byte	.LFE273
 1690 0034 0400     		.2byte	0x4
 1691 0036 F3       		.byte	0xf3
 1692 0037 01       		.uleb128 0x1
 1693 0038 50       		.byte	0x50
 1694 0039 9F       		.byte	0x9f
 1695 003a 00000000 		.4byte	0
 1696 003e 00000000 		.4byte	0
 1697              	.LLST2:
 1698 0042 00000000 		.4byte	.LVL4
 1699 0046 0A000000 		.4byte	.LVL6
 1700 004a 0100     		.2byte	0x1
 1701 004c 50       		.byte	0x50
 1702 004d 0A000000 		.4byte	.LVL6
 1703 0051 16000000 		.4byte	.LFE274
 1704 0055 0400     		.2byte	0x4
 1705 0057 F3       		.byte	0xf3
 1706 0058 01       		.uleb128 0x1
 1707 0059 50       		.byte	0x50
 1708 005a 9F       		.byte	0x9f
ARM GAS  /tmp/ccYUwmkV.s 			page 31


 1709 005b 00000000 		.4byte	0
 1710 005f 00000000 		.4byte	0
 1711              	.LLST3:
 1712 0063 00000000 		.4byte	.LVL4
 1713 0067 08000000 		.4byte	.LVL5
 1714 006b 0100     		.2byte	0x1
 1715 006d 51       		.byte	0x51
 1716 006e 08000000 		.4byte	.LVL5
 1717 0072 15000000 		.4byte	.LVL7-1
 1718 0076 0100     		.2byte	0x1
 1719 0078 52       		.byte	0x52
 1720 0079 15000000 		.4byte	.LVL7-1
 1721 007d 16000000 		.4byte	.LFE274
 1722 0081 0400     		.2byte	0x4
 1723 0083 F3       		.byte	0xf3
 1724 0084 01       		.uleb128 0x1
 1725 0085 51       		.byte	0x51
 1726 0086 9F       		.byte	0x9f
 1727 0087 00000000 		.4byte	0
 1728 008b 00000000 		.4byte	0
 1729              		.section	.debug_aranges,"",%progbits
 1730 0000 2C000000 		.4byte	0x2c
 1731 0004 0200     		.2byte	0x2
 1732 0006 00000000 		.4byte	.Ldebug_info0
 1733 000a 04       		.byte	0x4
 1734 000b 00       		.byte	0
 1735 000c 0000     		.2byte	0
 1736 000e 0000     		.2byte	0
 1737 0010 00000000 		.4byte	.LFB272
 1738 0014 10000000 		.4byte	.LFE272-.LFB272
 1739 0018 00000000 		.4byte	.LFB273
 1740 001c 1E000000 		.4byte	.LFE273-.LFB273
 1741 0020 00000000 		.4byte	.LFB274
 1742 0024 16000000 		.4byte	.LFE274-.LFB274
 1743 0028 00000000 		.4byte	0
 1744 002c 00000000 		.4byte	0
 1745              		.section	.debug_ranges,"",%progbits
 1746              	.Ldebug_ranges0:
 1747 0000 00000000 		.4byte	.LFB272
 1748 0004 10000000 		.4byte	.LFE272
 1749 0008 00000000 		.4byte	.LFB273
 1750 000c 1E000000 		.4byte	.LFE273
 1751 0010 00000000 		.4byte	.LFB274
 1752 0014 16000000 		.4byte	.LFE274
 1753 0018 00000000 		.4byte	0
 1754 001c 00000000 		.4byte	0
 1755              		.section	.debug_line,"",%progbits
 1756              	.Ldebug_line0:
 1757 0000 BD020000 		.section	.debug_str,"MS",%progbits,1
 1757      02007D02 
 1757      00000201 
 1757      FB0E0D00 
 1757      01010101 
 1758              	.LASF52:
 1759 0000 72656164 		.ascii	"ready_list_t\000"
 1759      795F6C69 
 1759      73745F74 
ARM GAS  /tmp/ccYUwmkV.s 			page 32


 1759      00
 1760              	.LASF90:
 1761 000d 77747472 		.ascii	"wttrp\000"
 1761      7000
 1762              	.LASF87:
 1763 0013 7264796D 		.ascii	"rdymsg\000"
 1763      736700
 1764              	.LASF18:
 1765 001a 75696E74 		.ascii	"uint64_t\000"
 1765      36345F74 
 1765      00
 1766              	.LASF4:
 1767 0023 5F5F7569 		.ascii	"__uint8_t\000"
 1767      6E74385F 
 1767      7400
 1768              	.LASF107:
 1769 002d 4F545950 		.ascii	"OTYPER\000"
 1769      455200
 1770              	.LASF84:
 1771 0034 706F7274 		.ascii	"port_intctx\000"
 1771      5F696E74 
 1771      63747800 
 1772              	.LASF71:
 1773 0040 73797374 		.ascii	"system_debug_t\000"
 1773      656D5F64 
 1773      65627567 
 1773      5F7400
 1774              	.LASF115:
 1775 004f 696F706F 		.ascii	"ioportmask_t\000"
 1775      72746D61 
 1775      736B5F74 
 1775      00
 1776              	.LASF106:
 1777 005c 4D4F4445 		.ascii	"MODER\000"
 1777      5200
 1778              	.LASF13:
 1779 0062 6C6F6E67 		.ascii	"long long unsigned int\000"
 1779      206C6F6E 
 1779      6720756E 
 1779      7369676E 
 1779      65642069 
 1780              	.LASF109:
 1781 0079 50555044 		.ascii	"PUPDR\000"
 1781      5200
 1782              	.LASF88:
 1783 007f 65786974 		.ascii	"exitcode\000"
 1783      636F6465 
 1783      00
 1784              	.LASF78:
 1785 0088 6D61696E 		.ascii	"mainthread\000"
 1785      74687265 
 1785      616400
 1786              	.LASF91:
 1787 0093 73656E74 		.ascii	"sentmsg\000"
 1787      6D736700 
 1788              	.LASF68:
 1789 009b 76697274 		.ascii	"virtual_timers_list_t\000"
ARM GAS  /tmp/ccYUwmkV.s 			page 33


 1789      75616C5F 
 1789      74696D65 
 1789      72735F6C 
 1789      6973745F 
 1790              	.LASF126:
 1791 00b1 49544D5F 		.ascii	"ITM_RxBuffer\000"
 1791      52784275 
 1791      66666572 
 1791      00
 1792              	.LASF51:
 1793 00be 63685F74 		.ascii	"ch_threads_queue\000"
 1793      68726561 
 1793      64735F71 
 1793      75657565 
 1793      00
 1794              	.LASF32:
 1795 00cf 705F7072 		.ascii	"p_prio\000"
 1795      696F00
 1796              	.LASF11:
 1797 00d6 6C6F6E67 		.ascii	"long long int\000"
 1797      206C6F6E 
 1797      6720696E 
 1797      7400
 1798              	.LASF1:
 1799 00e4 7369676E 		.ascii	"signed char\000"
 1799      65642063 
 1799      68617200 
 1800              	.LASF110:
 1801 00f0 42535252 		.ascii	"BSRR\000"
 1801      00
 1802              	.LASF45:
 1803 00f5 705F6D70 		.ascii	"p_mpool\000"
 1803      6F6F6C00 
 1804              	.LASF99:
 1805 00fd 6D5F7175 		.ascii	"m_queue\000"
 1805      65756500 
 1806              	.LASF77:
 1807 0105 76746C69 		.ascii	"vtlist\000"
 1807      737400
 1808              	.LASF121:
 1809 010c 62697473 		.ascii	"bits\000"
 1809      00
 1810              	.LASF8:
 1811 0111 6C6F6E67 		.ascii	"long int\000"
 1811      20696E74 
 1811      00
 1812              	.LASF22:
 1813 011a 74737461 		.ascii	"tstate_t\000"
 1813      74655F74 
 1813      00
 1814              	.LASF15:
 1815 0123 75696E74 		.ascii	"uint16_t\000"
 1815      31365F74 
 1815      00
 1816              	.LASF34:
 1817 012c 705F6E65 		.ascii	"p_newer\000"
 1817      77657200 
ARM GAS  /tmp/ccYUwmkV.s 			page 34


 1818              	.LASF96:
 1819 0134 735F7175 		.ascii	"s_queue\000"
 1819      65756500 
 1820              	.LASF108:
 1821 013c 4F535045 		.ascii	"OSPEEDR\000"
 1821      45445200 
 1822              	.LASF57:
 1823 0144 725F6E65 		.ascii	"r_newer\000"
 1823      77657200 
 1824              	.LASF119:
 1825 014c 6D61736B 		.ascii	"mask\000"
 1825      00
 1826              	.LASF81:
 1827 0151 72656761 		.ascii	"regarm_t\000"
 1827      726D5F74 
 1827      00
 1828              	.LASF64:
 1829 015a 76745F70 		.ascii	"vt_prev\000"
 1829      72657600 
 1830              	.LASF114:
 1831 0162 73746D33 		.ascii	"stm32_gpio_t\000"
 1831      325F6770 
 1831      696F5F74 
 1831      00
 1832              	.LASF103:
 1833 016f 6D757465 		.ascii	"mutex_t\000"
 1833      785F7400 
 1834              	.LASF120:
 1835 0177 494F4275 		.ascii	"IOBus\000"
 1835      7300
 1836              	.LASF27:
 1837 017d 636E745F 		.ascii	"cnt_t\000"
 1837      7400
 1838              	.LASF0:
 1839 0183 756E7369 		.ascii	"unsigned int\000"
 1839      676E6564 
 1839      20696E74 
 1839      00
 1840              	.LASF63:
 1841 0190 76745F6E 		.ascii	"vt_next\000"
 1841      65787400 
 1842              	.LASF128:
 1843 0198 2E2E2F43 		.ascii	"../ChibiOS/os/hal/src/pal.c\000"
 1843      68696269 
 1843      4F532F6F 
 1843      732F6861 
 1843      6C2F7372 
 1844              	.LASF92:
 1845 01b4 77747365 		.ascii	"wtsemp\000"
 1845      6D7000
 1846              	.LASF41:
 1847 01bb 705F6D73 		.ascii	"p_msgqueue\000"
 1847      67717565 
 1847      756500
 1848              	.LASF111:
 1849 01c6 4C434B52 		.ascii	"LCKR\000"
 1849      00
ARM GAS  /tmp/ccYUwmkV.s 			page 35


 1850              	.LASF97:
 1851 01cb 735F636E 		.ascii	"s_cnt\000"
 1851      7400
 1852              	.LASF6:
 1853 01d1 73686F72 		.ascii	"short unsigned int\000"
 1853      7420756E 
 1853      7369676E 
 1853      65642069 
 1853      6E7400
 1854              	.LASF48:
 1855 01e4 63685F74 		.ascii	"ch_thread\000"
 1855      68726561 
 1855      6400
 1856              	.LASF25:
 1857 01ee 6D73675F 		.ascii	"msg_t\000"
 1857      7400
 1858              	.LASF74:
 1859 01f4 63685F73 		.ascii	"ch_system_t\000"
 1859      79737465 
 1859      6D5F7400 
 1860              	.LASF21:
 1861 0200 746D6F64 		.ascii	"tmode_t\000"
 1861      655F7400 
 1862              	.LASF53:
 1863 0208 63685F72 		.ascii	"ch_ready_list\000"
 1863      65616479 
 1863      5F6C6973 
 1863      7400
 1864              	.LASF26:
 1865 0216 6576656E 		.ascii	"eventmask_t\000"
 1865      746D6173 
 1865      6B5F7400 
 1866              	.LASF7:
 1867 0222 5F5F696E 		.ascii	"__int32_t\000"
 1867      7433325F 
 1867      7400
 1868              	.LASF82:
 1869 022c 73746B61 		.ascii	"stkalign_t\000"
 1869      6C69676E 
 1869      5F7400
 1870              	.LASF12:
 1871 0237 5F5F7569 		.ascii	"__uint64_t\000"
 1871      6E743634 
 1871      5F7400
 1872              	.LASF40:
 1873 0242 705F7761 		.ascii	"p_waiting\000"
 1873      6974696E 
 1873      6700
 1874              	.LASF80:
 1875 024c 73697A65 		.ascii	"sizetype\000"
 1875      74797065 
 1875      00
 1876              	.LASF46:
 1877 0255 74687265 		.ascii	"thread_reference_t\000"
 1877      61645F72 
 1877      65666572 
 1877      656E6365 
ARM GAS  /tmp/ccYUwmkV.s 			page 36


 1877      5F7400
 1878              	.LASF69:
 1879 0268 63685F76 		.ascii	"ch_virtual_timers_list\000"
 1879      69727475 
 1879      616C5F74 
 1879      696D6572 
 1879      735F6C69 
 1880              	.LASF105:
 1881 027f 636C6561 		.ascii	"clear\000"
 1881      7200
 1882              	.LASF129:
 1883 0285 2F752F63 		.ascii	"/u/cojthack/summerResearch2016/milestone2\000"
 1883      6F6A7468 
 1883      61636B2F 
 1883      73756D6D 
 1883      65725265 
 1884              	.LASF70:
 1885 02af 76745F6C 		.ascii	"vt_lasttime\000"
 1885      61737474 
 1885      696D6500 
 1886              	.LASF35:
 1887 02bb 705F6F6C 		.ascii	"p_older\000"
 1887      64657200 
 1888              	.LASF56:
 1889 02c3 725F6374 		.ascii	"r_ctx\000"
 1889      7800
 1890              	.LASF86:
 1891 02c9 746D5F63 		.ascii	"tm_calibration_t\000"
 1891      616C6962 
 1891      72617469 
 1891      6F6E5F74 
 1891      00
 1892              	.LASF59:
 1893 02da 725F6375 		.ascii	"r_current\000"
 1893      7272656E 
 1893      7400
 1894              	.LASF58:
 1895 02e4 725F6F6C 		.ascii	"r_older\000"
 1895      64657200 
 1896              	.LASF118:
 1897 02ec 706F7274 		.ascii	"portid\000"
 1897      696400
 1898              	.LASF113:
 1899 02f3 41465248 		.ascii	"AFRH\000"
 1899      00
 1900              	.LASF124:
 1901 02f8 70616C53 		.ascii	"palSetBusMode\000"
 1901      65744275 
 1901      734D6F64 
 1901      6500
 1902              	.LASF112:
 1903 0306 4146524C 		.ascii	"AFRL\000"
 1903      00
 1904              	.LASF23:
 1905 030b 74726566 		.ascii	"trefs_t\000"
 1905      735F7400 
 1906              	.LASF61:
ARM GAS  /tmp/ccYUwmkV.s 			page 37


 1907 0313 76697274 		.ascii	"virtual_timer_t\000"
 1907      75616C5F 
 1907      74696D65 
 1907      725F7400 
 1908              	.LASF31:
 1909 0323 705F7072 		.ascii	"p_prev\000"
 1909      657600
 1910              	.LASF24:
 1911 032a 74707269 		.ascii	"tprio_t\000"
 1911      6F5F7400 
 1912              	.LASF72:
 1913 0332 63685F73 		.ascii	"ch_system_debug\000"
 1913      79737465 
 1913      6D5F6465 
 1913      62756700 
 1914              	.LASF104:
 1915 0342 5F426F6F 		.ascii	"_Bool\000"
 1915      6C00
 1916              	.LASF16:
 1917 0348 696E7433 		.ascii	"int32_t\000"
 1917      325F7400 
 1918              	.LASF2:
 1919 0350 756E7369 		.ascii	"unsigned char\000"
 1919      676E6564 
 1919      20636861 
 1919      7200
 1920              	.LASF43:
 1921 035e 705F6D74 		.ascii	"p_mtxlist\000"
 1921      786C6973 
 1921      7400
 1922              	.LASF3:
 1923 0368 73686F72 		.ascii	"short int\000"
 1923      7420696E 
 1923      7400
 1924              	.LASF37:
 1925 0372 705F7374 		.ascii	"p_state\000"
 1925      61746500 
 1926              	.LASF55:
 1927 037a 725F7072 		.ascii	"r_prio\000"
 1927      696F00
 1928              	.LASF94:
 1929 0381 65776D61 		.ascii	"ewmask\000"
 1929      736B00
 1930              	.LASF30:
 1931 0388 705F6E65 		.ascii	"p_next\000"
 1931      787400
 1932              	.LASF19:
 1933 038f 75696E74 		.ascii	"uint_fast8_t\000"
 1933      5F666173 
 1933      74385F74 
 1933      00
 1934              	.LASF38:
 1935 039c 705F666C 		.ascii	"p_flags\000"
 1935      61677300 
 1936              	.LASF122:
 1937 03a4 5F5F6675 		.ascii	"__func__\000"
 1937      6E635F5F 
ARM GAS  /tmp/ccYUwmkV.s 			page 38


 1937      00
 1938              	.LASF79:
 1939 03ad 69646C65 		.ascii	"idle_thread_wa\000"
 1939      5F746872 
 1939      6561645F 
 1939      776100
 1940              	.LASF75:
 1941 03bc 63685F73 		.ascii	"ch_system\000"
 1941      79737465 
 1941      6D00
 1942              	.LASF62:
 1943 03c6 63685F76 		.ascii	"ch_virtual_timer\000"
 1943      69727475 
 1943      616C5F74 
 1943      696D6572 
 1943      00
 1944              	.LASF95:
 1945 03d7 63685F73 		.ascii	"ch_semaphore\000"
 1945      656D6170 
 1945      686F7265 
 1945      00
 1946              	.LASF42:
 1947 03e4 705F6570 		.ascii	"p_epending\000"
 1947      656E6469 
 1947      6E6700
 1948              	.LASF17:
 1949 03ef 75696E74 		.ascii	"uint32_t\000"
 1949      33325F74 
 1949      00
 1950              	.LASF93:
 1951 03f8 77746D74 		.ascii	"wtmtxp\000"
 1951      787000
 1952              	.LASF54:
 1953 03ff 725F7175 		.ascii	"r_queue\000"
 1953      65756500 
 1954              	.LASF65:
 1955 0407 76745F64 		.ascii	"vt_delta\000"
 1955      656C7461 
 1955      00
 1956              	.LASF49:
 1957 0410 63685F74 		.ascii	"ch_threads_list\000"
 1957      68726561 
 1957      64735F6C 
 1957      69737400 
 1958              	.LASF10:
 1959 0420 6C6F6E67 		.ascii	"long unsigned int\000"
 1959      20756E73 
 1959      69676E65 
 1959      6420696E 
 1959      7400
 1960              	.LASF102:
 1961 0432 63686172 		.ascii	"char\000"
 1961      00
 1962              	.LASF125:
 1963 0437 6D6F6465 		.ascii	"mode\000"
 1963      00
 1964              	.LASF130:
ARM GAS  /tmp/ccYUwmkV.s 			page 39


 1965 043c 70616C52 		.ascii	"palReadBus\000"
 1965      65616442 
 1965      757300
 1966              	.LASF5:
 1967 0447 5F5F7569 		.ascii	"__uint16_t\000"
 1967      6E743136 
 1967      5F7400
 1968              	.LASF29:
 1969 0452 74687265 		.ascii	"thread_t\000"
 1969      61645F74 
 1969      00
 1970              	.LASF127:
 1971 045b 474E5520 		.ascii	"GNU C 4.8.4 20140526 (release) [ARM/embedded-4_8-br"
 1971      4320342E 
 1971      382E3420 
 1971      32303134 
 1971      30353236 
 1972 048e 616E6368 		.ascii	"anch revision 211358] -mcpu=cortex-m4 -mno-thumb-in"
 1972      20726576 
 1972      6973696F 
 1972      6E203231 
 1972      31333538 
 1973 04c1 74657277 		.ascii	"terwork -mthumb -ggdb -O2 -fomit-frame-pointer -fal"
 1973      6F726B20 
 1973      2D6D7468 
 1973      756D6220 
 1973      2D676764 
 1974 04f4 69676E2D 		.ascii	"ign-functions=16 -ffunction-sections -fdata-section"
 1974      66756E63 
 1974      74696F6E 
 1974      733D3136 
 1974      202D6666 
 1975 0527 73202D66 		.ascii	"s -fno-common\000"
 1975      6E6F2D63 
 1975      6F6D6D6F 
 1975      6E00
 1976              	.LASF101:
 1977 0535 6D5F6E65 		.ascii	"m_next\000"
 1977      787400
 1978              	.LASF28:
 1979 053c 73797374 		.ascii	"systime_t\000"
 1979      696D655F 
 1979      7400
 1980              	.LASF44:
 1981 0546 705F7265 		.ascii	"p_realprio\000"
 1981      616C7072 
 1981      696F00
 1982              	.LASF60:
 1983 0551 76746675 		.ascii	"vtfunc_t\000"
 1983      6E635F74 
 1983      00
 1984              	.LASF9:
 1985 055a 5F5F7569 		.ascii	"__uint32_t\000"
 1985      6E743332 
 1985      5F7400
 1986              	.LASF73:
 1987 0565 70616E69 		.ascii	"panic_msg\000"
ARM GAS  /tmp/ccYUwmkV.s 			page 40


 1987      635F6D73 
 1987      6700
 1988              	.LASF85:
 1989 056f 6F666673 		.ascii	"offset\000"
 1989      657400
 1990              	.LASF117:
 1991 0576 696F706F 		.ascii	"ioportid_t\000"
 1991      72746964 
 1991      5F7400
 1992              	.LASF83:
 1993 0581 636F6E74 		.ascii	"context\000"
 1993      65787400 
 1994              	.LASF131:
 1995 0589 5F70616C 		.ascii	"_pal_lld_setgroupmode\000"
 1995      5F6C6C64 
 1995      5F736574 
 1995      67726F75 
 1995      706D6F64 
 1996              	.LASF20:
 1997 059f 7274636E 		.ascii	"rtcnt_t\000"
 1997      745F7400 
 1998              	.LASF67:
 1999 05a7 76745F70 		.ascii	"vt_par\000"
 1999      617200
 2000              	.LASF123:
 2001 05ae 70616C57 		.ascii	"palWriteBus\000"
 2001      72697465 
 2001      42757300 
 2002              	.LASF50:
 2003 05ba 74687265 		.ascii	"threads_queue_t\000"
 2003      6164735F 
 2003      71756575 
 2003      655F7400 
 2004              	.LASF98:
 2005 05ca 63685F6D 		.ascii	"ch_mutex\000"
 2005      75746578 
 2005      00
 2006              	.LASF39:
 2007 05d3 705F7265 		.ascii	"p_refs\000"
 2007      667300
 2008              	.LASF76:
 2009 05da 726C6973 		.ascii	"rlist\000"
 2009      7400
 2010              	.LASF14:
 2011 05e0 75696E74 		.ascii	"uint8_t\000"
 2011      385F7400 
 2012              	.LASF89:
 2013 05e8 77746F62 		.ascii	"wtobjp\000"
 2013      6A7000
 2014              	.LASF36:
 2015 05ef 705F6E61 		.ascii	"p_name\000"
 2015      6D6500
 2016              	.LASF47:
 2017 05f6 74687265 		.ascii	"threads_list_t\000"
 2017      6164735F 
 2017      6C697374 
 2017      5F7400
ARM GAS  /tmp/ccYUwmkV.s 			page 41


 2018              	.LASF116:
 2019 0605 696F6D6F 		.ascii	"iomode_t\000"
 2019      64655F74 
 2019      00
 2020              	.LASF100:
 2021 060e 6D5F6F77 		.ascii	"m_owner\000"
 2021      6E657200 
 2022              	.LASF33:
 2023 0616 705F6374 		.ascii	"p_ctx\000"
 2023      7800
 2024              	.LASF66:
 2025 061c 76745F66 		.ascii	"vt_func\000"
 2025      756E6300 
 2026              		.ident	"GCC: (GNU Tools for ARM Embedded Processors) 4.8.4 20140526 (release) [ARM/embedded-4_8-br
ARM GAS  /tmp/ccYUwmkV.s 			page 42


DEFINED SYMBOLS
                            *ABS*:00000000 pal.c
     /tmp/ccYUwmkV.s:19     .text.palReadBus:00000000 $t
     /tmp/ccYUwmkV.s:25     .text.palReadBus:00000000 palReadBus
     /tmp/ccYUwmkV.s:48     .text.palWriteBus:00000000 $t
     /tmp/ccYUwmkV.s:54     .text.palWriteBus:00000000 palWriteBus
     /tmp/ccYUwmkV.s:85     .text.palSetBusMode:00000000 $t
     /tmp/ccYUwmkV.s:91     .text.palSetBusMode:00000000 palSetBusMode
                     .debug_frame:00000010 $d

UNDEFINED SYMBOLS
_pal_lld_setgroupmode
