ARM GAS  /tmp/cccX7GF0.s 			page 1


   1              		.syntax unified
   2              		.cpu cortex-m4
   3              		.fpu softvfp
   4              		.eabi_attribute 20, 1
   5              		.eabi_attribute 21, 1
   6              		.eabi_attribute 23, 3
   7              		.eabi_attribute 24, 1
   8              		.eabi_attribute 25, 1
   9              		.eabi_attribute 26, 1
  10              		.eabi_attribute 30, 2
  11              		.eabi_attribute 34, 1
  12              		.eabi_attribute 18, 4
  13              		.thumb
  14              		.file	"chcore_v7m.c"
  15              		.text
  16              	.Ltext0:
  17              		.cfi_sections	.debug_frame
  18              		.section	.text.SVC_Handler,"ax",%progbits
  19              		.align	2
  20              		.p2align 4,,15
  21              		.global	SVC_Handler
  22              		.thumb
  23              		.thumb_func
  24              		.type	SVC_Handler, %function
  25              	SVC_Handler:
  26              	.LFB241:
  27              		.file 1 "../ChibiOS/os/rt/ports/ARMCMx/chcore_v7m.c"
  28              		.loc 1 62 0
  29              		.cfi_startproc
  30              		@ args = 0, pretend = 0, frame = 0
  31              		@ frame_needed = 0, uses_anonymous_args = 0
  32              		@ link register save eliminated.
  33              	.LBB38:
  34              	.LBB39:
  35              		.file 2 "../ChibiOS/os/ext/CMSIS/include/core_cmFunc.h"
  36              		.loc 2 430 0
  37              	@ 430 "../ChibiOS/os/ext/CMSIS/include/core_cmFunc.h" 1
  38 0000 EFF30983 		MRS r3, psp
  39              	
  40              	@ 0 "" 2
  41              	.LVL0:
  42              		.thumb
  43              	.LBE39:
  44              	.LBE38:
  45              		.loc 1 76 0
  46 0004 2033     		adds	r3, r3, #32
  47              	.LVL1:
  48              	.LBB40:
  49              	.LBB41:
  50              		.loc 2 443 0
  51              	@ 443 "../ChibiOS/os/ext/CMSIS/include/core_cmFunc.h" 1
  52 0006 83F30988 		MSR psp, r3
  53              	
  54              	@ 0 "" 2
  55              	.LVL2:
  56              		.thumb
  57              	.LBE41:
ARM GAS  /tmp/cccX7GF0.s 			page 2


  58              	.LBE40:
  59              	.LBB42:
  60              	.LBB43:
  61              	.LBB44:
  62              	.LBB45:
  63              		.loc 2 548 0
  64 000a 0023     		movs	r3, #0
  65              	.LVL3:
  66              	@ 548 "../ChibiOS/os/ext/CMSIS/include/core_cmFunc.h" 1
  67 000c 83F31188 		MSR basepri, r3
  68              	@ 0 "" 2
  69              		.thumb
  70 0010 7047     		bx	lr
  71              	.LBE45:
  72              	.LBE44:
  73              	.LBE43:
  74              	.LBE42:
  75              		.cfi_endproc
  76              	.LFE241:
  77              		.size	SVC_Handler, .-SVC_Handler
  78 0012 00BFAFF3 		.section	.text._port_irq_epilogue,"ax",%progbits
  78      0080AFF3 
  78      0080AFF3 
  78      0080
  79              		.align	2
  80              		.p2align 4,,15
  81              		.global	_port_irq_epilogue
  82              		.thumb
  83              		.thumb_func
  84              		.type	_port_irq_epilogue, %function
  85              	_port_irq_epilogue:
  86              	.LFB242:
  87              		.loc 1 122 0
  88              		.cfi_startproc
  89              		@ args = 0, pretend = 0, frame = 0
  90              		@ frame_needed = 0, uses_anonymous_args = 0
  91              	.LVL4:
  92 0000 10B5     		push	{r4, lr}
  93              		.cfi_def_cfa_offset 8
  94              		.cfi_offset 4, -8
  95              		.cfi_offset 14, -4
  96              	.LBB46:
  97              	.LBB47:
  98              	.LBB48:
  99              	.LBB49:
 100              		.loc 2 548 0
 101 0002 2023     		movs	r3, #32
 102              	@ 548 "../ChibiOS/os/ext/CMSIS/include/core_cmFunc.h" 1
 103 0004 83F31188 		MSR basepri, r3
 104              	@ 0 "" 2
 105              		.thumb
 106              	.LBE49:
 107              	.LBE48:
 108              	.LBE47:
 109              	.LBE46:
 110              		.loc 1 125 0
 111 0008 0E4B     		ldr	r3, .L8
ARM GAS  /tmp/cccX7GF0.s 			page 3


 112 000a 5B68     		ldr	r3, [r3, #4]
 113 000c 13F40063 		ands	r3, r3, #2048
 114 0010 02D1     		bne	.L7
 115              	.LVL5:
 116              	.LBB50:
 117              	.LBB51:
 118              	.LBB52:
 119              	.LBB53:
 120              		.loc 2 548 0
 121              	@ 548 "../ChibiOS/os/ext/CMSIS/include/core_cmFunc.h" 1
 122 0012 83F31188 		MSR basepri, r3
 123              	@ 0 "" 2
 124              		.thumb
 125 0016 10BD     		pop	{r4, pc}
 126              	.LVL6:
 127              	.L7:
 128              	.LBE53:
 129              	.LBE52:
 130              	.LBE51:
 131              	.LBE50:
 132              	.LBB54:
 133              	.LBB55:
 134              	.LBB56:
 135              		.loc 2 430 0
 136              	@ 430 "../ChibiOS/os/ext/CMSIS/include/core_cmFunc.h" 1
 137 0018 EFF30984 		MRS r4, psp
 138              	
 139              	@ 0 "" 2
 140              	.LVL7:
 141              		.thumb
 142              	.LBE56:
 143              	.LBE55:
 144              		.loc 1 141 0
 145 001c 4FF08073 		mov	r3, #16777216
 146 0020 44F8043C 		str	r3, [r4, #-4]
 147              	.LVL8:
 148              		.loc 1 138 0
 149 0024 A4F12003 		sub	r3, r4, #32
 150              	.LVL9:
 151              	.LBB57:
 152              	.LBB58:
 153              		.loc 2 443 0
 154              	@ 443 "../ChibiOS/os/ext/CMSIS/include/core_cmFunc.h" 1
 155 0028 83F30988 		MSR psp, r3
 156              	
 157              	@ 0 "" 2
 158              		.thumb
 159              	.LBE58:
 160              	.LBE57:
 161              		.loc 1 151 0
 162 002c FFF7FEFF 		bl	chSchIsPreemptionRequired
 163              	.LVL10:
 164 0030 18B1     		cbz	r0, .L4
 165              		.loc 1 153 0
 166 0032 054B     		ldr	r3, .L8+4
 167 0034 44F8083C 		str	r3, [r4, #-8]
 168 0038 10BD     		pop	{r4, pc}
ARM GAS  /tmp/cccX7GF0.s 			page 4


 169              	.LVL11:
 170              	.L4:
 171              		.loc 1 158 0
 172 003a 044B     		ldr	r3, .L8+8
 173 003c 44F8083C 		str	r3, [r4, #-8]
 174 0040 10BD     		pop	{r4, pc}
 175              	.LVL12:
 176              	.L9:
 177 0042 00BF     		.align	2
 178              	.L8:
 179 0044 00ED00E0 		.word	-536810240
 180 0048 00000000 		.word	_port_switch_from_isr
 181 004c 00000000 		.word	_port_exit_from_isr
 182              	.LBE54:
 183              		.cfi_endproc
 184              	.LFE242:
 185              		.size	_port_irq_epilogue, .-_port_irq_epilogue
 186              		.text
 187              	.Letext0:
 188              		.file 3 "/nfs/nfs5/home/research/hardware/arm2/gcc-arm-embedded/gcc-arm-none-eabi-4_8-2014q2/arm-n
 189              		.file 4 "/nfs/nfs5/home/research/hardware/arm2/gcc-arm-embedded/gcc-arm-none-eabi-4_8-2014q2/arm-n
 190              		.file 5 "../ChibiOS/os/rt/ports/ARMCMx/compilers/GCC/chtypes.h"
 191              		.file 6 "../ChibiOS/os/rt/include/chsystypes.h"
 192              		.file 7 "../ChibiOS/os/rt/include/chschd.h"
 193              		.file 8 "../ChibiOS/os/ext/CMSIS/include/core_cm4.h"
 194              		.file 9 "../ChibiOS/os/rt/ports/ARMCMx/chcore.h"
 195              		.file 10 "../ChibiOS/os/rt/ports/ARMCMx/chcore_v7m.h"
 196              		.file 11 "../ChibiOS/os/rt/include/chtm.h"
 197              		.file 12 "../ChibiOS/os/rt/include/chsem.h"
 198              		.file 13 "../ChibiOS/os/rt/include/chmtx.h"
 199              		.section	.debug_info,"",%progbits
 200              	.Ldebug_info0:
 201 0000 510A0000 		.4byte	0xa51
 202 0004 0400     		.2byte	0x4
 203 0006 00000000 		.4byte	.Ldebug_abbrev0
 204 000a 04       		.byte	0x4
 205 000b 01       		.uleb128 0x1
 206 000c AD040000 		.4byte	.LASF133
 207 0010 01       		.byte	0x1
 208 0011 82040000 		.4byte	.LASF134
 209 0015 0A040000 		.4byte	.LASF135
 210 0019 00000000 		.4byte	.Ldebug_ranges0+0
 211 001d 00000000 		.4byte	0
 212 0021 00000000 		.4byte	.Ldebug_line0
 213 0025 02       		.uleb128 0x2
 214 0026 04       		.byte	0x4
 215 0027 05       		.byte	0x5
 216 0028 696E7400 		.ascii	"int\000"
 217 002c 03       		.uleb128 0x3
 218 002d 04       		.byte	0x4
 219 002e 07       		.byte	0x7
 220 002f 90010000 		.4byte	.LASF0
 221 0033 03       		.uleb128 0x3
 222 0034 01       		.byte	0x1
 223 0035 06       		.byte	0x6
 224 0036 CC000000 		.4byte	.LASF1
 225 003a 04       		.uleb128 0x4
ARM GAS  /tmp/cccX7GF0.s 			page 5


 226 003b 23000000 		.4byte	.LASF5
 227 003f 03       		.byte	0x3
 228 0040 1C       		.byte	0x1c
 229 0041 45000000 		.4byte	0x45
 230 0045 03       		.uleb128 0x3
 231 0046 01       		.byte	0x1
 232 0047 08       		.byte	0x8
 233 0048 4C030000 		.4byte	.LASF2
 234 004c 03       		.uleb128 0x3
 235 004d 02       		.byte	0x2
 236 004e 05       		.byte	0x5
 237 004f 77030000 		.4byte	.LASF3
 238 0053 03       		.uleb128 0x3
 239 0054 02       		.byte	0x2
 240 0055 07       		.byte	0x7
 241 0056 AB030000 		.4byte	.LASF4
 242 005a 04       		.uleb128 0x4
 243 005b 36020000 		.4byte	.LASF6
 244 005f 03       		.byte	0x3
 245 0060 37       		.byte	0x37
 246 0061 65000000 		.4byte	0x65
 247 0065 03       		.uleb128 0x3
 248 0066 04       		.byte	0x4
 249 0067 05       		.byte	0x5
 250 0068 05010000 		.4byte	.LASF7
 251 006c 04       		.uleb128 0x4
 252 006d AC050000 		.4byte	.LASF8
 253 0071 03       		.byte	0x3
 254 0072 38       		.byte	0x38
 255 0073 77000000 		.4byte	0x77
 256 0077 03       		.uleb128 0x3
 257 0078 04       		.byte	0x4
 258 0079 07       		.byte	0x7
 259 007a 56040000 		.4byte	.LASF9
 260 007e 03       		.uleb128 0x3
 261 007f 08       		.byte	0x8
 262 0080 05       		.byte	0x5
 263 0081 BE000000 		.4byte	.LASF10
 264 0085 04       		.uleb128 0x4
 265 0086 ED020000 		.4byte	.LASF11
 266 008a 03       		.byte	0x3
 267 008b 4E       		.byte	0x4e
 268 008c 90000000 		.4byte	0x90
 269 0090 03       		.uleb128 0x3
 270 0091 08       		.byte	0x8
 271 0092 07       		.byte	0x7
 272 0093 52000000 		.4byte	.LASF12
 273 0097 04       		.uleb128 0x4
 274 0098 4A060000 		.4byte	.LASF13
 275 009c 04       		.byte	0x4
 276 009d 2A       		.byte	0x2a
 277 009e 3A000000 		.4byte	0x3a
 278 00a2 04       		.uleb128 0x4
 279 00a3 44030000 		.4byte	.LASF14
 280 00a7 04       		.byte	0x4
 281 00a8 41       		.byte	0x41
 282 00a9 5A000000 		.4byte	0x5a
ARM GAS  /tmp/cccX7GF0.s 			page 6


 283 00ad 04       		.uleb128 0x4
 284 00ae FA030000 		.4byte	.LASF15
 285 00b2 04       		.byte	0x4
 286 00b3 42       		.byte	0x42
 287 00b4 6C000000 		.4byte	0x6c
 288 00b8 04       		.uleb128 0x4
 289 00b9 1A000000 		.4byte	.LASF16
 290 00bd 04       		.byte	0x4
 291 00be 4E       		.byte	0x4e
 292 00bf 85000000 		.4byte	0x85
 293 00c3 04       		.uleb128 0x4
 294 00c4 EA050000 		.4byte	.LASF17
 295 00c8 05       		.byte	0x5
 296 00c9 39       		.byte	0x39
 297 00ca AD000000 		.4byte	0xad
 298 00ce 04       		.uleb128 0x4
 299 00cf 05020000 		.4byte	.LASF18
 300 00d3 05       		.byte	0x5
 301 00d4 3C       		.byte	0x3c
 302 00d5 97000000 		.4byte	0x97
 303 00d9 04       		.uleb128 0x4
 304 00da 0E010000 		.4byte	.LASF19
 305 00de 05       		.byte	0x5
 306 00df 3D       		.byte	0x3d
 307 00e0 97000000 		.4byte	0x97
 308 00e4 04       		.uleb128 0x4
 309 00e5 F8020000 		.4byte	.LASF20
 310 00e9 05       		.byte	0x5
 311 00ea 3E       		.byte	0x3e
 312 00eb 97000000 		.4byte	0x97
 313 00ef 04       		.uleb128 0x4
 314 00f0 26030000 		.4byte	.LASF21
 315 00f4 05       		.byte	0x5
 316 00f5 40       		.byte	0x40
 317 00f6 AD000000 		.4byte	0xad
 318 00fa 04       		.uleb128 0x4
 319 00fb DB010000 		.4byte	.LASF22
 320 00ff 05       		.byte	0x5
 321 0100 41       		.byte	0x41
 322 0101 A2000000 		.4byte	0xa2
 323 0105 04       		.uleb128 0x4
 324 0106 1B020000 		.4byte	.LASF23
 325 010a 05       		.byte	0x5
 326 010b 43       		.byte	0x43
 327 010c AD000000 		.4byte	0xad
 328 0110 04       		.uleb128 0x4
 329 0111 8A010000 		.4byte	.LASF24
 330 0115 05       		.byte	0x5
 331 0116 45       		.byte	0x45
 332 0117 A2000000 		.4byte	0xa2
 333 011b 04       		.uleb128 0x4
 334 011c 8E050000 		.4byte	.LASF25
 335 0120 06       		.byte	0x6
 336 0121 33       		.byte	0x33
 337 0122 AD000000 		.4byte	0xad
 338 0126 04       		.uleb128 0x4
 339 0127 36060000 		.4byte	.LASF26
ARM GAS  /tmp/cccX7GF0.s 			page 7


 340 012b 06       		.byte	0x6
 341 012c 3F       		.byte	0x3f
 342 012d 31010000 		.4byte	0x131
 343 0131 05       		.uleb128 0x5
 344 0132 CC010000 		.4byte	.LASF45
 345 0136 40       		.byte	0x40
 346 0137 07       		.byte	0x7
 347 0138 C2       		.byte	0xc2
 348 0139 11020000 		.4byte	0x211
 349 013d 06       		.uleb128 0x6
 350 013e 9C030000 		.4byte	.LASF27
 351 0142 07       		.byte	0x7
 352 0143 C3       		.byte	0xc3
 353 0144 1C020000 		.4byte	0x21c
 354 0148 00       		.byte	0
 355 0149 06       		.uleb128 0x6
 356 014a 1F030000 		.4byte	.LASF28
 357 014e 07       		.byte	0x7
 358 014f C5       		.byte	0xc5
 359 0150 1C020000 		.4byte	0x21c
 360 0154 04       		.byte	0x4
 361 0155 06       		.uleb128 0x6
 362 0156 B2000000 		.4byte	.LASF29
 363 015a 07       		.byte	0x7
 364 015b C7       		.byte	0xc7
 365 015c EF000000 		.4byte	0xef
 366 0160 08       		.byte	0x8
 367 0161 06       		.uleb128 0x6
 368 0162 7A060000 		.4byte	.LASF30
 369 0166 07       		.byte	0x7
 370 0167 C8       		.byte	0xc8
 371 0168 E0050000 		.4byte	0x5e0
 372 016c 0C       		.byte	0xc
 373 016d 06       		.uleb128 0x6
 374 016e 31010000 		.4byte	.LASF31
 375 0172 07       		.byte	0x7
 376 0173 CA       		.byte	0xca
 377 0174 1C020000 		.4byte	0x21c
 378 0178 10       		.byte	0x10
 379 0179 06       		.uleb128 0x6
 380 017a B0020000 		.4byte	.LASF32
 381 017e 07       		.byte	0x7
 382 017f CB       		.byte	0xcb
 383 0180 1C020000 		.4byte	0x21c
 384 0184 14       		.byte	0x14
 385 0185 06       		.uleb128 0x6
 386 0186 59060000 		.4byte	.LASF33
 387 018a 07       		.byte	0x7
 388 018b D2       		.byte	0xd2
 389 018c D3070000 		.4byte	0x7d3
 390 0190 18       		.byte	0x18
 391 0191 06       		.uleb128 0x6
 392 0192 81030000 		.4byte	.LASF34
 393 0196 07       		.byte	0x7
 394 0197 DD       		.byte	0xdd
 395 0198 D9000000 		.4byte	0xd9
 396 019c 1C       		.byte	0x1c
ARM GAS  /tmp/cccX7GF0.s 			page 8


 397 019d 06       		.uleb128 0x6
 398 019e A3030000 		.4byte	.LASF35
 399 01a2 07       		.byte	0x7
 400 01a3 E1       		.byte	0xe1
 401 01a4 CE000000 		.4byte	0xce
 402 01a8 1D       		.byte	0x1d
 403 01a9 06       		.uleb128 0x6
 404 01aa 2F060000 		.4byte	.LASF36
 405 01ae 07       		.byte	0x7
 406 01af E6       		.byte	0xe6
 407 01b0 E4000000 		.4byte	0xe4
 408 01b4 1E       		.byte	0x1e
 409 01b5 07       		.uleb128 0x7
 410 01b6 705F7500 		.ascii	"p_u\000"
 411 01ba 07       		.byte	0x7
 412 01bb 3701     		.2byte	0x137
 413 01bd 02070000 		.4byte	0x702
 414 01c1 20       		.byte	0x20
 415 01c2 08       		.uleb128 0x8
 416 01c3 5A020000 		.4byte	.LASF37
 417 01c7 07       		.byte	0x7
 418 01c8 3C01     		.2byte	0x13c
 419 01ca 22020000 		.4byte	0x222
 420 01ce 24       		.byte	0x24
 421 01cf 08       		.uleb128 0x8
 422 01d0 B6010000 		.4byte	.LASF38
 423 01d4 07       		.byte	0x7
 424 01d5 4201     		.2byte	0x142
 425 01d7 46020000 		.4byte	0x246
 426 01db 28       		.byte	0x28
 427 01dc 08       		.uleb128 0x8
 428 01dd EF030000 		.4byte	.LASF39
 429 01e1 07       		.byte	0x7
 430 01e2 4801     		.2byte	0x148
 431 01e4 05010000 		.4byte	0x105
 432 01e8 30       		.byte	0x30
 433 01e9 08       		.uleb128 0x8
 434 01ea 6D030000 		.4byte	.LASF40
 435 01ee 07       		.byte	0x7
 436 01ef 4F01     		.2byte	0x14f
 437 01f1 CD070000 		.4byte	0x7cd
 438 01f5 34       		.byte	0x34
 439 01f6 08       		.uleb128 0x8
 440 01f7 98050000 		.4byte	.LASF41
 441 01fb 07       		.byte	0x7
 442 01fc 5301     		.2byte	0x153
 443 01fe EF000000 		.4byte	0xef
 444 0202 38       		.byte	0x38
 445 0203 08       		.uleb128 0x8
 446 0204 D8000000 		.4byte	.LASF42
 447 0208 07       		.byte	0x7
 448 0209 5A01     		.2byte	0x15a
 449 020b F9020000 		.4byte	0x2f9
 450 020f 3C       		.byte	0x3c
 451 0210 00       		.byte	0
 452 0211 04       		.uleb128 0x4
 453 0212 6D020000 		.4byte	.LASF43
ARM GAS  /tmp/cccX7GF0.s 			page 9


 454 0216 06       		.byte	0x6
 455 0217 44       		.byte	0x44
 456 0218 1C020000 		.4byte	0x21c
 457 021c 09       		.uleb128 0x9
 458 021d 04       		.byte	0x4
 459 021e 26010000 		.4byte	0x126
 460 0222 04       		.uleb128 0x4
 461 0223 4B020000 		.4byte	.LASF44
 462 0227 06       		.byte	0x6
 463 0228 49       		.byte	0x49
 464 0229 2D020000 		.4byte	0x22d
 465 022d 05       		.uleb128 0x5
 466 022e 46040000 		.4byte	.LASF46
 467 0232 04       		.byte	0x4
 468 0233 07       		.byte	0x7
 469 0234 B0       		.byte	0xb0
 470 0235 46020000 		.4byte	0x246
 471 0239 06       		.uleb128 0x6
 472 023a 9C030000 		.4byte	.LASF27
 473 023e 07       		.byte	0x7
 474 023f B1       		.byte	0xb1
 475 0240 1C020000 		.4byte	0x21c
 476 0244 00       		.byte	0
 477 0245 00       		.byte	0
 478 0246 04       		.uleb128 0x4
 479 0247 16060000 		.4byte	.LASF47
 480 024b 06       		.byte	0x6
 481 024c 50       		.byte	0x50
 482 024d 51020000 		.4byte	0x251
 483 0251 05       		.uleb128 0x5
 484 0252 A1000000 		.4byte	.LASF48
 485 0256 08       		.byte	0x8
 486 0257 07       		.byte	0x7
 487 0258 B7       		.byte	0xb7
 488 0259 76020000 		.4byte	0x276
 489 025d 06       		.uleb128 0x6
 490 025e 9C030000 		.4byte	.LASF27
 491 0262 07       		.byte	0x7
 492 0263 B8       		.byte	0xb8
 493 0264 1C020000 		.4byte	0x21c
 494 0268 00       		.byte	0
 495 0269 06       		.uleb128 0x6
 496 026a 1F030000 		.4byte	.LASF28
 497 026e 07       		.byte	0x7
 498 026f B9       		.byte	0xb9
 499 0270 1C020000 		.4byte	0x21c
 500 0274 04       		.byte	0x4
 501 0275 00       		.byte	0
 502 0276 04       		.uleb128 0x4
 503 0277 00000000 		.4byte	.LASF49
 504 027b 06       		.byte	0x6
 505 027c 57       		.byte	0x57
 506 027d 81020000 		.4byte	0x281
 507 0281 0A       		.uleb128 0xa
 508 0282 0D020000 		.4byte	.LASF50
 509 0286 1C       		.byte	0x1c
 510 0287 07       		.byte	0x7
ARM GAS  /tmp/cccX7GF0.s 			page 10


 511 0288 9201     		.2byte	0x192
 512 028a DD020000 		.4byte	0x2dd
 513 028e 08       		.uleb128 0x8
 514 028f 9C020000 		.4byte	.LASF51
 515 0293 07       		.byte	0x7
 516 0294 9301     		.2byte	0x193
 517 0296 46020000 		.4byte	0x246
 518 029a 00       		.byte	0
 519 029b 08       		.uleb128 0x8
 520 029c 8E030000 		.4byte	.LASF52
 521 02a0 07       		.byte	0x7
 522 02a1 9401     		.2byte	0x194
 523 02a3 EF000000 		.4byte	0xef
 524 02a7 08       		.byte	0x8
 525 02a8 08       		.uleb128 0x8
 526 02a9 B8020000 		.4byte	.LASF53
 527 02ad 07       		.byte	0x7
 528 02ae 9601     		.2byte	0x196
 529 02b0 E0050000 		.4byte	0x5e0
 530 02b4 0C       		.byte	0xc
 531 02b5 08       		.uleb128 0x8
 532 02b6 4B010000 		.4byte	.LASF54
 533 02ba 07       		.byte	0x7
 534 02bb 9901     		.2byte	0x199
 535 02bd 1C020000 		.4byte	0x21c
 536 02c1 10       		.byte	0x10
 537 02c2 08       		.uleb128 0x8
 538 02c3 E5020000 		.4byte	.LASF55
 539 02c7 07       		.byte	0x7
 540 02c8 9A01     		.2byte	0x19a
 541 02ca 1C020000 		.4byte	0x21c
 542 02ce 14       		.byte	0x14
 543 02cf 08       		.uleb128 0x8
 544 02d0 DB020000 		.4byte	.LASF56
 545 02d4 07       		.byte	0x7
 546 02d5 9D01     		.2byte	0x19d
 547 02d7 1C020000 		.4byte	0x21c
 548 02db 18       		.byte	0x18
 549 02dc 00       		.byte	0
 550 02dd 04       		.uleb128 0x4
 551 02de A3050000 		.4byte	.LASF57
 552 02e2 06       		.byte	0x6
 553 02e3 5C       		.byte	0x5c
 554 02e4 E8020000 		.4byte	0x2e8
 555 02e8 09       		.uleb128 0x9
 556 02e9 04       		.byte	0x4
 557 02ea EE020000 		.4byte	0x2ee
 558 02ee 0B       		.uleb128 0xb
 559 02ef F9020000 		.4byte	0x2f9
 560 02f3 0C       		.uleb128 0xc
 561 02f4 F9020000 		.4byte	0x2f9
 562 02f8 00       		.byte	0
 563 02f9 0D       		.uleb128 0xd
 564 02fa 04       		.byte	0x4
 565 02fb 04       		.uleb128 0x4
 566 02fc 0F030000 		.4byte	.LASF58
 567 0300 06       		.byte	0x6
ARM GAS  /tmp/cccX7GF0.s 			page 11


 568 0301 61       		.byte	0x61
 569 0302 06030000 		.4byte	0x306
 570 0306 0A       		.uleb128 0xa
 571 0307 D1030000 		.4byte	.LASF59
 572 030b 14       		.byte	0x14
 573 030c 07       		.byte	0x7
 574 030d 6D01     		.2byte	0x16d
 575 030f 55030000 		.4byte	0x355
 576 0313 08       		.uleb128 0x8
 577 0314 A7010000 		.4byte	.LASF60
 578 0318 07       		.byte	0x7
 579 0319 6E01     		.2byte	0x16e
 580 031b E5070000 		.4byte	0x7e5
 581 031f 00       		.byte	0
 582 0320 08       		.uleb128 0x8
 583 0321 5C010000 		.4byte	.LASF61
 584 0325 07       		.byte	0x7
 585 0326 6F01     		.2byte	0x16f
 586 0328 E5070000 		.4byte	0x7e5
 587 032c 04       		.byte	0x4
 588 032d 08       		.uleb128 0x8
 589 032e 3D040000 		.4byte	.LASF62
 590 0332 07       		.byte	0x7
 591 0333 7001     		.2byte	0x170
 592 0335 1B010000 		.4byte	0x11b
 593 0339 08       		.byte	0x8
 594 033a 08       		.uleb128 0x8
 595 033b 80060000 		.4byte	.LASF63
 596 033f 07       		.byte	0x7
 597 0340 7101     		.2byte	0x171
 598 0342 DD020000 		.4byte	0x2dd
 599 0346 0C       		.byte	0xc
 600 0347 08       		.uleb128 0x8
 601 0348 0F060000 		.4byte	.LASF64
 602 034c 07       		.byte	0x7
 603 034d 7301     		.2byte	0x173
 604 034f F9020000 		.4byte	0x2f9
 605 0353 10       		.byte	0x10
 606 0354 00       		.byte	0
 607 0355 04       		.uleb128 0x4
 608 0356 85000000 		.4byte	.LASF65
 609 035a 06       		.byte	0x6
 610 035b 66       		.byte	0x66
 611 035c 60030000 		.4byte	0x360
 612 0360 0A       		.uleb128 0xa
 613 0361 80020000 		.4byte	.LASF66
 614 0365 10       		.byte	0x10
 615 0366 07       		.byte	0x7
 616 0367 7D01     		.2byte	0x17d
 617 0369 A2030000 		.4byte	0x3a2
 618 036d 08       		.uleb128 0x8
 619 036e A7010000 		.4byte	.LASF60
 620 0372 07       		.byte	0x7
 621 0373 7E01     		.2byte	0x17e
 622 0375 E5070000 		.4byte	0x7e5
 623 0379 00       		.byte	0
 624 037a 08       		.uleb128 0x8
ARM GAS  /tmp/cccX7GF0.s 			page 12


 625 037b 5C010000 		.4byte	.LASF61
 626 037f 07       		.byte	0x7
 627 0380 8001     		.2byte	0x180
 628 0382 E5070000 		.4byte	0x7e5
 629 0386 04       		.byte	0x4
 630 0387 08       		.uleb128 0x8
 631 0388 3D040000 		.4byte	.LASF62
 632 038c 07       		.byte	0x7
 633 038d 8201     		.2byte	0x182
 634 038f 1B010000 		.4byte	0x11b
 635 0393 08       		.byte	0x8
 636 0394 08       		.uleb128 0x8
 637 0395 A4020000 		.4byte	.LASF67
 638 0399 07       		.byte	0x7
 639 039a 8A01     		.2byte	0x18a
 640 039c 1B010000 		.4byte	0x11b
 641 03a0 0C       		.byte	0xc
 642 03a1 00       		.byte	0
 643 03a2 04       		.uleb128 0x4
 644 03a3 39000000 		.4byte	.LASF68
 645 03a7 06       		.byte	0x6
 646 03a8 6B       		.byte	0x6b
 647 03a9 AD030000 		.4byte	0x3ad
 648 03ad 0A       		.uleb128 0xa
 649 03ae 2E030000 		.4byte	.LASF69
 650 03b2 04       		.byte	0x4
 651 03b3 07       		.byte	0x7
 652 03b4 A401     		.2byte	0x1a4
 653 03b6 C8030000 		.4byte	0x3c8
 654 03ba 08       		.uleb128 0x8
 655 03bb C5050000 		.4byte	.LASF70
 656 03bf 07       		.byte	0x7
 657 03c0 AC01     		.2byte	0x1ac
 658 03c2 EB070000 		.4byte	0x7eb
 659 03c6 00       		.byte	0
 660 03c7 00       		.byte	0
 661 03c8 04       		.uleb128 0x4
 662 03c9 DE050000 		.4byte	.LASF71
 663 03cd 06       		.byte	0x6
 664 03ce 70       		.byte	0x70
 665 03cf D3030000 		.4byte	0x3d3
 666 03d3 0E       		.uleb128 0xe
 667 03d4 FB000000 		.4byte	.LASF72
 668 03d8 5001     		.2byte	0x150
 669 03da 07       		.byte	0x7
 670 03db C401     		.2byte	0x1c4
 671 03dd 2F040000 		.4byte	0x42f
 672 03e1 08       		.uleb128 0x8
 673 03e2 44060000 		.4byte	.LASF73
 674 03e6 07       		.byte	0x7
 675 03e7 C801     		.2byte	0x1c8
 676 03e9 76020000 		.4byte	0x276
 677 03ed 00       		.byte	0
 678 03ee 08       		.uleb128 0x8
 679 03ef E8000000 		.4byte	.LASF74
 680 03f3 07       		.byte	0x7
 681 03f4 CC01     		.2byte	0x1cc
ARM GAS  /tmp/cccX7GF0.s 			page 13


 682 03f6 55030000 		.4byte	0x355
 683 03fa 1C       		.byte	0x1c
 684 03fb 07       		.uleb128 0x7
 685 03fc 64626700 		.ascii	"dbg\000"
 686 0400 07       		.byte	0x7
 687 0401 D001     		.2byte	0x1d0
 688 0403 A2030000 		.4byte	0x3a2
 689 0407 2C       		.byte	0x2c
 690 0408 08       		.uleb128 0x8
 691 0409 72000000 		.4byte	.LASF75
 692 040d 07       		.byte	0x7
 693 040e D401     		.2byte	0x1d4
 694 0410 26010000 		.4byte	0x126
 695 0414 30       		.byte	0x30
 696 0415 07       		.uleb128 0x7
 697 0416 746D00   		.ascii	"tm\000"
 698 0419 07       		.byte	0x7
 699 041a D901     		.2byte	0x1d9
 700 041c F7060000 		.4byte	0x6f7
 701 0420 70       		.byte	0x70
 702 0421 08       		.uleb128 0x8
 703 0422 7B010000 		.4byte	.LASF76
 704 0426 07       		.byte	0x7
 705 0427 E501     		.2byte	0x1e5
 706 0429 F0070000 		.4byte	0x7f0
 707 042d 78       		.byte	0x78
 708 042e 00       		.byte	0
 709 042f 03       		.uleb128 0x3
 710 0430 04       		.byte	0x4
 711 0431 07       		.byte	0x7
 712 0432 64020000 		.4byte	.LASF77
 713 0436 0F       		.uleb128 0xf
 714 0437 AD000000 		.4byte	0xad
 715 043b 10       		.uleb128 0x10
 716 043c 8C       		.byte	0x8c
 717 043d 08       		.byte	0x8
 718 043e C001     		.2byte	0x1c0
 719 0440 56050000 		.4byte	0x556
 720 0444 08       		.uleb128 0x8
 721 0445 9B000000 		.4byte	.LASF78
 722 0449 08       		.byte	0x8
 723 044a C201     		.2byte	0x1c2
 724 044c 56050000 		.4byte	0x556
 725 0450 00       		.byte	0
 726 0451 08       		.uleb128 0x8
 727 0452 D6010000 		.4byte	.LASF79
 728 0456 08       		.byte	0x8
 729 0457 C301     		.2byte	0x1c3
 730 0459 36040000 		.4byte	0x436
 731 045d 04       		.byte	0x4
 732 045e 08       		.uleb128 0x8
 733 045f C1010000 		.4byte	.LASF80
 734 0463 08       		.byte	0x8
 735 0464 C401     		.2byte	0x1c4
 736 0466 36040000 		.4byte	0x436
 737 046a 08       		.byte	0x8
 738 046b 08       		.uleb128 0x8
ARM GAS  /tmp/cccX7GF0.s 			page 14


 739 046c E1010000 		.4byte	.LASF81
 740 0470 08       		.byte	0x8
 741 0471 C501     		.2byte	0x1c5
 742 0473 36040000 		.4byte	0x436
 743 0477 0C       		.byte	0xc
 744 0478 07       		.uleb128 0x7
 745 0479 53435200 		.ascii	"SCR\000"
 746 047d 08       		.byte	0x8
 747 047e C601     		.2byte	0x1c6
 748 0480 36040000 		.4byte	0x436
 749 0484 10       		.byte	0x10
 750 0485 07       		.uleb128 0x7
 751 0486 43435200 		.ascii	"CCR\000"
 752 048a 08       		.byte	0x8
 753 048b C701     		.2byte	0x1c7
 754 048d 36040000 		.4byte	0x436
 755 0491 14       		.byte	0x14
 756 0492 07       		.uleb128 0x7
 757 0493 53485000 		.ascii	"SHP\000"
 758 0497 08       		.byte	0x8
 759 0498 C801     		.2byte	0x1c8
 760 049a 6B050000 		.4byte	0x56b
 761 049e 18       		.byte	0x18
 762 049f 08       		.uleb128 0x8
 763 04a0 5A030000 		.4byte	.LASF82
 764 04a4 08       		.byte	0x8
 765 04a5 C901     		.2byte	0x1c9
 766 04a7 36040000 		.4byte	0x436
 767 04ab 24       		.byte	0x24
 768 04ac 08       		.uleb128 0x8
 769 04ad 97020000 		.4byte	.LASF83
 770 04b1 08       		.byte	0x8
 771 04b2 CA01     		.2byte	0x1ca
 772 04b4 36040000 		.4byte	0x436
 773 04b8 28       		.byte	0x28
 774 04b9 08       		.uleb128 0x8
 775 04ba 66060000 		.4byte	.LASF84
 776 04be 08       		.byte	0x8
 777 04bf CB01     		.2byte	0x1cb
 778 04c1 36040000 		.4byte	0x436
 779 04c5 2C       		.byte	0x2c
 780 04c6 08       		.uleb128 0x8
 781 04c7 E7010000 		.4byte	.LASF85
 782 04cb 08       		.byte	0x8
 783 04cc CC01     		.2byte	0x1cc
 784 04ce 36040000 		.4byte	0x436
 785 04d2 30       		.byte	0x30
 786 04d3 08       		.uleb128 0x8
 787 04d4 EC010000 		.4byte	.LASF86
 788 04d8 08       		.byte	0x8
 789 04d9 CD01     		.2byte	0x1cd
 790 04db 36040000 		.4byte	0x436
 791 04df 34       		.byte	0x34
 792 04e0 08       		.uleb128 0x8
 793 04e1 41010000 		.4byte	.LASF87
 794 04e5 08       		.byte	0x8
 795 04e6 CE01     		.2byte	0x1ce
ARM GAS  /tmp/cccX7GF0.s 			page 15


 796 04e8 36040000 		.4byte	0x436
 797 04ec 38       		.byte	0x38
 798 04ed 08       		.uleb128 0x8
 799 04ee 46010000 		.4byte	.LASF88
 800 04f2 08       		.byte	0x8
 801 04f3 CF01     		.2byte	0x1cf
 802 04f5 36040000 		.4byte	0x436
 803 04f9 3C       		.byte	0x3c
 804 04fa 07       		.uleb128 0x7
 805 04fb 50465200 		.ascii	"PFR\000"
 806 04ff 08       		.byte	0x8
 807 0500 D001     		.2byte	0x1d0
 808 0502 80050000 		.4byte	0x580
 809 0506 40       		.byte	0x40
 810 0507 07       		.uleb128 0x7
 811 0508 44465200 		.ascii	"DFR\000"
 812 050c 08       		.byte	0x8
 813 050d D101     		.2byte	0x1d1
 814 050f 56050000 		.4byte	0x556
 815 0513 48       		.byte	0x48
 816 0514 07       		.uleb128 0x7
 817 0515 41445200 		.ascii	"ADR\000"
 818 0519 08       		.byte	0x8
 819 051a D201     		.2byte	0x1d2
 820 051c 56050000 		.4byte	0x556
 821 0520 4C       		.byte	0x4c
 822 0521 08       		.uleb128 0x8
 823 0522 3F060000 		.4byte	.LASF89
 824 0526 08       		.byte	0x8
 825 0527 D301     		.2byte	0x1d3
 826 0529 9A050000 		.4byte	0x59a
 827 052d 50       		.byte	0x50
 828 052e 08       		.uleb128 0x8
 829 052f B9000000 		.4byte	.LASF90
 830 0533 08       		.byte	0x8
 831 0534 D401     		.2byte	0x1d4
 832 0536 B4050000 		.4byte	0x5b4
 833 053a 60       		.byte	0x60
 834 053b 08       		.uleb128 0x8
 835 053c 00030000 		.4byte	.LASF91
 836 0540 08       		.byte	0x8
 837 0541 D501     		.2byte	0x1d5
 838 0543 A4050000 		.4byte	0x5a4
 839 0547 74       		.byte	0x74
 840 0548 08       		.uleb128 0x8
 841 0549 60060000 		.4byte	.LASF92
 842 054d 08       		.byte	0x8
 843 054e D601     		.2byte	0x1d6
 844 0550 36040000 		.4byte	0x436
 845 0554 88       		.byte	0x88
 846 0555 00       		.byte	0
 847 0556 11       		.uleb128 0x11
 848 0557 36040000 		.4byte	0x436
 849 055b 12       		.uleb128 0x12
 850 055c 97000000 		.4byte	0x97
 851 0560 6B050000 		.4byte	0x56b
 852 0564 13       		.uleb128 0x13
ARM GAS  /tmp/cccX7GF0.s 			page 16


 853 0565 2F040000 		.4byte	0x42f
 854 0569 0B       		.byte	0xb
 855 056a 00       		.byte	0
 856 056b 0F       		.uleb128 0xf
 857 056c 5B050000 		.4byte	0x55b
 858 0570 12       		.uleb128 0x12
 859 0571 AD000000 		.4byte	0xad
 860 0575 80050000 		.4byte	0x580
 861 0579 13       		.uleb128 0x13
 862 057a 2F040000 		.4byte	0x42f
 863 057e 01       		.byte	0x1
 864 057f 00       		.byte	0
 865 0580 11       		.uleb128 0x11
 866 0581 85050000 		.4byte	0x585
 867 0585 0F       		.uleb128 0xf
 868 0586 70050000 		.4byte	0x570
 869 058a 12       		.uleb128 0x12
 870 058b AD000000 		.4byte	0xad
 871 058f 9A050000 		.4byte	0x59a
 872 0593 13       		.uleb128 0x13
 873 0594 2F040000 		.4byte	0x42f
 874 0598 03       		.byte	0x3
 875 0599 00       		.byte	0
 876 059a 11       		.uleb128 0x11
 877 059b 9F050000 		.4byte	0x59f
 878 059f 0F       		.uleb128 0xf
 879 05a0 8A050000 		.4byte	0x58a
 880 05a4 12       		.uleb128 0x12
 881 05a5 AD000000 		.4byte	0xad
 882 05a9 B4050000 		.4byte	0x5b4
 883 05ad 13       		.uleb128 0x13
 884 05ae 2F040000 		.4byte	0x42f
 885 05b2 04       		.byte	0x4
 886 05b3 00       		.byte	0
 887 05b4 11       		.uleb128 0x11
 888 05b5 B9050000 		.4byte	0x5b9
 889 05b9 0F       		.uleb128 0xf
 890 05ba A4050000 		.4byte	0x5a4
 891 05be 14       		.uleb128 0x14
 892 05bf 64010000 		.4byte	.LASF93
 893 05c3 08       		.byte	0x8
 894 05c4 D701     		.2byte	0x1d7
 895 05c6 3B040000 		.4byte	0x43b
 896 05ca 04       		.uleb128 0x4
 897 05cb 53010000 		.4byte	.LASF94
 898 05cf 09       		.byte	0x9
 899 05d0 65       		.byte	0x65
 900 05d1 F9020000 		.4byte	0x2f9
 901 05d5 04       		.uleb128 0x4
 902 05d6 40020000 		.4byte	.LASF95
 903 05da 09       		.byte	0x9
 904 05db 6D       		.byte	0x6d
 905 05dc B8000000 		.4byte	0xb8
 906 05e0 05       		.uleb128 0x5
 907 05e1 D6050000 		.4byte	.LASF96
 908 05e5 04       		.byte	0x4
 909 05e6 09       		.byte	0x9
ARM GAS  /tmp/cccX7GF0.s 			page 17


 910 05e7 89       		.byte	0x89
 911 05e8 F9050000 		.4byte	0x5f9
 912 05ec 15       		.uleb128 0x15
 913 05ed 72313300 		.ascii	"r13\000"
 914 05f1 09       		.byte	0x9
 915 05f2 8A       		.byte	0x8a
 916 05f3 74060000 		.4byte	0x674
 917 05f7 00       		.byte	0
 918 05f8 00       		.byte	0
 919 05f9 05       		.uleb128 0x5
 920 05fa 2D000000 		.4byte	.LASF97
 921 05fe 24       		.byte	0x24
 922 05ff 0A       		.byte	0xa
 923 0600 FD       		.byte	0xfd
 924 0601 74060000 		.4byte	0x674
 925 0605 07       		.uleb128 0x7
 926 0606 723400   		.ascii	"r4\000"
 927 0609 0A       		.byte	0xa
 928 060a 1001     		.2byte	0x110
 929 060c CA050000 		.4byte	0x5ca
 930 0610 00       		.byte	0
 931 0611 07       		.uleb128 0x7
 932 0612 723500   		.ascii	"r5\000"
 933 0615 0A       		.byte	0xa
 934 0616 1101     		.2byte	0x111
 935 0618 CA050000 		.4byte	0x5ca
 936 061c 04       		.byte	0x4
 937 061d 07       		.uleb128 0x7
 938 061e 723600   		.ascii	"r6\000"
 939 0621 0A       		.byte	0xa
 940 0622 1201     		.2byte	0x112
 941 0624 CA050000 		.4byte	0x5ca
 942 0628 08       		.byte	0x8
 943 0629 07       		.uleb128 0x7
 944 062a 723700   		.ascii	"r7\000"
 945 062d 0A       		.byte	0xa
 946 062e 1301     		.2byte	0x113
 947 0630 CA050000 		.4byte	0x5ca
 948 0634 0C       		.byte	0xc
 949 0635 07       		.uleb128 0x7
 950 0636 723800   		.ascii	"r8\000"
 951 0639 0A       		.byte	0xa
 952 063a 1401     		.2byte	0x114
 953 063c CA050000 		.4byte	0x5ca
 954 0640 10       		.byte	0x10
 955 0641 07       		.uleb128 0x7
 956 0642 723900   		.ascii	"r9\000"
 957 0645 0A       		.byte	0xa
 958 0646 1501     		.2byte	0x115
 959 0648 CA050000 		.4byte	0x5ca
 960 064c 14       		.byte	0x14
 961 064d 07       		.uleb128 0x7
 962 064e 72313000 		.ascii	"r10\000"
 963 0652 0A       		.byte	0xa
 964 0653 1601     		.2byte	0x116
 965 0655 CA050000 		.4byte	0x5ca
 966 0659 18       		.byte	0x18
ARM GAS  /tmp/cccX7GF0.s 			page 18


 967 065a 07       		.uleb128 0x7
 968 065b 72313100 		.ascii	"r11\000"
 969 065f 0A       		.byte	0xa
 970 0660 1701     		.2byte	0x117
 971 0662 CA050000 		.4byte	0x5ca
 972 0666 1C       		.byte	0x1c
 973 0667 07       		.uleb128 0x7
 974 0668 6C7200   		.ascii	"lr\000"
 975 066b 0A       		.byte	0xa
 976 066c 1801     		.2byte	0x118
 977 066e CA050000 		.4byte	0x5ca
 978 0672 20       		.byte	0x20
 979 0673 00       		.byte	0
 980 0674 09       		.uleb128 0x9
 981 0675 04       		.byte	0x4
 982 0676 F9050000 		.4byte	0x5f9
 983 067a 05       		.uleb128 0x5
 984 067b BE020000 		.4byte	.LASF98
 985 067f 20       		.byte	0x20
 986 0680 0A       		.byte	0xa
 987 0681 DE       		.byte	0xde
 988 0682 E2060000 		.4byte	0x6e2
 989 0686 15       		.uleb128 0x15
 990 0687 723000   		.ascii	"r0\000"
 991 068a 0A       		.byte	0xa
 992 068b DF       		.byte	0xdf
 993 068c CA050000 		.4byte	0x5ca
 994 0690 00       		.byte	0
 995 0691 15       		.uleb128 0x15
 996 0692 723100   		.ascii	"r1\000"
 997 0695 0A       		.byte	0xa
 998 0696 E0       		.byte	0xe0
 999 0697 CA050000 		.4byte	0x5ca
 1000 069b 04       		.byte	0x4
 1001 069c 15       		.uleb128 0x15
 1002 069d 723200   		.ascii	"r2\000"
 1003 06a0 0A       		.byte	0xa
 1004 06a1 E1       		.byte	0xe1
 1005 06a2 CA050000 		.4byte	0x5ca
 1006 06a6 08       		.byte	0x8
 1007 06a7 15       		.uleb128 0x15
 1008 06a8 723300   		.ascii	"r3\000"
 1009 06ab 0A       		.byte	0xa
 1010 06ac E2       		.byte	0xe2
 1011 06ad CA050000 		.4byte	0x5ca
 1012 06b1 0C       		.byte	0xc
 1013 06b2 15       		.uleb128 0x15
 1014 06b3 72313200 		.ascii	"r12\000"
 1015 06b7 0A       		.byte	0xa
 1016 06b8 E3       		.byte	0xe3
 1017 06b9 CA050000 		.4byte	0x5ca
 1018 06bd 10       		.byte	0x10
 1019 06be 06       		.uleb128 0x6
 1020 06bf BE030000 		.4byte	.LASF99
 1021 06c3 0A       		.byte	0xa
 1022 06c4 E4       		.byte	0xe4
 1023 06c5 CA050000 		.4byte	0x5ca
ARM GAS  /tmp/cccX7GF0.s 			page 19


 1024 06c9 14       		.byte	0x14
 1025 06ca 15       		.uleb128 0x15
 1026 06cb 706300   		.ascii	"pc\000"
 1027 06ce 0A       		.byte	0xa
 1028 06cf E5       		.byte	0xe5
 1029 06d0 CA050000 		.4byte	0x5ca
 1030 06d4 18       		.byte	0x18
 1031 06d5 06       		.uleb128 0x6
 1032 06d6 89030000 		.4byte	.LASF100
 1033 06da 0A       		.byte	0xa
 1034 06db E6       		.byte	0xe6
 1035 06dc CA050000 		.4byte	0x5ca
 1036 06e0 1C       		.byte	0x1c
 1037 06e1 00       		.byte	0
 1038 06e2 16       		.uleb128 0x16
 1039 06e3 04       		.byte	0x4
 1040 06e4 0B       		.byte	0xb
 1041 06e5 38       		.byte	0x38
 1042 06e6 F7060000 		.4byte	0x6f7
 1043 06ea 06       		.uleb128 0x6
 1044 06eb CF050000 		.4byte	.LASF101
 1045 06ef 0B       		.byte	0xb
 1046 06f0 3C       		.byte	0x3c
 1047 06f1 C3000000 		.4byte	0xc3
 1048 06f5 00       		.byte	0
 1049 06f6 00       		.byte	0
 1050 06f7 04       		.uleb128 0x4
 1051 06f8 CA020000 		.4byte	.LASF102
 1052 06fc 0B       		.byte	0xb
 1053 06fd 3D       		.byte	0x3d
 1054 06fe E2060000 		.4byte	0x6e2
 1055 0702 17       		.uleb128 0x17
 1056 0703 04       		.byte	0x4
 1057 0704 07       		.byte	0x7
 1058 0705 FA       		.byte	0xfa
 1059 0706 6B070000 		.4byte	0x76b
 1060 070a 18       		.uleb128 0x18
 1061 070b 13000000 		.4byte	.LASF103
 1062 070f 07       		.byte	0x7
 1063 0710 0101     		.2byte	0x101
 1064 0712 FA000000 		.4byte	0xfa
 1065 0716 18       		.uleb128 0x18
 1066 0717 69000000 		.4byte	.LASF104
 1067 071b 07       		.byte	0x7
 1068 071c 0801     		.2byte	0x108
 1069 071e FA000000 		.4byte	0xfa
 1070 0722 18       		.uleb128 0x18
 1071 0723 52060000 		.4byte	.LASF105
 1072 0727 07       		.byte	0x7
 1073 0728 0F01     		.2byte	0x10f
 1074 072a F9020000 		.4byte	0x2f9
 1075 072e 18       		.uleb128 0x18
 1076 072f 0D000000 		.4byte	.LASF106
 1077 0733 07       		.byte	0x7
 1078 0734 1601     		.2byte	0x116
 1079 0736 6B070000 		.4byte	0x76b
 1080 073a 18       		.uleb128 0x18
ARM GAS  /tmp/cccX7GF0.s 			page 20


 1081 073b 7D000000 		.4byte	.LASF107
 1082 073f 07       		.byte	0x7
 1083 0740 1B01     		.2byte	0x11b
 1084 0742 FA000000 		.4byte	0xfa
 1085 0746 18       		.uleb128 0x18
 1086 0747 AF010000 		.4byte	.LASF108
 1087 074b 07       		.byte	0x7
 1088 074c 2401     		.2byte	0x124
 1089 074e 96070000 		.4byte	0x796
 1090 0752 18       		.uleb128 0x18
 1091 0753 03040000 		.4byte	.LASF109
 1092 0757 07       		.byte	0x7
 1093 0758 2D01     		.2byte	0x12d
 1094 075a CD070000 		.4byte	0x7cd
 1095 075e 18       		.uleb128 0x18
 1096 075f 95030000 		.4byte	.LASF110
 1097 0763 07       		.byte	0x7
 1098 0764 3501     		.2byte	0x135
 1099 0766 05010000 		.4byte	0x105
 1100 076a 00       		.byte	0
 1101 076b 09       		.uleb128 0x9
 1102 076c 04       		.byte	0x4
 1103 076d 11020000 		.4byte	0x211
 1104 0771 05       		.uleb128 0x5
 1105 0772 E2030000 		.4byte	.LASF111
 1106 0776 0C       		.byte	0xc
 1107 0777 0C       		.byte	0xc
 1108 0778 34       		.byte	0x34
 1109 0779 96070000 		.4byte	0x796
 1110 077d 06       		.uleb128 0x6
 1111 077e 39010000 		.4byte	.LASF112
 1112 0782 0C       		.byte	0xc
 1113 0783 35       		.byte	0x35
 1114 0784 46020000 		.4byte	0x246
 1115 0788 00       		.byte	0
 1116 0789 06       		.uleb128 0x6
 1117 078a C6010000 		.4byte	.LASF113
 1118 078e 0C       		.byte	0xc
 1119 078f 37       		.byte	0x37
 1120 0790 10010000 		.4byte	0x110
 1121 0794 08       		.byte	0x8
 1122 0795 00       		.byte	0
 1123 0796 09       		.uleb128 0x9
 1124 0797 04       		.byte	0x4
 1125 0798 71070000 		.4byte	0x771
 1126 079c 05       		.uleb128 0x5
 1127 079d 26060000 		.4byte	.LASF114
 1128 07a1 10       		.byte	0x10
 1129 07a2 0D       		.byte	0xd
 1130 07a3 39       		.byte	0x39
 1131 07a4 CD070000 		.4byte	0x7cd
 1132 07a8 06       		.uleb128 0x6
 1133 07a9 E0000000 		.4byte	.LASF115
 1134 07ad 0D       		.byte	0xd
 1135 07ae 3A       		.byte	0x3a
 1136 07af 46020000 		.4byte	0x246
 1137 07b3 00       		.byte	0
ARM GAS  /tmp/cccX7GF0.s 			page 21


 1138 07b4 06       		.uleb128 0x6
 1139 07b5 6B060000 		.4byte	.LASF116
 1140 07b9 0D       		.byte	0xd
 1141 07ba 3C       		.byte	0x3c
 1142 07bb 1C020000 		.4byte	0x21c
 1143 07bf 08       		.byte	0x8
 1144 07c0 06       		.uleb128 0x6
 1145 07c1 87050000 		.4byte	.LASF117
 1146 07c5 0D       		.byte	0xd
 1147 07c6 3E       		.byte	0x3e
 1148 07c7 0B080000 		.4byte	0x80b
 1149 07cb 0C       		.byte	0xc
 1150 07cc 00       		.byte	0
 1151 07cd 09       		.uleb128 0x9
 1152 07ce 04       		.byte	0x4
 1153 07cf 9C070000 		.4byte	0x79c
 1154 07d3 09       		.uleb128 0x9
 1155 07d4 04       		.byte	0x4
 1156 07d5 D9070000 		.4byte	0x7d9
 1157 07d9 11       		.uleb128 0x11
 1158 07da DE070000 		.4byte	0x7de
 1159 07de 03       		.uleb128 0x3
 1160 07df 01       		.byte	0x1
 1161 07e0 08       		.byte	0x8
 1162 07e1 68040000 		.4byte	.LASF118
 1163 07e5 09       		.uleb128 0x9
 1164 07e6 04       		.byte	0x4
 1165 07e7 FB020000 		.4byte	0x2fb
 1166 07eb 0F       		.uleb128 0xf
 1167 07ec D3070000 		.4byte	0x7d3
 1168 07f0 12       		.uleb128 0x12
 1169 07f1 D5050000 		.4byte	0x5d5
 1170 07f5 00080000 		.4byte	0x800
 1171 07f9 13       		.uleb128 0x13
 1172 07fa 2F040000 		.4byte	0x42f
 1173 07fe 1A       		.byte	0x1a
 1174 07ff 00       		.byte	0
 1175 0800 04       		.uleb128 0x4
 1176 0801 6D010000 		.4byte	.LASF119
 1177 0805 0D       		.byte	0xd
 1178 0806 34       		.byte	0x34
 1179 0807 9C070000 		.4byte	0x79c
 1180 080b 09       		.uleb128 0x9
 1181 080c 04       		.byte	0x4
 1182 080d 00080000 		.4byte	0x800
 1183 0811 19       		.uleb128 0x19
 1184 0812 B7050000 		.4byte	.LASF122
 1185 0816 02       		.byte	0x2
 1186 0817 2202     		.2byte	0x222
 1187 0819 03       		.byte	0x3
 1188 081a 2B080000 		.4byte	0x82b
 1189 081e 1A       		.uleb128 0x1a
 1190 081f 75010000 		.4byte	.LASF124
 1191 0823 02       		.byte	0x2
 1192 0824 2202     		.2byte	0x222
 1193 0826 AD000000 		.4byte	0xad
 1194 082a 00       		.byte	0
ARM GAS  /tmp/cccX7GF0.s 			page 22


 1195 082b 1B       		.uleb128 0x1b
 1196 082c 48000000 		.4byte	.LASF120
 1197 0830 0A       		.byte	0xa
 1198 0831 C801     		.2byte	0x1c8
 1199 0833 03       		.byte	0x3
 1200 0834 1B       		.uleb128 0x1b
 1201 0835 EF000000 		.4byte	.LASF121
 1202 0839 0A       		.byte	0xa
 1203 083a E001     		.2byte	0x1e0
 1204 083c 03       		.byte	0x3
 1205 083d 1C       		.uleb128 0x1c
 1206 083e 05060000 		.4byte	.LASF136
 1207 0842 02       		.byte	0x2
 1208 0843 AA01     		.2byte	0x1aa
 1209 0845 AD000000 		.4byte	0xad
 1210 0849 03       		.byte	0x3
 1211 084a 5B080000 		.4byte	0x85b
 1212 084e 1D       		.uleb128 0x1d
 1213 084f 73060000 		.4byte	.LASF137
 1214 0853 02       		.byte	0x2
 1215 0854 AC01     		.2byte	0x1ac
 1216 0856 AD000000 		.4byte	0xad
 1217 085a 00       		.byte	0
 1218 085b 19       		.uleb128 0x19
 1219 085c 9D010000 		.4byte	.LASF123
 1220 0860 02       		.byte	0x2
 1221 0861 B901     		.2byte	0x1b9
 1222 0863 03       		.byte	0x3
 1223 0864 75080000 		.4byte	0x875
 1224 0868 1A       		.uleb128 0x1a
 1225 0869 27020000 		.4byte	.LASF125
 1226 086d 02       		.byte	0x2
 1227 086e B901     		.2byte	0x1b9
 1228 0870 AD000000 		.4byte	0xad
 1229 0874 00       		.byte	0
 1230 0875 1B       		.uleb128 0x1b
 1231 0876 6D040000 		.4byte	.LASF126
 1232 087a 0A       		.byte	0xa
 1233 087b FA01     		.2byte	0x1fa
 1234 087d 03       		.byte	0x3
 1235 087e 1B       		.uleb128 0x1b
 1236 087f F2050000 		.4byte	.LASF127
 1237 0883 0A       		.byte	0xa
 1238 0884 EF01     		.2byte	0x1ef
 1239 0886 03       		.byte	0x3
 1240 0887 1E       		.uleb128 0x1e
 1241 0888 C5030000 		.4byte	.LASF128
 1242 088c 01       		.byte	0x1
 1243 088d 3E       		.byte	0x3e
 1244 088e 00000000 		.4byte	.LFB241
 1245 0892 12000000 		.4byte	.LFE241-.LFB241
 1246 0896 01       		.uleb128 0x1
 1247 0897 9C       		.byte	0x9c
 1248 0898 28090000 		.4byte	0x928
 1249 089c 1F       		.uleb128 0x1f
 1250 089d 0A030000 		.4byte	.LASF130
 1251 08a1 01       		.byte	0x1
ARM GAS  /tmp/cccX7GF0.s 			page 23


 1252 08a2 40       		.byte	0x40
 1253 08a3 28090000 		.4byte	0x928
 1254 08a7 00000000 		.4byte	.LLST0
 1255 08ab 20       		.uleb128 0x20
 1256 08ac 3D080000 		.4byte	0x83d
 1257 08b0 00000000 		.4byte	.LBB38
 1258 08b4 04000000 		.4byte	.LBE38-.LBB38
 1259 08b8 01       		.byte	0x1
 1260 08b9 48       		.byte	0x48
 1261 08ba D2080000 		.4byte	0x8d2
 1262 08be 21       		.uleb128 0x21
 1263 08bf 00000000 		.4byte	.LBB39
 1264 08c3 04000000 		.4byte	.LBE39-.LBB39
 1265 08c7 22       		.uleb128 0x22
 1266 08c8 4E080000 		.4byte	0x84e
 1267 08cc 20000000 		.4byte	.LLST1
 1268 08d0 00       		.byte	0
 1269 08d1 00       		.byte	0
 1270 08d2 20       		.uleb128 0x20
 1271 08d3 5B080000 		.4byte	0x85b
 1272 08d7 06000000 		.4byte	.LBB40
 1273 08db 04000000 		.4byte	.LBE40-.LBB40
 1274 08df 01       		.byte	0x1
 1275 08e0 4F       		.byte	0x4f
 1276 08e1 EF080000 		.4byte	0x8ef
 1277 08e5 23       		.uleb128 0x23
 1278 08e6 68080000 		.4byte	0x868
 1279 08ea 00000000 		.4byte	.LLST0
 1280 08ee 00       		.byte	0
 1281 08ef 24       		.uleb128 0x24
 1282 08f0 75080000 		.4byte	0x875
 1283 08f4 0A000000 		.4byte	.LBB42
 1284 08f8 08000000 		.4byte	.LBE42-.LBB42
 1285 08fc 01       		.byte	0x1
 1286 08fd 52       		.byte	0x52
 1287 08fe 25       		.uleb128 0x25
 1288 08ff 34080000 		.4byte	0x834
 1289 0903 0A000000 		.4byte	.LBB43
 1290 0907 08000000 		.4byte	.LBE43-.LBB43
 1291 090b 0A       		.byte	0xa
 1292 090c FC01     		.2byte	0x1fc
 1293 090e 25       		.uleb128 0x25
 1294 090f 11080000 		.4byte	0x811
 1295 0913 0A000000 		.4byte	.LBB44
 1296 0917 08000000 		.4byte	.LBE44-.LBB44
 1297 091b 0A       		.byte	0xa
 1298 091c E301     		.2byte	0x1e3
 1299 091e 26       		.uleb128 0x26
 1300 091f 1E080000 		.4byte	0x81e
 1301 0923 00       		.byte	0
 1302 0924 00       		.byte	0
 1303 0925 00       		.byte	0
 1304 0926 00       		.byte	0
 1305 0927 00       		.byte	0
 1306 0928 09       		.uleb128 0x9
 1307 0929 04       		.byte	0x4
 1308 092a 7A060000 		.4byte	0x67a
ARM GAS  /tmp/cccX7GF0.s 			page 24


 1309 092e 1E       		.uleb128 0x1e
 1310 092f F2010000 		.4byte	.LASF129
 1311 0933 01       		.byte	0x1
 1312 0934 7A       		.byte	0x7a
 1313 0935 00000000 		.4byte	.LFB242
 1314 0939 50000000 		.4byte	.LFE242-.LFB242
 1315 093d 01       		.uleb128 0x1
 1316 093e 9C       		.byte	0x9c
 1317 093f 250A0000 		.4byte	0xa25
 1318 0943 20       		.uleb128 0x20
 1319 0944 7E080000 		.4byte	0x87e
 1320 0948 02000000 		.4byte	.LBB46
 1321 094c 06000000 		.4byte	.LBE46-.LBB46
 1322 0950 01       		.byte	0x1
 1323 0951 7C       		.byte	0x7c
 1324 0952 7F090000 		.4byte	0x97f
 1325 0956 25       		.uleb128 0x25
 1326 0957 2B080000 		.4byte	0x82b
 1327 095b 02000000 		.4byte	.LBB47
 1328 095f 06000000 		.4byte	.LBE47-.LBB47
 1329 0963 0A       		.byte	0xa
 1330 0964 F101     		.2byte	0x1f1
 1331 0966 25       		.uleb128 0x25
 1332 0967 11080000 		.4byte	0x811
 1333 096b 02000000 		.4byte	.LBB48
 1334 096f 06000000 		.4byte	.LBE48-.LBB48
 1335 0973 0A       		.byte	0xa
 1336 0974 D001     		.2byte	0x1d0
 1337 0976 26       		.uleb128 0x26
 1338 0977 1E080000 		.4byte	0x81e
 1339 097b 20       		.byte	0x20
 1340 097c 00       		.byte	0
 1341 097d 00       		.byte	0
 1342 097e 00       		.byte	0
 1343 097f 20       		.uleb128 0x20
 1344 0980 75080000 		.4byte	0x875
 1345 0984 12000000 		.4byte	.LBB50
 1346 0988 06000000 		.4byte	.LBE50-.LBB50
 1347 098c 01       		.byte	0x1
 1348 098d A5       		.byte	0xa5
 1349 098e BE090000 		.4byte	0x9be
 1350 0992 25       		.uleb128 0x25
 1351 0993 34080000 		.4byte	0x834
 1352 0997 12000000 		.4byte	.LBB51
 1353 099b 06000000 		.4byte	.LBE51-.LBB51
 1354 099f 0A       		.byte	0xa
 1355 09a0 FC01     		.2byte	0x1fc
 1356 09a2 25       		.uleb128 0x25
 1357 09a3 11080000 		.4byte	0x811
 1358 09a7 12000000 		.4byte	.LBB52
 1359 09ab 06000000 		.4byte	.LBE52-.LBB52
 1360 09af 0A       		.byte	0xa
 1361 09b0 E301     		.2byte	0x1e3
 1362 09b2 23       		.uleb128 0x23
 1363 09b3 1E080000 		.4byte	0x81e
 1364 09b7 40000000 		.4byte	.LLST3
 1365 09bb 00       		.byte	0
ARM GAS  /tmp/cccX7GF0.s 			page 25


 1366 09bc 00       		.byte	0
 1367 09bd 00       		.byte	0
 1368 09be 21       		.uleb128 0x21
 1369 09bf 18000000 		.4byte	.LBB54
 1370 09c3 38000000 		.4byte	.LBE54-.LBB54
 1371 09c7 1F       		.uleb128 0x1f
 1372 09c8 0A030000 		.4byte	.LASF130
 1373 09cc 01       		.byte	0x1
 1374 09cd 7E       		.byte	0x7e
 1375 09ce 28090000 		.4byte	0x928
 1376 09d2 54000000 		.4byte	.LLST4
 1377 09d6 20       		.uleb128 0x20
 1378 09d7 3D080000 		.4byte	0x83d
 1379 09db 18000000 		.4byte	.LBB55
 1380 09df 04000000 		.4byte	.LBE55-.LBB55
 1381 09e3 01       		.byte	0x1
 1382 09e4 86       		.byte	0x86
 1383 09e5 FD090000 		.4byte	0x9fd
 1384 09e9 21       		.uleb128 0x21
 1385 09ea 18000000 		.4byte	.LBB56
 1386 09ee 04000000 		.4byte	.LBE56-.LBB56
 1387 09f2 22       		.uleb128 0x22
 1388 09f3 4E080000 		.4byte	0x84e
 1389 09f7 81000000 		.4byte	.LLST5
 1390 09fb 00       		.byte	0
 1391 09fc 00       		.byte	0
 1392 09fd 20       		.uleb128 0x20
 1393 09fe 5B080000 		.4byte	0x85b
 1394 0a02 28000000 		.4byte	.LBB57
 1395 0a06 04000000 		.4byte	.LBE57-.LBB57
 1396 0a0a 01       		.byte	0x1
 1397 0a0b 93       		.byte	0x93
 1398 0a0c 1A0A0000 		.4byte	0xa1a
 1399 0a10 23       		.uleb128 0x23
 1400 0a11 68080000 		.4byte	0x868
 1401 0a15 94000000 		.4byte	.LLST6
 1402 0a19 00       		.byte	0
 1403 0a1a 27       		.uleb128 0x27
 1404 0a1b 30000000 		.4byte	.LVL10
 1405 0a1f 410A0000 		.4byte	0xa41
 1406 0a23 00       		.byte	0
 1407 0a24 00       		.byte	0
 1408 0a25 28       		.uleb128 0x28
 1409 0a26 60030000 		.4byte	.LASF131
 1410 0a2a 08       		.byte	0x8
 1411 0a2b FA06     		.2byte	0x6fa
 1412 0a2d 310A0000 		.4byte	0xa31
 1413 0a31 0F       		.uleb128 0xf
 1414 0a32 A2000000 		.4byte	0xa2
 1415 0a36 29       		.uleb128 0x29
 1416 0a37 636800   		.ascii	"ch\000"
 1417 0a3a 07       		.byte	0x7
 1418 0a3b 0B02     		.2byte	0x20b
 1419 0a3d C8030000 		.4byte	0x3c8
 1420 0a41 2A       		.uleb128 0x2a
 1421 0a42 17010000 		.4byte	.LASF138
 1422 0a46 07       		.byte	0x7
ARM GAS  /tmp/cccX7GF0.s 			page 26


 1423 0a47 1A02     		.2byte	0x21a
 1424 0a49 4D0A0000 		.4byte	0xa4d
 1425 0a4d 03       		.uleb128 0x3
 1426 0a4e 01       		.byte	0x1
 1427 0a4f 02       		.byte	0x2
 1428 0a50 3E030000 		.4byte	.LASF132
 1429 0a54 00       		.byte	0
 1430              		.section	.debug_abbrev,"",%progbits
 1431              	.Ldebug_abbrev0:
 1432 0000 01       		.uleb128 0x1
 1433 0001 11       		.uleb128 0x11
 1434 0002 01       		.byte	0x1
 1435 0003 25       		.uleb128 0x25
 1436 0004 0E       		.uleb128 0xe
 1437 0005 13       		.uleb128 0x13
 1438 0006 0B       		.uleb128 0xb
 1439 0007 03       		.uleb128 0x3
 1440 0008 0E       		.uleb128 0xe
 1441 0009 1B       		.uleb128 0x1b
 1442 000a 0E       		.uleb128 0xe
 1443 000b 55       		.uleb128 0x55
 1444 000c 17       		.uleb128 0x17
 1445 000d 11       		.uleb128 0x11
 1446 000e 01       		.uleb128 0x1
 1447 000f 10       		.uleb128 0x10
 1448 0010 17       		.uleb128 0x17
 1449 0011 00       		.byte	0
 1450 0012 00       		.byte	0
 1451 0013 02       		.uleb128 0x2
 1452 0014 24       		.uleb128 0x24
 1453 0015 00       		.byte	0
 1454 0016 0B       		.uleb128 0xb
 1455 0017 0B       		.uleb128 0xb
 1456 0018 3E       		.uleb128 0x3e
 1457 0019 0B       		.uleb128 0xb
 1458 001a 03       		.uleb128 0x3
 1459 001b 08       		.uleb128 0x8
 1460 001c 00       		.byte	0
 1461 001d 00       		.byte	0
 1462 001e 03       		.uleb128 0x3
 1463 001f 24       		.uleb128 0x24
 1464 0020 00       		.byte	0
 1465 0021 0B       		.uleb128 0xb
 1466 0022 0B       		.uleb128 0xb
 1467 0023 3E       		.uleb128 0x3e
 1468 0024 0B       		.uleb128 0xb
 1469 0025 03       		.uleb128 0x3
 1470 0026 0E       		.uleb128 0xe
 1471 0027 00       		.byte	0
 1472 0028 00       		.byte	0
 1473 0029 04       		.uleb128 0x4
 1474 002a 16       		.uleb128 0x16
 1475 002b 00       		.byte	0
 1476 002c 03       		.uleb128 0x3
 1477 002d 0E       		.uleb128 0xe
 1478 002e 3A       		.uleb128 0x3a
 1479 002f 0B       		.uleb128 0xb
ARM GAS  /tmp/cccX7GF0.s 			page 27


 1480 0030 3B       		.uleb128 0x3b
 1481 0031 0B       		.uleb128 0xb
 1482 0032 49       		.uleb128 0x49
 1483 0033 13       		.uleb128 0x13
 1484 0034 00       		.byte	0
 1485 0035 00       		.byte	0
 1486 0036 05       		.uleb128 0x5
 1487 0037 13       		.uleb128 0x13
 1488 0038 01       		.byte	0x1
 1489 0039 03       		.uleb128 0x3
 1490 003a 0E       		.uleb128 0xe
 1491 003b 0B       		.uleb128 0xb
 1492 003c 0B       		.uleb128 0xb
 1493 003d 3A       		.uleb128 0x3a
 1494 003e 0B       		.uleb128 0xb
 1495 003f 3B       		.uleb128 0x3b
 1496 0040 0B       		.uleb128 0xb
 1497 0041 01       		.uleb128 0x1
 1498 0042 13       		.uleb128 0x13
 1499 0043 00       		.byte	0
 1500 0044 00       		.byte	0
 1501 0045 06       		.uleb128 0x6
 1502 0046 0D       		.uleb128 0xd
 1503 0047 00       		.byte	0
 1504 0048 03       		.uleb128 0x3
 1505 0049 0E       		.uleb128 0xe
 1506 004a 3A       		.uleb128 0x3a
 1507 004b 0B       		.uleb128 0xb
 1508 004c 3B       		.uleb128 0x3b
 1509 004d 0B       		.uleb128 0xb
 1510 004e 49       		.uleb128 0x49
 1511 004f 13       		.uleb128 0x13
 1512 0050 38       		.uleb128 0x38
 1513 0051 0B       		.uleb128 0xb
 1514 0052 00       		.byte	0
 1515 0053 00       		.byte	0
 1516 0054 07       		.uleb128 0x7
 1517 0055 0D       		.uleb128 0xd
 1518 0056 00       		.byte	0
 1519 0057 03       		.uleb128 0x3
 1520 0058 08       		.uleb128 0x8
 1521 0059 3A       		.uleb128 0x3a
 1522 005a 0B       		.uleb128 0xb
 1523 005b 3B       		.uleb128 0x3b
 1524 005c 05       		.uleb128 0x5
 1525 005d 49       		.uleb128 0x49
 1526 005e 13       		.uleb128 0x13
 1527 005f 38       		.uleb128 0x38
 1528 0060 0B       		.uleb128 0xb
 1529 0061 00       		.byte	0
 1530 0062 00       		.byte	0
 1531 0063 08       		.uleb128 0x8
 1532 0064 0D       		.uleb128 0xd
 1533 0065 00       		.byte	0
 1534 0066 03       		.uleb128 0x3
 1535 0067 0E       		.uleb128 0xe
 1536 0068 3A       		.uleb128 0x3a
ARM GAS  /tmp/cccX7GF0.s 			page 28


 1537 0069 0B       		.uleb128 0xb
 1538 006a 3B       		.uleb128 0x3b
 1539 006b 05       		.uleb128 0x5
 1540 006c 49       		.uleb128 0x49
 1541 006d 13       		.uleb128 0x13
 1542 006e 38       		.uleb128 0x38
 1543 006f 0B       		.uleb128 0xb
 1544 0070 00       		.byte	0
 1545 0071 00       		.byte	0
 1546 0072 09       		.uleb128 0x9
 1547 0073 0F       		.uleb128 0xf
 1548 0074 00       		.byte	0
 1549 0075 0B       		.uleb128 0xb
 1550 0076 0B       		.uleb128 0xb
 1551 0077 49       		.uleb128 0x49
 1552 0078 13       		.uleb128 0x13
 1553 0079 00       		.byte	0
 1554 007a 00       		.byte	0
 1555 007b 0A       		.uleb128 0xa
 1556 007c 13       		.uleb128 0x13
 1557 007d 01       		.byte	0x1
 1558 007e 03       		.uleb128 0x3
 1559 007f 0E       		.uleb128 0xe
 1560 0080 0B       		.uleb128 0xb
 1561 0081 0B       		.uleb128 0xb
 1562 0082 3A       		.uleb128 0x3a
 1563 0083 0B       		.uleb128 0xb
 1564 0084 3B       		.uleb128 0x3b
 1565 0085 05       		.uleb128 0x5
 1566 0086 01       		.uleb128 0x1
 1567 0087 13       		.uleb128 0x13
 1568 0088 00       		.byte	0
 1569 0089 00       		.byte	0
 1570 008a 0B       		.uleb128 0xb
 1571 008b 15       		.uleb128 0x15
 1572 008c 01       		.byte	0x1
 1573 008d 27       		.uleb128 0x27
 1574 008e 19       		.uleb128 0x19
 1575 008f 01       		.uleb128 0x1
 1576 0090 13       		.uleb128 0x13
 1577 0091 00       		.byte	0
 1578 0092 00       		.byte	0
 1579 0093 0C       		.uleb128 0xc
 1580 0094 05       		.uleb128 0x5
 1581 0095 00       		.byte	0
 1582 0096 49       		.uleb128 0x49
 1583 0097 13       		.uleb128 0x13
 1584 0098 00       		.byte	0
 1585 0099 00       		.byte	0
 1586 009a 0D       		.uleb128 0xd
 1587 009b 0F       		.uleb128 0xf
 1588 009c 00       		.byte	0
 1589 009d 0B       		.uleb128 0xb
 1590 009e 0B       		.uleb128 0xb
 1591 009f 00       		.byte	0
 1592 00a0 00       		.byte	0
 1593 00a1 0E       		.uleb128 0xe
ARM GAS  /tmp/cccX7GF0.s 			page 29


 1594 00a2 13       		.uleb128 0x13
 1595 00a3 01       		.byte	0x1
 1596 00a4 03       		.uleb128 0x3
 1597 00a5 0E       		.uleb128 0xe
 1598 00a6 0B       		.uleb128 0xb
 1599 00a7 05       		.uleb128 0x5
 1600 00a8 3A       		.uleb128 0x3a
 1601 00a9 0B       		.uleb128 0xb
 1602 00aa 3B       		.uleb128 0x3b
 1603 00ab 05       		.uleb128 0x5
 1604 00ac 01       		.uleb128 0x1
 1605 00ad 13       		.uleb128 0x13
 1606 00ae 00       		.byte	0
 1607 00af 00       		.byte	0
 1608 00b0 0F       		.uleb128 0xf
 1609 00b1 35       		.uleb128 0x35
 1610 00b2 00       		.byte	0
 1611 00b3 49       		.uleb128 0x49
 1612 00b4 13       		.uleb128 0x13
 1613 00b5 00       		.byte	0
 1614 00b6 00       		.byte	0
 1615 00b7 10       		.uleb128 0x10
 1616 00b8 13       		.uleb128 0x13
 1617 00b9 01       		.byte	0x1
 1618 00ba 0B       		.uleb128 0xb
 1619 00bb 0B       		.uleb128 0xb
 1620 00bc 3A       		.uleb128 0x3a
 1621 00bd 0B       		.uleb128 0xb
 1622 00be 3B       		.uleb128 0x3b
 1623 00bf 05       		.uleb128 0x5
 1624 00c0 01       		.uleb128 0x1
 1625 00c1 13       		.uleb128 0x13
 1626 00c2 00       		.byte	0
 1627 00c3 00       		.byte	0
 1628 00c4 11       		.uleb128 0x11
 1629 00c5 26       		.uleb128 0x26
 1630 00c6 00       		.byte	0
 1631 00c7 49       		.uleb128 0x49
 1632 00c8 13       		.uleb128 0x13
 1633 00c9 00       		.byte	0
 1634 00ca 00       		.byte	0
 1635 00cb 12       		.uleb128 0x12
 1636 00cc 01       		.uleb128 0x1
 1637 00cd 01       		.byte	0x1
 1638 00ce 49       		.uleb128 0x49
 1639 00cf 13       		.uleb128 0x13
 1640 00d0 01       		.uleb128 0x1
 1641 00d1 13       		.uleb128 0x13
 1642 00d2 00       		.byte	0
 1643 00d3 00       		.byte	0
 1644 00d4 13       		.uleb128 0x13
 1645 00d5 21       		.uleb128 0x21
 1646 00d6 00       		.byte	0
 1647 00d7 49       		.uleb128 0x49
 1648 00d8 13       		.uleb128 0x13
 1649 00d9 2F       		.uleb128 0x2f
 1650 00da 0B       		.uleb128 0xb
ARM GAS  /tmp/cccX7GF0.s 			page 30


 1651 00db 00       		.byte	0
 1652 00dc 00       		.byte	0
 1653 00dd 14       		.uleb128 0x14
 1654 00de 16       		.uleb128 0x16
 1655 00df 00       		.byte	0
 1656 00e0 03       		.uleb128 0x3
 1657 00e1 0E       		.uleb128 0xe
 1658 00e2 3A       		.uleb128 0x3a
 1659 00e3 0B       		.uleb128 0xb
 1660 00e4 3B       		.uleb128 0x3b
 1661 00e5 05       		.uleb128 0x5
 1662 00e6 49       		.uleb128 0x49
 1663 00e7 13       		.uleb128 0x13
 1664 00e8 00       		.byte	0
 1665 00e9 00       		.byte	0
 1666 00ea 15       		.uleb128 0x15
 1667 00eb 0D       		.uleb128 0xd
 1668 00ec 00       		.byte	0
 1669 00ed 03       		.uleb128 0x3
 1670 00ee 08       		.uleb128 0x8
 1671 00ef 3A       		.uleb128 0x3a
 1672 00f0 0B       		.uleb128 0xb
 1673 00f1 3B       		.uleb128 0x3b
 1674 00f2 0B       		.uleb128 0xb
 1675 00f3 49       		.uleb128 0x49
 1676 00f4 13       		.uleb128 0x13
 1677 00f5 38       		.uleb128 0x38
 1678 00f6 0B       		.uleb128 0xb
 1679 00f7 00       		.byte	0
 1680 00f8 00       		.byte	0
 1681 00f9 16       		.uleb128 0x16
 1682 00fa 13       		.uleb128 0x13
 1683 00fb 01       		.byte	0x1
 1684 00fc 0B       		.uleb128 0xb
 1685 00fd 0B       		.uleb128 0xb
 1686 00fe 3A       		.uleb128 0x3a
 1687 00ff 0B       		.uleb128 0xb
 1688 0100 3B       		.uleb128 0x3b
 1689 0101 0B       		.uleb128 0xb
 1690 0102 01       		.uleb128 0x1
 1691 0103 13       		.uleb128 0x13
 1692 0104 00       		.byte	0
 1693 0105 00       		.byte	0
 1694 0106 17       		.uleb128 0x17
 1695 0107 17       		.uleb128 0x17
 1696 0108 01       		.byte	0x1
 1697 0109 0B       		.uleb128 0xb
 1698 010a 0B       		.uleb128 0xb
 1699 010b 3A       		.uleb128 0x3a
 1700 010c 0B       		.uleb128 0xb
 1701 010d 3B       		.uleb128 0x3b
 1702 010e 0B       		.uleb128 0xb
 1703 010f 01       		.uleb128 0x1
 1704 0110 13       		.uleb128 0x13
 1705 0111 00       		.byte	0
 1706 0112 00       		.byte	0
 1707 0113 18       		.uleb128 0x18
ARM GAS  /tmp/cccX7GF0.s 			page 31


 1708 0114 0D       		.uleb128 0xd
 1709 0115 00       		.byte	0
 1710 0116 03       		.uleb128 0x3
 1711 0117 0E       		.uleb128 0xe
 1712 0118 3A       		.uleb128 0x3a
 1713 0119 0B       		.uleb128 0xb
 1714 011a 3B       		.uleb128 0x3b
 1715 011b 05       		.uleb128 0x5
 1716 011c 49       		.uleb128 0x49
 1717 011d 13       		.uleb128 0x13
 1718 011e 00       		.byte	0
 1719 011f 00       		.byte	0
 1720 0120 19       		.uleb128 0x19
 1721 0121 2E       		.uleb128 0x2e
 1722 0122 01       		.byte	0x1
 1723 0123 03       		.uleb128 0x3
 1724 0124 0E       		.uleb128 0xe
 1725 0125 3A       		.uleb128 0x3a
 1726 0126 0B       		.uleb128 0xb
 1727 0127 3B       		.uleb128 0x3b
 1728 0128 05       		.uleb128 0x5
 1729 0129 27       		.uleb128 0x27
 1730 012a 19       		.uleb128 0x19
 1731 012b 20       		.uleb128 0x20
 1732 012c 0B       		.uleb128 0xb
 1733 012d 01       		.uleb128 0x1
 1734 012e 13       		.uleb128 0x13
 1735 012f 00       		.byte	0
 1736 0130 00       		.byte	0
 1737 0131 1A       		.uleb128 0x1a
 1738 0132 05       		.uleb128 0x5
 1739 0133 00       		.byte	0
 1740 0134 03       		.uleb128 0x3
 1741 0135 0E       		.uleb128 0xe
 1742 0136 3A       		.uleb128 0x3a
 1743 0137 0B       		.uleb128 0xb
 1744 0138 3B       		.uleb128 0x3b
 1745 0139 05       		.uleb128 0x5
 1746 013a 49       		.uleb128 0x49
 1747 013b 13       		.uleb128 0x13
 1748 013c 00       		.byte	0
 1749 013d 00       		.byte	0
 1750 013e 1B       		.uleb128 0x1b
 1751 013f 2E       		.uleb128 0x2e
 1752 0140 00       		.byte	0
 1753 0141 03       		.uleb128 0x3
 1754 0142 0E       		.uleb128 0xe
 1755 0143 3A       		.uleb128 0x3a
 1756 0144 0B       		.uleb128 0xb
 1757 0145 3B       		.uleb128 0x3b
 1758 0146 05       		.uleb128 0x5
 1759 0147 27       		.uleb128 0x27
 1760 0148 19       		.uleb128 0x19
 1761 0149 20       		.uleb128 0x20
 1762 014a 0B       		.uleb128 0xb
 1763 014b 00       		.byte	0
 1764 014c 00       		.byte	0
ARM GAS  /tmp/cccX7GF0.s 			page 32


 1765 014d 1C       		.uleb128 0x1c
 1766 014e 2E       		.uleb128 0x2e
 1767 014f 01       		.byte	0x1
 1768 0150 03       		.uleb128 0x3
 1769 0151 0E       		.uleb128 0xe
 1770 0152 3A       		.uleb128 0x3a
 1771 0153 0B       		.uleb128 0xb
 1772 0154 3B       		.uleb128 0x3b
 1773 0155 05       		.uleb128 0x5
 1774 0156 27       		.uleb128 0x27
 1775 0157 19       		.uleb128 0x19
 1776 0158 49       		.uleb128 0x49
 1777 0159 13       		.uleb128 0x13
 1778 015a 20       		.uleb128 0x20
 1779 015b 0B       		.uleb128 0xb
 1780 015c 01       		.uleb128 0x1
 1781 015d 13       		.uleb128 0x13
 1782 015e 00       		.byte	0
 1783 015f 00       		.byte	0
 1784 0160 1D       		.uleb128 0x1d
 1785 0161 34       		.uleb128 0x34
 1786 0162 00       		.byte	0
 1787 0163 03       		.uleb128 0x3
 1788 0164 0E       		.uleb128 0xe
 1789 0165 3A       		.uleb128 0x3a
 1790 0166 0B       		.uleb128 0xb
 1791 0167 3B       		.uleb128 0x3b
 1792 0168 05       		.uleb128 0x5
 1793 0169 49       		.uleb128 0x49
 1794 016a 13       		.uleb128 0x13
 1795 016b 00       		.byte	0
 1796 016c 00       		.byte	0
 1797 016d 1E       		.uleb128 0x1e
 1798 016e 2E       		.uleb128 0x2e
 1799 016f 01       		.byte	0x1
 1800 0170 3F       		.uleb128 0x3f
 1801 0171 19       		.uleb128 0x19
 1802 0172 03       		.uleb128 0x3
 1803 0173 0E       		.uleb128 0xe
 1804 0174 3A       		.uleb128 0x3a
 1805 0175 0B       		.uleb128 0xb
 1806 0176 3B       		.uleb128 0x3b
 1807 0177 0B       		.uleb128 0xb
 1808 0178 27       		.uleb128 0x27
 1809 0179 19       		.uleb128 0x19
 1810 017a 11       		.uleb128 0x11
 1811 017b 01       		.uleb128 0x1
 1812 017c 12       		.uleb128 0x12
 1813 017d 06       		.uleb128 0x6
 1814 017e 40       		.uleb128 0x40
 1815 017f 18       		.uleb128 0x18
 1816 0180 9742     		.uleb128 0x2117
 1817 0182 19       		.uleb128 0x19
 1818 0183 01       		.uleb128 0x1
 1819 0184 13       		.uleb128 0x13
 1820 0185 00       		.byte	0
 1821 0186 00       		.byte	0
ARM GAS  /tmp/cccX7GF0.s 			page 33


 1822 0187 1F       		.uleb128 0x1f
 1823 0188 34       		.uleb128 0x34
 1824 0189 00       		.byte	0
 1825 018a 03       		.uleb128 0x3
 1826 018b 0E       		.uleb128 0xe
 1827 018c 3A       		.uleb128 0x3a
 1828 018d 0B       		.uleb128 0xb
 1829 018e 3B       		.uleb128 0x3b
 1830 018f 0B       		.uleb128 0xb
 1831 0190 49       		.uleb128 0x49
 1832 0191 13       		.uleb128 0x13
 1833 0192 02       		.uleb128 0x2
 1834 0193 17       		.uleb128 0x17
 1835 0194 00       		.byte	0
 1836 0195 00       		.byte	0
 1837 0196 20       		.uleb128 0x20
 1838 0197 1D       		.uleb128 0x1d
 1839 0198 01       		.byte	0x1
 1840 0199 31       		.uleb128 0x31
 1841 019a 13       		.uleb128 0x13
 1842 019b 11       		.uleb128 0x11
 1843 019c 01       		.uleb128 0x1
 1844 019d 12       		.uleb128 0x12
 1845 019e 06       		.uleb128 0x6
 1846 019f 58       		.uleb128 0x58
 1847 01a0 0B       		.uleb128 0xb
 1848 01a1 59       		.uleb128 0x59
 1849 01a2 0B       		.uleb128 0xb
 1850 01a3 01       		.uleb128 0x1
 1851 01a4 13       		.uleb128 0x13
 1852 01a5 00       		.byte	0
 1853 01a6 00       		.byte	0
 1854 01a7 21       		.uleb128 0x21
 1855 01a8 0B       		.uleb128 0xb
 1856 01a9 01       		.byte	0x1
 1857 01aa 11       		.uleb128 0x11
 1858 01ab 01       		.uleb128 0x1
 1859 01ac 12       		.uleb128 0x12
 1860 01ad 06       		.uleb128 0x6
 1861 01ae 00       		.byte	0
 1862 01af 00       		.byte	0
 1863 01b0 22       		.uleb128 0x22
 1864 01b1 34       		.uleb128 0x34
 1865 01b2 00       		.byte	0
 1866 01b3 31       		.uleb128 0x31
 1867 01b4 13       		.uleb128 0x13
 1868 01b5 02       		.uleb128 0x2
 1869 01b6 17       		.uleb128 0x17
 1870 01b7 00       		.byte	0
 1871 01b8 00       		.byte	0
 1872 01b9 23       		.uleb128 0x23
 1873 01ba 05       		.uleb128 0x5
 1874 01bb 00       		.byte	0
 1875 01bc 31       		.uleb128 0x31
 1876 01bd 13       		.uleb128 0x13
 1877 01be 02       		.uleb128 0x2
 1878 01bf 17       		.uleb128 0x17
ARM GAS  /tmp/cccX7GF0.s 			page 34


 1879 01c0 00       		.byte	0
 1880 01c1 00       		.byte	0
 1881 01c2 24       		.uleb128 0x24
 1882 01c3 1D       		.uleb128 0x1d
 1883 01c4 01       		.byte	0x1
 1884 01c5 31       		.uleb128 0x31
 1885 01c6 13       		.uleb128 0x13
 1886 01c7 11       		.uleb128 0x11
 1887 01c8 01       		.uleb128 0x1
 1888 01c9 12       		.uleb128 0x12
 1889 01ca 06       		.uleb128 0x6
 1890 01cb 58       		.uleb128 0x58
 1891 01cc 0B       		.uleb128 0xb
 1892 01cd 59       		.uleb128 0x59
 1893 01ce 0B       		.uleb128 0xb
 1894 01cf 00       		.byte	0
 1895 01d0 00       		.byte	0
 1896 01d1 25       		.uleb128 0x25
 1897 01d2 1D       		.uleb128 0x1d
 1898 01d3 01       		.byte	0x1
 1899 01d4 31       		.uleb128 0x31
 1900 01d5 13       		.uleb128 0x13
 1901 01d6 11       		.uleb128 0x11
 1902 01d7 01       		.uleb128 0x1
 1903 01d8 12       		.uleb128 0x12
 1904 01d9 06       		.uleb128 0x6
 1905 01da 58       		.uleb128 0x58
 1906 01db 0B       		.uleb128 0xb
 1907 01dc 59       		.uleb128 0x59
 1908 01dd 05       		.uleb128 0x5
 1909 01de 00       		.byte	0
 1910 01df 00       		.byte	0
 1911 01e0 26       		.uleb128 0x26
 1912 01e1 05       		.uleb128 0x5
 1913 01e2 00       		.byte	0
 1914 01e3 31       		.uleb128 0x31
 1915 01e4 13       		.uleb128 0x13
 1916 01e5 1C       		.uleb128 0x1c
 1917 01e6 0B       		.uleb128 0xb
 1918 01e7 00       		.byte	0
 1919 01e8 00       		.byte	0
 1920 01e9 27       		.uleb128 0x27
 1921 01ea 898201   		.uleb128 0x4109
 1922 01ed 00       		.byte	0
 1923 01ee 11       		.uleb128 0x11
 1924 01ef 01       		.uleb128 0x1
 1925 01f0 31       		.uleb128 0x31
 1926 01f1 13       		.uleb128 0x13
 1927 01f2 00       		.byte	0
 1928 01f3 00       		.byte	0
 1929 01f4 28       		.uleb128 0x28
 1930 01f5 34       		.uleb128 0x34
 1931 01f6 00       		.byte	0
 1932 01f7 03       		.uleb128 0x3
 1933 01f8 0E       		.uleb128 0xe
 1934 01f9 3A       		.uleb128 0x3a
 1935 01fa 0B       		.uleb128 0xb
ARM GAS  /tmp/cccX7GF0.s 			page 35


 1936 01fb 3B       		.uleb128 0x3b
 1937 01fc 05       		.uleb128 0x5
 1938 01fd 49       		.uleb128 0x49
 1939 01fe 13       		.uleb128 0x13
 1940 01ff 3F       		.uleb128 0x3f
 1941 0200 19       		.uleb128 0x19
 1942 0201 3C       		.uleb128 0x3c
 1943 0202 19       		.uleb128 0x19
 1944 0203 00       		.byte	0
 1945 0204 00       		.byte	0
 1946 0205 29       		.uleb128 0x29
 1947 0206 34       		.uleb128 0x34
 1948 0207 00       		.byte	0
 1949 0208 03       		.uleb128 0x3
 1950 0209 08       		.uleb128 0x8
 1951 020a 3A       		.uleb128 0x3a
 1952 020b 0B       		.uleb128 0xb
 1953 020c 3B       		.uleb128 0x3b
 1954 020d 05       		.uleb128 0x5
 1955 020e 49       		.uleb128 0x49
 1956 020f 13       		.uleb128 0x13
 1957 0210 3F       		.uleb128 0x3f
 1958 0211 19       		.uleb128 0x19
 1959 0212 3C       		.uleb128 0x3c
 1960 0213 19       		.uleb128 0x19
 1961 0214 00       		.byte	0
 1962 0215 00       		.byte	0
 1963 0216 2A       		.uleb128 0x2a
 1964 0217 2E       		.uleb128 0x2e
 1965 0218 00       		.byte	0
 1966 0219 3F       		.uleb128 0x3f
 1967 021a 19       		.uleb128 0x19
 1968 021b 03       		.uleb128 0x3
 1969 021c 0E       		.uleb128 0xe
 1970 021d 3A       		.uleb128 0x3a
 1971 021e 0B       		.uleb128 0xb
 1972 021f 3B       		.uleb128 0x3b
 1973 0220 05       		.uleb128 0x5
 1974 0221 27       		.uleb128 0x27
 1975 0222 19       		.uleb128 0x19
 1976 0223 49       		.uleb128 0x49
 1977 0224 13       		.uleb128 0x13
 1978 0225 3C       		.uleb128 0x3c
 1979 0226 19       		.uleb128 0x19
 1980 0227 00       		.byte	0
 1981 0228 00       		.byte	0
 1982 0229 00       		.byte	0
 1983              		.section	.debug_loc,"",%progbits
 1984              	.Ldebug_loc0:
 1985              	.LLST0:
 1986 0000 04000000 		.4byte	.LVL0
 1987 0004 06000000 		.4byte	.LVL1
 1988 0008 0300     		.2byte	0x3
 1989 000a 73       		.byte	0x73
 1990 000b 20       		.sleb128 32
 1991 000c 9F       		.byte	0x9f
 1992 000d 06000000 		.4byte	.LVL1
ARM GAS  /tmp/cccX7GF0.s 			page 36


 1993 0011 0C000000 		.4byte	.LVL3
 1994 0015 0100     		.2byte	0x1
 1995 0017 53       		.byte	0x53
 1996 0018 00000000 		.4byte	0
 1997 001c 00000000 		.4byte	0
 1998              	.LLST1:
 1999 0020 04000000 		.4byte	.LVL0
 2000 0024 06000000 		.4byte	.LVL1
 2001 0028 0100     		.2byte	0x1
 2002 002a 53       		.byte	0x53
 2003 002b 06000000 		.4byte	.LVL1
 2004 002f 0C000000 		.4byte	.LVL3
 2005 0033 0300     		.2byte	0x3
 2006 0035 73       		.byte	0x73
 2007 0036 60       		.sleb128 -32
 2008 0037 9F       		.byte	0x9f
 2009 0038 00000000 		.4byte	0
 2010 003c 00000000 		.4byte	0
 2011              	.LLST3:
 2012 0040 12000000 		.4byte	.LVL5
 2013 0044 18000000 		.4byte	.LVL6
 2014 0048 0200     		.2byte	0x2
 2015 004a 30       		.byte	0x30
 2016 004b 9F       		.byte	0x9f
 2017 004c 00000000 		.4byte	0
 2018 0050 00000000 		.4byte	0
 2019              	.LLST4:
 2020 0054 1C000000 		.4byte	.LVL7
 2021 0058 28000000 		.4byte	.LVL9
 2022 005c 0300     		.2byte	0x3
 2023 005e 74       		.byte	0x74
 2024 005f 60       		.sleb128 -32
 2025 0060 9F       		.byte	0x9f
 2026 0061 28000000 		.4byte	.LVL9
 2027 0065 2F000000 		.4byte	.LVL10-1
 2028 0069 0100     		.2byte	0x1
 2029 006b 53       		.byte	0x53
 2030 006c 2F000000 		.4byte	.LVL10-1
 2031 0070 42000000 		.4byte	.LVL12
 2032 0074 0300     		.2byte	0x3
 2033 0076 74       		.byte	0x74
 2034 0077 60       		.sleb128 -32
 2035 0078 9F       		.byte	0x9f
 2036 0079 00000000 		.4byte	0
 2037 007d 00000000 		.4byte	0
 2038              	.LLST5:
 2039 0081 1C000000 		.4byte	.LVL7
 2040 0085 42000000 		.4byte	.LVL12
 2041 0089 0100     		.2byte	0x1
 2042 008b 54       		.byte	0x54
 2043 008c 00000000 		.4byte	0
 2044 0090 00000000 		.4byte	0
 2045              	.LLST6:
 2046 0094 24000000 		.4byte	.LVL8
 2047 0098 28000000 		.4byte	.LVL9
 2048 009c 0300     		.2byte	0x3
 2049 009e 74       		.byte	0x74
ARM GAS  /tmp/cccX7GF0.s 			page 37


 2050 009f 60       		.sleb128 -32
 2051 00a0 9F       		.byte	0x9f
 2052 00a1 28000000 		.4byte	.LVL9
 2053 00a5 2F000000 		.4byte	.LVL10-1
 2054 00a9 0100     		.2byte	0x1
 2055 00ab 53       		.byte	0x53
 2056 00ac 2F000000 		.4byte	.LVL10-1
 2057 00b0 42000000 		.4byte	.LVL12
 2058 00b4 0300     		.2byte	0x3
 2059 00b6 74       		.byte	0x74
 2060 00b7 60       		.sleb128 -32
 2061 00b8 9F       		.byte	0x9f
 2062 00b9 00000000 		.4byte	0
 2063 00bd 00000000 		.4byte	0
 2064              		.section	.debug_aranges,"",%progbits
 2065 0000 24000000 		.4byte	0x24
 2066 0004 0200     		.2byte	0x2
 2067 0006 00000000 		.4byte	.Ldebug_info0
 2068 000a 04       		.byte	0x4
 2069 000b 00       		.byte	0
 2070 000c 0000     		.2byte	0
 2071 000e 0000     		.2byte	0
 2072 0010 00000000 		.4byte	.LFB241
 2073 0014 12000000 		.4byte	.LFE241-.LFB241
 2074 0018 00000000 		.4byte	.LFB242
 2075 001c 50000000 		.4byte	.LFE242-.LFB242
 2076 0020 00000000 		.4byte	0
 2077 0024 00000000 		.4byte	0
 2078              		.section	.debug_ranges,"",%progbits
 2079              	.Ldebug_ranges0:
 2080 0000 00000000 		.4byte	.LFB241
 2081 0004 12000000 		.4byte	.LFE241
 2082 0008 00000000 		.4byte	.LFB242
 2083 000c 50000000 		.4byte	.LFE242
 2084 0010 00000000 		.4byte	0
 2085 0014 00000000 		.4byte	0
 2086              		.section	.debug_line,"",%progbits
 2087              	.Ldebug_line0:
 2088 0000 8C020000 		.section	.debug_str,"MS",%progbits,1
 2088      02002602 
 2088      00000201 
 2088      FB0E0D00 
 2088      01010101 
 2089              	.LASF49:
 2090 0000 72656164 		.ascii	"ready_list_t\000"
 2090      795F6C69 
 2090      73745F74 
 2090      00
 2091              	.LASF106:
 2092 000d 77747472 		.ascii	"wttrp\000"
 2092      7000
 2093              	.LASF103:
 2094 0013 7264796D 		.ascii	"rdymsg\000"
 2094      736700
 2095              	.LASF16:
 2096 001a 75696E74 		.ascii	"uint64_t\000"
 2096      36345F74 
ARM GAS  /tmp/cccX7GF0.s 			page 38


 2096      00
 2097              	.LASF5:
 2098 0023 5F5F7569 		.ascii	"__uint8_t\000"
 2098      6E74385F 
 2098      7400
 2099              	.LASF97:
 2100 002d 706F7274 		.ascii	"port_intctx\000"
 2100      5F696E74 
 2100      63747800 
 2101              	.LASF68:
 2102 0039 73797374 		.ascii	"system_debug_t\000"
 2102      656D5F64 
 2102      65627567 
 2102      5F7400
 2103              	.LASF120:
 2104 0048 706F7274 		.ascii	"port_lock\000"
 2104      5F6C6F63 
 2104      6B00
 2105              	.LASF12:
 2106 0052 6C6F6E67 		.ascii	"long long unsigned int\000"
 2106      206C6F6E 
 2106      6720756E 
 2106      7369676E 
 2106      65642069 
 2107              	.LASF104:
 2108 0069 65786974 		.ascii	"exitcode\000"
 2108      636F6465 
 2108      00
 2109              	.LASF75:
 2110 0072 6D61696E 		.ascii	"mainthread\000"
 2110      74687265 
 2110      616400
 2111              	.LASF107:
 2112 007d 73656E74 		.ascii	"sentmsg\000"
 2112      6D736700 
 2113              	.LASF65:
 2114 0085 76697274 		.ascii	"virtual_timers_list_t\000"
 2114      75616C5F 
 2114      74696D65 
 2114      72735F6C 
 2114      6973745F 
 2115              	.LASF78:
 2116 009b 43505549 		.ascii	"CPUID\000"
 2116      4400
 2117              	.LASF48:
 2118 00a1 63685F74 		.ascii	"ch_threads_queue\000"
 2118      68726561 
 2118      64735F71 
 2118      75657565 
 2118      00
 2119              	.LASF29:
 2120 00b2 705F7072 		.ascii	"p_prio\000"
 2120      696F00
 2121              	.LASF90:
 2122 00b9 49534152 		.ascii	"ISAR\000"
 2122      00
 2123              	.LASF10:
ARM GAS  /tmp/cccX7GF0.s 			page 39


 2124 00be 6C6F6E67 		.ascii	"long long int\000"
 2124      206C6F6E 
 2124      6720696E 
 2124      7400
 2125              	.LASF1:
 2126 00cc 7369676E 		.ascii	"signed char\000"
 2126      65642063 
 2126      68617200 
 2127              	.LASF42:
 2128 00d8 705F6D70 		.ascii	"p_mpool\000"
 2128      6F6F6C00 
 2129              	.LASF115:
 2130 00e0 6D5F7175 		.ascii	"m_queue\000"
 2130      65756500 
 2131              	.LASF74:
 2132 00e8 76746C69 		.ascii	"vtlist\000"
 2132      737400
 2133              	.LASF121:
 2134 00ef 706F7274 		.ascii	"port_unlock\000"
 2134      5F756E6C 
 2134      6F636B00 
 2135              	.LASF72:
 2136 00fb 63685F73 		.ascii	"ch_system\000"
 2136      79737465 
 2136      6D00
 2137              	.LASF7:
 2138 0105 6C6F6E67 		.ascii	"long int\000"
 2138      20696E74 
 2138      00
 2139              	.LASF19:
 2140 010e 74737461 		.ascii	"tstate_t\000"
 2140      74655F74 
 2140      00
 2141              	.LASF138:
 2142 0117 63685363 		.ascii	"chSchIsPreemptionRequired\000"
 2142      68497350 
 2142      7265656D 
 2142      7074696F 
 2142      6E526571 
 2143              	.LASF31:
 2144 0131 705F6E65 		.ascii	"p_newer\000"
 2144      77657200 
 2145              	.LASF112:
 2146 0139 735F7175 		.ascii	"s_queue\000"
 2146      65756500 
 2147              	.LASF87:
 2148 0141 42464152 		.ascii	"BFAR\000"
 2148      00
 2149              	.LASF88:
 2150 0146 41465352 		.ascii	"AFSR\000"
 2150      00
 2151              	.LASF54:
 2152 014b 725F6E65 		.ascii	"r_newer\000"
 2152      77657200 
 2153              	.LASF94:
 2154 0153 72656761 		.ascii	"regarm_t\000"
 2154      726D5F74 
ARM GAS  /tmp/cccX7GF0.s 			page 40


 2154      00
 2155              	.LASF61:
 2156 015c 76745F70 		.ascii	"vt_prev\000"
 2156      72657600 
 2157              	.LASF93:
 2158 0164 5343425F 		.ascii	"SCB_Type\000"
 2158      54797065 
 2158      00
 2159              	.LASF119:
 2160 016d 6D757465 		.ascii	"mutex_t\000"
 2160      785F7400 
 2161              	.LASF124:
 2162 0175 76616C75 		.ascii	"value\000"
 2162      6500
 2163              	.LASF76:
 2164 017b 69646C65 		.ascii	"idle_thread_wa\000"
 2164      5F746872 
 2164      6561645F 
 2164      776100
 2165              	.LASF24:
 2166 018a 636E745F 		.ascii	"cnt_t\000"
 2166      7400
 2167              	.LASF0:
 2168 0190 756E7369 		.ascii	"unsigned int\000"
 2168      676E6564 
 2168      20696E74 
 2168      00
 2169              	.LASF123:
 2170 019d 5F5F7365 		.ascii	"__set_PSP\000"
 2170      745F5053 
 2170      5000
 2171              	.LASF60:
 2172 01a7 76745F6E 		.ascii	"vt_next\000"
 2172      65787400 
 2173              	.LASF108:
 2174 01af 77747365 		.ascii	"wtsemp\000"
 2174      6D7000
 2175              	.LASF38:
 2176 01b6 705F6D73 		.ascii	"p_msgqueue\000"
 2176      67717565 
 2176      756500
 2177              	.LASF80:
 2178 01c1 56544F52 		.ascii	"VTOR\000"
 2178      00
 2179              	.LASF113:
 2180 01c6 735F636E 		.ascii	"s_cnt\000"
 2180      7400
 2181              	.LASF45:
 2182 01cc 63685F74 		.ascii	"ch_thread\000"
 2182      68726561 
 2182      6400
 2183              	.LASF79:
 2184 01d6 49435352 		.ascii	"ICSR\000"
 2184      00
 2185              	.LASF22:
 2186 01db 6D73675F 		.ascii	"msg_t\000"
 2186      7400
ARM GAS  /tmp/cccX7GF0.s 			page 41


 2187              	.LASF81:
 2188 01e1 41495243 		.ascii	"AIRCR\000"
 2188      5200
 2189              	.LASF85:
 2190 01e7 44465352 		.ascii	"DFSR\000"
 2190      00
 2191              	.LASF86:
 2192 01ec 4D4D4641 		.ascii	"MMFAR\000"
 2192      5200
 2193              	.LASF129:
 2194 01f2 5F706F72 		.ascii	"_port_irq_epilogue\000"
 2194      745F6972 
 2194      715F6570 
 2194      696C6F67 
 2194      756500
 2195              	.LASF18:
 2196 0205 746D6F64 		.ascii	"tmode_t\000"
 2196      655F7400 
 2197              	.LASF50:
 2198 020d 63685F72 		.ascii	"ch_ready_list\000"
 2198      65616479 
 2198      5F6C6973 
 2198      7400
 2199              	.LASF23:
 2200 021b 6576656E 		.ascii	"eventmask_t\000"
 2200      746D6173 
 2200      6B5F7400 
 2201              	.LASF125:
 2202 0227 746F704F 		.ascii	"topOfProcStack\000"
 2202      6650726F 
 2202      63537461 
 2202      636B00
 2203              	.LASF6:
 2204 0236 5F5F696E 		.ascii	"__int32_t\000"
 2204      7433325F 
 2204      7400
 2205              	.LASF95:
 2206 0240 73746B61 		.ascii	"stkalign_t\000"
 2206      6C69676E 
 2206      5F7400
 2207              	.LASF44:
 2208 024b 74687265 		.ascii	"threads_list_t\000"
 2208      6164735F 
 2208      6C697374 
 2208      5F7400
 2209              	.LASF37:
 2210 025a 705F7761 		.ascii	"p_waiting\000"
 2210      6974696E 
 2210      6700
 2211              	.LASF77:
 2212 0264 73697A65 		.ascii	"sizetype\000"
 2212      74797065 
 2212      00
 2213              	.LASF43:
 2214 026d 74687265 		.ascii	"thread_reference_t\000"
 2214      61645F72 
 2214      65666572 
ARM GAS  /tmp/cccX7GF0.s 			page 42


 2214      656E6365 
 2214      5F7400
 2215              	.LASF66:
 2216 0280 63685F76 		.ascii	"ch_virtual_timers_list\000"
 2216      69727475 
 2216      616C5F74 
 2216      696D6572 
 2216      735F6C69 
 2217              	.LASF83:
 2218 0297 43465352 		.ascii	"CFSR\000"
 2218      00
 2219              	.LASF51:
 2220 029c 725F7175 		.ascii	"r_queue\000"
 2220      65756500 
 2221              	.LASF67:
 2222 02a4 76745F6C 		.ascii	"vt_lasttime\000"
 2222      61737474 
 2222      696D6500 
 2223              	.LASF32:
 2224 02b0 705F6F6C 		.ascii	"p_older\000"
 2224      64657200 
 2225              	.LASF53:
 2226 02b8 725F6374 		.ascii	"r_ctx\000"
 2226      7800
 2227              	.LASF98:
 2228 02be 706F7274 		.ascii	"port_extctx\000"
 2228      5F657874 
 2228      63747800 
 2229              	.LASF102:
 2230 02ca 746D5F63 		.ascii	"tm_calibration_t\000"
 2230      616C6962 
 2230      72617469 
 2230      6F6E5F74 
 2230      00
 2231              	.LASF56:
 2232 02db 725F6375 		.ascii	"r_current\000"
 2232      7272656E 
 2232      7400
 2233              	.LASF55:
 2234 02e5 725F6F6C 		.ascii	"r_older\000"
 2234      64657200 
 2235              	.LASF11:
 2236 02ed 5F5F7569 		.ascii	"__uint64_t\000"
 2236      6E743634 
 2236      5F7400
 2237              	.LASF20:
 2238 02f8 74726566 		.ascii	"trefs_t\000"
 2238      735F7400 
 2239              	.LASF91:
 2240 0300 52455345 		.ascii	"RESERVED0\000"
 2240      52564544 
 2240      3000
 2241              	.LASF130:
 2242 030a 63747870 		.ascii	"ctxp\000"
 2242      00
 2243              	.LASF58:
 2244 030f 76697274 		.ascii	"virtual_timer_t\000"
ARM GAS  /tmp/cccX7GF0.s 			page 43


 2244      75616C5F 
 2244      74696D65 
 2244      725F7400 
 2245              	.LASF28:
 2246 031f 705F7072 		.ascii	"p_prev\000"
 2246      657600
 2247              	.LASF21:
 2248 0326 74707269 		.ascii	"tprio_t\000"
 2248      6F5F7400 
 2249              	.LASF69:
 2250 032e 63685F73 		.ascii	"ch_system_debug\000"
 2250      79737465 
 2250      6D5F6465 
 2250      62756700 
 2251              	.LASF132:
 2252 033e 5F426F6F 		.ascii	"_Bool\000"
 2252      6C00
 2253              	.LASF14:
 2254 0344 696E7433 		.ascii	"int32_t\000"
 2254      325F7400 
 2255              	.LASF2:
 2256 034c 756E7369 		.ascii	"unsigned char\000"
 2256      676E6564 
 2256      20636861 
 2256      7200
 2257              	.LASF82:
 2258 035a 53484353 		.ascii	"SHCSR\000"
 2258      5200
 2259              	.LASF131:
 2260 0360 49544D5F 		.ascii	"ITM_RxBuffer\000"
 2260      52784275 
 2260      66666572 
 2260      00
 2261              	.LASF40:
 2262 036d 705F6D74 		.ascii	"p_mtxlist\000"
 2262      786C6973 
 2262      7400
 2263              	.LASF3:
 2264 0377 73686F72 		.ascii	"short int\000"
 2264      7420696E 
 2264      7400
 2265              	.LASF34:
 2266 0381 705F7374 		.ascii	"p_state\000"
 2266      61746500 
 2267              	.LASF100:
 2268 0389 78707372 		.ascii	"xpsr\000"
 2268      00
 2269              	.LASF52:
 2270 038e 725F7072 		.ascii	"r_prio\000"
 2270      696F00
 2271              	.LASF110:
 2272 0395 65776D61 		.ascii	"ewmask\000"
 2272      736B00
 2273              	.LASF27:
 2274 039c 705F6E65 		.ascii	"p_next\000"
 2274      787400
 2275              	.LASF35:
ARM GAS  /tmp/cccX7GF0.s 			page 44


 2276 03a3 705F666C 		.ascii	"p_flags\000"
 2276      61677300 
 2277              	.LASF4:
 2278 03ab 73686F72 		.ascii	"short unsigned int\000"
 2278      7420756E 
 2278      7369676E 
 2278      65642069 
 2278      6E7400
 2279              	.LASF99:
 2280 03be 6C725F74 		.ascii	"lr_thd\000"
 2280      686400
 2281              	.LASF128:
 2282 03c5 5356435F 		.ascii	"SVC_Handler\000"
 2282      48616E64 
 2282      6C657200 
 2283              	.LASF59:
 2284 03d1 63685F76 		.ascii	"ch_virtual_timer\000"
 2284      69727475 
 2284      616C5F74 
 2284      696D6572 
 2284      00
 2285              	.LASF111:
 2286 03e2 63685F73 		.ascii	"ch_semaphore\000"
 2286      656D6170 
 2286      686F7265 
 2286      00
 2287              	.LASF39:
 2288 03ef 705F6570 		.ascii	"p_epending\000"
 2288      656E6469 
 2288      6E6700
 2289              	.LASF15:
 2290 03fa 75696E74 		.ascii	"uint32_t\000"
 2290      33325F74 
 2290      00
 2291              	.LASF109:
 2292 0403 77746D74 		.ascii	"wtmtxp\000"
 2292      787000
 2293              	.LASF135:
 2294 040a 2F6E6673 		.ascii	"/nfs/nfs4/home/cojthack/442FinalProject/milestone3\000"
 2294      2F6E6673 
 2294      342F686F 
 2294      6D652F63 
 2294      6F6A7468 
 2295              	.LASF62:
 2296 043d 76745F64 		.ascii	"vt_delta\000"
 2296      656C7461 
 2296      00
 2297              	.LASF46:
 2298 0446 63685F74 		.ascii	"ch_threads_list\000"
 2298      68726561 
 2298      64735F6C 
 2298      69737400 
 2299              	.LASF9:
 2300 0456 6C6F6E67 		.ascii	"long unsigned int\000"
 2300      20756E73 
 2300      69676E65 
 2300      6420696E 
ARM GAS  /tmp/cccX7GF0.s 			page 45


 2300      7400
 2301              	.LASF118:
 2302 0468 63686172 		.ascii	"char\000"
 2302      00
 2303              	.LASF126:
 2304 046d 706F7274 		.ascii	"port_unlock_from_isr\000"
 2304      5F756E6C 
 2304      6F636B5F 
 2304      66726F6D 
 2304      5F697372 
 2305              	.LASF134:
 2306 0482 2E2E2F43 		.ascii	"../ChibiOS/os/rt/ports/ARMCMx/chcore_v7m.c\000"
 2306      68696269 
 2306      4F532F6F 
 2306      732F7274 
 2306      2F706F72 
 2307              	.LASF133:
 2308 04ad 474E5520 		.ascii	"GNU C 4.8.4 20140526 (release) [ARM/embedded-4_8-br"
 2308      4320342E 
 2308      382E3420 
 2308      32303134 
 2308      30353236 
 2309 04e0 616E6368 		.ascii	"anch revision 211358] -mcpu=cortex-m4 -mno-thumb-in"
 2309      20726576 
 2309      6973696F 
 2309      6E203231 
 2309      31333538 
 2310 0513 74657277 		.ascii	"terwork -mthumb -ggdb -O2 -fomit-frame-pointer -fal"
 2310      6F726B20 
 2310      2D6D7468 
 2310      756D6220 
 2310      2D676764 
 2311 0546 69676E2D 		.ascii	"ign-functions=16 -ffunction-sections -fdata-section"
 2311      66756E63 
 2311      74696F6E 
 2311      733D3136 
 2311      202D6666 
 2312 0579 73202D66 		.ascii	"s -fno-common\000"
 2312      6E6F2D63 
 2312      6F6D6D6F 
 2312      6E00
 2313              	.LASF117:
 2314 0587 6D5F6E65 		.ascii	"m_next\000"
 2314      787400
 2315              	.LASF25:
 2316 058e 73797374 		.ascii	"systime_t\000"
 2316      696D655F 
 2316      7400
 2317              	.LASF41:
 2318 0598 705F7265 		.ascii	"p_realprio\000"
 2318      616C7072 
 2318      696F00
 2319              	.LASF57:
 2320 05a3 76746675 		.ascii	"vtfunc_t\000"
 2320      6E635F74 
 2320      00
 2321              	.LASF8:
ARM GAS  /tmp/cccX7GF0.s 			page 46


 2322 05ac 5F5F7569 		.ascii	"__uint32_t\000"
 2322      6E743332 
 2322      5F7400
 2323              	.LASF122:
 2324 05b7 5F5F7365 		.ascii	"__set_BASEPRI\000"
 2324      745F4241 
 2324      53455052 
 2324      4900
 2325              	.LASF70:
 2326 05c5 70616E69 		.ascii	"panic_msg\000"
 2326      635F6D73 
 2326      6700
 2327              	.LASF101:
 2328 05cf 6F666673 		.ascii	"offset\000"
 2328      657400
 2329              	.LASF96:
 2330 05d6 636F6E74 		.ascii	"context\000"
 2330      65787400 
 2331              	.LASF71:
 2332 05de 63685F73 		.ascii	"ch_system_t\000"
 2332      79737465 
 2332      6D5F7400 
 2333              	.LASF17:
 2334 05ea 7274636E 		.ascii	"rtcnt_t\000"
 2334      745F7400 
 2335              	.LASF127:
 2336 05f2 706F7274 		.ascii	"port_lock_from_isr\000"
 2336      5F6C6F63 
 2336      6B5F6672 
 2336      6F6D5F69 
 2336      737200
 2337              	.LASF136:
 2338 0605 5F5F6765 		.ascii	"__get_PSP\000"
 2338      745F5053 
 2338      5000
 2339              	.LASF64:
 2340 060f 76745F70 		.ascii	"vt_par\000"
 2340      617200
 2341              	.LASF47:
 2342 0616 74687265 		.ascii	"threads_queue_t\000"
 2342      6164735F 
 2342      71756575 
 2342      655F7400 
 2343              	.LASF114:
 2344 0626 63685F6D 		.ascii	"ch_mutex\000"
 2344      75746578 
 2344      00
 2345              	.LASF36:
 2346 062f 705F7265 		.ascii	"p_refs\000"
 2346      667300
 2347              	.LASF26:
 2348 0636 74687265 		.ascii	"thread_t\000"
 2348      61645F74 
 2348      00
 2349              	.LASF89:
 2350 063f 4D4D4652 		.ascii	"MMFR\000"
 2350      00
ARM GAS  /tmp/cccX7GF0.s 			page 47


 2351              	.LASF73:
 2352 0644 726C6973 		.ascii	"rlist\000"
 2352      7400
 2353              	.LASF13:
 2354 064a 75696E74 		.ascii	"uint8_t\000"
 2354      385F7400 
 2355              	.LASF105:
 2356 0652 77746F62 		.ascii	"wtobjp\000"
 2356      6A7000
 2357              	.LASF33:
 2358 0659 705F6E61 		.ascii	"p_name\000"
 2358      6D6500
 2359              	.LASF92:
 2360 0660 43504143 		.ascii	"CPACR\000"
 2360      5200
 2361              	.LASF84:
 2362 0666 48465352 		.ascii	"HFSR\000"
 2362      00
 2363              	.LASF116:
 2364 066b 6D5F6F77 		.ascii	"m_owner\000"
 2364      6E657200 
 2365              	.LASF137:
 2366 0673 72657375 		.ascii	"result\000"
 2366      6C7400
 2367              	.LASF30:
 2368 067a 705F6374 		.ascii	"p_ctx\000"
 2368      7800
 2369              	.LASF63:
 2370 0680 76745F66 		.ascii	"vt_func\000"
 2370      756E6300 
 2371              		.ident	"GCC: (GNU Tools for ARM Embedded Processors) 4.8.4 20140526 (release) [ARM/embedded-4_8-br
ARM GAS  /tmp/cccX7GF0.s 			page 48


DEFINED SYMBOLS
                            *ABS*:00000000 chcore_v7m.c
     /tmp/cccX7GF0.s:19     .text.SVC_Handler:00000000 $t
     /tmp/cccX7GF0.s:25     .text.SVC_Handler:00000000 SVC_Handler
     /tmp/cccX7GF0.s:79     .text._port_irq_epilogue:00000000 $t
     /tmp/cccX7GF0.s:85     .text._port_irq_epilogue:00000000 _port_irq_epilogue
     /tmp/cccX7GF0.s:179    .text._port_irq_epilogue:00000044 $d
                     .debug_frame:00000010 $d

UNDEFINED SYMBOLS
chSchIsPreemptionRequired
_port_switch_from_isr
_port_exit_from_isr
