ARM GAS  /tmp/cc5hbNSm.s 			page 1


   1              		.syntax unified
   2              		.cpu cortex-m4
   3              		.fpu softvfp
   4              		.eabi_attribute 20, 1
   5              		.eabi_attribute 21, 1
   6              		.eabi_attribute 23, 3
   7              		.eabi_attribute 24, 1
   8              		.eabi_attribute 25, 1
   9              		.eabi_attribute 26, 1
  10              		.eabi_attribute 30, 2
  11              		.eabi_attribute 34, 1
  12              		.eabi_attribute 18, 4
  13              		.thumb
  14              		.file	"chtm.c"
  15              		.text
  16              	.Ltext0:
  17              		.cfi_sections	.debug_frame
  18              		.section	.text.chTMObjectInit,"ax",%progbits
  19              		.align	2
  20              		.p2align 4,,15
  21              		.global	chTMObjectInit
  22              		.thumb
  23              		.thumb_func
  24              		.type	chTMObjectInit, %function
  25              	chTMObjectInit:
  26              	.LFB243:
  27              		.file 1 "../ChibiOS/os/rt/src/chtm.c"
  28              		.loc 1 97 0
  29              		.cfi_startproc
  30              		@ args = 0, pretend = 0, frame = 0
  31              		@ frame_needed = 0, uses_anonymous_args = 0
  32              		@ link register save eliminated.
  33              	.LVL0:
  34              		.loc 1 103 0
  35 0000 0022     		movs	r2, #0
  36 0002 0023     		movs	r3, #0
  37 0004 C0E90423 		strd	r2, [r0, #16]
  38              		.loc 1 100 0
  39 0008 0023     		movs	r3, #0
  40 000a 4FF0FF32 		mov	r2, #-1
  41 000e 80E80C00 		stmia	r0, {r2, r3}
  42              		.loc 1 101 0
  43 0012 8360     		str	r3, [r0, #8]
  44              		.loc 1 102 0
  45 0014 C360     		str	r3, [r0, #12]
  46 0016 7047     		bx	lr
  47              		.cfi_endproc
  48              	.LFE243:
  49              		.size	chTMObjectInit, .-chTMObjectInit
  50 0018 AFF30080 		.section	.text.chTMStartMeasurementX,"ax",%progbits
  50      AFF30080 
  51              		.align	2
  52              		.p2align 4,,15
  53              		.global	chTMStartMeasurementX
  54              		.thumb
  55              		.thumb_func
  56              		.type	chTMStartMeasurementX, %function
ARM GAS  /tmp/cc5hbNSm.s 			page 2


  57              	chTMStartMeasurementX:
  58              	.LFB244:
  59              		.loc 1 114 0
  60              		.cfi_startproc
  61              		@ args = 0, pretend = 0, frame = 0
  62              		@ frame_needed = 0, uses_anonymous_args = 0
  63              		@ link register save eliminated.
  64              	.LVL1:
  65              	.LBB14:
  66              	.LBB15:
  67              		.file 2 "../ChibiOS/os/rt/ports/ARMCMx/chcore_v7m.h"
  68              		.loc 2 570 0
  69 0000 014B     		ldr	r3, .L3
  70 0002 5B68     		ldr	r3, [r3, #4]
  71              	.LBE15:
  72              	.LBE14:
  73              		.loc 1 116 0
  74 0004 8360     		str	r3, [r0, #8]
  75 0006 7047     		bx	lr
  76              	.L4:
  77              		.align	2
  78              	.L3:
  79 0008 001000E0 		.word	-536866816
  80              		.cfi_endproc
  81              	.LFE244:
  82              		.size	chTMStartMeasurementX, .-chTMStartMeasurementX
  83 000c AFF30080 		.section	.text.chTMStopMeasurementX,"ax",%progbits
  84              		.align	2
  85              		.p2align 4,,15
  86              		.global	chTMStopMeasurementX
  87              		.thumb
  88              		.thumb_func
  89              		.type	chTMStopMeasurementX, %function
  90              	chTMStopMeasurementX:
  91              	.LFB245:
  92              		.loc 1 127 0
  93              		.cfi_startproc
  94              		@ args = 0, pretend = 0, frame = 0
  95              		@ frame_needed = 0, uses_anonymous_args = 0
  96              		@ link register save eliminated.
  97              	.LVL2:
  98              	.LBB16:
  99              	.LBB17:
 100              		.loc 2 570 0
 101 0000 0E4A     		ldr	r2, .L8
 102              	.LBE17:
 103              	.LBE16:
 104              		.loc 1 129 0
 105 0002 0F4B     		ldr	r3, .L8+4
 106              	.LBB19:
 107              	.LBB18:
 108              		.loc 2 570 0
 109 0004 5168     		ldr	r1, [r2, #4]
 110              	.LBE18:
 111              	.LBE19:
 112              		.loc 1 127 0
 113 0006 F0B4     		push	{r4, r5, r6, r7}
ARM GAS  /tmp/cc5hbNSm.s 			page 3


 114              		.cfi_def_cfa_offset 16
 115              		.cfi_offset 4, -16
 116              		.cfi_offset 5, -12
 117              		.cfi_offset 6, -8
 118              		.cfi_offset 7, -4
 119              	.LBB20:
 120              	.LBB21:
 121              		.loc 1 58 0
 122 0008 8668     		ldr	r6, [r0, #8]
 123              	.LBE21:
 124              	.LBE20:
 125              		.loc 1 129 0
 126 000a 1F6F     		ldr	r7, [r3, #112]
 127              	.LVL3:
 128              	.LBB23:
 129              	.LBB22:
 130              		.loc 1 60 0
 131 000c 4468     		ldr	r4, [r0, #4]
 132              		.loc 1 57 0
 133 000e C568     		ldr	r5, [r0, #12]
 134              		.loc 1 59 0
 135 0010 D0E90423 		ldrd	r2, [r0, #16]
 136              		.loc 1 58 0
 137 0014 891B     		subs	r1, r1, r6
 138              	.LVL4:
 139 0016 C91B     		subs	r1, r1, r7
 140              		.loc 1 59 0
 141 0018 5218     		adds	r2, r2, r1
 142 001a 43F10003 		adc	r3, r3, #0
 143 001e C0E90423 		strd	r2, [r0, #16]
 144              		.loc 1 63 0
 145 0022 0368     		ldr	r3, [r0]
 146              		.loc 1 58 0
 147 0024 8160     		str	r1, [r0, #8]
 148              		.loc 1 60 0
 149 0026 A142     		cmp	r1, r4
 150              		.loc 1 57 0
 151 0028 05F10105 		add	r5, r5, #1
 152              		.loc 1 61 0
 153 002c 88BF     		it	hi
 154 002e 4160     		strhi	r1, [r0, #4]
 155              		.loc 1 63 0
 156 0030 9942     		cmp	r1, r3
 157              		.loc 1 57 0
 158 0032 C560     		str	r5, [r0, #12]
 159              		.loc 1 64 0
 160 0034 38BF     		it	cc
 161 0036 0160     		strcc	r1, [r0]
 162              	.LBE22:
 163              	.LBE23:
 164              		.loc 1 130 0
 165 0038 F0BC     		pop	{r4, r5, r6, r7}
 166              	.LVL5:
 167 003a 7047     		bx	lr
 168              	.L9:
 169              		.align	2
 170              	.L8:
ARM GAS  /tmp/cc5hbNSm.s 			page 4


 171 003c 001000E0 		.word	-536866816
 172 0040 00000000 		.word	ch
 173              		.cfi_endproc
 174              	.LFE245:
 175              		.size	chTMStopMeasurementX, .-chTMStopMeasurementX
 176 0044 AFF30080 		.section	.text._tm_init,"ax",%progbits
 176      AFF30080 
 176      AFF30080 
 177              		.align	2
 178              		.p2align 4,,15
 179              		.global	_tm_init
 180              		.thumb
 181              		.thumb_func
 182              		.type	_tm_init, %function
 183              	_tm_init:
 184              	.LFB242:
 185              		.loc 1 77 0
 186              		.cfi_startproc
 187              		@ args = 0, pretend = 0, frame = 24
 188              		@ frame_needed = 0, uses_anonymous_args = 0
 189 0000 30B5     		push	{r4, r5, lr}
 190              		.cfi_def_cfa_offset 12
 191              		.cfi_offset 4, -12
 192              		.cfi_offset 5, -8
 193              		.cfi_offset 14, -4
 194              		.loc 1 83 0
 195 0002 0C4C     		ldr	r4, .L11
 196              		.loc 1 77 0
 197 0004 87B0     		sub	sp, sp, #28
 198              		.cfi_def_cfa_offset 40
 199              		.loc 1 83 0
 200 0006 0021     		movs	r1, #0
 201              	.LBB24:
 202              	.LBB25:
 203              		.loc 1 103 0
 204 0008 0022     		movs	r2, #0
 205 000a 0023     		movs	r3, #0
 206              	.LBE25:
 207              	.LBE24:
 208              		.loc 1 85 0
 209 000c 6846     		mov	r0, sp
 210              	.LBB28:
 211              	.LBB26:
 212              		.loc 1 99 0
 213 000e 4FF0FF35 		mov	r5, #-1
 214              		.loc 1 103 0
 215 0012 CDE90423 		strd	r2, [sp, #16]
 216              	.LBE26:
 217              	.LBE28:
 218              		.loc 1 83 0
 219 0016 2167     		str	r1, [r4, #112]
 220              	.LVL6:
 221              	.LBB29:
 222              	.LBB27:
 223              		.loc 1 100 0
 224 0018 0191     		str	r1, [sp, #4]
 225              		.loc 1 101 0
ARM GAS  /tmp/cc5hbNSm.s 			page 5


 226 001a 0291     		str	r1, [sp, #8]
 227              		.loc 1 102 0
 228 001c 0391     		str	r1, [sp, #12]
 229              		.loc 1 99 0
 230 001e 0095     		str	r5, [sp]
 231              	.LBE27:
 232              	.LBE29:
 233              		.loc 1 85 0
 234 0020 FFF7FEFF 		bl	chTMStartMeasurementX
 235              	.LVL7:
 236              		.loc 1 86 0
 237 0024 6846     		mov	r0, sp
 238 0026 FFF7FEFF 		bl	chTMStopMeasurementX
 239              	.LVL8:
 240              		.loc 1 87 0
 241 002a 029B     		ldr	r3, [sp, #8]
 242 002c 2367     		str	r3, [r4, #112]
 243              		.loc 1 88 0
 244 002e 07B0     		add	sp, sp, #28
 245              	.LVL9:
 246              		@ sp needed
 247 0030 30BD     		pop	{r4, r5, pc}
 248              	.LVL10:
 249              	.L12:
 250 0032 00BF     		.align	2
 251              	.L11:
 252 0034 00000000 		.word	ch
 253              		.cfi_endproc
 254              	.LFE242:
 255              		.size	_tm_init, .-_tm_init
 256 0038 AFF30080 		.section	.text.chTMChainMeasurementToX,"ax",%progbits
 256      AFF30080 
 257              		.align	2
 258              		.p2align 4,,15
 259              		.global	chTMChainMeasurementToX
 260              		.thumb
 261              		.thumb_func
 262              		.type	chTMChainMeasurementToX, %function
 263              	chTMChainMeasurementToX:
 264              	.LFB246:
 265              		.loc 1 145 0
 266              		.cfi_startproc
 267              		@ args = 0, pretend = 0, frame = 0
 268              		@ frame_needed = 0, uses_anonymous_args = 0
 269              		@ link register save eliminated.
 270              	.LVL11:
 271              	.LBB30:
 272              	.LBB31:
 273              		.loc 2 570 0
 274 0000 0D4B     		ldr	r3, .L16
 275              	.LBE31:
 276              	.LBE30:
 277              		.loc 1 145 0
 278 0002 70B4     		push	{r4, r5, r6}
 279              		.cfi_def_cfa_offset 12
 280              		.cfi_offset 4, -12
 281              		.cfi_offset 5, -8
ARM GAS  /tmp/cc5hbNSm.s 			page 6


 282              		.cfi_offset 6, -4
 283              	.LBB33:
 284              	.LBB32:
 285              		.loc 2 570 0
 286 0004 5C68     		ldr	r4, [r3, #4]
 287              	.LBE32:
 288              	.LBE33:
 289              		.loc 1 148 0
 290 0006 8C60     		str	r4, [r1, #8]
 291              	.LVL12:
 292              	.LBB34:
 293              	.LBB35:
 294              		.loc 1 59 0
 295 0008 D0E90423 		ldrd	r2, [r0, #16]
 296              		.loc 1 58 0
 297 000c 8168     		ldr	r1, [r0, #8]
 298              	.LVL13:
 299              		.loc 1 60 0
 300 000e 4568     		ldr	r5, [r0, #4]
 301              		.loc 1 57 0
 302 0010 C668     		ldr	r6, [r0, #12]
 303              		.loc 1 58 0
 304 0012 611A     		subs	r1, r4, r1
 305              		.loc 1 59 0
 306 0014 5218     		adds	r2, r2, r1
 307 0016 43F10003 		adc	r3, r3, #0
 308 001a C0E90423 		strd	r2, [r0, #16]
 309              		.loc 1 63 0
 310 001e 0368     		ldr	r3, [r0]
 311              		.loc 1 58 0
 312 0020 8160     		str	r1, [r0, #8]
 313              		.loc 1 60 0
 314 0022 A942     		cmp	r1, r5
 315              		.loc 1 57 0
 316 0024 06F10106 		add	r6, r6, #1
 317              		.loc 1 61 0
 318 0028 88BF     		it	hi
 319 002a 4160     		strhi	r1, [r0, #4]
 320              		.loc 1 63 0
 321 002c 9942     		cmp	r1, r3
 322              		.loc 1 57 0
 323 002e C660     		str	r6, [r0, #12]
 324              		.loc 1 64 0
 325 0030 38BF     		it	cc
 326 0032 0160     		strcc	r1, [r0]
 327              	.LBE35:
 328              	.LBE34:
 329              		.loc 1 152 0
 330 0034 70BC     		pop	{r4, r5, r6}
 331              	.LVL14:
 332 0036 7047     		bx	lr
 333              	.L17:
 334              		.align	2
 335              	.L16:
 336 0038 001000E0 		.word	-536866816
 337              		.cfi_endproc
 338              	.LFE246:
ARM GAS  /tmp/cc5hbNSm.s 			page 7


 339              		.size	chTMChainMeasurementToX, .-chTMChainMeasurementToX
 340 003c AFF30080 		.text
 341              	.Letext0:
 342              		.file 3 "/nfs/nfs5/home/research/hardware/arm2/gcc-arm-embedded/gcc-arm-none-eabi-4_8-2014q2/arm-n
 343              		.file 4 "/nfs/nfs5/home/research/hardware/arm2/gcc-arm-embedded/gcc-arm-none-eabi-4_8-2014q2/arm-n
 344              		.file 5 "../ChibiOS/os/rt/ports/ARMCMx/compilers/GCC/chtypes.h"
 345              		.file 6 "../ChibiOS/os/rt/include/chsystypes.h"
 346              		.file 7 "../ChibiOS/os/rt/include/chschd.h"
 347              		.file 8 "../ChibiOS/os/ext/CMSIS/include/core_cm4.h"
 348              		.file 9 "../ChibiOS/os/rt/ports/ARMCMx/chcore.h"
 349              		.file 10 "../ChibiOS/os/rt/include/chtm.h"
 350              		.file 11 "../ChibiOS/os/rt/include/chsem.h"
 351              		.file 12 "../ChibiOS/os/rt/include/chmtx.h"
 352              		.section	.debug_info,"",%progbits
 353              	.Ldebug_info0:
 354 0000 B9090000 		.4byte	0x9b9
 355 0004 0400     		.2byte	0x4
 356 0006 00000000 		.4byte	.Ldebug_abbrev0
 357 000a 04       		.byte	0x4
 358 000b 01       		.uleb128 0x1
 359 000c 04050000 		.4byte	.LASF139
 360 0010 01       		.byte	0x1
 361 0011 D5020000 		.4byte	.LASF140
 362 0015 7E040000 		.4byte	.LASF141
 363 0019 68000000 		.4byte	.Ldebug_ranges0+0x68
 364 001d 00000000 		.4byte	0
 365 0021 00000000 		.4byte	.Ldebug_line0
 366 0025 02       		.uleb128 0x2
 367 0026 04       		.byte	0x4
 368 0027 05       		.byte	0x5
 369 0028 696E7400 		.ascii	"int\000"
 370 002c 03       		.uleb128 0x3
 371 002d 04       		.byte	0x4
 372 002e 07       		.byte	0x7
 373 002f B8010000 		.4byte	.LASF0
 374 0033 03       		.uleb128 0x3
 375 0034 01       		.byte	0x1
 376 0035 06       		.byte	0x6
 377 0036 F2000000 		.4byte	.LASF1
 378 003a 04       		.uleb128 0x4
 379 003b 23000000 		.4byte	.LASF5
 380 003f 03       		.byte	0x3
 381 0040 1C       		.byte	0x1c
 382 0041 45000000 		.4byte	0x45
 383 0045 03       		.uleb128 0x3
 384 0046 01       		.byte	0x1
 385 0047 08       		.byte	0x8
 386 0048 C2030000 		.4byte	.LASF2
 387 004c 03       		.uleb128 0x3
 388 004d 02       		.byte	0x2
 389 004e 05       		.byte	0x5
 390 004f 05040000 		.4byte	.LASF3
 391 0053 03       		.uleb128 0x3
 392 0054 02       		.byte	0x2
 393 0055 07       		.byte	0x7
 394 0056 04020000 		.4byte	.LASF4
 395 005a 04       		.uleb128 0x4
ARM GAS  /tmp/cc5hbNSm.s 			page 8


 396 005b 64020000 		.4byte	.LASF6
 397 005f 03       		.byte	0x3
 398 0060 37       		.byte	0x37
 399 0061 65000000 		.4byte	0x65
 400 0065 03       		.uleb128 0x3
 401 0066 04       		.byte	0x4
 402 0067 05       		.byte	0x5
 403 0068 47010000 		.4byte	.LASF7
 404 006c 04       		.uleb128 0x4
 405 006d 03060000 		.4byte	.LASF8
 406 0071 03       		.byte	0x3
 407 0072 38       		.byte	0x38
 408 0073 77000000 		.4byte	0x77
 409 0077 03       		.uleb128 0x3
 410 0078 04       		.byte	0x4
 411 0079 07       		.byte	0x7
 412 007a CA040000 		.4byte	.LASF9
 413 007e 03       		.uleb128 0x3
 414 007f 08       		.byte	0x8
 415 0080 05       		.byte	0x5
 416 0081 E4000000 		.4byte	.LASF10
 417 0085 04       		.uleb128 0x4
 418 0086 4E030000 		.4byte	.LASF11
 419 008a 03       		.byte	0x3
 420 008b 4E       		.byte	0x4e
 421 008c 90000000 		.4byte	0x90
 422 0090 03       		.uleb128 0x3
 423 0091 08       		.byte	0x8
 424 0092 07       		.byte	0x7
 425 0093 72000000 		.4byte	.LASF12
 426 0097 04       		.uleb128 0x4
 427 0098 70060000 		.4byte	.LASF13
 428 009c 04       		.byte	0x4
 429 009d 2A       		.byte	0x2a
 430 009e 3A000000 		.4byte	0x3a
 431 00a2 04       		.uleb128 0x4
 432 00a3 BA030000 		.4byte	.LASF14
 433 00a7 04       		.byte	0x4
 434 00a8 41       		.byte	0x41
 435 00a9 5A000000 		.4byte	0x5a
 436 00ad 04       		.uleb128 0x4
 437 00ae 6E040000 		.4byte	.LASF15
 438 00b2 04       		.byte	0x4
 439 00b3 42       		.byte	0x42
 440 00b4 6C000000 		.4byte	0x6c
 441 00b8 04       		.uleb128 0x4
 442 00b9 1A000000 		.4byte	.LASF16
 443 00bd 04       		.byte	0x4
 444 00be 4E       		.byte	0x4e
 445 00bf 85000000 		.4byte	0x85
 446 00c3 04       		.uleb128 0x4
 447 00c4 30060000 		.4byte	.LASF17
 448 00c8 05       		.byte	0x5
 449 00c9 39       		.byte	0x39
 450 00ca AD000000 		.4byte	0xad
 451 00ce 04       		.uleb128 0x4
 452 00cf CA000000 		.4byte	.LASF18
ARM GAS  /tmp/cc5hbNSm.s 			page 9


 453 00d3 05       		.byte	0x5
 454 00d4 3A       		.byte	0x3a
 455 00d5 B8000000 		.4byte	0xb8
 456 00d9 04       		.uleb128 0x4
 457 00da 46020000 		.4byte	.LASF19
 458 00de 05       		.byte	0x5
 459 00df 3C       		.byte	0x3c
 460 00e0 97000000 		.4byte	0x97
 461 00e4 04       		.uleb128 0x4
 462 00e5 50010000 		.4byte	.LASF20
 463 00e9 05       		.byte	0x5
 464 00ea 3D       		.byte	0x3d
 465 00eb 97000000 		.4byte	0x97
 466 00ef 04       		.uleb128 0x4
 467 00f0 64030000 		.4byte	.LASF21
 468 00f4 05       		.byte	0x5
 469 00f5 3E       		.byte	0x3e
 470 00f6 97000000 		.4byte	0x97
 471 00fa 04       		.uleb128 0x4
 472 00fb A1030000 		.4byte	.LASF22
 473 00ff 05       		.byte	0x5
 474 0100 40       		.byte	0x40
 475 0101 AD000000 		.4byte	0xad
 476 0105 04       		.uleb128 0x4
 477 0106 28020000 		.4byte	.LASF23
 478 010a 05       		.byte	0x5
 479 010b 41       		.byte	0x41
 480 010c A2000000 		.4byte	0xa2
 481 0110 04       		.uleb128 0x4
 482 0111 58020000 		.4byte	.LASF24
 483 0115 05       		.byte	0x5
 484 0116 43       		.byte	0x43
 485 0117 AD000000 		.4byte	0xad
 486 011b 04       		.uleb128 0x4
 487 011c B2010000 		.4byte	.LASF25
 488 0120 05       		.byte	0x5
 489 0121 45       		.byte	0x45
 490 0122 A2000000 		.4byte	0xa2
 491 0126 04       		.uleb128 0x4
 492 0127 33020000 		.4byte	.LASF26
 493 012b 05       		.byte	0x5
 494 012c 46       		.byte	0x46
 495 012d AD000000 		.4byte	0xad
 496 0131 04       		.uleb128 0x4
 497 0132 E5050000 		.4byte	.LASF27
 498 0136 06       		.byte	0x6
 499 0137 33       		.byte	0x33
 500 0138 AD000000 		.4byte	0xad
 501 013c 04       		.uleb128 0x4
 502 013d E1040000 		.4byte	.LASF28
 503 0141 06       		.byte	0x6
 504 0142 3F       		.byte	0x3f
 505 0143 47010000 		.4byte	0x147
 506 0147 05       		.uleb128 0x5
 507 0148 17020000 		.4byte	.LASF47
 508 014c 40       		.byte	0x40
 509 014d 07       		.byte	0x7
ARM GAS  /tmp/cc5hbNSm.s 			page 10


 510 014e C2       		.byte	0xc2
 511 014f 27020000 		.4byte	0x227
 512 0153 06       		.uleb128 0x6
 513 0154 25040000 		.4byte	.LASF29
 514 0158 07       		.byte	0x7
 515 0159 C3       		.byte	0xc3
 516 015a 32020000 		.4byte	0x232
 517 015e 00       		.byte	0
 518 015f 06       		.uleb128 0x6
 519 0160 9A030000 		.4byte	.LASF30
 520 0164 07       		.byte	0x7
 521 0165 C5       		.byte	0xc5
 522 0166 32020000 		.4byte	0x232
 523 016a 04       		.byte	0x4
 524 016b 06       		.uleb128 0x6
 525 016c D3000000 		.4byte	.LASF31
 526 0170 07       		.byte	0x7
 527 0171 C7       		.byte	0xc7
 528 0172 FA000000 		.4byte	0xfa
 529 0176 08       		.byte	0x8
 530 0177 06       		.uleb128 0x6
 531 0178 24030000 		.4byte	.LASF32
 532 017c 07       		.byte	0x7
 533 017d C8       		.byte	0xc8
 534 017e BD050000 		.4byte	0x5bd
 535 0182 0C       		.byte	0xc
 536 0183 06       		.uleb128 0x6
 537 0184 62010000 		.4byte	.LASF33
 538 0188 07       		.byte	0x7
 539 0189 CA       		.byte	0xca
 540 018a 32020000 		.4byte	0x232
 541 018e 10       		.byte	0x10
 542 018f 06       		.uleb128 0x6
 543 0190 16030000 		.4byte	.LASF34
 544 0194 07       		.byte	0x7
 545 0195 CB       		.byte	0xcb
 546 0196 32020000 		.4byte	0x232
 547 019a 14       		.byte	0x14
 548 019b 06       		.uleb128 0x6
 549 019c 87060000 		.4byte	.LASF35
 550 01a0 07       		.byte	0x7
 551 01a1 D2       		.byte	0xd2
 552 01a2 96070000 		.4byte	0x796
 553 01a6 18       		.byte	0x18
 554 01a7 06       		.uleb128 0x6
 555 01a8 0F040000 		.4byte	.LASF36
 556 01ac 07       		.byte	0x7
 557 01ad DD       		.byte	0xdd
 558 01ae E4000000 		.4byte	0xe4
 559 01b2 1C       		.byte	0x1c
 560 01b3 06       		.uleb128 0x6
 561 01b4 2C040000 		.4byte	.LASF37
 562 01b8 07       		.byte	0x7
 563 01b9 E1       		.byte	0xe1
 564 01ba D9000000 		.4byte	0xd9
 565 01be 1D       		.byte	0x1d
 566 01bf 06       		.uleb128 0x6
ARM GAS  /tmp/cc5hbNSm.s 			page 11


 567 01c0 63060000 		.4byte	.LASF38
 568 01c4 07       		.byte	0x7
 569 01c5 E6       		.byte	0xe6
 570 01c6 EF000000 		.4byte	0xef
 571 01ca 1E       		.byte	0x1e
 572 01cb 07       		.uleb128 0x7
 573 01cc 705F7500 		.ascii	"p_u\000"
 574 01d0 07       		.byte	0x7
 575 01d1 3701     		.2byte	0x137
 576 01d3 C5060000 		.4byte	0x6c5
 577 01d7 20       		.byte	0x20
 578 01d8 08       		.uleb128 0x8
 579 01d9 98020000 		.4byte	.LASF39
 580 01dd 07       		.byte	0x7
 581 01de 3C01     		.2byte	0x13c
 582 01e0 38020000 		.4byte	0x238
 583 01e4 24       		.byte	0x24
 584 01e5 08       		.uleb128 0x8
 585 01e6 E0010000 		.4byte	.LASF40
 586 01ea 07       		.byte	0x7
 587 01eb 4201     		.2byte	0x142
 588 01ed 5C020000 		.4byte	0x25c
 589 01f1 28       		.byte	0x28
 590 01f2 08       		.uleb128 0x8
 591 01f3 5C040000 		.4byte	.LASF41
 592 01f7 07       		.byte	0x7
 593 01f8 4801     		.2byte	0x148
 594 01fa 10010000 		.4byte	0x110
 595 01fe 30       		.byte	0x30
 596 01ff 08       		.uleb128 0x8
 597 0200 4E020000 		.4byte	.LASF42
 598 0204 07       		.byte	0x7
 599 0205 4F01     		.2byte	0x14f
 600 0207 90070000 		.4byte	0x790
 601 020b 34       		.byte	0x34
 602 020c 08       		.uleb128 0x8
 603 020d EF050000 		.4byte	.LASF43
 604 0211 07       		.byte	0x7
 605 0212 5301     		.2byte	0x153
 606 0214 FA000000 		.4byte	0xfa
 607 0218 38       		.byte	0x38
 608 0219 08       		.uleb128 0x8
 609 021a FE000000 		.4byte	.LASF44
 610 021e 07       		.byte	0x7
 611 021f 5A01     		.2byte	0x15a
 612 0221 0F030000 		.4byte	0x30f
 613 0225 3C       		.byte	0x3c
 614 0226 00       		.byte	0
 615 0227 04       		.uleb128 0x4
 616 0228 AB020000 		.4byte	.LASF45
 617 022c 06       		.byte	0x6
 618 022d 44       		.byte	0x44
 619 022e 32020000 		.4byte	0x232
 620 0232 09       		.uleb128 0x9
 621 0233 04       		.byte	0x4
 622 0234 3C010000 		.4byte	0x13c
 623 0238 04       		.uleb128 0x4
ARM GAS  /tmp/cc5hbNSm.s 			page 12


 624 0239 8E060000 		.4byte	.LASF46
 625 023d 06       		.byte	0x6
 626 023e 49       		.byte	0x49
 627 023f 43020000 		.4byte	0x243
 628 0243 05       		.uleb128 0x5
 629 0244 BA040000 		.4byte	.LASF48
 630 0248 04       		.byte	0x4
 631 0249 07       		.byte	0x7
 632 024a B0       		.byte	0xb0
 633 024b 5C020000 		.4byte	0x25c
 634 024f 06       		.uleb128 0x6
 635 0250 25040000 		.4byte	.LASF29
 636 0254 07       		.byte	0x7
 637 0255 B1       		.byte	0xb1
 638 0256 32020000 		.4byte	0x232
 639 025a 00       		.byte	0
 640 025b 00       		.byte	0
 641 025c 04       		.uleb128 0x4
 642 025d 4A060000 		.4byte	.LASF49
 643 0261 06       		.byte	0x6
 644 0262 50       		.byte	0x50
 645 0263 67020000 		.4byte	0x267
 646 0267 05       		.uleb128 0x5
 647 0268 39000000 		.4byte	.LASF50
 648 026c 08       		.byte	0x8
 649 026d 07       		.byte	0x7
 650 026e B7       		.byte	0xb7
 651 026f 8C020000 		.4byte	0x28c
 652 0273 06       		.uleb128 0x6
 653 0274 25040000 		.4byte	.LASF29
 654 0278 07       		.byte	0x7
 655 0279 B8       		.byte	0xb8
 656 027a 32020000 		.4byte	0x232
 657 027e 00       		.byte	0
 658 027f 06       		.uleb128 0x6
 659 0280 9A030000 		.4byte	.LASF30
 660 0284 07       		.byte	0x7
 661 0285 B9       		.byte	0xb9
 662 0286 32020000 		.4byte	0x232
 663 028a 04       		.byte	0x4
 664 028b 00       		.byte	0
 665 028c 04       		.uleb128 0x4
 666 028d 00000000 		.4byte	.LASF51
 667 0291 06       		.byte	0x6
 668 0292 57       		.byte	0x57
 669 0293 97020000 		.4byte	0x297
 670 0297 0A       		.uleb128 0xa
 671 0298 EB010000 		.4byte	.LASF52
 672 029c 1C       		.byte	0x1c
 673 029d 07       		.byte	0x7
 674 029e 9201     		.2byte	0x192
 675 02a0 F3020000 		.4byte	0x2f3
 676 02a4 08       		.uleb128 0x8
 677 02a5 F1020000 		.4byte	.LASF53
 678 02a9 07       		.byte	0x7
 679 02aa 9301     		.2byte	0x193
 680 02ac 5C020000 		.4byte	0x25c
ARM GAS  /tmp/cc5hbNSm.s 			page 13


 681 02b0 00       		.byte	0
 682 02b1 08       		.uleb128 0x8
 683 02b2 17040000 		.4byte	.LASF54
 684 02b6 07       		.byte	0x7
 685 02b7 9401     		.2byte	0x194
 686 02b9 FA000000 		.4byte	0xfa
 687 02bd 08       		.byte	0x8
 688 02be 08       		.uleb128 0x8
 689 02bf 1E030000 		.4byte	.LASF55
 690 02c3 07       		.byte	0x7
 691 02c4 9601     		.2byte	0x196
 692 02c6 BD050000 		.4byte	0x5bd
 693 02ca 0C       		.byte	0xc
 694 02cb 08       		.uleb128 0x8
 695 02cc 72010000 		.4byte	.LASF56
 696 02d0 07       		.byte	0x7
 697 02d1 9901     		.2byte	0x199
 698 02d3 32020000 		.4byte	0x232
 699 02d7 10       		.byte	0x10
 700 02d8 08       		.uleb128 0x8
 701 02d9 46030000 		.4byte	.LASF57
 702 02dd 07       		.byte	0x7
 703 02de 9A01     		.2byte	0x19a
 704 02e0 32020000 		.4byte	0x232
 705 02e4 14       		.byte	0x14
 706 02e5 08       		.uleb128 0x8
 707 02e6 3C030000 		.4byte	.LASF58
 708 02ea 07       		.byte	0x7
 709 02eb 9D01     		.2byte	0x19d
 710 02ed 32020000 		.4byte	0x232
 711 02f1 18       		.byte	0x18
 712 02f2 00       		.byte	0
 713 02f3 04       		.uleb128 0x4
 714 02f4 FA050000 		.4byte	.LASF59
 715 02f8 06       		.byte	0x6
 716 02f9 5C       		.byte	0x5c
 717 02fa FE020000 		.4byte	0x2fe
 718 02fe 09       		.uleb128 0x9
 719 02ff 04       		.byte	0x4
 720 0300 04030000 		.4byte	0x304
 721 0304 0B       		.uleb128 0xb
 722 0305 0F030000 		.4byte	0x30f
 723 0309 0C       		.uleb128 0xc
 724 030a 0F030000 		.4byte	0x30f
 725 030e 00       		.byte	0
 726 030f 0D       		.uleb128 0xd
 727 0310 04       		.byte	0x4
 728 0311 04       		.uleb128 0x4
 729 0312 8A030000 		.4byte	.LASF60
 730 0316 06       		.byte	0x6
 731 0317 61       		.byte	0x61
 732 0318 1C030000 		.4byte	0x31c
 733 031c 0A       		.uleb128 0xa
 734 031d 3E040000 		.4byte	.LASF61
 735 0321 14       		.byte	0x14
 736 0322 07       		.byte	0x7
 737 0323 6D01     		.2byte	0x16d
ARM GAS  /tmp/cc5hbNSm.s 			page 14


 738 0325 6B030000 		.4byte	0x36b
 739 0329 08       		.uleb128 0x8
 740 032a C5010000 		.4byte	.LASF62
 741 032e 07       		.byte	0x7
 742 032f 6E01     		.2byte	0x16e
 743 0331 A8070000 		.4byte	0x7a8
 744 0335 00       		.byte	0
 745 0336 08       		.uleb128 0x8
 746 0337 83010000 		.4byte	.LASF63
 747 033b 07       		.byte	0x7
 748 033c 6F01     		.2byte	0x16f
 749 033e A8070000 		.4byte	0x7a8
 750 0342 04       		.byte	0x4
 751 0343 08       		.uleb128 0x8
 752 0344 B1040000 		.4byte	.LASF64
 753 0348 07       		.byte	0x7
 754 0349 7001     		.2byte	0x170
 755 034b 31010000 		.4byte	0x131
 756 034f 08       		.byte	0x8
 757 0350 08       		.uleb128 0x8
 758 0351 AD060000 		.4byte	.LASF65
 759 0355 07       		.byte	0x7
 760 0356 7101     		.2byte	0x171
 761 0358 F3020000 		.4byte	0x2f3
 762 035c 0C       		.byte	0xc
 763 035d 08       		.uleb128 0x8
 764 035e 3D060000 		.4byte	.LASF66
 765 0362 07       		.byte	0x7
 766 0363 7301     		.2byte	0x173
 767 0365 0F030000 		.4byte	0x30f
 768 0369 10       		.byte	0x10
 769 036a 00       		.byte	0
 770 036b 04       		.uleb128 0x4
 771 036c A5000000 		.4byte	.LASF67
 772 0370 06       		.byte	0x6
 773 0371 66       		.byte	0x66
 774 0372 76030000 		.4byte	0x376
 775 0376 0A       		.uleb128 0xa
 776 0377 BE020000 		.4byte	.LASF68
 777 037b 10       		.byte	0x10
 778 037c 07       		.byte	0x7
 779 037d 7D01     		.2byte	0x17d
 780 037f B8030000 		.4byte	0x3b8
 781 0383 08       		.uleb128 0x8
 782 0384 C5010000 		.4byte	.LASF62
 783 0388 07       		.byte	0x7
 784 0389 7E01     		.2byte	0x17e
 785 038b A8070000 		.4byte	0x7a8
 786 038f 00       		.byte	0
 787 0390 08       		.uleb128 0x8
 788 0391 83010000 		.4byte	.LASF63
 789 0395 07       		.byte	0x7
 790 0396 8001     		.2byte	0x180
 791 0398 A8070000 		.4byte	0x7a8
 792 039c 04       		.byte	0x4
 793 039d 08       		.uleb128 0x8
 794 039e B1040000 		.4byte	.LASF64
ARM GAS  /tmp/cc5hbNSm.s 			page 15


 795 03a2 07       		.byte	0x7
 796 03a3 8201     		.2byte	0x182
 797 03a5 31010000 		.4byte	0x131
 798 03a9 08       		.byte	0x8
 799 03aa 08       		.uleb128 0x8
 800 03ab 0A030000 		.4byte	.LASF69
 801 03af 07       		.byte	0x7
 802 03b0 8A01     		.2byte	0x18a
 803 03b2 31010000 		.4byte	0x131
 804 03b6 0C       		.byte	0xc
 805 03b7 00       		.byte	0
 806 03b8 04       		.uleb128 0x4
 807 03b9 4A000000 		.4byte	.LASF70
 808 03bd 06       		.byte	0x6
 809 03be 6B       		.byte	0x6b
 810 03bf C3030000 		.4byte	0x3c3
 811 03c3 0A       		.uleb128 0xa
 812 03c4 8B010000 		.4byte	.LASF71
 813 03c8 04       		.byte	0x4
 814 03c9 07       		.byte	0x7
 815 03ca A401     		.2byte	0x1a4
 816 03cc DE030000 		.4byte	0x3de
 817 03d0 08       		.uleb128 0x8
 818 03d1 0E060000 		.4byte	.LASF72
 819 03d5 07       		.byte	0x7
 820 03d6 AC01     		.2byte	0x1ac
 821 03d8 AE070000 		.4byte	0x7ae
 822 03dc 00       		.byte	0
 823 03dd 00       		.byte	0
 824 03de 04       		.uleb128 0x4
 825 03df 3A020000 		.4byte	.LASF73
 826 03e3 06       		.byte	0x6
 827 03e4 70       		.byte	0x70
 828 03e5 E9030000 		.4byte	0x3e9
 829 03e9 0E       		.uleb128 0xe
 830 03ea 34040000 		.4byte	.LASF74
 831 03ee 5001     		.2byte	0x150
 832 03f0 07       		.byte	0x7
 833 03f1 C401     		.2byte	0x1c4
 834 03f3 45040000 		.4byte	0x445
 835 03f7 08       		.uleb128 0x8
 836 03f8 6A060000 		.4byte	.LASF75
 837 03fc 07       		.byte	0x7
 838 03fd C801     		.2byte	0x1c8
 839 03ff 8C020000 		.4byte	0x28c
 840 0403 00       		.byte	0
 841 0404 08       		.uleb128 0x8
 842 0405 15010000 		.4byte	.LASF76
 843 0409 07       		.byte	0x7
 844 040a CC01     		.2byte	0x1cc
 845 040c 6B030000 		.4byte	0x36b
 846 0410 1C       		.byte	0x1c
 847 0411 07       		.uleb128 0x7
 848 0412 64626700 		.ascii	"dbg\000"
 849 0416 07       		.byte	0x7
 850 0417 D001     		.2byte	0x1d0
 851 0419 B8030000 		.4byte	0x3b8
ARM GAS  /tmp/cc5hbNSm.s 			page 16


 852 041d 2C       		.byte	0x2c
 853 041e 08       		.uleb128 0x8
 854 041f 92000000 		.4byte	.LASF77
 855 0423 07       		.byte	0x7
 856 0424 D401     		.2byte	0x1d4
 857 0426 3C010000 		.4byte	0x13c
 858 042a 30       		.byte	0x30
 859 042b 07       		.uleb128 0x7
 860 042c 746D00   		.ascii	"tm\000"
 861 042f 07       		.byte	0x7
 862 0430 D901     		.2byte	0x1d9
 863 0432 6C060000 		.4byte	0x66c
 864 0436 70       		.byte	0x70
 865 0437 08       		.uleb128 0x8
 866 0438 A3010000 		.4byte	.LASF78
 867 043c 07       		.byte	0x7
 868 043d E501     		.2byte	0x1e5
 869 043f B3070000 		.4byte	0x7b3
 870 0443 78       		.byte	0x78
 871 0444 00       		.byte	0
 872 0445 03       		.uleb128 0x3
 873 0446 04       		.byte	0x4
 874 0447 07       		.byte	0x7
 875 0448 A2020000 		.4byte	.LASF79
 876 044c 0F       		.uleb128 0xf
 877 044d AD000000 		.4byte	0xad
 878 0451 10       		.uleb128 0x10
 879 0452 4C040000 		.4byte	0x44c
 880 0456 11       		.uleb128 0x11
 881 0457 AD000000 		.4byte	0xad
 882 045b 66040000 		.4byte	0x466
 883 045f 12       		.uleb128 0x12
 884 0460 45040000 		.4byte	0x445
 885 0464 00       		.byte	0
 886 0465 00       		.byte	0
 887 0466 13       		.uleb128 0x13
 888 0467 5C       		.byte	0x5c
 889 0468 08       		.byte	0x8
 890 0469 5603     		.2byte	0x356
 891 046b 9B050000 		.4byte	0x59b
 892 046f 08       		.uleb128 0x8
 893 0470 38060000 		.4byte	.LASF80
 894 0474 08       		.byte	0x8
 895 0475 5803     		.2byte	0x358
 896 0477 4C040000 		.4byte	0x44c
 897 047b 00       		.byte	0
 898 047c 08       		.uleb128 0x8
 899 047d 91020000 		.4byte	.LASF81
 900 0481 08       		.byte	0x8
 901 0482 5903     		.2byte	0x359
 902 0484 4C040000 		.4byte	0x44c
 903 0488 04       		.byte	0x4
 904 0489 08       		.uleb128 0x8
 905 048a 06010000 		.4byte	.LASF82
 906 048e 08       		.byte	0x8
 907 048f 5A03     		.2byte	0x35a
 908 0491 4C040000 		.4byte	0x44c
ARM GAS  /tmp/cc5hbNSm.s 			page 17


 909 0495 08       		.byte	0x8
 910 0496 08       		.uleb128 0x8
 911 0497 21020000 		.4byte	.LASF83
 912 049b 08       		.byte	0x8
 913 049c 5B03     		.2byte	0x35b
 914 049e 4C040000 		.4byte	0x44c
 915 04a2 0C       		.byte	0xc
 916 04a3 08       		.uleb128 0x8
 917 04a4 59010000 		.4byte	.LASF84
 918 04a8 08       		.byte	0x8
 919 04a9 5C03     		.2byte	0x35c
 920 04ab 4C040000 		.4byte	0x44c
 921 04af 10       		.byte	0x10
 922 04b0 08       		.uleb128 0x8
 923 04b1 67040000 		.4byte	.LASF85
 924 04b5 08       		.byte	0x8
 925 04b6 5D03     		.2byte	0x35d
 926 04b8 4C040000 		.4byte	0x44c
 927 04bc 14       		.byte	0x14
 928 04bd 08       		.uleb128 0x8
 929 04be 78060000 		.4byte	.LASF86
 930 04c2 08       		.byte	0x8
 931 04c3 5E03     		.2byte	0x35e
 932 04c5 4C040000 		.4byte	0x44c
 933 04c9 18       		.byte	0x18
 934 04ca 08       		.uleb128 0x8
 935 04cb A9030000 		.4byte	.LASF87
 936 04cf 08       		.byte	0x8
 937 04d0 5F03     		.2byte	0x35f
 938 04d2 51040000 		.4byte	0x451
 939 04d6 1C       		.byte	0x1c
 940 04d7 08       		.uleb128 0x8
 941 04d8 44060000 		.4byte	.LASF88
 942 04dc 08       		.byte	0x8
 943 04dd 6003     		.2byte	0x360
 944 04df 4C040000 		.4byte	0x44c
 945 04e3 20       		.byte	0x20
 946 04e4 08       		.uleb128 0x8
 947 04e5 AE030000 		.4byte	.LASF89
 948 04e9 08       		.byte	0x8
 949 04ea 6103     		.2byte	0x361
 950 04ec 4C040000 		.4byte	0x44c
 951 04f0 24       		.byte	0x24
 952 04f1 08       		.uleb128 0x8
 953 04f2 DD030000 		.4byte	.LASF90
 954 04f6 08       		.byte	0x8
 955 04f7 6203     		.2byte	0x362
 956 04f9 4C040000 		.4byte	0x44c
 957 04fd 28       		.byte	0x28
 958 04fe 08       		.uleb128 0x8
 959 04ff 6C030000 		.4byte	.LASF91
 960 0503 08       		.byte	0x8
 961 0504 6303     		.2byte	0x363
 962 0506 56040000 		.4byte	0x456
 963 050a 2C       		.byte	0x2c
 964 050b 08       		.uleb128 0x8
 965 050c 2A030000 		.4byte	.LASF92
ARM GAS  /tmp/cc5hbNSm.s 			page 18


 966 0510 08       		.byte	0x8
 967 0511 6403     		.2byte	0x364
 968 0513 4C040000 		.4byte	0x44c
 969 0517 30       		.byte	0x30
 970 0518 08       		.uleb128 0x8
 971 0519 B4030000 		.4byte	.LASF93
 972 051d 08       		.byte	0x8
 973 051e 6503     		.2byte	0x365
 974 0520 4C040000 		.4byte	0x44c
 975 0524 34       		.byte	0x34
 976 0525 08       		.uleb128 0x8
 977 0526 E7030000 		.4byte	.LASF94
 978 052a 08       		.byte	0x8
 979 052b 6603     		.2byte	0x366
 980 052d 4C040000 		.4byte	0x44c
 981 0531 38       		.byte	0x38
 982 0532 08       		.uleb128 0x8
 983 0533 76030000 		.4byte	.LASF95
 984 0537 08       		.byte	0x8
 985 0538 6703     		.2byte	0x367
 986 053a 56040000 		.4byte	0x456
 987 053e 3C       		.byte	0x3c
 988 053f 08       		.uleb128 0x8
 989 0540 30030000 		.4byte	.LASF96
 990 0544 08       		.byte	0x8
 991 0545 6803     		.2byte	0x368
 992 0547 4C040000 		.4byte	0x44c
 993 054b 40       		.byte	0x40
 994 054c 08       		.uleb128 0x8
 995 054d CD010000 		.4byte	.LASF97
 996 0551 08       		.byte	0x8
 997 0552 6903     		.2byte	0x369
 998 0554 4C040000 		.4byte	0x44c
 999 0558 44       		.byte	0x44
 1000 0559 08       		.uleb128 0x8
 1001 055a F1030000 		.4byte	.LASF98
 1002 055e 08       		.byte	0x8
 1003 055f 6A03     		.2byte	0x36a
 1004 0561 4C040000 		.4byte	0x44c
 1005 0565 48       		.byte	0x48
 1006 0566 08       		.uleb128 0x8
 1007 0567 80030000 		.4byte	.LASF99
 1008 056b 08       		.byte	0x8
 1009 056c 6B03     		.2byte	0x36b
 1010 056e 56040000 		.4byte	0x456
 1011 0572 4C       		.byte	0x4c
 1012 0573 08       		.uleb128 0x8
 1013 0574 36030000 		.4byte	.LASF100
 1014 0578 08       		.byte	0x8
 1015 0579 6C03     		.2byte	0x36c
 1016 057b 4C040000 		.4byte	0x44c
 1017 057f 50       		.byte	0x50
 1018 0580 08       		.uleb128 0x8
 1019 0581 D3010000 		.4byte	.LASF101
 1020 0585 08       		.byte	0x8
 1021 0586 6D03     		.2byte	0x36d
 1022 0588 4C040000 		.4byte	0x44c
ARM GAS  /tmp/cc5hbNSm.s 			page 19


 1023 058c 54       		.byte	0x54
 1024 058d 08       		.uleb128 0x8
 1025 058e FB030000 		.4byte	.LASF102
 1026 0592 08       		.byte	0x8
 1027 0593 6E03     		.2byte	0x36e
 1028 0595 4C040000 		.4byte	0x44c
 1029 0599 58       		.byte	0x58
 1030 059a 00       		.byte	0
 1031 059b 14       		.uleb128 0x14
 1032 059c 27060000 		.4byte	.LASF103
 1033 05a0 08       		.byte	0x8
 1034 05a1 6F03     		.2byte	0x36f
 1035 05a3 66040000 		.4byte	0x466
 1036 05a7 04       		.uleb128 0x4
 1037 05a8 7A010000 		.4byte	.LASF104
 1038 05ac 09       		.byte	0x9
 1039 05ad 65       		.byte	0x65
 1040 05ae 0F030000 		.4byte	0x30f
 1041 05b2 04       		.uleb128 0x4
 1042 05b3 86020000 		.4byte	.LASF105
 1043 05b7 09       		.byte	0x9
 1044 05b8 6D       		.byte	0x6d
 1045 05b9 B8000000 		.4byte	0xb8
 1046 05bd 05       		.uleb128 0x5
 1047 05be 1F060000 		.4byte	.LASF106
 1048 05c2 04       		.byte	0x4
 1049 05c3 09       		.byte	0x9
 1050 05c4 89       		.byte	0x89
 1051 05c5 D6050000 		.4byte	0x5d6
 1052 05c9 15       		.uleb128 0x15
 1053 05ca 72313300 		.ascii	"r13\000"
 1054 05ce 09       		.byte	0x9
 1055 05cf 8A       		.byte	0x8a
 1056 05d0 51060000 		.4byte	0x651
 1057 05d4 00       		.byte	0
 1058 05d5 00       		.byte	0
 1059 05d6 05       		.uleb128 0x5
 1060 05d7 2D000000 		.4byte	.LASF107
 1061 05db 24       		.byte	0x24
 1062 05dc 02       		.byte	0x2
 1063 05dd FD       		.byte	0xfd
 1064 05de 51060000 		.4byte	0x651
 1065 05e2 07       		.uleb128 0x7
 1066 05e3 723400   		.ascii	"r4\000"
 1067 05e6 02       		.byte	0x2
 1068 05e7 1001     		.2byte	0x110
 1069 05e9 A7050000 		.4byte	0x5a7
 1070 05ed 00       		.byte	0
 1071 05ee 07       		.uleb128 0x7
 1072 05ef 723500   		.ascii	"r5\000"
 1073 05f2 02       		.byte	0x2
 1074 05f3 1101     		.2byte	0x111
 1075 05f5 A7050000 		.4byte	0x5a7
 1076 05f9 04       		.byte	0x4
 1077 05fa 07       		.uleb128 0x7
 1078 05fb 723600   		.ascii	"r6\000"
 1079 05fe 02       		.byte	0x2
ARM GAS  /tmp/cc5hbNSm.s 			page 20


 1080 05ff 1201     		.2byte	0x112
 1081 0601 A7050000 		.4byte	0x5a7
 1082 0605 08       		.byte	0x8
 1083 0606 07       		.uleb128 0x7
 1084 0607 723700   		.ascii	"r7\000"
 1085 060a 02       		.byte	0x2
 1086 060b 1301     		.2byte	0x113
 1087 060d A7050000 		.4byte	0x5a7
 1088 0611 0C       		.byte	0xc
 1089 0612 07       		.uleb128 0x7
 1090 0613 723800   		.ascii	"r8\000"
 1091 0616 02       		.byte	0x2
 1092 0617 1401     		.2byte	0x114
 1093 0619 A7050000 		.4byte	0x5a7
 1094 061d 10       		.byte	0x10
 1095 061e 07       		.uleb128 0x7
 1096 061f 723900   		.ascii	"r9\000"
 1097 0622 02       		.byte	0x2
 1098 0623 1501     		.2byte	0x115
 1099 0625 A7050000 		.4byte	0x5a7
 1100 0629 14       		.byte	0x14
 1101 062a 07       		.uleb128 0x7
 1102 062b 72313000 		.ascii	"r10\000"
 1103 062f 02       		.byte	0x2
 1104 0630 1601     		.2byte	0x116
 1105 0632 A7050000 		.4byte	0x5a7
 1106 0636 18       		.byte	0x18
 1107 0637 07       		.uleb128 0x7
 1108 0638 72313100 		.ascii	"r11\000"
 1109 063c 02       		.byte	0x2
 1110 063d 1701     		.2byte	0x117
 1111 063f A7050000 		.4byte	0x5a7
 1112 0643 1C       		.byte	0x1c
 1113 0644 07       		.uleb128 0x7
 1114 0645 6C7200   		.ascii	"lr\000"
 1115 0648 02       		.byte	0x2
 1116 0649 1801     		.2byte	0x118
 1117 064b A7050000 		.4byte	0x5a7
 1118 064f 20       		.byte	0x20
 1119 0650 00       		.byte	0
 1120 0651 09       		.uleb128 0x9
 1121 0652 04       		.byte	0x4
 1122 0653 D6050000 		.4byte	0x5d6
 1123 0657 16       		.uleb128 0x16
 1124 0658 04       		.byte	0x4
 1125 0659 0A       		.byte	0xa
 1126 065a 38       		.byte	0x38
 1127 065b 6C060000 		.4byte	0x66c
 1128 065f 06       		.uleb128 0x6
 1129 0660 18060000 		.4byte	.LASF108
 1130 0664 0A       		.byte	0xa
 1131 0665 3C       		.byte	0x3c
 1132 0666 C3000000 		.4byte	0xc3
 1133 066a 00       		.byte	0
 1134 066b 00       		.byte	0
 1135 066c 04       		.uleb128 0x4
 1136 066d F9020000 		.4byte	.LASF109
ARM GAS  /tmp/cc5hbNSm.s 			page 21


 1137 0671 0A       		.byte	0xa
 1138 0672 3D       		.byte	0x3d
 1139 0673 57060000 		.4byte	0x657
 1140 0677 16       		.uleb128 0x16
 1141 0678 18       		.byte	0x18
 1142 0679 0A       		.byte	0xa
 1143 067a 48       		.byte	0x48
 1144 067b BA060000 		.4byte	0x6ba
 1145 067f 06       		.uleb128 0x6
 1146 0680 FF010000 		.4byte	.LASF110
 1147 0684 0A       		.byte	0xa
 1148 0685 49       		.byte	0x49
 1149 0686 C3000000 		.4byte	0xc3
 1150 068a 00       		.byte	0
 1151 068b 06       		.uleb128 0x6
 1152 068c 59000000 		.4byte	.LASF111
 1153 0690 0A       		.byte	0xa
 1154 0691 4A       		.byte	0x4a
 1155 0692 C3000000 		.4byte	0xc3
 1156 0696 04       		.byte	0x4
 1157 0697 06       		.uleb128 0x6
 1158 0698 2E020000 		.4byte	.LASF112
 1159 069c 0A       		.byte	0xa
 1160 069d 4B       		.byte	0x4b
 1161 069e C3000000 		.4byte	0xc3
 1162 06a2 08       		.byte	0x8
 1163 06a3 15       		.uleb128 0x15
 1164 06a4 6E00     		.ascii	"n\000"
 1165 06a6 0A       		.byte	0xa
 1166 06a7 4C       		.byte	0x4c
 1167 06a8 26010000 		.4byte	0x126
 1168 06ac 0C       		.byte	0xc
 1169 06ad 06       		.uleb128 0x6
 1170 06ae 59030000 		.4byte	.LASF113
 1171 06b2 0A       		.byte	0xa
 1172 06b3 4D       		.byte	0x4d
 1173 06b4 CE000000 		.4byte	0xce
 1174 06b8 10       		.byte	0x10
 1175 06b9 00       		.byte	0
 1176 06ba 04       		.uleb128 0x4
 1177 06bb 5F000000 		.4byte	.LASF114
 1178 06bf 0A       		.byte	0xa
 1179 06c0 4E       		.byte	0x4e
 1180 06c1 77060000 		.4byte	0x677
 1181 06c5 17       		.uleb128 0x17
 1182 06c6 04       		.byte	0x4
 1183 06c7 07       		.byte	0x7
 1184 06c8 FA       		.byte	0xfa
 1185 06c9 2E070000 		.4byte	0x72e
 1186 06cd 18       		.uleb128 0x18
 1187 06ce 13000000 		.4byte	.LASF115
 1188 06d2 07       		.byte	0x7
 1189 06d3 0101     		.2byte	0x101
 1190 06d5 05010000 		.4byte	0x105
 1191 06d9 18       		.uleb128 0x18
 1192 06da 89000000 		.4byte	.LASF116
 1193 06de 07       		.byte	0x7
ARM GAS  /tmp/cc5hbNSm.s 			page 22


 1194 06df 0801     		.2byte	0x108
 1195 06e1 05010000 		.4byte	0x105
 1196 06e5 18       		.uleb128 0x18
 1197 06e6 80060000 		.4byte	.LASF117
 1198 06ea 07       		.byte	0x7
 1199 06eb 0F01     		.2byte	0x10f
 1200 06ed 0F030000 		.4byte	0x30f
 1201 06f1 18       		.uleb128 0x18
 1202 06f2 0D000000 		.4byte	.LASF118
 1203 06f6 07       		.byte	0x7
 1204 06f7 1601     		.2byte	0x116
 1205 06f9 2E070000 		.4byte	0x72e
 1206 06fd 18       		.uleb128 0x18
 1207 06fe 9D060000 		.4byte	.LASF119
 1208 0702 07       		.byte	0x7
 1209 0703 1B01     		.2byte	0x11b
 1210 0705 05010000 		.4byte	0x105
 1211 0709 18       		.uleb128 0x18
 1212 070a D9010000 		.4byte	.LASF120
 1213 070e 07       		.byte	0x7
 1214 070f 2401     		.2byte	0x124
 1215 0711 59070000 		.4byte	0x759
 1216 0715 18       		.uleb128 0x18
 1217 0716 77040000 		.4byte	.LASF121
 1218 071a 07       		.byte	0x7
 1219 071b 2D01     		.2byte	0x12d
 1220 071d 90070000 		.4byte	0x790
 1221 0721 18       		.uleb128 0x18
 1222 0722 1E040000 		.4byte	.LASF122
 1223 0726 07       		.byte	0x7
 1224 0727 3501     		.2byte	0x135
 1225 0729 10010000 		.4byte	0x110
 1226 072d 00       		.byte	0
 1227 072e 09       		.uleb128 0x9
 1228 072f 04       		.byte	0x4
 1229 0730 27020000 		.4byte	0x227
 1230 0734 05       		.uleb128 0x5
 1231 0735 4F040000 		.4byte	.LASF123
 1232 0739 0C       		.byte	0xc
 1233 073a 0B       		.byte	0xb
 1234 073b 34       		.byte	0x34
 1235 073c 59070000 		.4byte	0x759
 1236 0740 06       		.uleb128 0x6
 1237 0741 6A010000 		.4byte	.LASF124
 1238 0745 0B       		.byte	0xb
 1239 0746 35       		.byte	0x35
 1240 0747 5C020000 		.4byte	0x25c
 1241 074b 00       		.byte	0
 1242 074c 06       		.uleb128 0x6
 1243 074d F9010000 		.4byte	.LASF125
 1244 0751 0B       		.byte	0xb
 1245 0752 37       		.byte	0x37
 1246 0753 1B010000 		.4byte	0x11b
 1247 0757 08       		.byte	0x8
 1248 0758 00       		.byte	0
 1249 0759 09       		.uleb128 0x9
 1250 075a 04       		.byte	0x4
ARM GAS  /tmp/cc5hbNSm.s 			page 23


 1251 075b 34070000 		.4byte	0x734
 1252 075f 05       		.uleb128 0x5
 1253 0760 5A060000 		.4byte	.LASF126
 1254 0764 10       		.byte	0x10
 1255 0765 0C       		.byte	0xc
 1256 0766 39       		.byte	0x39
 1257 0767 90070000 		.4byte	0x790
 1258 076b 06       		.uleb128 0x6
 1259 076c 0D010000 		.4byte	.LASF127
 1260 0770 0C       		.byte	0xc
 1261 0771 3A       		.byte	0x3a
 1262 0772 5C020000 		.4byte	0x25c
 1263 0776 00       		.byte	0
 1264 0777 06       		.uleb128 0x6
 1265 0778 A5060000 		.4byte	.LASF128
 1266 077c 0C       		.byte	0xc
 1267 077d 3C       		.byte	0x3c
 1268 077e 32020000 		.4byte	0x232
 1269 0782 08       		.byte	0x8
 1270 0783 06       		.uleb128 0x6
 1271 0784 DE050000 		.4byte	.LASF129
 1272 0788 0C       		.byte	0xc
 1273 0789 3E       		.byte	0x3e
 1274 078a CE070000 		.4byte	0x7ce
 1275 078e 0C       		.byte	0xc
 1276 078f 00       		.byte	0
 1277 0790 09       		.uleb128 0x9
 1278 0791 04       		.byte	0x4
 1279 0792 5F070000 		.4byte	0x75f
 1280 0796 09       		.uleb128 0x9
 1281 0797 04       		.byte	0x4
 1282 0798 9C070000 		.4byte	0x79c
 1283 079c 10       		.uleb128 0x10
 1284 079d A1070000 		.4byte	0x7a1
 1285 07a1 03       		.uleb128 0x3
 1286 07a2 01       		.byte	0x1
 1287 07a3 08       		.byte	0x8
 1288 07a4 DC040000 		.4byte	.LASF130
 1289 07a8 09       		.uleb128 0x9
 1290 07a9 04       		.byte	0x4
 1291 07aa 11030000 		.4byte	0x311
 1292 07ae 0F       		.uleb128 0xf
 1293 07af 96070000 		.4byte	0x796
 1294 07b3 11       		.uleb128 0x11
 1295 07b4 B2050000 		.4byte	0x5b2
 1296 07b8 C3070000 		.4byte	0x7c3
 1297 07bc 12       		.uleb128 0x12
 1298 07bd 45040000 		.4byte	0x445
 1299 07c1 1A       		.byte	0x1a
 1300 07c2 00       		.byte	0
 1301 07c3 04       		.uleb128 0x4
 1302 07c4 9B010000 		.4byte	.LASF131
 1303 07c8 0C       		.byte	0xc
 1304 07c9 34       		.byte	0x34
 1305 07ca 5F070000 		.4byte	0x75f
 1306 07ce 09       		.uleb128 0x9
 1307 07cf 04       		.byte	0x4
ARM GAS  /tmp/cc5hbNSm.s 			page 24


 1308 07d0 C3070000 		.4byte	0x7c3
 1309 07d4 19       		.uleb128 0x19
 1310 07d5 EA040000 		.4byte	.LASF142
 1311 07d9 02       		.byte	0x2
 1312 07da 3802     		.2byte	0x238
 1313 07dc C3000000 		.4byte	0xc3
 1314 07e0 03       		.byte	0x3
 1315 07e1 1A       		.uleb128 0x1a
 1316 07e2 9D000000 		.4byte	.LASF143
 1317 07e6 01       		.byte	0x1
 1318 07e7 35       		.byte	0x35
 1319 07e8 03       		.byte	0x3
 1320 07e9 0F080000 		.4byte	0x80f
 1321 07ed 1B       		.uleb128 0x1b
 1322 07ee 746D7000 		.ascii	"tmp\000"
 1323 07f2 01       		.byte	0x1
 1324 07f3 35       		.byte	0x35
 1325 07f4 0F080000 		.4byte	0x80f
 1326 07f8 1B       		.uleb128 0x1b
 1327 07f9 6E6F7700 		.ascii	"now\000"
 1328 07fd 01       		.byte	0x1
 1329 07fe 36       		.byte	0x36
 1330 07ff C3000000 		.4byte	0xc3
 1331 0803 1C       		.uleb128 0x1c
 1332 0804 18060000 		.4byte	.LASF108
 1333 0808 01       		.byte	0x1
 1334 0809 37       		.byte	0x37
 1335 080a C3000000 		.4byte	0xc3
 1336 080e 00       		.byte	0
 1337 080f 09       		.uleb128 0x9
 1338 0810 04       		.byte	0x4
 1339 0811 BA060000 		.4byte	0x6ba
 1340 0815 1D       		.uleb128 0x1d
 1341 0816 BB000000 		.4byte	.LASF144
 1342 081a 01       		.byte	0x1
 1343 081b 61       		.byte	0x61
 1344 081c 01       		.byte	0x1
 1345 081d 2D080000 		.4byte	0x82d
 1346 0821 1B       		.uleb128 0x1b
 1347 0822 746D7000 		.ascii	"tmp\000"
 1348 0826 01       		.byte	0x1
 1349 0827 61       		.byte	0x61
 1350 0828 0F080000 		.4byte	0x80f
 1351 082c 00       		.byte	0
 1352 082d 1E       		.uleb128 0x1e
 1353 082e 15080000 		.4byte	0x815
 1354 0832 00000000 		.4byte	.LFB243
 1355 0836 18000000 		.4byte	.LFE243-.LFB243
 1356 083a 01       		.uleb128 0x1
 1357 083b 9C       		.byte	0x9c
 1358 083c 48080000 		.4byte	0x848
 1359 0840 1F       		.uleb128 0x1f
 1360 0841 21080000 		.4byte	0x821
 1361 0845 01       		.uleb128 0x1
 1362 0846 50       		.byte	0x50
 1363 0847 00       		.byte	0
 1364 0848 20       		.uleb128 0x20
ARM GAS  /tmp/cc5hbNSm.s 			page 25


 1365 0849 1C010000 		.4byte	.LASF132
 1366 084d 01       		.byte	0x1
 1367 084e 72       		.byte	0x72
 1368 084f 00000000 		.4byte	.LFB244
 1369 0853 0C000000 		.4byte	.LFE244-.LFB244
 1370 0857 01       		.uleb128 0x1
 1371 0858 9C       		.byte	0x9c
 1372 0859 7A080000 		.4byte	0x87a
 1373 085d 21       		.uleb128 0x21
 1374 085e 746D7000 		.ascii	"tmp\000"
 1375 0862 01       		.byte	0x1
 1376 0863 72       		.byte	0x72
 1377 0864 0F080000 		.4byte	0x80f
 1378 0868 01       		.uleb128 0x1
 1379 0869 50       		.byte	0x50
 1380 086a 22       		.uleb128 0x22
 1381 086b D4070000 		.4byte	0x7d4
 1382 086f 00000000 		.4byte	.LBB14
 1383 0873 04000000 		.4byte	.LBE14-.LBB14
 1384 0877 01       		.byte	0x1
 1385 0878 74       		.byte	0x74
 1386 0879 00       		.byte	0
 1387 087a 20       		.uleb128 0x20
 1388 087b 32010000 		.4byte	.LASF133
 1389 087f 01       		.byte	0x1
 1390 0880 7F       		.byte	0x7f
 1391 0881 00000000 		.4byte	.LFB245
 1392 0885 44000000 		.4byte	.LFE245-.LFB245
 1393 0889 01       		.uleb128 0x1
 1394 088a 9C       		.byte	0x9c
 1395 088b D5080000 		.4byte	0x8d5
 1396 088f 21       		.uleb128 0x21
 1397 0890 746D7000 		.ascii	"tmp\000"
 1398 0894 01       		.byte	0x1
 1399 0895 7F       		.byte	0x7f
 1400 0896 0F080000 		.4byte	0x80f
 1401 089a 01       		.uleb128 0x1
 1402 089b 50       		.byte	0x50
 1403 089c 23       		.uleb128 0x23
 1404 089d D4070000 		.4byte	0x7d4
 1405 08a1 00000000 		.4byte	.LBB16
 1406 08a5 00000000 		.4byte	.Ldebug_ranges0+0
 1407 08a9 01       		.byte	0x1
 1408 08aa 81       		.byte	0x81
 1409 08ab 24       		.uleb128 0x24
 1410 08ac E1070000 		.4byte	0x7e1
 1411 08b0 08000000 		.4byte	.LBB20
 1412 08b4 18000000 		.4byte	.Ldebug_ranges0+0x18
 1413 08b8 01       		.byte	0x1
 1414 08b9 81       		.byte	0x81
 1415 08ba 25       		.uleb128 0x25
 1416 08bb 03080000 		.4byte	0x803
 1417 08bf 00000000 		.4byte	.LLST0
 1418 08c3 25       		.uleb128 0x25
 1419 08c4 F8070000 		.4byte	0x7f8
 1420 08c8 13000000 		.4byte	.LLST1
 1421 08cc 1F       		.uleb128 0x1f
ARM GAS  /tmp/cc5hbNSm.s 			page 26


 1422 08cd ED070000 		.4byte	0x7ed
 1423 08d1 01       		.uleb128 0x1
 1424 08d2 50       		.byte	0x50
 1425 08d3 00       		.byte	0
 1426 08d4 00       		.byte	0
 1427 08d5 20       		.uleb128 0x20
 1428 08d6 B5060000 		.4byte	.LASF134
 1429 08da 01       		.byte	0x1
 1430 08db 4D       		.byte	0x4d
 1431 08dc 00000000 		.4byte	.LFB242
 1432 08e0 38000000 		.4byte	.LFE242-.LFB242
 1433 08e4 01       		.uleb128 0x1
 1434 08e5 9C       		.byte	0x9c
 1435 08e6 39090000 		.4byte	0x939
 1436 08ea 26       		.uleb128 0x26
 1437 08eb 746D00   		.ascii	"tm\000"
 1438 08ee 01       		.byte	0x1
 1439 08ef 4E       		.byte	0x4e
 1440 08f0 BA060000 		.4byte	0x6ba
 1441 08f4 02       		.uleb128 0x2
 1442 08f5 91       		.byte	0x91
 1443 08f6 58       		.sleb128 -40
 1444 08f7 27       		.uleb128 0x27
 1445 08f8 15080000 		.4byte	0x815
 1446 08fc 08000000 		.4byte	.LBB24
 1447 0900 30000000 		.4byte	.Ldebug_ranges0+0x30
 1448 0904 01       		.byte	0x1
 1449 0905 54       		.byte	0x54
 1450 0906 14090000 		.4byte	0x914
 1451 090a 25       		.uleb128 0x25
 1452 090b 21080000 		.4byte	0x821
 1453 090f 26000000 		.4byte	.LLST2
 1454 0913 00       		.byte	0
 1455 0914 28       		.uleb128 0x28
 1456 0915 24000000 		.4byte	.LVL7
 1457 0919 48080000 		.4byte	0x848
 1458 091d 28090000 		.4byte	0x928
 1459 0921 29       		.uleb128 0x29
 1460 0922 01       		.uleb128 0x1
 1461 0923 50       		.byte	0x50
 1462 0924 02       		.uleb128 0x2
 1463 0925 7D       		.byte	0x7d
 1464 0926 00       		.sleb128 0
 1465 0927 00       		.byte	0
 1466 0928 2A       		.uleb128 0x2a
 1467 0929 2A000000 		.4byte	.LVL8
 1468 092d 7A080000 		.4byte	0x87a
 1469 0931 29       		.uleb128 0x29
 1470 0932 01       		.uleb128 0x1
 1471 0933 50       		.byte	0x50
 1472 0934 02       		.uleb128 0x2
 1473 0935 7D       		.byte	0x7d
 1474 0936 00       		.sleb128 0
 1475 0937 00       		.byte	0
 1476 0938 00       		.byte	0
 1477 0939 20       		.uleb128 0x20
 1478 093a 6E020000 		.4byte	.LASF135
ARM GAS  /tmp/cc5hbNSm.s 			page 27


 1479 093e 01       		.byte	0x1
 1480 093f 90       		.byte	0x90
 1481 0940 00000000 		.4byte	.LFB246
 1482 0944 3C000000 		.4byte	.LFE246-.LFB246
 1483 0948 01       		.uleb128 0x1
 1484 0949 9C       		.byte	0x9c
 1485 094a A0090000 		.4byte	0x9a0
 1486 094e 2B       		.uleb128 0x2b
 1487 094f DA000000 		.4byte	.LASF136
 1488 0953 01       		.byte	0x1
 1489 0954 90       		.byte	0x90
 1490 0955 0F080000 		.4byte	0x80f
 1491 0959 01       		.uleb128 0x1
 1492 095a 50       		.byte	0x50
 1493 095b 2C       		.uleb128 0x2c
 1494 095c DF000000 		.4byte	.LASF137
 1495 0960 01       		.byte	0x1
 1496 0961 91       		.byte	0x91
 1497 0962 0F080000 		.4byte	0x80f
 1498 0966 5E000000 		.4byte	.LLST3
 1499 096a 23       		.uleb128 0x23
 1500 096b D4070000 		.4byte	0x7d4
 1501 096f 00000000 		.4byte	.LBB30
 1502 0973 50000000 		.4byte	.Ldebug_ranges0+0x50
 1503 0977 01       		.byte	0x1
 1504 0978 94       		.byte	0x94
 1505 0979 2D       		.uleb128 0x2d
 1506 097a E1070000 		.4byte	0x7e1
 1507 097e 08000000 		.4byte	.LBB34
 1508 0982 2C000000 		.4byte	.LBE34-.LBB34
 1509 0986 01       		.byte	0x1
 1510 0987 97       		.byte	0x97
 1511 0988 2E       		.uleb128 0x2e
 1512 0989 03080000 		.4byte	0x803
 1513 098d 00       		.byte	0
 1514 098e 25       		.uleb128 0x25
 1515 098f F8070000 		.4byte	0x7f8
 1516 0993 7F000000 		.4byte	.LLST4
 1517 0997 1F       		.uleb128 0x1f
 1518 0998 ED070000 		.4byte	0x7ed
 1519 099c 01       		.uleb128 0x1
 1520 099d 50       		.byte	0x50
 1521 099e 00       		.byte	0
 1522 099f 00       		.byte	0
 1523 09a0 2F       		.uleb128 0x2f
 1524 09a1 D0030000 		.4byte	.LASF138
 1525 09a5 08       		.byte	0x8
 1526 09a6 FA06     		.2byte	0x6fa
 1527 09a8 AC090000 		.4byte	0x9ac
 1528 09ac 0F       		.uleb128 0xf
 1529 09ad A2000000 		.4byte	0xa2
 1530 09b1 30       		.uleb128 0x30
 1531 09b2 636800   		.ascii	"ch\000"
 1532 09b5 07       		.byte	0x7
 1533 09b6 0B02     		.2byte	0x20b
 1534 09b8 DE030000 		.4byte	0x3de
 1535 09bc 00       		.byte	0
ARM GAS  /tmp/cc5hbNSm.s 			page 28


 1536              		.section	.debug_abbrev,"",%progbits
 1537              	.Ldebug_abbrev0:
 1538 0000 01       		.uleb128 0x1
 1539 0001 11       		.uleb128 0x11
 1540 0002 01       		.byte	0x1
 1541 0003 25       		.uleb128 0x25
 1542 0004 0E       		.uleb128 0xe
 1543 0005 13       		.uleb128 0x13
 1544 0006 0B       		.uleb128 0xb
 1545 0007 03       		.uleb128 0x3
 1546 0008 0E       		.uleb128 0xe
 1547 0009 1B       		.uleb128 0x1b
 1548 000a 0E       		.uleb128 0xe
 1549 000b 55       		.uleb128 0x55
 1550 000c 17       		.uleb128 0x17
 1551 000d 11       		.uleb128 0x11
 1552 000e 01       		.uleb128 0x1
 1553 000f 10       		.uleb128 0x10
 1554 0010 17       		.uleb128 0x17
 1555 0011 00       		.byte	0
 1556 0012 00       		.byte	0
 1557 0013 02       		.uleb128 0x2
 1558 0014 24       		.uleb128 0x24
 1559 0015 00       		.byte	0
 1560 0016 0B       		.uleb128 0xb
 1561 0017 0B       		.uleb128 0xb
 1562 0018 3E       		.uleb128 0x3e
 1563 0019 0B       		.uleb128 0xb
 1564 001a 03       		.uleb128 0x3
 1565 001b 08       		.uleb128 0x8
 1566 001c 00       		.byte	0
 1567 001d 00       		.byte	0
 1568 001e 03       		.uleb128 0x3
 1569 001f 24       		.uleb128 0x24
 1570 0020 00       		.byte	0
 1571 0021 0B       		.uleb128 0xb
 1572 0022 0B       		.uleb128 0xb
 1573 0023 3E       		.uleb128 0x3e
 1574 0024 0B       		.uleb128 0xb
 1575 0025 03       		.uleb128 0x3
 1576 0026 0E       		.uleb128 0xe
 1577 0027 00       		.byte	0
 1578 0028 00       		.byte	0
 1579 0029 04       		.uleb128 0x4
 1580 002a 16       		.uleb128 0x16
 1581 002b 00       		.byte	0
 1582 002c 03       		.uleb128 0x3
 1583 002d 0E       		.uleb128 0xe
 1584 002e 3A       		.uleb128 0x3a
 1585 002f 0B       		.uleb128 0xb
 1586 0030 3B       		.uleb128 0x3b
 1587 0031 0B       		.uleb128 0xb
 1588 0032 49       		.uleb128 0x49
 1589 0033 13       		.uleb128 0x13
 1590 0034 00       		.byte	0
 1591 0035 00       		.byte	0
 1592 0036 05       		.uleb128 0x5
ARM GAS  /tmp/cc5hbNSm.s 			page 29


 1593 0037 13       		.uleb128 0x13
 1594 0038 01       		.byte	0x1
 1595 0039 03       		.uleb128 0x3
 1596 003a 0E       		.uleb128 0xe
 1597 003b 0B       		.uleb128 0xb
 1598 003c 0B       		.uleb128 0xb
 1599 003d 3A       		.uleb128 0x3a
 1600 003e 0B       		.uleb128 0xb
 1601 003f 3B       		.uleb128 0x3b
 1602 0040 0B       		.uleb128 0xb
 1603 0041 01       		.uleb128 0x1
 1604 0042 13       		.uleb128 0x13
 1605 0043 00       		.byte	0
 1606 0044 00       		.byte	0
 1607 0045 06       		.uleb128 0x6
 1608 0046 0D       		.uleb128 0xd
 1609 0047 00       		.byte	0
 1610 0048 03       		.uleb128 0x3
 1611 0049 0E       		.uleb128 0xe
 1612 004a 3A       		.uleb128 0x3a
 1613 004b 0B       		.uleb128 0xb
 1614 004c 3B       		.uleb128 0x3b
 1615 004d 0B       		.uleb128 0xb
 1616 004e 49       		.uleb128 0x49
 1617 004f 13       		.uleb128 0x13
 1618 0050 38       		.uleb128 0x38
 1619 0051 0B       		.uleb128 0xb
 1620 0052 00       		.byte	0
 1621 0053 00       		.byte	0
 1622 0054 07       		.uleb128 0x7
 1623 0055 0D       		.uleb128 0xd
 1624 0056 00       		.byte	0
 1625 0057 03       		.uleb128 0x3
 1626 0058 08       		.uleb128 0x8
 1627 0059 3A       		.uleb128 0x3a
 1628 005a 0B       		.uleb128 0xb
 1629 005b 3B       		.uleb128 0x3b
 1630 005c 05       		.uleb128 0x5
 1631 005d 49       		.uleb128 0x49
 1632 005e 13       		.uleb128 0x13
 1633 005f 38       		.uleb128 0x38
 1634 0060 0B       		.uleb128 0xb
 1635 0061 00       		.byte	0
 1636 0062 00       		.byte	0
 1637 0063 08       		.uleb128 0x8
 1638 0064 0D       		.uleb128 0xd
 1639 0065 00       		.byte	0
 1640 0066 03       		.uleb128 0x3
 1641 0067 0E       		.uleb128 0xe
 1642 0068 3A       		.uleb128 0x3a
 1643 0069 0B       		.uleb128 0xb
 1644 006a 3B       		.uleb128 0x3b
 1645 006b 05       		.uleb128 0x5
 1646 006c 49       		.uleb128 0x49
 1647 006d 13       		.uleb128 0x13
 1648 006e 38       		.uleb128 0x38
 1649 006f 0B       		.uleb128 0xb
ARM GAS  /tmp/cc5hbNSm.s 			page 30


 1650 0070 00       		.byte	0
 1651 0071 00       		.byte	0
 1652 0072 09       		.uleb128 0x9
 1653 0073 0F       		.uleb128 0xf
 1654 0074 00       		.byte	0
 1655 0075 0B       		.uleb128 0xb
 1656 0076 0B       		.uleb128 0xb
 1657 0077 49       		.uleb128 0x49
 1658 0078 13       		.uleb128 0x13
 1659 0079 00       		.byte	0
 1660 007a 00       		.byte	0
 1661 007b 0A       		.uleb128 0xa
 1662 007c 13       		.uleb128 0x13
 1663 007d 01       		.byte	0x1
 1664 007e 03       		.uleb128 0x3
 1665 007f 0E       		.uleb128 0xe
 1666 0080 0B       		.uleb128 0xb
 1667 0081 0B       		.uleb128 0xb
 1668 0082 3A       		.uleb128 0x3a
 1669 0083 0B       		.uleb128 0xb
 1670 0084 3B       		.uleb128 0x3b
 1671 0085 05       		.uleb128 0x5
 1672 0086 01       		.uleb128 0x1
 1673 0087 13       		.uleb128 0x13
 1674 0088 00       		.byte	0
 1675 0089 00       		.byte	0
 1676 008a 0B       		.uleb128 0xb
 1677 008b 15       		.uleb128 0x15
 1678 008c 01       		.byte	0x1
 1679 008d 27       		.uleb128 0x27
 1680 008e 19       		.uleb128 0x19
 1681 008f 01       		.uleb128 0x1
 1682 0090 13       		.uleb128 0x13
 1683 0091 00       		.byte	0
 1684 0092 00       		.byte	0
 1685 0093 0C       		.uleb128 0xc
 1686 0094 05       		.uleb128 0x5
 1687 0095 00       		.byte	0
 1688 0096 49       		.uleb128 0x49
 1689 0097 13       		.uleb128 0x13
 1690 0098 00       		.byte	0
 1691 0099 00       		.byte	0
 1692 009a 0D       		.uleb128 0xd
 1693 009b 0F       		.uleb128 0xf
 1694 009c 00       		.byte	0
 1695 009d 0B       		.uleb128 0xb
 1696 009e 0B       		.uleb128 0xb
 1697 009f 00       		.byte	0
 1698 00a0 00       		.byte	0
 1699 00a1 0E       		.uleb128 0xe
 1700 00a2 13       		.uleb128 0x13
 1701 00a3 01       		.byte	0x1
 1702 00a4 03       		.uleb128 0x3
 1703 00a5 0E       		.uleb128 0xe
 1704 00a6 0B       		.uleb128 0xb
 1705 00a7 05       		.uleb128 0x5
 1706 00a8 3A       		.uleb128 0x3a
ARM GAS  /tmp/cc5hbNSm.s 			page 31


 1707 00a9 0B       		.uleb128 0xb
 1708 00aa 3B       		.uleb128 0x3b
 1709 00ab 05       		.uleb128 0x5
 1710 00ac 01       		.uleb128 0x1
 1711 00ad 13       		.uleb128 0x13
 1712 00ae 00       		.byte	0
 1713 00af 00       		.byte	0
 1714 00b0 0F       		.uleb128 0xf
 1715 00b1 35       		.uleb128 0x35
 1716 00b2 00       		.byte	0
 1717 00b3 49       		.uleb128 0x49
 1718 00b4 13       		.uleb128 0x13
 1719 00b5 00       		.byte	0
 1720 00b6 00       		.byte	0
 1721 00b7 10       		.uleb128 0x10
 1722 00b8 26       		.uleb128 0x26
 1723 00b9 00       		.byte	0
 1724 00ba 49       		.uleb128 0x49
 1725 00bb 13       		.uleb128 0x13
 1726 00bc 00       		.byte	0
 1727 00bd 00       		.byte	0
 1728 00be 11       		.uleb128 0x11
 1729 00bf 01       		.uleb128 0x1
 1730 00c0 01       		.byte	0x1
 1731 00c1 49       		.uleb128 0x49
 1732 00c2 13       		.uleb128 0x13
 1733 00c3 01       		.uleb128 0x1
 1734 00c4 13       		.uleb128 0x13
 1735 00c5 00       		.byte	0
 1736 00c6 00       		.byte	0
 1737 00c7 12       		.uleb128 0x12
 1738 00c8 21       		.uleb128 0x21
 1739 00c9 00       		.byte	0
 1740 00ca 49       		.uleb128 0x49
 1741 00cb 13       		.uleb128 0x13
 1742 00cc 2F       		.uleb128 0x2f
 1743 00cd 0B       		.uleb128 0xb
 1744 00ce 00       		.byte	0
 1745 00cf 00       		.byte	0
 1746 00d0 13       		.uleb128 0x13
 1747 00d1 13       		.uleb128 0x13
 1748 00d2 01       		.byte	0x1
 1749 00d3 0B       		.uleb128 0xb
 1750 00d4 0B       		.uleb128 0xb
 1751 00d5 3A       		.uleb128 0x3a
 1752 00d6 0B       		.uleb128 0xb
 1753 00d7 3B       		.uleb128 0x3b
 1754 00d8 05       		.uleb128 0x5
 1755 00d9 01       		.uleb128 0x1
 1756 00da 13       		.uleb128 0x13
 1757 00db 00       		.byte	0
 1758 00dc 00       		.byte	0
 1759 00dd 14       		.uleb128 0x14
 1760 00de 16       		.uleb128 0x16
 1761 00df 00       		.byte	0
 1762 00e0 03       		.uleb128 0x3
 1763 00e1 0E       		.uleb128 0xe
ARM GAS  /tmp/cc5hbNSm.s 			page 32


 1764 00e2 3A       		.uleb128 0x3a
 1765 00e3 0B       		.uleb128 0xb
 1766 00e4 3B       		.uleb128 0x3b
 1767 00e5 05       		.uleb128 0x5
 1768 00e6 49       		.uleb128 0x49
 1769 00e7 13       		.uleb128 0x13
 1770 00e8 00       		.byte	0
 1771 00e9 00       		.byte	0
 1772 00ea 15       		.uleb128 0x15
 1773 00eb 0D       		.uleb128 0xd
 1774 00ec 00       		.byte	0
 1775 00ed 03       		.uleb128 0x3
 1776 00ee 08       		.uleb128 0x8
 1777 00ef 3A       		.uleb128 0x3a
 1778 00f0 0B       		.uleb128 0xb
 1779 00f1 3B       		.uleb128 0x3b
 1780 00f2 0B       		.uleb128 0xb
 1781 00f3 49       		.uleb128 0x49
 1782 00f4 13       		.uleb128 0x13
 1783 00f5 38       		.uleb128 0x38
 1784 00f6 0B       		.uleb128 0xb
 1785 00f7 00       		.byte	0
 1786 00f8 00       		.byte	0
 1787 00f9 16       		.uleb128 0x16
 1788 00fa 13       		.uleb128 0x13
 1789 00fb 01       		.byte	0x1
 1790 00fc 0B       		.uleb128 0xb
 1791 00fd 0B       		.uleb128 0xb
 1792 00fe 3A       		.uleb128 0x3a
 1793 00ff 0B       		.uleb128 0xb
 1794 0100 3B       		.uleb128 0x3b
 1795 0101 0B       		.uleb128 0xb
 1796 0102 01       		.uleb128 0x1
 1797 0103 13       		.uleb128 0x13
 1798 0104 00       		.byte	0
 1799 0105 00       		.byte	0
 1800 0106 17       		.uleb128 0x17
 1801 0107 17       		.uleb128 0x17
 1802 0108 01       		.byte	0x1
 1803 0109 0B       		.uleb128 0xb
 1804 010a 0B       		.uleb128 0xb
 1805 010b 3A       		.uleb128 0x3a
 1806 010c 0B       		.uleb128 0xb
 1807 010d 3B       		.uleb128 0x3b
 1808 010e 0B       		.uleb128 0xb
 1809 010f 01       		.uleb128 0x1
 1810 0110 13       		.uleb128 0x13
 1811 0111 00       		.byte	0
 1812 0112 00       		.byte	0
 1813 0113 18       		.uleb128 0x18
 1814 0114 0D       		.uleb128 0xd
 1815 0115 00       		.byte	0
 1816 0116 03       		.uleb128 0x3
 1817 0117 0E       		.uleb128 0xe
 1818 0118 3A       		.uleb128 0x3a
 1819 0119 0B       		.uleb128 0xb
 1820 011a 3B       		.uleb128 0x3b
ARM GAS  /tmp/cc5hbNSm.s 			page 33


 1821 011b 05       		.uleb128 0x5
 1822 011c 49       		.uleb128 0x49
 1823 011d 13       		.uleb128 0x13
 1824 011e 00       		.byte	0
 1825 011f 00       		.byte	0
 1826 0120 19       		.uleb128 0x19
 1827 0121 2E       		.uleb128 0x2e
 1828 0122 00       		.byte	0
 1829 0123 03       		.uleb128 0x3
 1830 0124 0E       		.uleb128 0xe
 1831 0125 3A       		.uleb128 0x3a
 1832 0126 0B       		.uleb128 0xb
 1833 0127 3B       		.uleb128 0x3b
 1834 0128 05       		.uleb128 0x5
 1835 0129 27       		.uleb128 0x27
 1836 012a 19       		.uleb128 0x19
 1837 012b 49       		.uleb128 0x49
 1838 012c 13       		.uleb128 0x13
 1839 012d 20       		.uleb128 0x20
 1840 012e 0B       		.uleb128 0xb
 1841 012f 00       		.byte	0
 1842 0130 00       		.byte	0
 1843 0131 1A       		.uleb128 0x1a
 1844 0132 2E       		.uleb128 0x2e
 1845 0133 01       		.byte	0x1
 1846 0134 03       		.uleb128 0x3
 1847 0135 0E       		.uleb128 0xe
 1848 0136 3A       		.uleb128 0x3a
 1849 0137 0B       		.uleb128 0xb
 1850 0138 3B       		.uleb128 0x3b
 1851 0139 0B       		.uleb128 0xb
 1852 013a 27       		.uleb128 0x27
 1853 013b 19       		.uleb128 0x19
 1854 013c 20       		.uleb128 0x20
 1855 013d 0B       		.uleb128 0xb
 1856 013e 01       		.uleb128 0x1
 1857 013f 13       		.uleb128 0x13
 1858 0140 00       		.byte	0
 1859 0141 00       		.byte	0
 1860 0142 1B       		.uleb128 0x1b
 1861 0143 05       		.uleb128 0x5
 1862 0144 00       		.byte	0
 1863 0145 03       		.uleb128 0x3
 1864 0146 08       		.uleb128 0x8
 1865 0147 3A       		.uleb128 0x3a
 1866 0148 0B       		.uleb128 0xb
 1867 0149 3B       		.uleb128 0x3b
 1868 014a 0B       		.uleb128 0xb
 1869 014b 49       		.uleb128 0x49
 1870 014c 13       		.uleb128 0x13
 1871 014d 00       		.byte	0
 1872 014e 00       		.byte	0
 1873 014f 1C       		.uleb128 0x1c
 1874 0150 05       		.uleb128 0x5
 1875 0151 00       		.byte	0
 1876 0152 03       		.uleb128 0x3
 1877 0153 0E       		.uleb128 0xe
ARM GAS  /tmp/cc5hbNSm.s 			page 34


 1878 0154 3A       		.uleb128 0x3a
 1879 0155 0B       		.uleb128 0xb
 1880 0156 3B       		.uleb128 0x3b
 1881 0157 0B       		.uleb128 0xb
 1882 0158 49       		.uleb128 0x49
 1883 0159 13       		.uleb128 0x13
 1884 015a 00       		.byte	0
 1885 015b 00       		.byte	0
 1886 015c 1D       		.uleb128 0x1d
 1887 015d 2E       		.uleb128 0x2e
 1888 015e 01       		.byte	0x1
 1889 015f 3F       		.uleb128 0x3f
 1890 0160 19       		.uleb128 0x19
 1891 0161 03       		.uleb128 0x3
 1892 0162 0E       		.uleb128 0xe
 1893 0163 3A       		.uleb128 0x3a
 1894 0164 0B       		.uleb128 0xb
 1895 0165 3B       		.uleb128 0x3b
 1896 0166 0B       		.uleb128 0xb
 1897 0167 27       		.uleb128 0x27
 1898 0168 19       		.uleb128 0x19
 1899 0169 20       		.uleb128 0x20
 1900 016a 0B       		.uleb128 0xb
 1901 016b 01       		.uleb128 0x1
 1902 016c 13       		.uleb128 0x13
 1903 016d 00       		.byte	0
 1904 016e 00       		.byte	0
 1905 016f 1E       		.uleb128 0x1e
 1906 0170 2E       		.uleb128 0x2e
 1907 0171 01       		.byte	0x1
 1908 0172 31       		.uleb128 0x31
 1909 0173 13       		.uleb128 0x13
 1910 0174 11       		.uleb128 0x11
 1911 0175 01       		.uleb128 0x1
 1912 0176 12       		.uleb128 0x12
 1913 0177 06       		.uleb128 0x6
 1914 0178 40       		.uleb128 0x40
 1915 0179 18       		.uleb128 0x18
 1916 017a 9742     		.uleb128 0x2117
 1917 017c 19       		.uleb128 0x19
 1918 017d 01       		.uleb128 0x1
 1919 017e 13       		.uleb128 0x13
 1920 017f 00       		.byte	0
 1921 0180 00       		.byte	0
 1922 0181 1F       		.uleb128 0x1f
 1923 0182 05       		.uleb128 0x5
 1924 0183 00       		.byte	0
 1925 0184 31       		.uleb128 0x31
 1926 0185 13       		.uleb128 0x13
 1927 0186 02       		.uleb128 0x2
 1928 0187 18       		.uleb128 0x18
 1929 0188 00       		.byte	0
 1930 0189 00       		.byte	0
 1931 018a 20       		.uleb128 0x20
 1932 018b 2E       		.uleb128 0x2e
 1933 018c 01       		.byte	0x1
 1934 018d 3F       		.uleb128 0x3f
ARM GAS  /tmp/cc5hbNSm.s 			page 35


 1935 018e 19       		.uleb128 0x19
 1936 018f 03       		.uleb128 0x3
 1937 0190 0E       		.uleb128 0xe
 1938 0191 3A       		.uleb128 0x3a
 1939 0192 0B       		.uleb128 0xb
 1940 0193 3B       		.uleb128 0x3b
 1941 0194 0B       		.uleb128 0xb
 1942 0195 27       		.uleb128 0x27
 1943 0196 19       		.uleb128 0x19
 1944 0197 11       		.uleb128 0x11
 1945 0198 01       		.uleb128 0x1
 1946 0199 12       		.uleb128 0x12
 1947 019a 06       		.uleb128 0x6
 1948 019b 40       		.uleb128 0x40
 1949 019c 18       		.uleb128 0x18
 1950 019d 9742     		.uleb128 0x2117
 1951 019f 19       		.uleb128 0x19
 1952 01a0 01       		.uleb128 0x1
 1953 01a1 13       		.uleb128 0x13
 1954 01a2 00       		.byte	0
 1955 01a3 00       		.byte	0
 1956 01a4 21       		.uleb128 0x21
 1957 01a5 05       		.uleb128 0x5
 1958 01a6 00       		.byte	0
 1959 01a7 03       		.uleb128 0x3
 1960 01a8 08       		.uleb128 0x8
 1961 01a9 3A       		.uleb128 0x3a
 1962 01aa 0B       		.uleb128 0xb
 1963 01ab 3B       		.uleb128 0x3b
 1964 01ac 0B       		.uleb128 0xb
 1965 01ad 49       		.uleb128 0x49
 1966 01ae 13       		.uleb128 0x13
 1967 01af 02       		.uleb128 0x2
 1968 01b0 18       		.uleb128 0x18
 1969 01b1 00       		.byte	0
 1970 01b2 00       		.byte	0
 1971 01b3 22       		.uleb128 0x22
 1972 01b4 1D       		.uleb128 0x1d
 1973 01b5 00       		.byte	0
 1974 01b6 31       		.uleb128 0x31
 1975 01b7 13       		.uleb128 0x13
 1976 01b8 11       		.uleb128 0x11
 1977 01b9 01       		.uleb128 0x1
 1978 01ba 12       		.uleb128 0x12
 1979 01bb 06       		.uleb128 0x6
 1980 01bc 58       		.uleb128 0x58
 1981 01bd 0B       		.uleb128 0xb
 1982 01be 59       		.uleb128 0x59
 1983 01bf 0B       		.uleb128 0xb
 1984 01c0 00       		.byte	0
 1985 01c1 00       		.byte	0
 1986 01c2 23       		.uleb128 0x23
 1987 01c3 1D       		.uleb128 0x1d
 1988 01c4 00       		.byte	0
 1989 01c5 31       		.uleb128 0x31
 1990 01c6 13       		.uleb128 0x13
 1991 01c7 52       		.uleb128 0x52
ARM GAS  /tmp/cc5hbNSm.s 			page 36


 1992 01c8 01       		.uleb128 0x1
 1993 01c9 55       		.uleb128 0x55
 1994 01ca 17       		.uleb128 0x17
 1995 01cb 58       		.uleb128 0x58
 1996 01cc 0B       		.uleb128 0xb
 1997 01cd 59       		.uleb128 0x59
 1998 01ce 0B       		.uleb128 0xb
 1999 01cf 00       		.byte	0
 2000 01d0 00       		.byte	0
 2001 01d1 24       		.uleb128 0x24
 2002 01d2 1D       		.uleb128 0x1d
 2003 01d3 01       		.byte	0x1
 2004 01d4 31       		.uleb128 0x31
 2005 01d5 13       		.uleb128 0x13
 2006 01d6 52       		.uleb128 0x52
 2007 01d7 01       		.uleb128 0x1
 2008 01d8 55       		.uleb128 0x55
 2009 01d9 17       		.uleb128 0x17
 2010 01da 58       		.uleb128 0x58
 2011 01db 0B       		.uleb128 0xb
 2012 01dc 59       		.uleb128 0x59
 2013 01dd 0B       		.uleb128 0xb
 2014 01de 00       		.byte	0
 2015 01df 00       		.byte	0
 2016 01e0 25       		.uleb128 0x25
 2017 01e1 05       		.uleb128 0x5
 2018 01e2 00       		.byte	0
 2019 01e3 31       		.uleb128 0x31
 2020 01e4 13       		.uleb128 0x13
 2021 01e5 02       		.uleb128 0x2
 2022 01e6 17       		.uleb128 0x17
 2023 01e7 00       		.byte	0
 2024 01e8 00       		.byte	0
 2025 01e9 26       		.uleb128 0x26
 2026 01ea 34       		.uleb128 0x34
 2027 01eb 00       		.byte	0
 2028 01ec 03       		.uleb128 0x3
 2029 01ed 08       		.uleb128 0x8
 2030 01ee 3A       		.uleb128 0x3a
 2031 01ef 0B       		.uleb128 0xb
 2032 01f0 3B       		.uleb128 0x3b
 2033 01f1 0B       		.uleb128 0xb
 2034 01f2 49       		.uleb128 0x49
 2035 01f3 13       		.uleb128 0x13
 2036 01f4 02       		.uleb128 0x2
 2037 01f5 18       		.uleb128 0x18
 2038 01f6 00       		.byte	0
 2039 01f7 00       		.byte	0
 2040 01f8 27       		.uleb128 0x27
 2041 01f9 1D       		.uleb128 0x1d
 2042 01fa 01       		.byte	0x1
 2043 01fb 31       		.uleb128 0x31
 2044 01fc 13       		.uleb128 0x13
 2045 01fd 52       		.uleb128 0x52
 2046 01fe 01       		.uleb128 0x1
 2047 01ff 55       		.uleb128 0x55
 2048 0200 17       		.uleb128 0x17
ARM GAS  /tmp/cc5hbNSm.s 			page 37


 2049 0201 58       		.uleb128 0x58
 2050 0202 0B       		.uleb128 0xb
 2051 0203 59       		.uleb128 0x59
 2052 0204 0B       		.uleb128 0xb
 2053 0205 01       		.uleb128 0x1
 2054 0206 13       		.uleb128 0x13
 2055 0207 00       		.byte	0
 2056 0208 00       		.byte	0
 2057 0209 28       		.uleb128 0x28
 2058 020a 898201   		.uleb128 0x4109
 2059 020d 01       		.byte	0x1
 2060 020e 11       		.uleb128 0x11
 2061 020f 01       		.uleb128 0x1
 2062 0210 31       		.uleb128 0x31
 2063 0211 13       		.uleb128 0x13
 2064 0212 01       		.uleb128 0x1
 2065 0213 13       		.uleb128 0x13
 2066 0214 00       		.byte	0
 2067 0215 00       		.byte	0
 2068 0216 29       		.uleb128 0x29
 2069 0217 8A8201   		.uleb128 0x410a
 2070 021a 00       		.byte	0
 2071 021b 02       		.uleb128 0x2
 2072 021c 18       		.uleb128 0x18
 2073 021d 9142     		.uleb128 0x2111
 2074 021f 18       		.uleb128 0x18
 2075 0220 00       		.byte	0
 2076 0221 00       		.byte	0
 2077 0222 2A       		.uleb128 0x2a
 2078 0223 898201   		.uleb128 0x4109
 2079 0226 01       		.byte	0x1
 2080 0227 11       		.uleb128 0x11
 2081 0228 01       		.uleb128 0x1
 2082 0229 31       		.uleb128 0x31
 2083 022a 13       		.uleb128 0x13
 2084 022b 00       		.byte	0
 2085 022c 00       		.byte	0
 2086 022d 2B       		.uleb128 0x2b
 2087 022e 05       		.uleb128 0x5
 2088 022f 00       		.byte	0
 2089 0230 03       		.uleb128 0x3
 2090 0231 0E       		.uleb128 0xe
 2091 0232 3A       		.uleb128 0x3a
 2092 0233 0B       		.uleb128 0xb
 2093 0234 3B       		.uleb128 0x3b
 2094 0235 0B       		.uleb128 0xb
 2095 0236 49       		.uleb128 0x49
 2096 0237 13       		.uleb128 0x13
 2097 0238 02       		.uleb128 0x2
 2098 0239 18       		.uleb128 0x18
 2099 023a 00       		.byte	0
 2100 023b 00       		.byte	0
 2101 023c 2C       		.uleb128 0x2c
 2102 023d 05       		.uleb128 0x5
 2103 023e 00       		.byte	0
 2104 023f 03       		.uleb128 0x3
 2105 0240 0E       		.uleb128 0xe
ARM GAS  /tmp/cc5hbNSm.s 			page 38


 2106 0241 3A       		.uleb128 0x3a
 2107 0242 0B       		.uleb128 0xb
 2108 0243 3B       		.uleb128 0x3b
 2109 0244 0B       		.uleb128 0xb
 2110 0245 49       		.uleb128 0x49
 2111 0246 13       		.uleb128 0x13
 2112 0247 02       		.uleb128 0x2
 2113 0248 17       		.uleb128 0x17
 2114 0249 00       		.byte	0
 2115 024a 00       		.byte	0
 2116 024b 2D       		.uleb128 0x2d
 2117 024c 1D       		.uleb128 0x1d
 2118 024d 01       		.byte	0x1
 2119 024e 31       		.uleb128 0x31
 2120 024f 13       		.uleb128 0x13
 2121 0250 11       		.uleb128 0x11
 2122 0251 01       		.uleb128 0x1
 2123 0252 12       		.uleb128 0x12
 2124 0253 06       		.uleb128 0x6
 2125 0254 58       		.uleb128 0x58
 2126 0255 0B       		.uleb128 0xb
 2127 0256 59       		.uleb128 0x59
 2128 0257 0B       		.uleb128 0xb
 2129 0258 00       		.byte	0
 2130 0259 00       		.byte	0
 2131 025a 2E       		.uleb128 0x2e
 2132 025b 05       		.uleb128 0x5
 2133 025c 00       		.byte	0
 2134 025d 31       		.uleb128 0x31
 2135 025e 13       		.uleb128 0x13
 2136 025f 1C       		.uleb128 0x1c
 2137 0260 0B       		.uleb128 0xb
 2138 0261 00       		.byte	0
 2139 0262 00       		.byte	0
 2140 0263 2F       		.uleb128 0x2f
 2141 0264 34       		.uleb128 0x34
 2142 0265 00       		.byte	0
 2143 0266 03       		.uleb128 0x3
 2144 0267 0E       		.uleb128 0xe
 2145 0268 3A       		.uleb128 0x3a
 2146 0269 0B       		.uleb128 0xb
 2147 026a 3B       		.uleb128 0x3b
 2148 026b 05       		.uleb128 0x5
 2149 026c 49       		.uleb128 0x49
 2150 026d 13       		.uleb128 0x13
 2151 026e 3F       		.uleb128 0x3f
 2152 026f 19       		.uleb128 0x19
 2153 0270 3C       		.uleb128 0x3c
 2154 0271 19       		.uleb128 0x19
 2155 0272 00       		.byte	0
 2156 0273 00       		.byte	0
 2157 0274 30       		.uleb128 0x30
 2158 0275 34       		.uleb128 0x34
 2159 0276 00       		.byte	0
 2160 0277 03       		.uleb128 0x3
 2161 0278 08       		.uleb128 0x8
 2162 0279 3A       		.uleb128 0x3a
ARM GAS  /tmp/cc5hbNSm.s 			page 39


 2163 027a 0B       		.uleb128 0xb
 2164 027b 3B       		.uleb128 0x3b
 2165 027c 05       		.uleb128 0x5
 2166 027d 49       		.uleb128 0x49
 2167 027e 13       		.uleb128 0x13
 2168 027f 3F       		.uleb128 0x3f
 2169 0280 19       		.uleb128 0x19
 2170 0281 3C       		.uleb128 0x3c
 2171 0282 19       		.uleb128 0x19
 2172 0283 00       		.byte	0
 2173 0284 00       		.byte	0
 2174 0285 00       		.byte	0
 2175              		.section	.debug_loc,"",%progbits
 2176              	.Ldebug_loc0:
 2177              	.LLST0:
 2178 0000 0C000000 		.4byte	.LVL3
 2179 0004 3A000000 		.4byte	.LVL5
 2180 0008 0100     		.2byte	0x1
 2181 000a 57       		.byte	0x57
 2182 000b 00000000 		.4byte	0
 2183 000f 00000000 		.4byte	0
 2184              	.LLST1:
 2185 0013 0C000000 		.4byte	.LVL3
 2186 0017 16000000 		.4byte	.LVL4
 2187 001b 0100     		.2byte	0x1
 2188 001d 51       		.byte	0x51
 2189 001e 00000000 		.4byte	0
 2190 0022 00000000 		.4byte	0
 2191              	.LLST2:
 2192 0026 18000000 		.4byte	.LVL6
 2193 002a 23000000 		.4byte	.LVL7-1
 2194 002e 0100     		.2byte	0x1
 2195 0030 50       		.byte	0x50
 2196 0031 23000000 		.4byte	.LVL7-1
 2197 0035 30000000 		.4byte	.LVL9
 2198 0039 0100     		.2byte	0x1
 2199 003b 5D       		.byte	0x5d
 2200 003c 30000000 		.4byte	.LVL9
 2201 0040 32000000 		.4byte	.LVL10
 2202 0044 0300     		.2byte	0x3
 2203 0046 91       		.byte	0x91
 2204 0047 58       		.sleb128 -40
 2205 0048 9F       		.byte	0x9f
 2206 0049 32000000 		.4byte	.LVL10
 2207 004d 38000000 		.4byte	.LFE242
 2208 0051 0300     		.2byte	0x3
 2209 0053 7D       		.byte	0x7d
 2210 0054 58       		.sleb128 -40
 2211 0055 9F       		.byte	0x9f
 2212 0056 00000000 		.4byte	0
 2213 005a 00000000 		.4byte	0
 2214              	.LLST3:
 2215 005e 00000000 		.4byte	.LVL11
 2216 0062 0E000000 		.4byte	.LVL13
 2217 0066 0100     		.2byte	0x1
 2218 0068 51       		.byte	0x51
 2219 0069 0E000000 		.4byte	.LVL13
ARM GAS  /tmp/cc5hbNSm.s 			page 40


 2220 006d 3C000000 		.4byte	.LFE246
 2221 0071 0400     		.2byte	0x4
 2222 0073 F3       		.byte	0xf3
 2223 0074 01       		.uleb128 0x1
 2224 0075 51       		.byte	0x51
 2225 0076 9F       		.byte	0x9f
 2226 0077 00000000 		.4byte	0
 2227 007b 00000000 		.4byte	0
 2228              	.LLST4:
 2229 007f 08000000 		.4byte	.LVL12
 2230 0083 36000000 		.4byte	.LVL14
 2231 0087 0100     		.2byte	0x1
 2232 0089 54       		.byte	0x54
 2233 008a 00000000 		.4byte	0
 2234 008e 00000000 		.4byte	0
 2235              		.section	.debug_aranges,"",%progbits
 2236 0000 3C000000 		.4byte	0x3c
 2237 0004 0200     		.2byte	0x2
 2238 0006 00000000 		.4byte	.Ldebug_info0
 2239 000a 04       		.byte	0x4
 2240 000b 00       		.byte	0
 2241 000c 0000     		.2byte	0
 2242 000e 0000     		.2byte	0
 2243 0010 00000000 		.4byte	.LFB243
 2244 0014 18000000 		.4byte	.LFE243-.LFB243
 2245 0018 00000000 		.4byte	.LFB244
 2246 001c 0C000000 		.4byte	.LFE244-.LFB244
 2247 0020 00000000 		.4byte	.LFB245
 2248 0024 44000000 		.4byte	.LFE245-.LFB245
 2249 0028 00000000 		.4byte	.LFB242
 2250 002c 38000000 		.4byte	.LFE242-.LFB242
 2251 0030 00000000 		.4byte	.LFB246
 2252 0034 3C000000 		.4byte	.LFE246-.LFB246
 2253 0038 00000000 		.4byte	0
 2254 003c 00000000 		.4byte	0
 2255              		.section	.debug_ranges,"",%progbits
 2256              	.Ldebug_ranges0:
 2257 0000 00000000 		.4byte	.LBB16
 2258 0004 02000000 		.4byte	.LBE16
 2259 0008 04000000 		.4byte	.LBB19
 2260 000c 06000000 		.4byte	.LBE19
 2261 0010 00000000 		.4byte	0
 2262 0014 00000000 		.4byte	0
 2263 0018 08000000 		.4byte	.LBB20
 2264 001c 0A000000 		.4byte	.LBE20
 2265 0020 0C000000 		.4byte	.LBB23
 2266 0024 38000000 		.4byte	.LBE23
 2267 0028 00000000 		.4byte	0
 2268 002c 00000000 		.4byte	0
 2269 0030 08000000 		.4byte	.LBB24
 2270 0034 0C000000 		.4byte	.LBE24
 2271 0038 0E000000 		.4byte	.LBB28
 2272 003c 16000000 		.4byte	.LBE28
 2273 0040 18000000 		.4byte	.LBB29
 2274 0044 20000000 		.4byte	.LBE29
 2275 0048 00000000 		.4byte	0
 2276 004c 00000000 		.4byte	0
ARM GAS  /tmp/cc5hbNSm.s 			page 41


 2277 0050 00000000 		.4byte	.LBB30
 2278 0054 02000000 		.4byte	.LBE30
 2279 0058 04000000 		.4byte	.LBB33
 2280 005c 06000000 		.4byte	.LBE33
 2281 0060 00000000 		.4byte	0
 2282 0064 00000000 		.4byte	0
 2283 0068 00000000 		.4byte	.LFB243
 2284 006c 18000000 		.4byte	.LFE243
 2285 0070 00000000 		.4byte	.LFB244
 2286 0074 0C000000 		.4byte	.LFE244
 2287 0078 00000000 		.4byte	.LFB245
 2288 007c 44000000 		.4byte	.LFE245
 2289 0080 00000000 		.4byte	.LFB242
 2290 0084 38000000 		.4byte	.LFE242
 2291 0088 00000000 		.4byte	.LFB246
 2292 008c 3C000000 		.4byte	.LFE246
 2293 0090 00000000 		.4byte	0
 2294 0094 00000000 		.4byte	0
 2295              		.section	.debug_line,"",%progbits
 2296              	.Ldebug_line0:
 2297 0000 0D030000 		.section	.debug_str,"MS",%progbits,1
 2297      02002402 
 2297      00000201 
 2297      FB0E0D00 
 2297      01010101 
 2298              	.LASF51:
 2299 0000 72656164 		.ascii	"ready_list_t\000"
 2299      795F6C69 
 2299      73745F74 
 2299      00
 2300              	.LASF118:
 2301 000d 77747472 		.ascii	"wttrp\000"
 2301      7000
 2302              	.LASF115:
 2303 0013 7264796D 		.ascii	"rdymsg\000"
 2303      736700
 2304              	.LASF16:
 2305 001a 75696E74 		.ascii	"uint64_t\000"
 2305      36345F74 
 2305      00
 2306              	.LASF5:
 2307 0023 5F5F7569 		.ascii	"__uint8_t\000"
 2307      6E74385F 
 2307      7400
 2308              	.LASF107:
 2309 002d 706F7274 		.ascii	"port_intctx\000"
 2309      5F696E74 
 2309      63747800 
 2310              	.LASF50:
 2311 0039 63685F74 		.ascii	"ch_threads_queue\000"
 2311      68726561 
 2311      64735F71 
 2311      75657565 
 2311      00
 2312              	.LASF70:
 2313 004a 73797374 		.ascii	"system_debug_t\000"
 2313      656D5F64 
ARM GAS  /tmp/cc5hbNSm.s 			page 42


 2313      65627567 
 2313      5F7400
 2314              	.LASF111:
 2315 0059 776F7273 		.ascii	"worst\000"
 2315      7400
 2316              	.LASF114:
 2317 005f 74696D65 		.ascii	"time_measurement_t\000"
 2317      5F6D6561 
 2317      73757265 
 2317      6D656E74 
 2317      5F7400
 2318              	.LASF12:
 2319 0072 6C6F6E67 		.ascii	"long long unsigned int\000"
 2319      206C6F6E 
 2319      6720756E 
 2319      7369676E 
 2319      65642069 
 2320              	.LASF116:
 2321 0089 65786974 		.ascii	"exitcode\000"
 2321      636F6465 
 2321      00
 2322              	.LASF77:
 2323 0092 6D61696E 		.ascii	"mainthread\000"
 2323      74687265 
 2323      616400
 2324              	.LASF143:
 2325 009d 746D5F73 		.ascii	"tm_stop\000"
 2325      746F7000 
 2326              	.LASF67:
 2327 00a5 76697274 		.ascii	"virtual_timers_list_t\000"
 2327      75616C5F 
 2327      74696D65 
 2327      72735F6C 
 2327      6973745F 
 2328              	.LASF144:
 2329 00bb 6368544D 		.ascii	"chTMObjectInit\000"
 2329      4F626A65 
 2329      6374496E 
 2329      697400
 2330              	.LASF18:
 2331 00ca 72747469 		.ascii	"rttime_t\000"
 2331      6D655F74 
 2331      00
 2332              	.LASF31:
 2333 00d3 705F7072 		.ascii	"p_prio\000"
 2333      696F00
 2334              	.LASF136:
 2335 00da 746D7031 		.ascii	"tmp1\000"
 2335      00
 2336              	.LASF137:
 2337 00df 746D7032 		.ascii	"tmp2\000"
 2337      00
 2338              	.LASF10:
 2339 00e4 6C6F6E67 		.ascii	"long long int\000"
 2339      206C6F6E 
 2339      6720696E 
 2339      7400
ARM GAS  /tmp/cc5hbNSm.s 			page 43


 2340              	.LASF1:
 2341 00f2 7369676E 		.ascii	"signed char\000"
 2341      65642063 
 2341      68617200 
 2342              	.LASF44:
 2343 00fe 705F6D70 		.ascii	"p_mpool\000"
 2343      6F6F6C00 
 2344              	.LASF82:
 2345 0106 43504943 		.ascii	"CPICNT\000"
 2345      4E5400
 2346              	.LASF127:
 2347 010d 6D5F7175 		.ascii	"m_queue\000"
 2347      65756500 
 2348              	.LASF76:
 2349 0115 76746C69 		.ascii	"vtlist\000"
 2349      737400
 2350              	.LASF132:
 2351 011c 6368544D 		.ascii	"chTMStartMeasurementX\000"
 2351      53746172 
 2351      744D6561 
 2351      73757265 
 2351      6D656E74 
 2352              	.LASF133:
 2353 0132 6368544D 		.ascii	"chTMStopMeasurementX\000"
 2353      53746F70 
 2353      4D656173 
 2353      7572656D 
 2353      656E7458 
 2354              	.LASF7:
 2355 0147 6C6F6E67 		.ascii	"long int\000"
 2355      20696E74 
 2355      00
 2356              	.LASF20:
 2357 0150 74737461 		.ascii	"tstate_t\000"
 2357      74655F74 
 2357      00
 2358              	.LASF84:
 2359 0159 534C4545 		.ascii	"SLEEPCNT\000"
 2359      50434E54 
 2359      00
 2360              	.LASF33:
 2361 0162 705F6E65 		.ascii	"p_newer\000"
 2361      77657200 
 2362              	.LASF124:
 2363 016a 735F7175 		.ascii	"s_queue\000"
 2363      65756500 
 2364              	.LASF56:
 2365 0172 725F6E65 		.ascii	"r_newer\000"
 2365      77657200 
 2366              	.LASF104:
 2367 017a 72656761 		.ascii	"regarm_t\000"
 2367      726D5F74 
 2367      00
 2368              	.LASF63:
 2369 0183 76745F70 		.ascii	"vt_prev\000"
 2369      72657600 
 2370              	.LASF71:
ARM GAS  /tmp/cc5hbNSm.s 			page 44


 2371 018b 63685F73 		.ascii	"ch_system_debug\000"
 2371      79737465 
 2371      6D5F6465 
 2371      62756700 
 2372              	.LASF131:
 2373 019b 6D757465 		.ascii	"mutex_t\000"
 2373      785F7400 
 2374              	.LASF78:
 2375 01a3 69646C65 		.ascii	"idle_thread_wa\000"
 2375      5F746872 
 2375      6561645F 
 2375      776100
 2376              	.LASF25:
 2377 01b2 636E745F 		.ascii	"cnt_t\000"
 2377      7400
 2378              	.LASF0:
 2379 01b8 756E7369 		.ascii	"unsigned int\000"
 2379      676E6564 
 2379      20696E74 
 2379      00
 2380              	.LASF62:
 2381 01c5 76745F6E 		.ascii	"vt_next\000"
 2381      65787400 
 2382              	.LASF97:
 2383 01cd 4D41534B 		.ascii	"MASK2\000"
 2383      3200
 2384              	.LASF101:
 2385 01d3 4D41534B 		.ascii	"MASK3\000"
 2385      3300
 2386              	.LASF120:
 2387 01d9 77747365 		.ascii	"wtsemp\000"
 2387      6D7000
 2388              	.LASF40:
 2389 01e0 705F6D73 		.ascii	"p_msgqueue\000"
 2389      67717565 
 2389      756500
 2390              	.LASF52:
 2391 01eb 63685F72 		.ascii	"ch_ready_list\000"
 2391      65616479 
 2391      5F6C6973 
 2391      7400
 2392              	.LASF125:
 2393 01f9 735F636E 		.ascii	"s_cnt\000"
 2393      7400
 2394              	.LASF110:
 2395 01ff 62657374 		.ascii	"best\000"
 2395      00
 2396              	.LASF4:
 2397 0204 73686F72 		.ascii	"short unsigned int\000"
 2397      7420756E 
 2397      7369676E 
 2397      65642069 
 2397      6E7400
 2398              	.LASF47:
 2399 0217 63685F74 		.ascii	"ch_thread\000"
 2399      68726561 
 2399      6400
ARM GAS  /tmp/cc5hbNSm.s 			page 45


 2400              	.LASF83:
 2401 0221 45584343 		.ascii	"EXCCNT\000"
 2401      4E5400
 2402              	.LASF23:
 2403 0228 6D73675F 		.ascii	"msg_t\000"
 2403      7400
 2404              	.LASF112:
 2405 022e 6C617374 		.ascii	"last\000"
 2405      00
 2406              	.LASF26:
 2407 0233 75636E74 		.ascii	"ucnt_t\000"
 2407      5F7400
 2408              	.LASF73:
 2409 023a 63685F73 		.ascii	"ch_system_t\000"
 2409      79737465 
 2409      6D5F7400 
 2410              	.LASF19:
 2411 0246 746D6F64 		.ascii	"tmode_t\000"
 2411      655F7400 
 2412              	.LASF42:
 2413 024e 705F6D74 		.ascii	"p_mtxlist\000"
 2413      786C6973 
 2413      7400
 2414              	.LASF24:
 2415 0258 6576656E 		.ascii	"eventmask_t\000"
 2415      746D6173 
 2415      6B5F7400 
 2416              	.LASF6:
 2417 0264 5F5F696E 		.ascii	"__int32_t\000"
 2417      7433325F 
 2417      7400
 2418              	.LASF135:
 2419 026e 6368544D 		.ascii	"chTMChainMeasurementToX\000"
 2419      43686169 
 2419      6E4D6561 
 2419      73757265 
 2419      6D656E74 
 2420              	.LASF105:
 2421 0286 73746B61 		.ascii	"stkalign_t\000"
 2421      6C69676E 
 2421      5F7400
 2422              	.LASF81:
 2423 0291 43594343 		.ascii	"CYCCNT\000"
 2423      4E5400
 2424              	.LASF39:
 2425 0298 705F7761 		.ascii	"p_waiting\000"
 2425      6974696E 
 2425      6700
 2426              	.LASF79:
 2427 02a2 73697A65 		.ascii	"sizetype\000"
 2427      74797065 
 2427      00
 2428              	.LASF45:
 2429 02ab 74687265 		.ascii	"thread_reference_t\000"
 2429      61645F72 
 2429      65666572 
 2429      656E6365 
ARM GAS  /tmp/cc5hbNSm.s 			page 46


 2429      5F7400
 2430              	.LASF68:
 2431 02be 63685F76 		.ascii	"ch_virtual_timers_list\000"
 2431      69727475 
 2431      616C5F74 
 2431      696D6572 
 2431      735F6C69 
 2432              	.LASF140:
 2433 02d5 2E2E2F43 		.ascii	"../ChibiOS/os/rt/src/chtm.c\000"
 2433      68696269 
 2433      4F532F6F 
 2433      732F7274 
 2433      2F737263 
 2434              	.LASF53:
 2435 02f1 725F7175 		.ascii	"r_queue\000"
 2435      65756500 
 2436              	.LASF109:
 2437 02f9 746D5F63 		.ascii	"tm_calibration_t\000"
 2437      616C6962 
 2437      72617469 
 2437      6F6E5F74 
 2437      00
 2438              	.LASF69:
 2439 030a 76745F6C 		.ascii	"vt_lasttime\000"
 2439      61737474 
 2439      696D6500 
 2440              	.LASF34:
 2441 0316 705F6F6C 		.ascii	"p_older\000"
 2441      64657200 
 2442              	.LASF55:
 2443 031e 725F6374 		.ascii	"r_ctx\000"
 2443      7800
 2444              	.LASF32:
 2445 0324 705F6374 		.ascii	"p_ctx\000"
 2445      7800
 2446              	.LASF92:
 2447 032a 434F4D50 		.ascii	"COMP1\000"
 2447      3100
 2448              	.LASF96:
 2449 0330 434F4D50 		.ascii	"COMP2\000"
 2449      3200
 2450              	.LASF100:
 2451 0336 434F4D50 		.ascii	"COMP3\000"
 2451      3300
 2452              	.LASF58:
 2453 033c 725F6375 		.ascii	"r_current\000"
 2453      7272656E 
 2453      7400
 2454              	.LASF57:
 2455 0346 725F6F6C 		.ascii	"r_older\000"
 2455      64657200 
 2456              	.LASF11:
 2457 034e 5F5F7569 		.ascii	"__uint64_t\000"
 2457      6E743634 
 2457      5F7400
 2458              	.LASF113:
 2459 0359 63756D75 		.ascii	"cumulative\000"
ARM GAS  /tmp/cc5hbNSm.s 			page 47


 2459      6C617469 
 2459      766500
 2460              	.LASF21:
 2461 0364 74726566 		.ascii	"trefs_t\000"
 2461      735F7400 
 2462              	.LASF91:
 2463 036c 52455345 		.ascii	"RESERVED0\000"
 2463      52564544 
 2463      3000
 2464              	.LASF95:
 2465 0376 52455345 		.ascii	"RESERVED1\000"
 2465      52564544 
 2465      3100
 2466              	.LASF99:
 2467 0380 52455345 		.ascii	"RESERVED2\000"
 2467      52564544 
 2467      3200
 2468              	.LASF60:
 2469 038a 76697274 		.ascii	"virtual_timer_t\000"
 2469      75616C5F 
 2469      74696D65 
 2469      725F7400 
 2470              	.LASF30:
 2471 039a 705F7072 		.ascii	"p_prev\000"
 2471      657600
 2472              	.LASF22:
 2473 03a1 74707269 		.ascii	"tprio_t\000"
 2473      6F5F7400 
 2474              	.LASF87:
 2475 03a9 50435352 		.ascii	"PCSR\000"
 2475      00
 2476              	.LASF89:
 2477 03ae 4D41534B 		.ascii	"MASK0\000"
 2477      3000
 2478              	.LASF93:
 2479 03b4 4D41534B 		.ascii	"MASK1\000"
 2479      3100
 2480              	.LASF14:
 2481 03ba 696E7433 		.ascii	"int32_t\000"
 2481      325F7400 
 2482              	.LASF2:
 2483 03c2 756E7369 		.ascii	"unsigned char\000"
 2483      676E6564 
 2483      20636861 
 2483      7200
 2484              	.LASF138:
 2485 03d0 49544D5F 		.ascii	"ITM_RxBuffer\000"
 2485      52784275 
 2485      66666572 
 2485      00
 2486              	.LASF90:
 2487 03dd 46554E43 		.ascii	"FUNCTION0\000"
 2487      54494F4E 
 2487      3000
 2488              	.LASF94:
 2489 03e7 46554E43 		.ascii	"FUNCTION1\000"
 2489      54494F4E 
ARM GAS  /tmp/cc5hbNSm.s 			page 48


 2489      3100
 2490              	.LASF98:
 2491 03f1 46554E43 		.ascii	"FUNCTION2\000"
 2491      54494F4E 
 2491      3200
 2492              	.LASF102:
 2493 03fb 46554E43 		.ascii	"FUNCTION3\000"
 2493      54494F4E 
 2493      3300
 2494              	.LASF3:
 2495 0405 73686F72 		.ascii	"short int\000"
 2495      7420696E 
 2495      7400
 2496              	.LASF36:
 2497 040f 705F7374 		.ascii	"p_state\000"
 2497      61746500 
 2498              	.LASF54:
 2499 0417 725F7072 		.ascii	"r_prio\000"
 2499      696F00
 2500              	.LASF122:
 2501 041e 65776D61 		.ascii	"ewmask\000"
 2501      736B00
 2502              	.LASF29:
 2503 0425 705F6E65 		.ascii	"p_next\000"
 2503      787400
 2504              	.LASF37:
 2505 042c 705F666C 		.ascii	"p_flags\000"
 2505      61677300 
 2506              	.LASF74:
 2507 0434 63685F73 		.ascii	"ch_system\000"
 2507      79737465 
 2507      6D00
 2508              	.LASF61:
 2509 043e 63685F76 		.ascii	"ch_virtual_timer\000"
 2509      69727475 
 2509      616C5F74 
 2509      696D6572 
 2509      00
 2510              	.LASF123:
 2511 044f 63685F73 		.ascii	"ch_semaphore\000"
 2511      656D6170 
 2511      686F7265 
 2511      00
 2512              	.LASF41:
 2513 045c 705F6570 		.ascii	"p_epending\000"
 2513      656E6469 
 2513      6E6700
 2514              	.LASF85:
 2515 0467 4C535543 		.ascii	"LSUCNT\000"
 2515      4E5400
 2516              	.LASF15:
 2517 046e 75696E74 		.ascii	"uint32_t\000"
 2517      33325F74 
 2517      00
 2518              	.LASF121:
 2519 0477 77746D74 		.ascii	"wtmtxp\000"
 2519      787000
ARM GAS  /tmp/cc5hbNSm.s 			page 49


 2520              	.LASF141:
 2521 047e 2F6E6673 		.ascii	"/nfs/nfs4/home/cojthack/442FinalProject/milestone3\000"
 2521      2F6E6673 
 2521      342F686F 
 2521      6D652F63 
 2521      6F6A7468 
 2522              	.LASF64:
 2523 04b1 76745F64 		.ascii	"vt_delta\000"
 2523      656C7461 
 2523      00
 2524              	.LASF48:
 2525 04ba 63685F74 		.ascii	"ch_threads_list\000"
 2525      68726561 
 2525      64735F6C 
 2525      69737400 
 2526              	.LASF9:
 2527 04ca 6C6F6E67 		.ascii	"long unsigned int\000"
 2527      20756E73 
 2527      69676E65 
 2527      6420696E 
 2527      7400
 2528              	.LASF130:
 2529 04dc 63686172 		.ascii	"char\000"
 2529      00
 2530              	.LASF28:
 2531 04e1 74687265 		.ascii	"thread_t\000"
 2531      61645F74 
 2531      00
 2532              	.LASF142:
 2533 04ea 706F7274 		.ascii	"port_rt_get_counter_value\000"
 2533      5F72745F 
 2533      6765745F 
 2533      636F756E 
 2533      7465725F 
 2534              	.LASF139:
 2535 0504 474E5520 		.ascii	"GNU C 4.8.4 20140526 (release) [ARM/embedded-4_8-br"
 2535      4320342E 
 2535      382E3420 
 2535      32303134 
 2535      30353236 
 2536 0537 616E6368 		.ascii	"anch revision 211358] -mcpu=cortex-m4 -mno-thumb-in"
 2536      20726576 
 2536      6973696F 
 2536      6E203231 
 2536      31333538 
 2537 056a 74657277 		.ascii	"terwork -mthumb -ggdb -O2 -fomit-frame-pointer -fal"
 2537      6F726B20 
 2537      2D6D7468 
 2537      756D6220 
 2537      2D676764 
 2538 059d 69676E2D 		.ascii	"ign-functions=16 -ffunction-sections -fdata-section"
 2538      66756E63 
 2538      74696F6E 
 2538      733D3136 
 2538      202D6666 
 2539 05d0 73202D66 		.ascii	"s -fno-common\000"
 2539      6E6F2D63 
ARM GAS  /tmp/cc5hbNSm.s 			page 50


 2539      6F6D6D6F 
 2539      6E00
 2540              	.LASF129:
 2541 05de 6D5F6E65 		.ascii	"m_next\000"
 2541      787400
 2542              	.LASF27:
 2543 05e5 73797374 		.ascii	"systime_t\000"
 2543      696D655F 
 2543      7400
 2544              	.LASF43:
 2545 05ef 705F7265 		.ascii	"p_realprio\000"
 2545      616C7072 
 2545      696F00
 2546              	.LASF59:
 2547 05fa 76746675 		.ascii	"vtfunc_t\000"
 2547      6E635F74 
 2547      00
 2548              	.LASF8:
 2549 0603 5F5F7569 		.ascii	"__uint32_t\000"
 2549      6E743332 
 2549      5F7400
 2550              	.LASF72:
 2551 060e 70616E69 		.ascii	"panic_msg\000"
 2551      635F6D73 
 2551      6700
 2552              	.LASF108:
 2553 0618 6F666673 		.ascii	"offset\000"
 2553      657400
 2554              	.LASF106:
 2555 061f 636F6E74 		.ascii	"context\000"
 2555      65787400 
 2556              	.LASF103:
 2557 0627 4457545F 		.ascii	"DWT_Type\000"
 2557      54797065 
 2557      00
 2558              	.LASF17:
 2559 0630 7274636E 		.ascii	"rtcnt_t\000"
 2559      745F7400 
 2560              	.LASF80:
 2561 0638 4354524C 		.ascii	"CTRL\000"
 2561      00
 2562              	.LASF66:
 2563 063d 76745F70 		.ascii	"vt_par\000"
 2563      617200
 2564              	.LASF88:
 2565 0644 434F4D50 		.ascii	"COMP0\000"
 2565      3000
 2566              	.LASF49:
 2567 064a 74687265 		.ascii	"threads_queue_t\000"
 2567      6164735F 
 2567      71756575 
 2567      655F7400 
 2568              	.LASF126:
 2569 065a 63685F6D 		.ascii	"ch_mutex\000"
 2569      75746578 
 2569      00
 2570              	.LASF38:
ARM GAS  /tmp/cc5hbNSm.s 			page 51


 2571 0663 705F7265 		.ascii	"p_refs\000"
 2571      667300
 2572              	.LASF75:
 2573 066a 726C6973 		.ascii	"rlist\000"
 2573      7400
 2574              	.LASF13:
 2575 0670 75696E74 		.ascii	"uint8_t\000"
 2575      385F7400 
 2576              	.LASF86:
 2577 0678 464F4C44 		.ascii	"FOLDCNT\000"
 2577      434E5400 
 2578              	.LASF117:
 2579 0680 77746F62 		.ascii	"wtobjp\000"
 2579      6A7000
 2580              	.LASF35:
 2581 0687 705F6E61 		.ascii	"p_name\000"
 2581      6D6500
 2582              	.LASF46:
 2583 068e 74687265 		.ascii	"threads_list_t\000"
 2583      6164735F 
 2583      6C697374 
 2583      5F7400
 2584              	.LASF119:
 2585 069d 73656E74 		.ascii	"sentmsg\000"
 2585      6D736700 
 2586              	.LASF128:
 2587 06a5 6D5F6F77 		.ascii	"m_owner\000"
 2587      6E657200 
 2588              	.LASF65:
 2589 06ad 76745F66 		.ascii	"vt_func\000"
 2589      756E6300 
 2590              	.LASF134:
 2591 06b5 5F746D5F 		.ascii	"_tm_init\000"
 2591      696E6974 
 2591      00
 2592              		.ident	"GCC: (GNU Tools for ARM Embedded Processors) 4.8.4 20140526 (release) [ARM/embedded-4_8-br
ARM GAS  /tmp/cc5hbNSm.s 			page 52


DEFINED SYMBOLS
                            *ABS*:00000000 chtm.c
     /tmp/cc5hbNSm.s:19     .text.chTMObjectInit:00000000 $t
     /tmp/cc5hbNSm.s:25     .text.chTMObjectInit:00000000 chTMObjectInit
     /tmp/cc5hbNSm.s:51     .text.chTMStartMeasurementX:00000000 $t
     /tmp/cc5hbNSm.s:57     .text.chTMStartMeasurementX:00000000 chTMStartMeasurementX
     /tmp/cc5hbNSm.s:79     .text.chTMStartMeasurementX:00000008 $d
     /tmp/cc5hbNSm.s:84     .text.chTMStopMeasurementX:00000000 $t
     /tmp/cc5hbNSm.s:90     .text.chTMStopMeasurementX:00000000 chTMStopMeasurementX
     /tmp/cc5hbNSm.s:171    .text.chTMStopMeasurementX:0000003c $d
     /tmp/cc5hbNSm.s:177    .text._tm_init:00000000 $t
     /tmp/cc5hbNSm.s:183    .text._tm_init:00000000 _tm_init
     /tmp/cc5hbNSm.s:252    .text._tm_init:00000034 $d
     /tmp/cc5hbNSm.s:257    .text.chTMChainMeasurementToX:00000000 $t
     /tmp/cc5hbNSm.s:263    .text.chTMChainMeasurementToX:00000000 chTMChainMeasurementToX
     /tmp/cc5hbNSm.s:336    .text.chTMChainMeasurementToX:00000038 $d
                     .debug_frame:00000010 $d
     /tmp/cc5hbNSm.s:83     .text.chTMStartMeasurementX:0000000c $t
     /tmp/cc5hbNSm.s:176    .text.chTMStopMeasurementX:00000044 $t
     /tmp/cc5hbNSm.s:256    .text._tm_init:00000038 $t
     /tmp/cc5hbNSm.s:340    .text.chTMChainMeasurementToX:0000003c $t

UNDEFINED SYMBOLS
ch
