ARM GAS  /tmp/ccKFnoS1.s 			page 1


   1              		.syntax unified
   2              		.cpu cortex-m4
   3              		.fpu softvfp
   4              		.eabi_attribute 20, 1
   5              		.eabi_attribute 21, 1
   6              		.eabi_attribute 23, 3
   7              		.eabi_attribute 24, 1
   8              		.eabi_attribute 25, 1
   9              		.eabi_attribute 26, 1
  10              		.eabi_attribute 30, 2
  11              		.eabi_attribute 34, 1
  12              		.eabi_attribute 18, 4
  13              		.thumb
  14              		.file	"memstreams.c"
  15              		.text
  16              	.Ltext0:
  17              		.cfi_sections	.debug_frame
  18              		.section	.text.put,"ax",%progbits
  19              		.align	2
  20              		.p2align 4,,15
  21              		.thumb
  22              		.thumb_func
  23              		.type	put, %function
  24              	put:
  25              	.LFB274:
  26              		.file 1 "../ChibiOS/os/hal/lib/streams/memstreams.c"
  27              		.loc 1 66 0
  28              		.cfi_startproc
  29              		@ args = 0, pretend = 0, frame = 0
  30              		@ frame_needed = 0, uses_anonymous_args = 0
  31              		@ link register save eliminated.
  32              	.LVL0:
  33              		.loc 1 69 0
  34 0000 C368     		ldr	r3, [r0, #12]
  35 0002 8268     		ldr	r2, [r0, #8]
  36 0004 9A42     		cmp	r2, r3
  37 0006 06D0     		beq	.L3
  38              		.loc 1 71 0
  39 0008 4268     		ldr	r2, [r0, #4]
  40 000a D154     		strb	r1, [r2, r3]
  41              		.loc 1 72 0
  42 000c C368     		ldr	r3, [r0, #12]
  43 000e 0133     		adds	r3, r3, #1
  44 0010 C360     		str	r3, [r0, #12]
  45              		.loc 1 73 0
  46 0012 0020     		movs	r0, #0
  47              	.LVL1:
  48 0014 7047     		bx	lr
  49              	.LVL2:
  50              	.L3:
  51              		.loc 1 70 0
  52 0016 6FF00100 		mvn	r0, #1
  53              	.LVL3:
  54              		.loc 1 74 0
  55 001a 7047     		bx	lr
  56              		.cfi_endproc
  57              	.LFE274:
ARM GAS  /tmp/ccKFnoS1.s 			page 2


  58              		.size	put, .-put
  59 001c AFF30080 		.section	.text.get,"ax",%progbits
  60              		.align	2
  61              		.p2align 4,,15
  62              		.thumb
  63              		.thumb_func
  64              		.type	get, %function
  65              	get:
  66              	.LFB275:
  67              		.loc 1 76 0
  68              		.cfi_startproc
  69              		@ args = 0, pretend = 0, frame = 0
  70              		@ frame_needed = 0, uses_anonymous_args = 0
  71              		@ link register save eliminated.
  72              	.LVL4:
  73              		.loc 1 80 0
  74 0000 0269     		ldr	r2, [r0, #16]
  75 0002 C168     		ldr	r1, [r0, #12]
  76 0004 9142     		cmp	r1, r2
  77              		.loc 1 76 0
  78 0006 0346     		mov	r3, r0
  79              	.LVL5:
  80              		.loc 1 80 0
  81 0008 04D0     		beq	.L7
  82              		.loc 1 82 0
  83 000a 4168     		ldr	r1, [r0, #4]
  84 000c 885C     		ldrb	r0, [r1, r2]	@ zero_extendqisi2
  85              	.LVL6:
  86              		.loc 1 83 0
  87 000e 0132     		adds	r2, r2, #1
  88              	.LVL7:
  89 0010 1A61     		str	r2, [r3, #16]
  90              	.LVL8:
  91              		.loc 1 84 0
  92 0012 7047     		bx	lr
  93              	.LVL9:
  94              	.L7:
  95              		.loc 1 81 0
  96 0014 6FF00100 		mvn	r0, #1
  97              	.LVL10:
  98              		.loc 1 85 0
  99 0018 7047     		bx	lr
 100              		.cfi_endproc
 101              	.LFE275:
 102              		.size	get, .-get
 103 001a 00BFAFF3 		.section	.text.reads,"ax",%progbits
 103      0080
 104              		.align	2
 105              		.p2align 4,,15
 106              		.thumb
 107              		.thumb_func
 108              		.type	reads, %function
 109              	reads:
 110              	.LFB273:
 111              		.loc 1 56 0
 112              		.cfi_startproc
 113              		@ args = 0, pretend = 0, frame = 0
ARM GAS  /tmp/ccKFnoS1.s 			page 3


 114              		@ frame_needed = 0, uses_anonymous_args = 0
 115              	.LVL11:
 116 0000 38B5     		push	{r3, r4, r5, lr}
 117              		.cfi_def_cfa_offset 16
 118              		.cfi_offset 3, -16
 119              		.cfi_offset 4, -12
 120              		.cfi_offset 5, -8
 121              		.cfi_offset 14, -4
 122              		.loc 1 56 0
 123 0002 0446     		mov	r4, r0
 124              	.LVL12:
 125              		.loc 1 61 0
 126 0004 0846     		mov	r0, r1
 127              	.LVL13:
 128              		.loc 1 59 0
 129 0006 2369     		ldr	r3, [r4, #16]
 130 0008 E568     		ldr	r5, [r4, #12]
 131              		.loc 1 61 0
 132 000a 6168     		ldr	r1, [r4, #4]
 133              	.LVL14:
 134              		.loc 1 59 0
 135 000c ED1A     		subs	r5, r5, r3
 136 000e AA42     		cmp	r2, r5
 137 0010 38BF     		it	cc
 138 0012 1546     		movcc	r5, r2
 139              	.LVL15:
 140              		.loc 1 61 0
 141 0014 1944     		add	r1, r1, r3
 142 0016 2A46     		mov	r2, r5
 143 0018 FFF7FEFF 		bl	memcpy
 144              	.LVL16:
 145              		.loc 1 62 0
 146 001c 2369     		ldr	r3, [r4, #16]
 147 001e 2B44     		add	r3, r3, r5
 148 0020 2361     		str	r3, [r4, #16]
 149              		.loc 1 64 0
 150 0022 2846     		mov	r0, r5
 151 0024 38BD     		pop	{r3, r4, r5, pc}
 152              		.cfi_endproc
 153              	.LFE273:
 154              		.size	reads, .-reads
 155 0026 00BFAFF3 		.section	.text.writes,"ax",%progbits
 155      0080AFF3 
 155      0080
 156              		.align	2
 157              		.p2align 4,,15
 158              		.thumb
 159              		.thumb_func
 160              		.type	writes, %function
 161              	writes:
 162              	.LFB272:
 163              		.loc 1 46 0
 164              		.cfi_startproc
 165              		@ args = 0, pretend = 0, frame = 0
 166              		@ frame_needed = 0, uses_anonymous_args = 0
 167              	.LVL17:
 168 0000 38B5     		push	{r3, r4, r5, lr}
ARM GAS  /tmp/ccKFnoS1.s 			page 4


 169              		.cfi_def_cfa_offset 16
 170              		.cfi_offset 3, -16
 171              		.cfi_offset 4, -12
 172              		.cfi_offset 5, -8
 173              		.cfi_offset 14, -4
 174              		.loc 1 49 0
 175 0002 C368     		ldr	r3, [r0, #12]
 176 0004 8568     		ldr	r5, [r0, #8]
 177              		.loc 1 46 0
 178 0006 0446     		mov	r4, r0
 179              	.LVL18:
 180              		.loc 1 49 0
 181 0008 ED1A     		subs	r5, r5, r3
 182              		.loc 1 51 0
 183 000a 4068     		ldr	r0, [r0, #4]
 184              	.LVL19:
 185 000c AA42     		cmp	r2, r5
 186 000e 38BF     		it	cc
 187 0010 1546     		movcc	r5, r2
 188              	.LVL20:
 189 0012 1844     		add	r0, r0, r3
 190 0014 2A46     		mov	r2, r5
 191 0016 FFF7FEFF 		bl	memcpy
 192              	.LVL21:
 193              		.loc 1 52 0
 194 001a E368     		ldr	r3, [r4, #12]
 195 001c 2B44     		add	r3, r3, r5
 196 001e E360     		str	r3, [r4, #12]
 197              		.loc 1 54 0
 198 0020 2846     		mov	r0, r5
 199 0022 38BD     		pop	{r3, r4, r5, pc}
 200              		.cfi_endproc
 201              	.LFE272:
 202              		.size	writes, .-writes
 203 0024 AFF30080 		.section	.text.msObjectInit,"ax",%progbits
 203      AFF30080 
 203      AFF30080 
 204              		.align	2
 205              		.p2align 4,,15
 206              		.global	msObjectInit
 207              		.thumb
 208              		.thumb_func
 209              		.type	msObjectInit, %function
 210              	msObjectInit:
 211              	.LFB276:
 212              		.loc 1 104 0
 213              		.cfi_startproc
 214              		@ args = 0, pretend = 0, frame = 0
 215              		@ frame_needed = 0, uses_anonymous_args = 0
 216              		@ link register save eliminated.
 217              	.LVL22:
 218 0000 10B4     		push	{r4}
 219              		.cfi_def_cfa_offset 4
 220              		.cfi_offset 4, -4
 221              		.loc 1 107 0
 222 0002 4160     		str	r1, [r0, #4]
 223              		.loc 1 106 0
ARM GAS  /tmp/ccKFnoS1.s 			page 5


 224 0004 044C     		ldr	r4, .L11
 225 0006 0460     		str	r4, [r0]
 226              		.loc 1 110 0
 227 0008 0021     		movs	r1, #0
 228              	.LVL23:
 229              		.loc 1 108 0
 230 000a 8260     		str	r2, [r0, #8]
 231              		.loc 1 109 0
 232 000c C360     		str	r3, [r0, #12]
 233              		.loc 1 110 0
 234 000e 0161     		str	r1, [r0, #16]
 235              		.loc 1 111 0
 236 0010 5DF8044B 		ldr	r4, [sp], #4
 237 0014 7047     		bx	lr
 238              	.L12:
 239 0016 00BF     		.align	2
 240              	.L11:
 241 0018 00000000 		.word	.LANCHOR0
 242              		.cfi_endproc
 243              	.LFE276:
 244              		.size	msObjectInit, .-msObjectInit
 245 001c AFF30080 		.section	.rodata.vmt,"a",%progbits
 246              		.align	2
 247              		.set	.LANCHOR0,. + 0
 248              		.type	vmt, %object
 249              		.size	vmt, 16
 250              	vmt:
 251 0000 00000000 		.word	writes
 252 0004 00000000 		.word	reads
 253 0008 00000000 		.word	put
 254 000c 00000000 		.word	get
 255              		.text
 256              	.Letext0:
 257              		.file 2 "/nfs/nfs5/home/research/hardware/arm2/gcc-arm-embedded/gcc-arm-none-eabi-4_8-2014q2/lib/g
 258              		.file 3 "/nfs/nfs5/home/research/hardware/arm2/gcc-arm-embedded/gcc-arm-none-eabi-4_8-2014q2/arm-n
 259              		.file 4 "/nfs/nfs5/home/research/hardware/arm2/gcc-arm-embedded/gcc-arm-none-eabi-4_8-2014q2/arm-n
 260              		.file 5 "../ChibiOS/os/rt/ports/ARMCMx/compilers/GCC/chtypes.h"
 261              		.file 6 "../ChibiOS/os/rt/include/chsystypes.h"
 262              		.file 7 "../ChibiOS/os/rt/include/chschd.h"
 263              		.file 8 "../ChibiOS/os/rt/ports/ARMCMx/chcore.h"
 264              		.file 9 "../ChibiOS/os/rt/ports/ARMCMx/chcore_v7m.h"
 265              		.file 10 "../ChibiOS/os/rt/include/chtm.h"
 266              		.file 11 "../ChibiOS/os/rt/include/chsem.h"
 267              		.file 12 "../ChibiOS/os/rt/include/chmtx.h"
 268              		.file 13 "../ChibiOS/os/hal/lib/streams/memstreams.h"
 269              		.file 14 "../ChibiOS/os/ext/CMSIS/include/core_cm4.h"
 270              		.section	.debug_info,"",%progbits
 271              	.Ldebug_info0:
 272 0000 35090000 		.4byte	0x935
 273 0004 0400     		.2byte	0x4
 274 0006 00000000 		.4byte	.Ldebug_abbrev0
 275 000a 04       		.byte	0x4
 276 000b 01       		.uleb128 0x1
 277 000c 20040000 		.4byte	.LASF112
 278 0010 01       		.byte	0x1
 279 0011 D2020000 		.4byte	.LASF113
 280 0015 AF030000 		.4byte	.LASF114
ARM GAS  /tmp/ccKFnoS1.s 			page 6


 281 0019 00000000 		.4byte	.Ldebug_ranges0+0
 282 001d 00000000 		.4byte	0
 283 0021 00000000 		.4byte	.Ldebug_line0
 284 0025 02       		.uleb128 0x2
 285 0026 04       		.byte	0x4
 286 0027 05       		.byte	0x5
 287 0028 696E7400 		.ascii	"int\000"
 288 002c 03       		.uleb128 0x3
 289 002d 15000000 		.4byte	.LASF2
 290 0031 02       		.byte	0x2
 291 0032 D4       		.byte	0xd4
 292 0033 37000000 		.4byte	0x37
 293 0037 04       		.uleb128 0x4
 294 0038 04       		.byte	0x4
 295 0039 07       		.byte	0x7
 296 003a 6C010000 		.4byte	.LASF0
 297 003e 04       		.uleb128 0x4
 298 003f 01       		.byte	0x1
 299 0040 06       		.byte	0x6
 300 0041 D3000000 		.4byte	.LASF1
 301 0045 03       		.uleb128 0x3
 302 0046 2C000000 		.4byte	.LASF3
 303 004a 03       		.byte	0x3
 304 004b 1C       		.byte	0x1c
 305 004c 50000000 		.4byte	0x50
 306 0050 04       		.uleb128 0x4
 307 0051 01       		.byte	0x1
 308 0052 08       		.byte	0x8
 309 0053 28030000 		.4byte	.LASF4
 310 0057 04       		.uleb128 0x4
 311 0058 02       		.byte	0x2
 312 0059 05       		.byte	0x5
 313 005a 48030000 		.4byte	.LASF5
 314 005e 04       		.uleb128 0x4
 315 005f 02       		.byte	0x2
 316 0060 07       		.byte	0x7
 317 0061 99010000 		.4byte	.LASF6
 318 0065 03       		.uleb128 0x3
 319 0066 F1010000 		.4byte	.LASF7
 320 006a 03       		.byte	0x3
 321 006b 37       		.byte	0x37
 322 006c 70000000 		.4byte	0x70
 323 0070 04       		.uleb128 0x4
 324 0071 04       		.byte	0x4
 325 0072 05       		.byte	0x5
 326 0073 06010000 		.4byte	.LASF8
 327 0077 03       		.uleb128 0x3
 328 0078 1F050000 		.4byte	.LASF9
 329 007c 03       		.byte	0x3
 330 007d 38       		.byte	0x38
 331 007e 82000000 		.4byte	0x82
 332 0082 04       		.uleb128 0x4
 333 0083 04       		.byte	0x4
 334 0084 07       		.byte	0x7
 335 0085 FB030000 		.4byte	.LASF10
 336 0089 04       		.uleb128 0x4
 337 008a 08       		.byte	0x8
ARM GAS  /tmp/ccKFnoS1.s 			page 7


 338 008b 05       		.byte	0x5
 339 008c C5000000 		.4byte	.LASF11
 340 0090 03       		.uleb128 0x3
 341 0091 A8020000 		.4byte	.LASF12
 342 0095 03       		.byte	0x3
 343 0096 4E       		.byte	0x4e
 344 0097 9B000000 		.4byte	0x9b
 345 009b 04       		.uleb128 0x4
 346 009c 08       		.byte	0x8
 347 009d 07       		.byte	0x7
 348 009e 51000000 		.4byte	.LASF13
 349 00a2 04       		.uleb128 0x4
 350 00a3 04       		.byte	0x4
 351 00a4 07       		.byte	0x7
 352 00a5 23020000 		.4byte	.LASF14
 353 00a9 05       		.uleb128 0x5
 354 00aa 04       		.byte	0x4
 355 00ab 04       		.uleb128 0x4
 356 00ac 01       		.byte	0x1
 357 00ad 08       		.byte	0x8
 358 00ae 12040000 		.4byte	.LASF15
 359 00b2 06       		.uleb128 0x6
 360 00b3 04       		.byte	0x4
 361 00b4 B8000000 		.4byte	0xb8
 362 00b8 07       		.uleb128 0x7
 363 00b9 AB000000 		.4byte	0xab
 364 00bd 03       		.uleb128 0x3
 365 00be 78050000 		.4byte	.LASF16
 366 00c2 04       		.byte	0x4
 367 00c3 2A       		.byte	0x2a
 368 00c4 45000000 		.4byte	0x45
 369 00c8 03       		.uleb128 0x3
 370 00c9 20030000 		.4byte	.LASF17
 371 00cd 04       		.byte	0x4
 372 00ce 41       		.byte	0x41
 373 00cf 65000000 		.4byte	0x65
 374 00d3 03       		.uleb128 0x3
 375 00d4 9F030000 		.4byte	.LASF18
 376 00d8 04       		.byte	0x4
 377 00d9 42       		.byte	0x42
 378 00da 77000000 		.4byte	0x77
 379 00de 03       		.uleb128 0x3
 380 00df 23000000 		.4byte	.LASF19
 381 00e3 04       		.byte	0x4
 382 00e4 4E       		.byte	0x4e
 383 00e5 90000000 		.4byte	0x90
 384 00e9 03       		.uleb128 0x3
 385 00ea 43050000 		.4byte	.LASF20
 386 00ee 05       		.byte	0x5
 387 00ef 39       		.byte	0x39
 388 00f0 D3000000 		.4byte	0xd3
 389 00f4 03       		.uleb128 0x3
 390 00f5 CF010000 		.4byte	.LASF21
 391 00f9 05       		.byte	0x5
 392 00fa 3C       		.byte	0x3c
 393 00fb BD000000 		.4byte	0xbd
 394 00ff 03       		.uleb128 0x3
ARM GAS  /tmp/ccKFnoS1.s 			page 8


 395 0100 0F010000 		.4byte	.LASF22
 396 0104 05       		.byte	0x5
 397 0105 3D       		.byte	0x3d
 398 0106 BD000000 		.4byte	0xbd
 399 010a 03       		.uleb128 0x3
 400 010b 00000000 		.4byte	.LASF23
 401 010f 05       		.byte	0x5
 402 0110 3E       		.byte	0x3e
 403 0111 BD000000 		.4byte	0xbd
 404 0115 03       		.uleb128 0x3
 405 0116 CA020000 		.4byte	.LASF24
 406 011a 05       		.byte	0x5
 407 011b 40       		.byte	0x40
 408 011c D3000000 		.4byte	0xd3
 409 0120 03       		.uleb128 0x3
 410 0121 B6010000 		.4byte	.LASF25
 411 0125 05       		.byte	0x5
 412 0126 41       		.byte	0x41
 413 0127 C8000000 		.4byte	0xc8
 414 012b 03       		.uleb128 0x3
 415 012c E5010000 		.4byte	.LASF26
 416 0130 05       		.byte	0x5
 417 0131 43       		.byte	0x43
 418 0132 D3000000 		.4byte	0xd3
 419 0136 03       		.uleb128 0x3
 420 0137 66010000 		.4byte	.LASF27
 421 013b 05       		.byte	0x5
 422 013c 45       		.byte	0x45
 423 013d C8000000 		.4byte	0xc8
 424 0141 03       		.uleb128 0x3
 425 0142 01050000 		.4byte	.LASF28
 426 0146 06       		.byte	0x6
 427 0147 33       		.byte	0x33
 428 0148 D3000000 		.4byte	0xd3
 429 014c 03       		.uleb128 0x3
 430 014d 17040000 		.4byte	.LASF29
 431 0151 06       		.byte	0x6
 432 0152 3F       		.byte	0x3f
 433 0153 57010000 		.4byte	0x157
 434 0157 08       		.uleb128 0x8
 435 0158 AC010000 		.4byte	.LASF48
 436 015c 40       		.byte	0x40
 437 015d 07       		.byte	0x7
 438 015e C2       		.byte	0xc2
 439 015f 37020000 		.4byte	0x237
 440 0163 09       		.uleb128 0x9
 441 0164 60030000 		.4byte	.LASF30
 442 0168 07       		.byte	0x7
 443 0169 C3       		.byte	0xc3
 444 016a 42020000 		.4byte	0x242
 445 016e 00       		.byte	0
 446 016f 09       		.uleb128 0x9
 447 0170 C3020000 		.4byte	.LASF31
 448 0174 07       		.byte	0x7
 449 0175 C5       		.byte	0xc5
 450 0176 42020000 		.4byte	0x242
 451 017a 04       		.byte	0x4
ARM GAS  /tmp/ccKFnoS1.s 			page 9


 452 017b 09       		.uleb128 0x9
 453 017c B8000000 		.4byte	.LASF32
 454 0180 07       		.byte	0x7
 455 0181 C7       		.byte	0xc7
 456 0182 15010000 		.4byte	0x115
 457 0186 08       		.byte	0x8
 458 0187 09       		.uleb128 0x9
 459 0188 A3050000 		.4byte	.LASF33
 460 018c 07       		.byte	0x7
 461 018d C8       		.byte	0xc8
 462 018e 69040000 		.4byte	0x469
 463 0192 0C       		.byte	0xc
 464 0193 09       		.uleb128 0x9
 465 0194 26010000 		.4byte	.LASF34
 466 0198 07       		.byte	0x7
 467 0199 CA       		.byte	0xca
 468 019a 42020000 		.4byte	0x242
 469 019e 10       		.byte	0x10
 470 019f 09       		.uleb128 0x9
 471 01a0 6A020000 		.4byte	.LASF35
 472 01a4 07       		.byte	0x7
 473 01a5 CB       		.byte	0xcb
 474 01a6 42020000 		.4byte	0x242
 475 01aa 14       		.byte	0x14
 476 01ab 09       		.uleb128 0x9
 477 01ac 6F030000 		.4byte	.LASF36
 478 01b0 07       		.byte	0x7
 479 01b1 D2       		.byte	0xd2
 480 01b2 B2000000 		.4byte	0xb2
 481 01b6 18       		.byte	0x18
 482 01b7 09       		.uleb128 0x9
 483 01b8 36030000 		.4byte	.LASF37
 484 01bc 07       		.byte	0x7
 485 01bd DD       		.byte	0xdd
 486 01be FF000000 		.4byte	0xff
 487 01c2 1C       		.byte	0x1c
 488 01c3 09       		.uleb128 0x9
 489 01c4 67030000 		.4byte	.LASF38
 490 01c8 07       		.byte	0x7
 491 01c9 E1       		.byte	0xe1
 492 01ca F4000000 		.4byte	0xf4
 493 01ce 1D       		.byte	0x1d
 494 01cf 09       		.uleb128 0x9
 495 01d0 6B050000 		.4byte	.LASF39
 496 01d4 07       		.byte	0x7
 497 01d5 E6       		.byte	0xe6
 498 01d6 0A010000 		.4byte	0x10a
 499 01da 1E       		.byte	0x1e
 500 01db 0A       		.uleb128 0xa
 501 01dc 705F7500 		.ascii	"p_u\000"
 502 01e0 07       		.byte	0x7
 503 01e1 3701     		.2byte	0x137
 504 01e3 23050000 		.4byte	0x523
 505 01e7 20       		.byte	0x20
 506 01e8 0B       		.uleb128 0xb
 507 01e9 19020000 		.4byte	.LASF40
 508 01ed 07       		.byte	0x7
ARM GAS  /tmp/ccKFnoS1.s 			page 10


 509 01ee 3C01     		.2byte	0x13c
 510 01f0 48020000 		.4byte	0x248
 511 01f4 24       		.byte	0x24
 512 01f5 0B       		.uleb128 0xb
 513 01f6 88010000 		.4byte	.LASF41
 514 01fa 07       		.byte	0x7
 515 01fb 4201     		.2byte	0x142
 516 01fd 6C020000 		.4byte	0x26c
 517 0201 28       		.byte	0x28
 518 0202 0B       		.uleb128 0xb
 519 0203 94030000 		.4byte	.LASF42
 520 0207 07       		.byte	0x7
 521 0208 4801     		.2byte	0x148
 522 020a 2B010000 		.4byte	0x12b
 523 020e 30       		.byte	0x30
 524 020f 0B       		.uleb128 0xb
 525 0210 3E030000 		.4byte	.LASF43
 526 0214 07       		.byte	0x7
 527 0215 4F01     		.2byte	0x14f
 528 0217 EE050000 		.4byte	0x5ee
 529 021b 34       		.byte	0x34
 530 021c 0B       		.uleb128 0xb
 531 021d 0B050000 		.4byte	.LASF44
 532 0221 07       		.byte	0x7
 533 0222 5301     		.2byte	0x153
 534 0224 15010000 		.4byte	0x115
 535 0228 38       		.byte	0x38
 536 0229 0B       		.uleb128 0xb
 537 022a DF000000 		.4byte	.LASF45
 538 022e 07       		.byte	0x7
 539 022f 5A01     		.2byte	0x15a
 540 0231 A9000000 		.4byte	0xa9
 541 0235 3C       		.byte	0x3c
 542 0236 00       		.byte	0
 543 0237 03       		.uleb128 0x3
 544 0238 2C020000 		.4byte	.LASF46
 545 023c 06       		.byte	0x6
 546 023d 44       		.byte	0x44
 547 023e 42020000 		.4byte	0x242
 548 0242 06       		.uleb128 0x6
 549 0243 04       		.byte	0x4
 550 0244 4C010000 		.4byte	0x14c
 551 0248 03       		.uleb128 0x3
 552 0249 8C050000 		.4byte	.LASF47
 553 024d 06       		.byte	0x6
 554 024e 49       		.byte	0x49
 555 024f 53020000 		.4byte	0x253
 556 0253 08       		.uleb128 0x8
 557 0254 EB030000 		.4byte	.LASF49
 558 0258 04       		.byte	0x4
 559 0259 07       		.byte	0x7
 560 025a B0       		.byte	0xb0
 561 025b 6C020000 		.4byte	0x26c
 562 025f 09       		.uleb128 0x9
 563 0260 60030000 		.4byte	.LASF30
 564 0264 07       		.byte	0x7
 565 0265 B1       		.byte	0xb1
ARM GAS  /tmp/ccKFnoS1.s 			page 11


 566 0266 42020000 		.4byte	0x242
 567 026a 00       		.byte	0
 568 026b 00       		.byte	0
 569 026c 03       		.uleb128 0x3
 570 026d 52050000 		.4byte	.LASF50
 571 0271 06       		.byte	0x6
 572 0272 50       		.byte	0x50
 573 0273 77020000 		.4byte	0x277
 574 0277 08       		.uleb128 0x8
 575 0278 A7000000 		.4byte	.LASF51
 576 027c 08       		.byte	0x8
 577 027d 07       		.byte	0x7
 578 027e B7       		.byte	0xb7
 579 027f 9C020000 		.4byte	0x29c
 580 0283 09       		.uleb128 0x9
 581 0284 60030000 		.4byte	.LASF30
 582 0288 07       		.byte	0x7
 583 0289 B8       		.byte	0xb8
 584 028a 42020000 		.4byte	0x242
 585 028e 00       		.byte	0
 586 028f 09       		.uleb128 0x9
 587 0290 C3020000 		.4byte	.LASF31
 588 0294 07       		.byte	0x7
 589 0295 B9       		.byte	0xb9
 590 0296 42020000 		.4byte	0x242
 591 029a 04       		.byte	0x4
 592 029b 00       		.byte	0
 593 029c 03       		.uleb128 0x3
 594 029d 08000000 		.4byte	.LASF52
 595 02a1 06       		.byte	0x6
 596 02a2 57       		.byte	0x57
 597 02a3 A7020000 		.4byte	0x2a7
 598 02a7 0C       		.uleb128 0xc
 599 02a8 D7010000 		.4byte	.LASF53
 600 02ac 1C       		.byte	0x1c
 601 02ad 07       		.byte	0x7
 602 02ae 9201     		.2byte	0x192
 603 02b0 03030000 		.4byte	0x303
 604 02b4 0B       		.uleb128 0xb
 605 02b5 56020000 		.4byte	.LASF54
 606 02b9 07       		.byte	0x7
 607 02ba 9301     		.2byte	0x193
 608 02bc 6C020000 		.4byte	0x26c
 609 02c0 00       		.byte	0
 610 02c1 0B       		.uleb128 0xb
 611 02c2 52030000 		.4byte	.LASF55
 612 02c6 07       		.byte	0x7
 613 02c7 9401     		.2byte	0x194
 614 02c9 15010000 		.4byte	0x115
 615 02cd 08       		.byte	0x8
 616 02ce 0B       		.uleb128 0xb
 617 02cf 72020000 		.4byte	.LASF56
 618 02d3 07       		.byte	0x7
 619 02d4 9601     		.2byte	0x196
 620 02d6 69040000 		.4byte	0x469
 621 02da 0C       		.byte	0xc
 622 02db 0B       		.uleb128 0xb
ARM GAS  /tmp/ccKFnoS1.s 			page 12


 623 02dc 36010000 		.4byte	.LASF57
 624 02e0 07       		.byte	0x7
 625 02e1 9901     		.2byte	0x199
 626 02e3 42020000 		.4byte	0x242
 627 02e7 10       		.byte	0x10
 628 02e8 0B       		.uleb128 0xb
 629 02e9 93020000 		.4byte	.LASF58
 630 02ed 07       		.byte	0x7
 631 02ee 9A01     		.2byte	0x19a
 632 02f0 42020000 		.4byte	0x242
 633 02f4 14       		.byte	0x14
 634 02f5 0B       		.uleb128 0xb
 635 02f6 89020000 		.4byte	.LASF59
 636 02fa 07       		.byte	0x7
 637 02fb 9D01     		.2byte	0x19d
 638 02fd 42020000 		.4byte	0x242
 639 0301 18       		.byte	0x18
 640 0302 00       		.byte	0
 641 0303 03       		.uleb128 0x3
 642 0304 16050000 		.4byte	.LASF60
 643 0308 06       		.byte	0x6
 644 0309 5C       		.byte	0x5c
 645 030a 0E030000 		.4byte	0x30e
 646 030e 06       		.uleb128 0x6
 647 030f 04       		.byte	0x4
 648 0310 14030000 		.4byte	0x314
 649 0314 0D       		.uleb128 0xd
 650 0315 1F030000 		.4byte	0x31f
 651 0319 0E       		.uleb128 0xe
 652 031a A9000000 		.4byte	0xa9
 653 031e 00       		.byte	0
 654 031f 03       		.uleb128 0x3
 655 0320 B3020000 		.4byte	.LASF61
 656 0324 06       		.byte	0x6
 657 0325 61       		.byte	0x61
 658 0326 2A030000 		.4byte	0x32a
 659 032a 0C       		.uleb128 0xc
 660 032b 76030000 		.4byte	.LASF62
 661 032f 14       		.byte	0x14
 662 0330 07       		.byte	0x7
 663 0331 6D01     		.2byte	0x16d
 664 0333 79030000 		.4byte	0x379
 665 0337 0B       		.uleb128 0xb
 666 0338 79010000 		.4byte	.LASF63
 667 033c 07       		.byte	0x7
 668 033d 6E01     		.2byte	0x16e
 669 033f F4050000 		.4byte	0x5f4
 670 0343 00       		.byte	0
 671 0344 0B       		.uleb128 0xb
 672 0345 47010000 		.4byte	.LASF64
 673 0349 07       		.byte	0x7
 674 034a 6F01     		.2byte	0x16f
 675 034c F4050000 		.4byte	0x5f4
 676 0350 04       		.byte	0x4
 677 0351 0B       		.uleb128 0xb
 678 0352 E2030000 		.4byte	.LASF65
 679 0356 07       		.byte	0x7
ARM GAS  /tmp/ccKFnoS1.s 			page 13


 680 0357 7001     		.2byte	0x170
 681 0359 41010000 		.4byte	0x141
 682 035d 08       		.byte	0x8
 683 035e 0B       		.uleb128 0xb
 684 035f A9050000 		.4byte	.LASF66
 685 0363 07       		.byte	0x7
 686 0364 7101     		.2byte	0x171
 687 0366 03030000 		.4byte	0x303
 688 036a 0C       		.byte	0xc
 689 036b 0B       		.uleb128 0xb
 690 036c 4B050000 		.4byte	.LASF67
 691 0370 07       		.byte	0x7
 692 0371 7301     		.2byte	0x173
 693 0373 A9000000 		.4byte	0xa9
 694 0377 10       		.byte	0x10
 695 0378 00       		.byte	0
 696 0379 03       		.uleb128 0x3
 697 037a 84000000 		.4byte	.LASF68
 698 037e 06       		.byte	0x6
 699 037f 66       		.byte	0x66
 700 0380 84030000 		.4byte	0x384
 701 0384 0C       		.uleb128 0xc
 702 0385 3F020000 		.4byte	.LASF69
 703 0389 10       		.byte	0x10
 704 038a 07       		.byte	0x7
 705 038b 7D01     		.2byte	0x17d
 706 038d C6030000 		.4byte	0x3c6
 707 0391 0B       		.uleb128 0xb
 708 0392 79010000 		.4byte	.LASF63
 709 0396 07       		.byte	0x7
 710 0397 7E01     		.2byte	0x17e
 711 0399 F4050000 		.4byte	0x5f4
 712 039d 00       		.byte	0
 713 039e 0B       		.uleb128 0xb
 714 039f 47010000 		.4byte	.LASF64
 715 03a3 07       		.byte	0x7
 716 03a4 8001     		.2byte	0x180
 717 03a6 F4050000 		.4byte	0x5f4
 718 03aa 04       		.byte	0x4
 719 03ab 0B       		.uleb128 0xb
 720 03ac E2030000 		.4byte	.LASF65
 721 03b0 07       		.byte	0x7
 722 03b1 8201     		.2byte	0x182
 723 03b3 41010000 		.4byte	0x141
 724 03b7 08       		.byte	0x8
 725 03b8 0B       		.uleb128 0xb
 726 03b9 5E020000 		.4byte	.LASF70
 727 03bd 07       		.byte	0x7
 728 03be 8A01     		.2byte	0x18a
 729 03c0 41010000 		.4byte	0x141
 730 03c4 0C       		.byte	0xc
 731 03c5 00       		.byte	0
 732 03c6 03       		.uleb128 0x3
 733 03c7 42000000 		.4byte	.LASF71
 734 03cb 06       		.byte	0x6
 735 03cc 6B       		.byte	0x6b
 736 03cd D1030000 		.4byte	0x3d1
ARM GAS  /tmp/ccKFnoS1.s 			page 14


 737 03d1 0C       		.uleb128 0xc
 738 03d2 0A030000 		.4byte	.LASF72
 739 03d6 04       		.byte	0x4
 740 03d7 07       		.byte	0x7
 741 03d8 A401     		.2byte	0x1a4
 742 03da EC030000 		.4byte	0x3ec
 743 03de 0B       		.uleb128 0xb
 744 03df 2A050000 		.4byte	.LASF73
 745 03e3 07       		.byte	0x7
 746 03e4 AC01     		.2byte	0x1ac
 747 03e6 FA050000 		.4byte	0x5fa
 748 03ea 00       		.byte	0
 749 03eb 00       		.byte	0
 750 03ec 03       		.uleb128 0x3
 751 03ed BC010000 		.4byte	.LASF74
 752 03f1 06       		.byte	0x6
 753 03f2 70       		.byte	0x70
 754 03f3 F7030000 		.4byte	0x3f7
 755 03f7 0F       		.uleb128 0xf
 756 03f8 FC000000 		.4byte	.LASF75
 757 03fc 5001     		.2byte	0x150
 758 03fe 07       		.byte	0x7
 759 03ff C401     		.2byte	0x1c4
 760 0401 53040000 		.4byte	0x453
 761 0405 0B       		.uleb128 0xb
 762 0406 72050000 		.4byte	.LASF76
 763 040a 07       		.byte	0x7
 764 040b C801     		.2byte	0x1c8
 765 040d 9C020000 		.4byte	0x29c
 766 0411 00       		.byte	0
 767 0412 0B       		.uleb128 0xb
 768 0413 EF000000 		.4byte	.LASF77
 769 0417 07       		.byte	0x7
 770 0418 CC01     		.2byte	0x1cc
 771 041a 79030000 		.4byte	0x379
 772 041e 1C       		.byte	0x1c
 773 041f 0A       		.uleb128 0xa
 774 0420 64626700 		.ascii	"dbg\000"
 775 0424 07       		.byte	0x7
 776 0425 D001     		.2byte	0x1d0
 777 0427 C6030000 		.4byte	0x3c6
 778 042b 2C       		.byte	0x2c
 779 042c 0B       		.uleb128 0xb
 780 042d 71000000 		.4byte	.LASF78
 781 0431 07       		.byte	0x7
 782 0432 D401     		.2byte	0x1d4
 783 0434 4C010000 		.4byte	0x14c
 784 0438 30       		.byte	0x30
 785 0439 0A       		.uleb128 0xa
 786 043a 746D00   		.ascii	"tm\000"
 787 043d 07       		.byte	0x7
 788 043e D901     		.2byte	0x1d9
 789 0440 18050000 		.4byte	0x518
 790 0444 70       		.byte	0x70
 791 0445 0B       		.uleb128 0xb
 792 0446 57010000 		.4byte	.LASF79
 793 044a 07       		.byte	0x7
ARM GAS  /tmp/ccKFnoS1.s 			page 15


 794 044b E501     		.2byte	0x1e5
 795 044d FF050000 		.4byte	0x5ff
 796 0451 78       		.byte	0x78
 797 0452 00       		.byte	0
 798 0453 03       		.uleb128 0x3
 799 0454 3E010000 		.4byte	.LASF80
 800 0458 08       		.byte	0x8
 801 0459 65       		.byte	0x65
 802 045a A9000000 		.4byte	0xa9
 803 045e 03       		.uleb128 0x3
 804 045f FB010000 		.4byte	.LASF81
 805 0463 08       		.byte	0x8
 806 0464 6D       		.byte	0x6d
 807 0465 DE000000 		.4byte	0xde
 808 0469 08       		.uleb128 0x8
 809 046a 3B050000 		.4byte	.LASF82
 810 046e 04       		.byte	0x4
 811 046f 08       		.byte	0x8
 812 0470 89       		.byte	0x89
 813 0471 82040000 		.4byte	0x482
 814 0475 10       		.uleb128 0x10
 815 0476 72313300 		.ascii	"r13\000"
 816 047a 08       		.byte	0x8
 817 047b 8A       		.byte	0x8a
 818 047c FD040000 		.4byte	0x4fd
 819 0480 00       		.byte	0
 820 0481 00       		.byte	0
 821 0482 08       		.uleb128 0x8
 822 0483 36000000 		.4byte	.LASF83
 823 0487 24       		.byte	0x24
 824 0488 09       		.byte	0x9
 825 0489 FD       		.byte	0xfd
 826 048a FD040000 		.4byte	0x4fd
 827 048e 0A       		.uleb128 0xa
 828 048f 723400   		.ascii	"r4\000"
 829 0492 09       		.byte	0x9
 830 0493 1001     		.2byte	0x110
 831 0495 53040000 		.4byte	0x453
 832 0499 00       		.byte	0
 833 049a 0A       		.uleb128 0xa
 834 049b 723500   		.ascii	"r5\000"
 835 049e 09       		.byte	0x9
 836 049f 1101     		.2byte	0x111
 837 04a1 53040000 		.4byte	0x453
 838 04a5 04       		.byte	0x4
 839 04a6 0A       		.uleb128 0xa
 840 04a7 723600   		.ascii	"r6\000"
 841 04aa 09       		.byte	0x9
 842 04ab 1201     		.2byte	0x112
 843 04ad 53040000 		.4byte	0x453
 844 04b1 08       		.byte	0x8
 845 04b2 0A       		.uleb128 0xa
 846 04b3 723700   		.ascii	"r7\000"
 847 04b6 09       		.byte	0x9
 848 04b7 1301     		.2byte	0x113
 849 04b9 53040000 		.4byte	0x453
 850 04bd 0C       		.byte	0xc
ARM GAS  /tmp/ccKFnoS1.s 			page 16


 851 04be 0A       		.uleb128 0xa
 852 04bf 723800   		.ascii	"r8\000"
 853 04c2 09       		.byte	0x9
 854 04c3 1401     		.2byte	0x114
 855 04c5 53040000 		.4byte	0x453
 856 04c9 10       		.byte	0x10
 857 04ca 0A       		.uleb128 0xa
 858 04cb 723900   		.ascii	"r9\000"
 859 04ce 09       		.byte	0x9
 860 04cf 1501     		.2byte	0x115
 861 04d1 53040000 		.4byte	0x453
 862 04d5 14       		.byte	0x14
 863 04d6 0A       		.uleb128 0xa
 864 04d7 72313000 		.ascii	"r10\000"
 865 04db 09       		.byte	0x9
 866 04dc 1601     		.2byte	0x116
 867 04de 53040000 		.4byte	0x453
 868 04e2 18       		.byte	0x18
 869 04e3 0A       		.uleb128 0xa
 870 04e4 72313100 		.ascii	"r11\000"
 871 04e8 09       		.byte	0x9
 872 04e9 1701     		.2byte	0x117
 873 04eb 53040000 		.4byte	0x453
 874 04ef 1C       		.byte	0x1c
 875 04f0 0A       		.uleb128 0xa
 876 04f1 6C7200   		.ascii	"lr\000"
 877 04f4 09       		.byte	0x9
 878 04f5 1801     		.2byte	0x118
 879 04f7 53040000 		.4byte	0x453
 880 04fb 20       		.byte	0x20
 881 04fc 00       		.byte	0
 882 04fd 06       		.uleb128 0x6
 883 04fe 04       		.byte	0x4
 884 04ff 82040000 		.4byte	0x482
 885 0503 11       		.uleb128 0x11
 886 0504 04       		.byte	0x4
 887 0505 0A       		.byte	0xa
 888 0506 38       		.byte	0x38
 889 0507 18050000 		.4byte	0x518
 890 050b 09       		.uleb128 0x9
 891 050c 34050000 		.4byte	.LASF84
 892 0510 0A       		.byte	0xa
 893 0511 3C       		.byte	0x3c
 894 0512 E9000000 		.4byte	0xe9
 895 0516 00       		.byte	0
 896 0517 00       		.byte	0
 897 0518 03       		.uleb128 0x3
 898 0519 78020000 		.4byte	.LASF85
 899 051d 0A       		.byte	0xa
 900 051e 3D       		.byte	0x3d
 901 051f 03050000 		.4byte	0x503
 902 0523 12       		.uleb128 0x12
 903 0524 04       		.byte	0x4
 904 0525 07       		.byte	0x7
 905 0526 FA       		.byte	0xfa
 906 0527 8C050000 		.4byte	0x58c
 907 052b 13       		.uleb128 0x13
ARM GAS  /tmp/ccKFnoS1.s 			page 17


 908 052c 1C000000 		.4byte	.LASF86
 909 0530 07       		.byte	0x7
 910 0531 0101     		.2byte	0x101
 911 0533 20010000 		.4byte	0x120
 912 0537 13       		.uleb128 0x13
 913 0538 68000000 		.4byte	.LASF87
 914 053c 07       		.byte	0x7
 915 053d 0801     		.2byte	0x108
 916 053f 20010000 		.4byte	0x120
 917 0543 13       		.uleb128 0x13
 918 0544 80050000 		.4byte	.LASF88
 919 0548 07       		.byte	0x7
 920 0549 0F01     		.2byte	0x10f
 921 054b A9000000 		.4byte	0xa9
 922 054f 13       		.uleb128 0x13
 923 0550 F6000000 		.4byte	.LASF89
 924 0554 07       		.byte	0x7
 925 0555 1601     		.2byte	0x116
 926 0557 8C050000 		.4byte	0x58c
 927 055b 13       		.uleb128 0x13
 928 055c 7C000000 		.4byte	.LASF90
 929 0560 07       		.byte	0x7
 930 0561 1B01     		.2byte	0x11b
 931 0563 20010000 		.4byte	0x120
 932 0567 13       		.uleb128 0x13
 933 0568 81010000 		.4byte	.LASF91
 934 056c 07       		.byte	0x7
 935 056d 2401     		.2byte	0x124
 936 056f B7050000 		.4byte	0x5b7
 937 0573 13       		.uleb128 0x13
 938 0574 A8030000 		.4byte	.LASF92
 939 0578 07       		.byte	0x7
 940 0579 2D01     		.2byte	0x12d
 941 057b EE050000 		.4byte	0x5ee
 942 057f 13       		.uleb128 0x13
 943 0580 59030000 		.4byte	.LASF93
 944 0584 07       		.byte	0x7
 945 0585 3501     		.2byte	0x135
 946 0587 2B010000 		.4byte	0x12b
 947 058b 00       		.byte	0
 948 058c 06       		.uleb128 0x6
 949 058d 04       		.byte	0x4
 950 058e 37020000 		.4byte	0x237
 951 0592 08       		.uleb128 0x8
 952 0593 87030000 		.4byte	.LASF94
 953 0597 0C       		.byte	0xc
 954 0598 0B       		.byte	0xb
 955 0599 34       		.byte	0x34
 956 059a B7050000 		.4byte	0x5b7
 957 059e 09       		.uleb128 0x9
 958 059f 2E010000 		.4byte	.LASF95
 959 05a3 0B       		.byte	0xb
 960 05a4 35       		.byte	0x35
 961 05a5 6C020000 		.4byte	0x26c
 962 05a9 00       		.byte	0
 963 05aa 09       		.uleb128 0x9
 964 05ab 93010000 		.4byte	.LASF96
ARM GAS  /tmp/ccKFnoS1.s 			page 18


 965 05af 0B       		.byte	0xb
 966 05b0 37       		.byte	0x37
 967 05b1 36010000 		.4byte	0x136
 968 05b5 08       		.byte	0x8
 969 05b6 00       		.byte	0
 970 05b7 06       		.uleb128 0x6
 971 05b8 04       		.byte	0x4
 972 05b9 92050000 		.4byte	0x592
 973 05bd 08       		.uleb128 0x8
 974 05be 62050000 		.4byte	.LASF97
 975 05c2 10       		.byte	0x10
 976 05c3 0C       		.byte	0xc
 977 05c4 39       		.byte	0x39
 978 05c5 EE050000 		.4byte	0x5ee
 979 05c9 09       		.uleb128 0x9
 980 05ca E7000000 		.4byte	.LASF98
 981 05ce 0C       		.byte	0xc
 982 05cf 3A       		.byte	0x3a
 983 05d0 6C020000 		.4byte	0x26c
 984 05d4 00       		.byte	0
 985 05d5 09       		.uleb128 0x9
 986 05d6 9B050000 		.4byte	.LASF99
 987 05da 0C       		.byte	0xc
 988 05db 3C       		.byte	0x3c
 989 05dc 42020000 		.4byte	0x242
 990 05e0 08       		.byte	0x8
 991 05e1 09       		.uleb128 0x9
 992 05e2 FA040000 		.4byte	.LASF100
 993 05e6 0C       		.byte	0xc
 994 05e7 3E       		.byte	0x3e
 995 05e8 1A060000 		.4byte	0x61a
 996 05ec 0C       		.byte	0xc
 997 05ed 00       		.byte	0
 998 05ee 06       		.uleb128 0x6
 999 05ef 04       		.byte	0x4
 1000 05f0 BD050000 		.4byte	0x5bd
 1001 05f4 06       		.uleb128 0x6
 1002 05f5 04       		.byte	0x4
 1003 05f6 1F030000 		.4byte	0x31f
 1004 05fa 14       		.uleb128 0x14
 1005 05fb B2000000 		.4byte	0xb2
 1006 05ff 15       		.uleb128 0x15
 1007 0600 5E040000 		.4byte	0x45e
 1008 0604 0F060000 		.4byte	0x60f
 1009 0608 16       		.uleb128 0x16
 1010 0609 A2000000 		.4byte	0xa2
 1011 060d 1A       		.byte	0x1a
 1012 060e 00       		.byte	0
 1013 060f 03       		.uleb128 0x3
 1014 0610 4F010000 		.4byte	.LASF101
 1015 0614 0C       		.byte	0xc
 1016 0615 34       		.byte	0x34
 1017 0616 BD050000 		.4byte	0x5bd
 1018 061a 06       		.uleb128 0x6
 1019 061b 04       		.byte	0x4
 1020 061c 0F060000 		.4byte	0x60f
 1021 0620 06       		.uleb128 0x6
ARM GAS  /tmp/ccKFnoS1.s 			page 19


 1022 0621 04       		.byte	0x4
 1023 0622 BD000000 		.4byte	0xbd
 1024 0626 17       		.uleb128 0x17
 1025 0627 2C000000 		.4byte	0x2c
 1026 062b 3F060000 		.4byte	0x63f
 1027 062f 0E       		.uleb128 0xe
 1028 0630 A9000000 		.4byte	0xa9
 1029 0634 0E       		.uleb128 0xe
 1030 0635 3F060000 		.4byte	0x63f
 1031 0639 0E       		.uleb128 0xe
 1032 063a 2C000000 		.4byte	0x2c
 1033 063e 00       		.byte	0
 1034 063f 06       		.uleb128 0x6
 1035 0640 04       		.byte	0x4
 1036 0641 45060000 		.4byte	0x645
 1037 0645 07       		.uleb128 0x7
 1038 0646 BD000000 		.4byte	0xbd
 1039 064a 06       		.uleb128 0x6
 1040 064b 04       		.byte	0x4
 1041 064c 26060000 		.4byte	0x626
 1042 0650 17       		.uleb128 0x17
 1043 0651 2C000000 		.4byte	0x2c
 1044 0655 69060000 		.4byte	0x669
 1045 0659 0E       		.uleb128 0xe
 1046 065a A9000000 		.4byte	0xa9
 1047 065e 0E       		.uleb128 0xe
 1048 065f 20060000 		.4byte	0x620
 1049 0663 0E       		.uleb128 0xe
 1050 0664 2C000000 		.4byte	0x2c
 1051 0668 00       		.byte	0
 1052 0669 06       		.uleb128 0x6
 1053 066a 04       		.byte	0x4
 1054 066b 50060000 		.4byte	0x650
 1055 066f 17       		.uleb128 0x17
 1056 0670 20010000 		.4byte	0x120
 1057 0674 83060000 		.4byte	0x683
 1058 0678 0E       		.uleb128 0xe
 1059 0679 A9000000 		.4byte	0xa9
 1060 067d 0E       		.uleb128 0xe
 1061 067e BD000000 		.4byte	0xbd
 1062 0682 00       		.byte	0
 1063 0683 06       		.uleb128 0x6
 1064 0684 04       		.byte	0x4
 1065 0685 6F060000 		.4byte	0x66f
 1066 0689 17       		.uleb128 0x17
 1067 068a 20010000 		.4byte	0x120
 1068 068e 98060000 		.4byte	0x698
 1069 0692 0E       		.uleb128 0xe
 1070 0693 A9000000 		.4byte	0xa9
 1071 0697 00       		.byte	0
 1072 0698 06       		.uleb128 0x6
 1073 0699 04       		.byte	0x4
 1074 069a 89060000 		.4byte	0x689
 1075 069e 04       		.uleb128 0x4
 1076 069f 01       		.byte	0x1
 1077 06a0 02       		.byte	0x2
 1078 06a1 1A030000 		.4byte	.LASF102
ARM GAS  /tmp/ccKFnoS1.s 			page 20


 1079 06a5 08       		.uleb128 0x8
 1080 06a6 9B020000 		.4byte	.LASF103
 1081 06aa 10       		.byte	0x10
 1082 06ab 0D       		.byte	0xd
 1083 06ac 3D       		.byte	0x3d
 1084 06ad E2060000 		.4byte	0x6e2
 1085 06b1 09       		.uleb128 0x9
 1086 06b2 13020000 		.4byte	.LASF104
 1087 06b6 0D       		.byte	0xd
 1088 06b7 3E       		.byte	0x3e
 1089 06b8 4A060000 		.4byte	0x64a
 1090 06bc 00       		.byte	0
 1091 06bd 09       		.uleb128 0x9
 1092 06be 0D040000 		.4byte	.LASF105
 1093 06c2 0D       		.byte	0xd
 1094 06c3 3E       		.byte	0x3e
 1095 06c4 69060000 		.4byte	0x669
 1096 06c8 04       		.byte	0x4
 1097 06c9 10       		.uleb128 0x10
 1098 06ca 70757400 		.ascii	"put\000"
 1099 06ce 0D       		.byte	0xd
 1100 06cf 3E       		.byte	0x3e
 1101 06d0 83060000 		.4byte	0x683
 1102 06d4 08       		.byte	0x8
 1103 06d5 10       		.uleb128 0x10
 1104 06d6 67657400 		.ascii	"get\000"
 1105 06da 0D       		.byte	0xd
 1106 06db 3E       		.byte	0x3e
 1107 06dc 98060000 		.4byte	0x698
 1108 06e0 0C       		.byte	0xc
 1109 06e1 00       		.byte	0
 1110 06e2 11       		.uleb128 0x11
 1111 06e3 14       		.byte	0x14
 1112 06e4 0D       		.byte	0xd
 1113 06e5 46       		.byte	0x46
 1114 06e6 27070000 		.4byte	0x727
 1115 06ea 10       		.uleb128 0x10
 1116 06eb 766D7400 		.ascii	"vmt\000"
 1117 06ef 0D       		.byte	0xd
 1118 06f0 48       		.byte	0x48
 1119 06f1 27070000 		.4byte	0x727
 1120 06f5 00       		.byte	0
 1121 06f6 09       		.uleb128 0x9
 1122 06f7 1F010000 		.4byte	.LASF106
 1123 06fb 0D       		.byte	0xd
 1124 06fc 49       		.byte	0x49
 1125 06fd 20060000 		.4byte	0x620
 1126 0701 04       		.byte	0x4
 1127 0702 09       		.uleb128 0x9
 1128 0703 87050000 		.4byte	.LASF107
 1129 0707 0D       		.byte	0xd
 1130 0708 49       		.byte	0x49
 1131 0709 2C000000 		.4byte	0x2c
 1132 070d 08       		.byte	0x8
 1133 070e 10       		.uleb128 0x10
 1134 070f 656F7300 		.ascii	"eos\000"
 1135 0713 0D       		.byte	0xd
ARM GAS  /tmp/ccKFnoS1.s 			page 21


 1136 0714 49       		.byte	0x49
 1137 0715 2C000000 		.4byte	0x2c
 1138 0719 0C       		.byte	0xc
 1139 071a 09       		.uleb128 0x9
 1140 071b 34050000 		.4byte	.LASF84
 1141 071f 0D       		.byte	0xd
 1142 0720 49       		.byte	0x49
 1143 0721 2C000000 		.4byte	0x2c
 1144 0725 10       		.byte	0x10
 1145 0726 00       		.byte	0
 1146 0727 06       		.uleb128 0x6
 1147 0728 04       		.byte	0x4
 1148 0729 2D070000 		.4byte	0x72d
 1149 072d 07       		.uleb128 0x7
 1150 072e A5060000 		.4byte	0x6a5
 1151 0732 03       		.uleb128 0x3
 1152 0733 FD020000 		.4byte	.LASF108
 1153 0737 0D       		.byte	0xd
 1154 0738 4A       		.byte	0x4a
 1155 0739 E2060000 		.4byte	0x6e2
 1156 073d 18       		.uleb128 0x18
 1157 073e 70757400 		.ascii	"put\000"
 1158 0742 01       		.byte	0x1
 1159 0743 42       		.byte	0x42
 1160 0744 20010000 		.4byte	0x120
 1161 0748 00000000 		.4byte	.LFB274
 1162 074c 1C000000 		.4byte	.LFE274-.LFB274
 1163 0750 01       		.uleb128 0x1
 1164 0751 9C       		.byte	0x9c
 1165 0752 7F070000 		.4byte	0x77f
 1166 0756 19       		.uleb128 0x19
 1167 0757 697000   		.ascii	"ip\000"
 1168 075a 01       		.byte	0x1
 1169 075b 42       		.byte	0x42
 1170 075c A9000000 		.4byte	0xa9
 1171 0760 00000000 		.4byte	.LLST0
 1172 0764 1A       		.uleb128 0x1a
 1173 0765 6200     		.ascii	"b\000"
 1174 0767 01       		.byte	0x1
 1175 0768 42       		.byte	0x42
 1176 0769 BD000000 		.4byte	0xbd
 1177 076d 01       		.uleb128 0x1
 1178 076e 51       		.byte	0x51
 1179 076f 1B       		.uleb128 0x1b
 1180 0770 6D737000 		.ascii	"msp\000"
 1181 0774 01       		.byte	0x1
 1182 0775 43       		.byte	0x43
 1183 0776 7F070000 		.4byte	0x77f
 1184 077a 00000000 		.4byte	.LLST0
 1185 077e 00       		.byte	0
 1186 077f 06       		.uleb128 0x6
 1187 0780 04       		.byte	0x4
 1188 0781 32070000 		.4byte	0x732
 1189 0785 18       		.uleb128 0x18
 1190 0786 67657400 		.ascii	"get\000"
 1191 078a 01       		.byte	0x1
 1192 078b 4C       		.byte	0x4c
ARM GAS  /tmp/ccKFnoS1.s 			page 22


 1193 078c 20010000 		.4byte	0x120
 1194 0790 00000000 		.4byte	.LFB275
 1195 0794 1A000000 		.4byte	.LFE275-.LFB275
 1196 0798 01       		.uleb128 0x1
 1197 0799 9C       		.byte	0x9c
 1198 079a C9070000 		.4byte	0x7c9
 1199 079e 19       		.uleb128 0x19
 1200 079f 697000   		.ascii	"ip\000"
 1201 07a2 01       		.byte	0x1
 1202 07a3 4C       		.byte	0x4c
 1203 07a4 A9000000 		.4byte	0xa9
 1204 07a8 3A000000 		.4byte	.LLST2
 1205 07ac 1B       		.uleb128 0x1b
 1206 07ad 6200     		.ascii	"b\000"
 1207 07af 01       		.byte	0x1
 1208 07b0 4D       		.byte	0x4d
 1209 07b1 BD000000 		.4byte	0xbd
 1210 07b5 6E000000 		.4byte	.LLST3
 1211 07b9 1B       		.uleb128 0x1b
 1212 07ba 6D737000 		.ascii	"msp\000"
 1213 07be 01       		.byte	0x1
 1214 07bf 4E       		.byte	0x4e
 1215 07c0 7F070000 		.4byte	0x77f
 1216 07c4 A0000000 		.4byte	.LLST4
 1217 07c8 00       		.byte	0
 1218 07c9 1C       		.uleb128 0x1c
 1219 07ca BF000000 		.4byte	.LASF109
 1220 07ce 01       		.byte	0x1
 1221 07cf 38       		.byte	0x38
 1222 07d0 2C000000 		.4byte	0x2c
 1223 07d4 00000000 		.4byte	.LFB273
 1224 07d8 26000000 		.4byte	.LFE273-.LFB273
 1225 07dc 01       		.uleb128 0x1
 1226 07dd 9C       		.byte	0x9c
 1227 07de 32080000 		.4byte	0x832
 1228 07e2 19       		.uleb128 0x19
 1229 07e3 697000   		.ascii	"ip\000"
 1230 07e6 01       		.byte	0x1
 1231 07e7 38       		.byte	0x38
 1232 07e8 A9000000 		.4byte	0xa9
 1233 07ec D4000000 		.4byte	.LLST5
 1234 07f0 19       		.uleb128 0x19
 1235 07f1 627000   		.ascii	"bp\000"
 1236 07f4 01       		.byte	0x1
 1237 07f5 38       		.byte	0x38
 1238 07f6 20060000 		.4byte	0x620
 1239 07fa F2000000 		.4byte	.LLST6
 1240 07fe 19       		.uleb128 0x19
 1241 07ff 6E00     		.ascii	"n\000"
 1242 0801 01       		.byte	0x1
 1243 0802 38       		.byte	0x38
 1244 0803 2C000000 		.4byte	0x2c
 1245 0807 1E010000 		.4byte	.LLST7
 1246 080b 1B       		.uleb128 0x1b
 1247 080c 6D737000 		.ascii	"msp\000"
 1248 0810 01       		.byte	0x1
 1249 0811 39       		.byte	0x39
ARM GAS  /tmp/ccKFnoS1.s 			page 23


 1250 0812 7F070000 		.4byte	0x77f
 1251 0816 3C010000 		.4byte	.LLST8
 1252 081a 1D       		.uleb128 0x1d
 1253 081b 1C000000 		.4byte	.LVL16
 1254 081f 14090000 		.4byte	0x914
 1255 0823 1E       		.uleb128 0x1e
 1256 0824 01       		.uleb128 0x1
 1257 0825 52       		.byte	0x52
 1258 0826 02       		.uleb128 0x2
 1259 0827 75       		.byte	0x75
 1260 0828 00       		.sleb128 0
 1261 0829 1E       		.uleb128 0x1e
 1262 082a 01       		.uleb128 0x1
 1263 082b 50       		.byte	0x50
 1264 082c 03       		.uleb128 0x3
 1265 082d F3       		.byte	0xf3
 1266 082e 01       		.uleb128 0x1
 1267 082f 51       		.byte	0x51
 1268 0830 00       		.byte	0
 1269 0831 00       		.byte	0
 1270 0832 1C       		.uleb128 0x1c
 1271 0833 C8010000 		.4byte	.LASF110
 1272 0837 01       		.byte	0x1
 1273 0838 2E       		.byte	0x2e
 1274 0839 2C000000 		.4byte	0x2c
 1275 083d 00000000 		.4byte	.LFB272
 1276 0841 24000000 		.4byte	.LFE272-.LFB272
 1277 0845 01       		.uleb128 0x1
 1278 0846 9C       		.byte	0x9c
 1279 0847 9B080000 		.4byte	0x89b
 1280 084b 19       		.uleb128 0x19
 1281 084c 697000   		.ascii	"ip\000"
 1282 084f 01       		.byte	0x1
 1283 0850 2E       		.byte	0x2e
 1284 0851 A9000000 		.4byte	0xa9
 1285 0855 5A010000 		.4byte	.LLST9
 1286 0859 19       		.uleb128 0x19
 1287 085a 627000   		.ascii	"bp\000"
 1288 085d 01       		.byte	0x1
 1289 085e 2E       		.byte	0x2e
 1290 085f 3F060000 		.4byte	0x63f
 1291 0863 78010000 		.4byte	.LLST10
 1292 0867 19       		.uleb128 0x19
 1293 0868 6E00     		.ascii	"n\000"
 1294 086a 01       		.byte	0x1
 1295 086b 2E       		.byte	0x2e
 1296 086c 2C000000 		.4byte	0x2c
 1297 0870 99010000 		.4byte	.LLST11
 1298 0874 1B       		.uleb128 0x1b
 1299 0875 6D737000 		.ascii	"msp\000"
 1300 0879 01       		.byte	0x1
 1301 087a 2F       		.byte	0x2f
 1302 087b 7F070000 		.4byte	0x77f
 1303 087f B7010000 		.4byte	.LLST12
 1304 0883 1D       		.uleb128 0x1d
 1305 0884 1A000000 		.4byte	.LVL21
 1306 0888 14090000 		.4byte	0x914
ARM GAS  /tmp/ccKFnoS1.s 			page 24


 1307 088c 1E       		.uleb128 0x1e
 1308 088d 01       		.uleb128 0x1
 1309 088e 52       		.byte	0x52
 1310 088f 02       		.uleb128 0x2
 1311 0890 75       		.byte	0x75
 1312 0891 00       		.sleb128 0
 1313 0892 1E       		.uleb128 0x1e
 1314 0893 01       		.uleb128 0x1
 1315 0894 51       		.byte	0x51
 1316 0895 03       		.uleb128 0x3
 1317 0896 F3       		.byte	0xf3
 1318 0897 01       		.uleb128 0x1
 1319 0898 51       		.byte	0x51
 1320 0899 00       		.byte	0
 1321 089a 00       		.byte	0
 1322 089b 1F       		.uleb128 0x1f
 1323 089c 06020000 		.4byte	.LASF115
 1324 08a0 01       		.byte	0x1
 1325 08a1 67       		.byte	0x67
 1326 08a2 00000000 		.4byte	.LFB276
 1327 08a6 1C000000 		.4byte	.LFE276-.LFB276
 1328 08aa 01       		.uleb128 0x1
 1329 08ab 9C       		.byte	0x9c
 1330 08ac E7080000 		.4byte	0x8e7
 1331 08b0 1A       		.uleb128 0x1a
 1332 08b1 6D737000 		.ascii	"msp\000"
 1333 08b5 01       		.byte	0x1
 1334 08b6 67       		.byte	0x67
 1335 08b7 7F070000 		.4byte	0x77f
 1336 08bb 01       		.uleb128 0x1
 1337 08bc 50       		.byte	0x50
 1338 08bd 20       		.uleb128 0x20
 1339 08be 1F010000 		.4byte	.LASF106
 1340 08c2 01       		.byte	0x1
 1341 08c3 67       		.byte	0x67
 1342 08c4 20060000 		.4byte	0x620
 1343 08c8 D5010000 		.4byte	.LLST13
 1344 08cc 21       		.uleb128 0x21
 1345 08cd 87050000 		.4byte	.LASF107
 1346 08d1 01       		.byte	0x1
 1347 08d2 68       		.byte	0x68
 1348 08d3 2C000000 		.4byte	0x2c
 1349 08d7 01       		.uleb128 0x1
 1350 08d8 52       		.byte	0x52
 1351 08d9 1A       		.uleb128 0x1a
 1352 08da 656F7300 		.ascii	"eos\000"
 1353 08de 01       		.byte	0x1
 1354 08df 68       		.byte	0x68
 1355 08e0 2C000000 		.4byte	0x2c
 1356 08e4 01       		.uleb128 0x1
 1357 08e5 53       		.byte	0x53
 1358 08e6 00       		.byte	0
 1359 08e7 22       		.uleb128 0x22
 1360 08e8 766D7400 		.ascii	"vmt\000"
 1361 08ec 01       		.byte	0x1
 1362 08ed 57       		.byte	0x57
 1363 08ee 2D070000 		.4byte	0x72d
ARM GAS  /tmp/ccKFnoS1.s 			page 25


 1364 08f2 05       		.uleb128 0x5
 1365 08f3 03       		.byte	0x3
 1366 08f4 00000000 		.4byte	vmt
 1367 08f8 23       		.uleb128 0x23
 1368 08f9 9A000000 		.4byte	.LASF111
 1369 08fd 0E       		.byte	0xe
 1370 08fe FA06     		.2byte	0x6fa
 1371 0900 04090000 		.4byte	0x904
 1372 0904 14       		.uleb128 0x14
 1373 0905 C8000000 		.4byte	0xc8
 1374 0909 24       		.uleb128 0x24
 1375 090a 636800   		.ascii	"ch\000"
 1376 090d 07       		.byte	0x7
 1377 090e 0B02     		.2byte	0x20b
 1378 0910 EC030000 		.4byte	0x3ec
 1379 0914 25       		.uleb128 0x25
 1380 0915 18010000 		.4byte	.LASF116
 1381 0919 A9000000 		.4byte	0xa9
 1382 091d 31090000 		.4byte	0x931
 1383 0921 0E       		.uleb128 0xe
 1384 0922 A9000000 		.4byte	0xa9
 1385 0926 0E       		.uleb128 0xe
 1386 0927 31090000 		.4byte	0x931
 1387 092b 0E       		.uleb128 0xe
 1388 092c A2000000 		.4byte	0xa2
 1389 0930 00       		.byte	0
 1390 0931 06       		.uleb128 0x6
 1391 0932 04       		.byte	0x4
 1392 0933 37090000 		.4byte	0x937
 1393 0937 26       		.uleb128 0x26
 1394 0938 00       		.byte	0
 1395              		.section	.debug_abbrev,"",%progbits
 1396              	.Ldebug_abbrev0:
 1397 0000 01       		.uleb128 0x1
 1398 0001 11       		.uleb128 0x11
 1399 0002 01       		.byte	0x1
 1400 0003 25       		.uleb128 0x25
 1401 0004 0E       		.uleb128 0xe
 1402 0005 13       		.uleb128 0x13
 1403 0006 0B       		.uleb128 0xb
 1404 0007 03       		.uleb128 0x3
 1405 0008 0E       		.uleb128 0xe
 1406 0009 1B       		.uleb128 0x1b
 1407 000a 0E       		.uleb128 0xe
 1408 000b 55       		.uleb128 0x55
 1409 000c 17       		.uleb128 0x17
 1410 000d 11       		.uleb128 0x11
 1411 000e 01       		.uleb128 0x1
 1412 000f 10       		.uleb128 0x10
 1413 0010 17       		.uleb128 0x17
 1414 0011 00       		.byte	0
 1415 0012 00       		.byte	0
 1416 0013 02       		.uleb128 0x2
 1417 0014 24       		.uleb128 0x24
 1418 0015 00       		.byte	0
 1419 0016 0B       		.uleb128 0xb
 1420 0017 0B       		.uleb128 0xb
ARM GAS  /tmp/ccKFnoS1.s 			page 26


 1421 0018 3E       		.uleb128 0x3e
 1422 0019 0B       		.uleb128 0xb
 1423 001a 03       		.uleb128 0x3
 1424 001b 08       		.uleb128 0x8
 1425 001c 00       		.byte	0
 1426 001d 00       		.byte	0
 1427 001e 03       		.uleb128 0x3
 1428 001f 16       		.uleb128 0x16
 1429 0020 00       		.byte	0
 1430 0021 03       		.uleb128 0x3
 1431 0022 0E       		.uleb128 0xe
 1432 0023 3A       		.uleb128 0x3a
 1433 0024 0B       		.uleb128 0xb
 1434 0025 3B       		.uleb128 0x3b
 1435 0026 0B       		.uleb128 0xb
 1436 0027 49       		.uleb128 0x49
 1437 0028 13       		.uleb128 0x13
 1438 0029 00       		.byte	0
 1439 002a 00       		.byte	0
 1440 002b 04       		.uleb128 0x4
 1441 002c 24       		.uleb128 0x24
 1442 002d 00       		.byte	0
 1443 002e 0B       		.uleb128 0xb
 1444 002f 0B       		.uleb128 0xb
 1445 0030 3E       		.uleb128 0x3e
 1446 0031 0B       		.uleb128 0xb
 1447 0032 03       		.uleb128 0x3
 1448 0033 0E       		.uleb128 0xe
 1449 0034 00       		.byte	0
 1450 0035 00       		.byte	0
 1451 0036 05       		.uleb128 0x5
 1452 0037 0F       		.uleb128 0xf
 1453 0038 00       		.byte	0
 1454 0039 0B       		.uleb128 0xb
 1455 003a 0B       		.uleb128 0xb
 1456 003b 00       		.byte	0
 1457 003c 00       		.byte	0
 1458 003d 06       		.uleb128 0x6
 1459 003e 0F       		.uleb128 0xf
 1460 003f 00       		.byte	0
 1461 0040 0B       		.uleb128 0xb
 1462 0041 0B       		.uleb128 0xb
 1463 0042 49       		.uleb128 0x49
 1464 0043 13       		.uleb128 0x13
 1465 0044 00       		.byte	0
 1466 0045 00       		.byte	0
 1467 0046 07       		.uleb128 0x7
 1468 0047 26       		.uleb128 0x26
 1469 0048 00       		.byte	0
 1470 0049 49       		.uleb128 0x49
 1471 004a 13       		.uleb128 0x13
 1472 004b 00       		.byte	0
 1473 004c 00       		.byte	0
 1474 004d 08       		.uleb128 0x8
 1475 004e 13       		.uleb128 0x13
 1476 004f 01       		.byte	0x1
 1477 0050 03       		.uleb128 0x3
ARM GAS  /tmp/ccKFnoS1.s 			page 27


 1478 0051 0E       		.uleb128 0xe
 1479 0052 0B       		.uleb128 0xb
 1480 0053 0B       		.uleb128 0xb
 1481 0054 3A       		.uleb128 0x3a
 1482 0055 0B       		.uleb128 0xb
 1483 0056 3B       		.uleb128 0x3b
 1484 0057 0B       		.uleb128 0xb
 1485 0058 01       		.uleb128 0x1
 1486 0059 13       		.uleb128 0x13
 1487 005a 00       		.byte	0
 1488 005b 00       		.byte	0
 1489 005c 09       		.uleb128 0x9
 1490 005d 0D       		.uleb128 0xd
 1491 005e 00       		.byte	0
 1492 005f 03       		.uleb128 0x3
 1493 0060 0E       		.uleb128 0xe
 1494 0061 3A       		.uleb128 0x3a
 1495 0062 0B       		.uleb128 0xb
 1496 0063 3B       		.uleb128 0x3b
 1497 0064 0B       		.uleb128 0xb
 1498 0065 49       		.uleb128 0x49
 1499 0066 13       		.uleb128 0x13
 1500 0067 38       		.uleb128 0x38
 1501 0068 0B       		.uleb128 0xb
 1502 0069 00       		.byte	0
 1503 006a 00       		.byte	0
 1504 006b 0A       		.uleb128 0xa
 1505 006c 0D       		.uleb128 0xd
 1506 006d 00       		.byte	0
 1507 006e 03       		.uleb128 0x3
 1508 006f 08       		.uleb128 0x8
 1509 0070 3A       		.uleb128 0x3a
 1510 0071 0B       		.uleb128 0xb
 1511 0072 3B       		.uleb128 0x3b
 1512 0073 05       		.uleb128 0x5
 1513 0074 49       		.uleb128 0x49
 1514 0075 13       		.uleb128 0x13
 1515 0076 38       		.uleb128 0x38
 1516 0077 0B       		.uleb128 0xb
 1517 0078 00       		.byte	0
 1518 0079 00       		.byte	0
 1519 007a 0B       		.uleb128 0xb
 1520 007b 0D       		.uleb128 0xd
 1521 007c 00       		.byte	0
 1522 007d 03       		.uleb128 0x3
 1523 007e 0E       		.uleb128 0xe
 1524 007f 3A       		.uleb128 0x3a
 1525 0080 0B       		.uleb128 0xb
 1526 0081 3B       		.uleb128 0x3b
 1527 0082 05       		.uleb128 0x5
 1528 0083 49       		.uleb128 0x49
 1529 0084 13       		.uleb128 0x13
 1530 0085 38       		.uleb128 0x38
 1531 0086 0B       		.uleb128 0xb
 1532 0087 00       		.byte	0
 1533 0088 00       		.byte	0
 1534 0089 0C       		.uleb128 0xc
ARM GAS  /tmp/ccKFnoS1.s 			page 28


 1535 008a 13       		.uleb128 0x13
 1536 008b 01       		.byte	0x1
 1537 008c 03       		.uleb128 0x3
 1538 008d 0E       		.uleb128 0xe
 1539 008e 0B       		.uleb128 0xb
 1540 008f 0B       		.uleb128 0xb
 1541 0090 3A       		.uleb128 0x3a
 1542 0091 0B       		.uleb128 0xb
 1543 0092 3B       		.uleb128 0x3b
 1544 0093 05       		.uleb128 0x5
 1545 0094 01       		.uleb128 0x1
 1546 0095 13       		.uleb128 0x13
 1547 0096 00       		.byte	0
 1548 0097 00       		.byte	0
 1549 0098 0D       		.uleb128 0xd
 1550 0099 15       		.uleb128 0x15
 1551 009a 01       		.byte	0x1
 1552 009b 27       		.uleb128 0x27
 1553 009c 19       		.uleb128 0x19
 1554 009d 01       		.uleb128 0x1
 1555 009e 13       		.uleb128 0x13
 1556 009f 00       		.byte	0
 1557 00a0 00       		.byte	0
 1558 00a1 0E       		.uleb128 0xe
 1559 00a2 05       		.uleb128 0x5
 1560 00a3 00       		.byte	0
 1561 00a4 49       		.uleb128 0x49
 1562 00a5 13       		.uleb128 0x13
 1563 00a6 00       		.byte	0
 1564 00a7 00       		.byte	0
 1565 00a8 0F       		.uleb128 0xf
 1566 00a9 13       		.uleb128 0x13
 1567 00aa 01       		.byte	0x1
 1568 00ab 03       		.uleb128 0x3
 1569 00ac 0E       		.uleb128 0xe
 1570 00ad 0B       		.uleb128 0xb
 1571 00ae 05       		.uleb128 0x5
 1572 00af 3A       		.uleb128 0x3a
 1573 00b0 0B       		.uleb128 0xb
 1574 00b1 3B       		.uleb128 0x3b
 1575 00b2 05       		.uleb128 0x5
 1576 00b3 01       		.uleb128 0x1
 1577 00b4 13       		.uleb128 0x13
 1578 00b5 00       		.byte	0
 1579 00b6 00       		.byte	0
 1580 00b7 10       		.uleb128 0x10
 1581 00b8 0D       		.uleb128 0xd
 1582 00b9 00       		.byte	0
 1583 00ba 03       		.uleb128 0x3
 1584 00bb 08       		.uleb128 0x8
 1585 00bc 3A       		.uleb128 0x3a
 1586 00bd 0B       		.uleb128 0xb
 1587 00be 3B       		.uleb128 0x3b
 1588 00bf 0B       		.uleb128 0xb
 1589 00c0 49       		.uleb128 0x49
 1590 00c1 13       		.uleb128 0x13
 1591 00c2 38       		.uleb128 0x38
ARM GAS  /tmp/ccKFnoS1.s 			page 29


 1592 00c3 0B       		.uleb128 0xb
 1593 00c4 00       		.byte	0
 1594 00c5 00       		.byte	0
 1595 00c6 11       		.uleb128 0x11
 1596 00c7 13       		.uleb128 0x13
 1597 00c8 01       		.byte	0x1
 1598 00c9 0B       		.uleb128 0xb
 1599 00ca 0B       		.uleb128 0xb
 1600 00cb 3A       		.uleb128 0x3a
 1601 00cc 0B       		.uleb128 0xb
 1602 00cd 3B       		.uleb128 0x3b
 1603 00ce 0B       		.uleb128 0xb
 1604 00cf 01       		.uleb128 0x1
 1605 00d0 13       		.uleb128 0x13
 1606 00d1 00       		.byte	0
 1607 00d2 00       		.byte	0
 1608 00d3 12       		.uleb128 0x12
 1609 00d4 17       		.uleb128 0x17
 1610 00d5 01       		.byte	0x1
 1611 00d6 0B       		.uleb128 0xb
 1612 00d7 0B       		.uleb128 0xb
 1613 00d8 3A       		.uleb128 0x3a
 1614 00d9 0B       		.uleb128 0xb
 1615 00da 3B       		.uleb128 0x3b
 1616 00db 0B       		.uleb128 0xb
 1617 00dc 01       		.uleb128 0x1
 1618 00dd 13       		.uleb128 0x13
 1619 00de 00       		.byte	0
 1620 00df 00       		.byte	0
 1621 00e0 13       		.uleb128 0x13
 1622 00e1 0D       		.uleb128 0xd
 1623 00e2 00       		.byte	0
 1624 00e3 03       		.uleb128 0x3
 1625 00e4 0E       		.uleb128 0xe
 1626 00e5 3A       		.uleb128 0x3a
 1627 00e6 0B       		.uleb128 0xb
 1628 00e7 3B       		.uleb128 0x3b
 1629 00e8 05       		.uleb128 0x5
 1630 00e9 49       		.uleb128 0x49
 1631 00ea 13       		.uleb128 0x13
 1632 00eb 00       		.byte	0
 1633 00ec 00       		.byte	0
 1634 00ed 14       		.uleb128 0x14
 1635 00ee 35       		.uleb128 0x35
 1636 00ef 00       		.byte	0
 1637 00f0 49       		.uleb128 0x49
 1638 00f1 13       		.uleb128 0x13
 1639 00f2 00       		.byte	0
 1640 00f3 00       		.byte	0
 1641 00f4 15       		.uleb128 0x15
 1642 00f5 01       		.uleb128 0x1
 1643 00f6 01       		.byte	0x1
 1644 00f7 49       		.uleb128 0x49
 1645 00f8 13       		.uleb128 0x13
 1646 00f9 01       		.uleb128 0x1
 1647 00fa 13       		.uleb128 0x13
 1648 00fb 00       		.byte	0
ARM GAS  /tmp/ccKFnoS1.s 			page 30


 1649 00fc 00       		.byte	0
 1650 00fd 16       		.uleb128 0x16
 1651 00fe 21       		.uleb128 0x21
 1652 00ff 00       		.byte	0
 1653 0100 49       		.uleb128 0x49
 1654 0101 13       		.uleb128 0x13
 1655 0102 2F       		.uleb128 0x2f
 1656 0103 0B       		.uleb128 0xb
 1657 0104 00       		.byte	0
 1658 0105 00       		.byte	0
 1659 0106 17       		.uleb128 0x17
 1660 0107 15       		.uleb128 0x15
 1661 0108 01       		.byte	0x1
 1662 0109 27       		.uleb128 0x27
 1663 010a 19       		.uleb128 0x19
 1664 010b 49       		.uleb128 0x49
 1665 010c 13       		.uleb128 0x13
 1666 010d 01       		.uleb128 0x1
 1667 010e 13       		.uleb128 0x13
 1668 010f 00       		.byte	0
 1669 0110 00       		.byte	0
 1670 0111 18       		.uleb128 0x18
 1671 0112 2E       		.uleb128 0x2e
 1672 0113 01       		.byte	0x1
 1673 0114 03       		.uleb128 0x3
 1674 0115 08       		.uleb128 0x8
 1675 0116 3A       		.uleb128 0x3a
 1676 0117 0B       		.uleb128 0xb
 1677 0118 3B       		.uleb128 0x3b
 1678 0119 0B       		.uleb128 0xb
 1679 011a 27       		.uleb128 0x27
 1680 011b 19       		.uleb128 0x19
 1681 011c 49       		.uleb128 0x49
 1682 011d 13       		.uleb128 0x13
 1683 011e 11       		.uleb128 0x11
 1684 011f 01       		.uleb128 0x1
 1685 0120 12       		.uleb128 0x12
 1686 0121 06       		.uleb128 0x6
 1687 0122 40       		.uleb128 0x40
 1688 0123 18       		.uleb128 0x18
 1689 0124 9742     		.uleb128 0x2117
 1690 0126 19       		.uleb128 0x19
 1691 0127 01       		.uleb128 0x1
 1692 0128 13       		.uleb128 0x13
 1693 0129 00       		.byte	0
 1694 012a 00       		.byte	0
 1695 012b 19       		.uleb128 0x19
 1696 012c 05       		.uleb128 0x5
 1697 012d 00       		.byte	0
 1698 012e 03       		.uleb128 0x3
 1699 012f 08       		.uleb128 0x8
 1700 0130 3A       		.uleb128 0x3a
 1701 0131 0B       		.uleb128 0xb
 1702 0132 3B       		.uleb128 0x3b
 1703 0133 0B       		.uleb128 0xb
 1704 0134 49       		.uleb128 0x49
 1705 0135 13       		.uleb128 0x13
ARM GAS  /tmp/ccKFnoS1.s 			page 31


 1706 0136 02       		.uleb128 0x2
 1707 0137 17       		.uleb128 0x17
 1708 0138 00       		.byte	0
 1709 0139 00       		.byte	0
 1710 013a 1A       		.uleb128 0x1a
 1711 013b 05       		.uleb128 0x5
 1712 013c 00       		.byte	0
 1713 013d 03       		.uleb128 0x3
 1714 013e 08       		.uleb128 0x8
 1715 013f 3A       		.uleb128 0x3a
 1716 0140 0B       		.uleb128 0xb
 1717 0141 3B       		.uleb128 0x3b
 1718 0142 0B       		.uleb128 0xb
 1719 0143 49       		.uleb128 0x49
 1720 0144 13       		.uleb128 0x13
 1721 0145 02       		.uleb128 0x2
 1722 0146 18       		.uleb128 0x18
 1723 0147 00       		.byte	0
 1724 0148 00       		.byte	0
 1725 0149 1B       		.uleb128 0x1b
 1726 014a 34       		.uleb128 0x34
 1727 014b 00       		.byte	0
 1728 014c 03       		.uleb128 0x3
 1729 014d 08       		.uleb128 0x8
 1730 014e 3A       		.uleb128 0x3a
 1731 014f 0B       		.uleb128 0xb
 1732 0150 3B       		.uleb128 0x3b
 1733 0151 0B       		.uleb128 0xb
 1734 0152 49       		.uleb128 0x49
 1735 0153 13       		.uleb128 0x13
 1736 0154 02       		.uleb128 0x2
 1737 0155 17       		.uleb128 0x17
 1738 0156 00       		.byte	0
 1739 0157 00       		.byte	0
 1740 0158 1C       		.uleb128 0x1c
 1741 0159 2E       		.uleb128 0x2e
 1742 015a 01       		.byte	0x1
 1743 015b 03       		.uleb128 0x3
 1744 015c 0E       		.uleb128 0xe
 1745 015d 3A       		.uleb128 0x3a
 1746 015e 0B       		.uleb128 0xb
 1747 015f 3B       		.uleb128 0x3b
 1748 0160 0B       		.uleb128 0xb
 1749 0161 27       		.uleb128 0x27
 1750 0162 19       		.uleb128 0x19
 1751 0163 49       		.uleb128 0x49
 1752 0164 13       		.uleb128 0x13
 1753 0165 11       		.uleb128 0x11
 1754 0166 01       		.uleb128 0x1
 1755 0167 12       		.uleb128 0x12
 1756 0168 06       		.uleb128 0x6
 1757 0169 40       		.uleb128 0x40
 1758 016a 18       		.uleb128 0x18
 1759 016b 9742     		.uleb128 0x2117
 1760 016d 19       		.uleb128 0x19
 1761 016e 01       		.uleb128 0x1
 1762 016f 13       		.uleb128 0x13
ARM GAS  /tmp/ccKFnoS1.s 			page 32


 1763 0170 00       		.byte	0
 1764 0171 00       		.byte	0
 1765 0172 1D       		.uleb128 0x1d
 1766 0173 898201   		.uleb128 0x4109
 1767 0176 01       		.byte	0x1
 1768 0177 11       		.uleb128 0x11
 1769 0178 01       		.uleb128 0x1
 1770 0179 31       		.uleb128 0x31
 1771 017a 13       		.uleb128 0x13
 1772 017b 00       		.byte	0
 1773 017c 00       		.byte	0
 1774 017d 1E       		.uleb128 0x1e
 1775 017e 8A8201   		.uleb128 0x410a
 1776 0181 00       		.byte	0
 1777 0182 02       		.uleb128 0x2
 1778 0183 18       		.uleb128 0x18
 1779 0184 9142     		.uleb128 0x2111
 1780 0186 18       		.uleb128 0x18
 1781 0187 00       		.byte	0
 1782 0188 00       		.byte	0
 1783 0189 1F       		.uleb128 0x1f
 1784 018a 2E       		.uleb128 0x2e
 1785 018b 01       		.byte	0x1
 1786 018c 3F       		.uleb128 0x3f
 1787 018d 19       		.uleb128 0x19
 1788 018e 03       		.uleb128 0x3
 1789 018f 0E       		.uleb128 0xe
 1790 0190 3A       		.uleb128 0x3a
 1791 0191 0B       		.uleb128 0xb
 1792 0192 3B       		.uleb128 0x3b
 1793 0193 0B       		.uleb128 0xb
 1794 0194 27       		.uleb128 0x27
 1795 0195 19       		.uleb128 0x19
 1796 0196 11       		.uleb128 0x11
 1797 0197 01       		.uleb128 0x1
 1798 0198 12       		.uleb128 0x12
 1799 0199 06       		.uleb128 0x6
 1800 019a 40       		.uleb128 0x40
 1801 019b 18       		.uleb128 0x18
 1802 019c 9742     		.uleb128 0x2117
 1803 019e 19       		.uleb128 0x19
 1804 019f 01       		.uleb128 0x1
 1805 01a0 13       		.uleb128 0x13
 1806 01a1 00       		.byte	0
 1807 01a2 00       		.byte	0
 1808 01a3 20       		.uleb128 0x20
 1809 01a4 05       		.uleb128 0x5
 1810 01a5 00       		.byte	0
 1811 01a6 03       		.uleb128 0x3
 1812 01a7 0E       		.uleb128 0xe
 1813 01a8 3A       		.uleb128 0x3a
 1814 01a9 0B       		.uleb128 0xb
 1815 01aa 3B       		.uleb128 0x3b
 1816 01ab 0B       		.uleb128 0xb
 1817 01ac 49       		.uleb128 0x49
 1818 01ad 13       		.uleb128 0x13
 1819 01ae 02       		.uleb128 0x2
ARM GAS  /tmp/ccKFnoS1.s 			page 33


 1820 01af 17       		.uleb128 0x17
 1821 01b0 00       		.byte	0
 1822 01b1 00       		.byte	0
 1823 01b2 21       		.uleb128 0x21
 1824 01b3 05       		.uleb128 0x5
 1825 01b4 00       		.byte	0
 1826 01b5 03       		.uleb128 0x3
 1827 01b6 0E       		.uleb128 0xe
 1828 01b7 3A       		.uleb128 0x3a
 1829 01b8 0B       		.uleb128 0xb
 1830 01b9 3B       		.uleb128 0x3b
 1831 01ba 0B       		.uleb128 0xb
 1832 01bb 49       		.uleb128 0x49
 1833 01bc 13       		.uleb128 0x13
 1834 01bd 02       		.uleb128 0x2
 1835 01be 18       		.uleb128 0x18
 1836 01bf 00       		.byte	0
 1837 01c0 00       		.byte	0
 1838 01c1 22       		.uleb128 0x22
 1839 01c2 34       		.uleb128 0x34
 1840 01c3 00       		.byte	0
 1841 01c4 03       		.uleb128 0x3
 1842 01c5 08       		.uleb128 0x8
 1843 01c6 3A       		.uleb128 0x3a
 1844 01c7 0B       		.uleb128 0xb
 1845 01c8 3B       		.uleb128 0x3b
 1846 01c9 0B       		.uleb128 0xb
 1847 01ca 49       		.uleb128 0x49
 1848 01cb 13       		.uleb128 0x13
 1849 01cc 02       		.uleb128 0x2
 1850 01cd 18       		.uleb128 0x18
 1851 01ce 00       		.byte	0
 1852 01cf 00       		.byte	0
 1853 01d0 23       		.uleb128 0x23
 1854 01d1 34       		.uleb128 0x34
 1855 01d2 00       		.byte	0
 1856 01d3 03       		.uleb128 0x3
 1857 01d4 0E       		.uleb128 0xe
 1858 01d5 3A       		.uleb128 0x3a
 1859 01d6 0B       		.uleb128 0xb
 1860 01d7 3B       		.uleb128 0x3b
 1861 01d8 05       		.uleb128 0x5
 1862 01d9 49       		.uleb128 0x49
 1863 01da 13       		.uleb128 0x13
 1864 01db 3F       		.uleb128 0x3f
 1865 01dc 19       		.uleb128 0x19
 1866 01dd 3C       		.uleb128 0x3c
 1867 01de 19       		.uleb128 0x19
 1868 01df 00       		.byte	0
 1869 01e0 00       		.byte	0
 1870 01e1 24       		.uleb128 0x24
 1871 01e2 34       		.uleb128 0x34
 1872 01e3 00       		.byte	0
 1873 01e4 03       		.uleb128 0x3
 1874 01e5 08       		.uleb128 0x8
 1875 01e6 3A       		.uleb128 0x3a
 1876 01e7 0B       		.uleb128 0xb
ARM GAS  /tmp/ccKFnoS1.s 			page 34


 1877 01e8 3B       		.uleb128 0x3b
 1878 01e9 05       		.uleb128 0x5
 1879 01ea 49       		.uleb128 0x49
 1880 01eb 13       		.uleb128 0x13
 1881 01ec 3F       		.uleb128 0x3f
 1882 01ed 19       		.uleb128 0x19
 1883 01ee 3C       		.uleb128 0x3c
 1884 01ef 19       		.uleb128 0x19
 1885 01f0 00       		.byte	0
 1886 01f1 00       		.byte	0
 1887 01f2 25       		.uleb128 0x25
 1888 01f3 2E       		.uleb128 0x2e
 1889 01f4 01       		.byte	0x1
 1890 01f5 3F       		.uleb128 0x3f
 1891 01f6 19       		.uleb128 0x19
 1892 01f7 03       		.uleb128 0x3
 1893 01f8 0E       		.uleb128 0xe
 1894 01f9 27       		.uleb128 0x27
 1895 01fa 19       		.uleb128 0x19
 1896 01fb 49       		.uleb128 0x49
 1897 01fc 13       		.uleb128 0x13
 1898 01fd 34       		.uleb128 0x34
 1899 01fe 19       		.uleb128 0x19
 1900 01ff 3C       		.uleb128 0x3c
 1901 0200 19       		.uleb128 0x19
 1902 0201 01       		.uleb128 0x1
 1903 0202 13       		.uleb128 0x13
 1904 0203 00       		.byte	0
 1905 0204 00       		.byte	0
 1906 0205 26       		.uleb128 0x26
 1907 0206 26       		.uleb128 0x26
 1908 0207 00       		.byte	0
 1909 0208 00       		.byte	0
 1910 0209 00       		.byte	0
 1911 020a 00       		.byte	0
 1912              		.section	.debug_loc,"",%progbits
 1913              	.Ldebug_loc0:
 1914              	.LLST0:
 1915 0000 00000000 		.4byte	.LVL0
 1916 0004 14000000 		.4byte	.LVL1
 1917 0008 0100     		.2byte	0x1
 1918 000a 50       		.byte	0x50
 1919 000b 14000000 		.4byte	.LVL1
 1920 000f 16000000 		.4byte	.LVL2
 1921 0013 0400     		.2byte	0x4
 1922 0015 F3       		.byte	0xf3
 1923 0016 01       		.uleb128 0x1
 1924 0017 50       		.byte	0x50
 1925 0018 9F       		.byte	0x9f
 1926 0019 16000000 		.4byte	.LVL2
 1927 001d 1A000000 		.4byte	.LVL3
 1928 0021 0100     		.2byte	0x1
 1929 0023 50       		.byte	0x50
 1930 0024 1A000000 		.4byte	.LVL3
 1931 0028 1C000000 		.4byte	.LFE274
 1932 002c 0400     		.2byte	0x4
 1933 002e F3       		.byte	0xf3
ARM GAS  /tmp/ccKFnoS1.s 			page 35


 1934 002f 01       		.uleb128 0x1
 1935 0030 50       		.byte	0x50
 1936 0031 9F       		.byte	0x9f
 1937 0032 00000000 		.4byte	0
 1938 0036 00000000 		.4byte	0
 1939              	.LLST2:
 1940 003a 00000000 		.4byte	.LVL4
 1941 003e 0E000000 		.4byte	.LVL6
 1942 0042 0100     		.2byte	0x1
 1943 0044 50       		.byte	0x50
 1944 0045 0E000000 		.4byte	.LVL6
 1945 0049 14000000 		.4byte	.LVL9
 1946 004d 0100     		.2byte	0x1
 1947 004f 53       		.byte	0x53
 1948 0050 14000000 		.4byte	.LVL9
 1949 0054 18000000 		.4byte	.LVL10
 1950 0058 0100     		.2byte	0x1
 1951 005a 50       		.byte	0x50
 1952 005b 18000000 		.4byte	.LVL10
 1953 005f 1A000000 		.4byte	.LFE275
 1954 0063 0100     		.2byte	0x1
 1955 0065 53       		.byte	0x53
 1956 0066 00000000 		.4byte	0
 1957 006a 00000000 		.4byte	0
 1958              	.LLST3:
 1959 006e 0E000000 		.4byte	.LVL6
 1960 0072 10000000 		.4byte	.LVL7
 1961 0076 0500     		.2byte	0x5
 1962 0078 71       		.byte	0x71
 1963 0079 00       		.sleb128 0
 1964 007a 72       		.byte	0x72
 1965 007b 00       		.sleb128 0
 1966 007c 22       		.byte	0x22
 1967 007d 10000000 		.4byte	.LVL7
 1968 0081 12000000 		.4byte	.LVL8
 1969 0085 0600     		.2byte	0x6
 1970 0087 71       		.byte	0x71
 1971 0088 00       		.sleb128 0
 1972 0089 73       		.byte	0x73
 1973 008a 10       		.sleb128 16
 1974 008b 06       		.byte	0x6
 1975 008c 22       		.byte	0x22
 1976 008d 12000000 		.4byte	.LVL8
 1977 0091 14000000 		.4byte	.LVL9
 1978 0095 0100     		.2byte	0x1
 1979 0097 50       		.byte	0x50
 1980 0098 00000000 		.4byte	0
 1981 009c 00000000 		.4byte	0
 1982              	.LLST4:
 1983 00a0 08000000 		.4byte	.LVL5
 1984 00a4 0E000000 		.4byte	.LVL6
 1985 00a8 0100     		.2byte	0x1
 1986 00aa 50       		.byte	0x50
 1987 00ab 0E000000 		.4byte	.LVL6
 1988 00af 14000000 		.4byte	.LVL9
 1989 00b3 0100     		.2byte	0x1
 1990 00b5 53       		.byte	0x53
ARM GAS  /tmp/ccKFnoS1.s 			page 36


 1991 00b6 14000000 		.4byte	.LVL9
 1992 00ba 18000000 		.4byte	.LVL10
 1993 00be 0100     		.2byte	0x1
 1994 00c0 50       		.byte	0x50
 1995 00c1 18000000 		.4byte	.LVL10
 1996 00c5 1A000000 		.4byte	.LFE275
 1997 00c9 0100     		.2byte	0x1
 1998 00cb 53       		.byte	0x53
 1999 00cc 00000000 		.4byte	0
 2000 00d0 00000000 		.4byte	0
 2001              	.LLST5:
 2002 00d4 00000000 		.4byte	.LVL11
 2003 00d8 06000000 		.4byte	.LVL13
 2004 00dc 0100     		.2byte	0x1
 2005 00de 50       		.byte	0x50
 2006 00df 06000000 		.4byte	.LVL13
 2007 00e3 26000000 		.4byte	.LFE273
 2008 00e7 0100     		.2byte	0x1
 2009 00e9 54       		.byte	0x54
 2010 00ea 00000000 		.4byte	0
 2011 00ee 00000000 		.4byte	0
 2012              	.LLST6:
 2013 00f2 00000000 		.4byte	.LVL11
 2014 00f6 0C000000 		.4byte	.LVL14
 2015 00fa 0100     		.2byte	0x1
 2016 00fc 51       		.byte	0x51
 2017 00fd 0C000000 		.4byte	.LVL14
 2018 0101 1B000000 		.4byte	.LVL16-1
 2019 0105 0100     		.2byte	0x1
 2020 0107 50       		.byte	0x50
 2021 0108 1B000000 		.4byte	.LVL16-1
 2022 010c 26000000 		.4byte	.LFE273
 2023 0110 0400     		.2byte	0x4
 2024 0112 F3       		.byte	0xf3
 2025 0113 01       		.uleb128 0x1
 2026 0114 51       		.byte	0x51
 2027 0115 9F       		.byte	0x9f
 2028 0116 00000000 		.4byte	0
 2029 011a 00000000 		.4byte	0
 2030              	.LLST7:
 2031 011e 00000000 		.4byte	.LVL11
 2032 0122 14000000 		.4byte	.LVL15
 2033 0126 0100     		.2byte	0x1
 2034 0128 52       		.byte	0x52
 2035 0129 14000000 		.4byte	.LVL15
 2036 012d 26000000 		.4byte	.LFE273
 2037 0131 0100     		.2byte	0x1
 2038 0133 55       		.byte	0x55
 2039 0134 00000000 		.4byte	0
 2040 0138 00000000 		.4byte	0
 2041              	.LLST8:
 2042 013c 04000000 		.4byte	.LVL12
 2043 0140 06000000 		.4byte	.LVL13
 2044 0144 0100     		.2byte	0x1
 2045 0146 50       		.byte	0x50
 2046 0147 06000000 		.4byte	.LVL13
 2047 014b 26000000 		.4byte	.LFE273
ARM GAS  /tmp/ccKFnoS1.s 			page 37


 2048 014f 0100     		.2byte	0x1
 2049 0151 54       		.byte	0x54
 2050 0152 00000000 		.4byte	0
 2051 0156 00000000 		.4byte	0
 2052              	.LLST9:
 2053 015a 00000000 		.4byte	.LVL17
 2054 015e 0C000000 		.4byte	.LVL19
 2055 0162 0100     		.2byte	0x1
 2056 0164 50       		.byte	0x50
 2057 0165 0C000000 		.4byte	.LVL19
 2058 0169 24000000 		.4byte	.LFE272
 2059 016d 0100     		.2byte	0x1
 2060 016f 54       		.byte	0x54
 2061 0170 00000000 		.4byte	0
 2062 0174 00000000 		.4byte	0
 2063              	.LLST10:
 2064 0178 00000000 		.4byte	.LVL17
 2065 017c 19000000 		.4byte	.LVL21-1
 2066 0180 0100     		.2byte	0x1
 2067 0182 51       		.byte	0x51
 2068 0183 19000000 		.4byte	.LVL21-1
 2069 0187 24000000 		.4byte	.LFE272
 2070 018b 0400     		.2byte	0x4
 2071 018d F3       		.byte	0xf3
 2072 018e 01       		.uleb128 0x1
 2073 018f 51       		.byte	0x51
 2074 0190 9F       		.byte	0x9f
 2075 0191 00000000 		.4byte	0
 2076 0195 00000000 		.4byte	0
 2077              	.LLST11:
 2078 0199 00000000 		.4byte	.LVL17
 2079 019d 12000000 		.4byte	.LVL20
 2080 01a1 0100     		.2byte	0x1
 2081 01a3 52       		.byte	0x52
 2082 01a4 12000000 		.4byte	.LVL20
 2083 01a8 24000000 		.4byte	.LFE272
 2084 01ac 0100     		.2byte	0x1
 2085 01ae 55       		.byte	0x55
 2086 01af 00000000 		.4byte	0
 2087 01b3 00000000 		.4byte	0
 2088              	.LLST12:
 2089 01b7 08000000 		.4byte	.LVL18
 2090 01bb 0C000000 		.4byte	.LVL19
 2091 01bf 0100     		.2byte	0x1
 2092 01c1 50       		.byte	0x50
 2093 01c2 0C000000 		.4byte	.LVL19
 2094 01c6 24000000 		.4byte	.LFE272
 2095 01ca 0100     		.2byte	0x1
 2096 01cc 54       		.byte	0x54
 2097 01cd 00000000 		.4byte	0
 2098 01d1 00000000 		.4byte	0
 2099              	.LLST13:
 2100 01d5 00000000 		.4byte	.LVL22
 2101 01d9 0A000000 		.4byte	.LVL23
 2102 01dd 0100     		.2byte	0x1
 2103 01df 51       		.byte	0x51
 2104 01e0 0A000000 		.4byte	.LVL23
ARM GAS  /tmp/ccKFnoS1.s 			page 38


 2105 01e4 1C000000 		.4byte	.LFE276
 2106 01e8 0200     		.2byte	0x2
 2107 01ea 70       		.byte	0x70
 2108 01eb 04       		.sleb128 4
 2109 01ec 00000000 		.4byte	0
 2110 01f0 00000000 		.4byte	0
 2111              		.section	.debug_aranges,"",%progbits
 2112 0000 3C000000 		.4byte	0x3c
 2113 0004 0200     		.2byte	0x2
 2114 0006 00000000 		.4byte	.Ldebug_info0
 2115 000a 04       		.byte	0x4
 2116 000b 00       		.byte	0
 2117 000c 0000     		.2byte	0
 2118 000e 0000     		.2byte	0
 2119 0010 00000000 		.4byte	.LFB274
 2120 0014 1C000000 		.4byte	.LFE274-.LFB274
 2121 0018 00000000 		.4byte	.LFB275
 2122 001c 1A000000 		.4byte	.LFE275-.LFB275
 2123 0020 00000000 		.4byte	.LFB273
 2124 0024 26000000 		.4byte	.LFE273-.LFB273
 2125 0028 00000000 		.4byte	.LFB272
 2126 002c 24000000 		.4byte	.LFE272-.LFB272
 2127 0030 00000000 		.4byte	.LFB276
 2128 0034 1C000000 		.4byte	.LFE276-.LFB276
 2129 0038 00000000 		.4byte	0
 2130 003c 00000000 		.4byte	0
 2131              		.section	.debug_ranges,"",%progbits
 2132              	.Ldebug_ranges0:
 2133 0000 00000000 		.4byte	.LFB274
 2134 0004 1C000000 		.4byte	.LFE274
 2135 0008 00000000 		.4byte	.LFB275
 2136 000c 1A000000 		.4byte	.LFE275
 2137 0010 00000000 		.4byte	.LFB273
 2138 0014 26000000 		.4byte	.LFE273
 2139 0018 00000000 		.4byte	.LFB272
 2140 001c 24000000 		.4byte	.LFE272
 2141 0020 00000000 		.4byte	.LFB276
 2142 0024 1C000000 		.4byte	.LFE276
 2143 0028 00000000 		.4byte	0
 2144 002c 00000000 		.4byte	0
 2145              		.section	.debug_line,"",%progbits
 2146              	.Ldebug_line0:
 2147 0000 3E030000 		.section	.debug_str,"MS",%progbits,1
 2147      0200C702 
 2147      00000201 
 2147      FB0E0D00 
 2147      01010101 
 2148              	.LASF23:
 2149 0000 74726566 		.ascii	"trefs_t\000"
 2149      735F7400 
 2150              	.LASF52:
 2151 0008 72656164 		.ascii	"ready_list_t\000"
 2151      795F6C69 
 2151      73745F74 
 2151      00
 2152              	.LASF2:
 2153 0015 73697A65 		.ascii	"size_t\000"
ARM GAS  /tmp/ccKFnoS1.s 			page 39


 2153      5F7400
 2154              	.LASF86:
 2155 001c 7264796D 		.ascii	"rdymsg\000"
 2155      736700
 2156              	.LASF19:
 2157 0023 75696E74 		.ascii	"uint64_t\000"
 2157      36345F74 
 2157      00
 2158              	.LASF3:
 2159 002c 5F5F7569 		.ascii	"__uint8_t\000"
 2159      6E74385F 
 2159      7400
 2160              	.LASF83:
 2161 0036 706F7274 		.ascii	"port_intctx\000"
 2161      5F696E74 
 2161      63747800 
 2162              	.LASF71:
 2163 0042 73797374 		.ascii	"system_debug_t\000"
 2163      656D5F64 
 2163      65627567 
 2163      5F7400
 2164              	.LASF13:
 2165 0051 6C6F6E67 		.ascii	"long long unsigned int\000"
 2165      206C6F6E 
 2165      6720756E 
 2165      7369676E 
 2165      65642069 
 2166              	.LASF87:
 2167 0068 65786974 		.ascii	"exitcode\000"
 2167      636F6465 
 2167      00
 2168              	.LASF78:
 2169 0071 6D61696E 		.ascii	"mainthread\000"
 2169      74687265 
 2169      616400
 2170              	.LASF90:
 2171 007c 73656E74 		.ascii	"sentmsg\000"
 2171      6D736700 
 2172              	.LASF68:
 2173 0084 76697274 		.ascii	"virtual_timers_list_t\000"
 2173      75616C5F 
 2173      74696D65 
 2173      72735F6C 
 2173      6973745F 
 2174              	.LASF111:
 2175 009a 49544D5F 		.ascii	"ITM_RxBuffer\000"
 2175      52784275 
 2175      66666572 
 2175      00
 2176              	.LASF51:
 2177 00a7 63685F74 		.ascii	"ch_threads_queue\000"
 2177      68726561 
 2177      64735F71 
 2177      75657565 
 2177      00
 2178              	.LASF32:
 2179 00b8 705F7072 		.ascii	"p_prio\000"
ARM GAS  /tmp/ccKFnoS1.s 			page 40


 2179      696F00
 2180              	.LASF109:
 2181 00bf 72656164 		.ascii	"reads\000"
 2181      7300
 2182              	.LASF11:
 2183 00c5 6C6F6E67 		.ascii	"long long int\000"
 2183      206C6F6E 
 2183      6720696E 
 2183      7400
 2184              	.LASF1:
 2185 00d3 7369676E 		.ascii	"signed char\000"
 2185      65642063 
 2185      68617200 
 2186              	.LASF45:
 2187 00df 705F6D70 		.ascii	"p_mpool\000"
 2187      6F6F6C00 
 2188              	.LASF98:
 2189 00e7 6D5F7175 		.ascii	"m_queue\000"
 2189      65756500 
 2190              	.LASF77:
 2191 00ef 76746C69 		.ascii	"vtlist\000"
 2191      737400
 2192              	.LASF89:
 2193 00f6 77747472 		.ascii	"wttrp\000"
 2193      7000
 2194              	.LASF75:
 2195 00fc 63685F73 		.ascii	"ch_system\000"
 2195      79737465 
 2195      6D00
 2196              	.LASF8:
 2197 0106 6C6F6E67 		.ascii	"long int\000"
 2197      20696E74 
 2197      00
 2198              	.LASF22:
 2199 010f 74737461 		.ascii	"tstate_t\000"
 2199      74655F74 
 2199      00
 2200              	.LASF116:
 2201 0118 6D656D63 		.ascii	"memcpy\000"
 2201      707900
 2202              	.LASF106:
 2203 011f 62756666 		.ascii	"buffer\000"
 2203      657200
 2204              	.LASF34:
 2205 0126 705F6E65 		.ascii	"p_newer\000"
 2205      77657200 
 2206              	.LASF95:
 2207 012e 735F7175 		.ascii	"s_queue\000"
 2207      65756500 
 2208              	.LASF57:
 2209 0136 725F6E65 		.ascii	"r_newer\000"
 2209      77657200 
 2210              	.LASF80:
 2211 013e 72656761 		.ascii	"regarm_t\000"
 2211      726D5F74 
 2211      00
 2212              	.LASF64:
ARM GAS  /tmp/ccKFnoS1.s 			page 41


 2213 0147 76745F70 		.ascii	"vt_prev\000"
 2213      72657600 
 2214              	.LASF101:
 2215 014f 6D757465 		.ascii	"mutex_t\000"
 2215      785F7400 
 2216              	.LASF79:
 2217 0157 69646C65 		.ascii	"idle_thread_wa\000"
 2217      5F746872 
 2217      6561645F 
 2217      776100
 2218              	.LASF27:
 2219 0166 636E745F 		.ascii	"cnt_t\000"
 2219      7400
 2220              	.LASF0:
 2221 016c 756E7369 		.ascii	"unsigned int\000"
 2221      676E6564 
 2221      20696E74 
 2221      00
 2222              	.LASF63:
 2223 0179 76745F6E 		.ascii	"vt_next\000"
 2223      65787400 
 2224              	.LASF91:
 2225 0181 77747365 		.ascii	"wtsemp\000"
 2225      6D7000
 2226              	.LASF41:
 2227 0188 705F6D73 		.ascii	"p_msgqueue\000"
 2227      67717565 
 2227      756500
 2228              	.LASF96:
 2229 0193 735F636E 		.ascii	"s_cnt\000"
 2229      7400
 2230              	.LASF6:
 2231 0199 73686F72 		.ascii	"short unsigned int\000"
 2231      7420756E 
 2231      7369676E 
 2231      65642069 
 2231      6E7400
 2232              	.LASF48:
 2233 01ac 63685F74 		.ascii	"ch_thread\000"
 2233      68726561 
 2233      6400
 2234              	.LASF25:
 2235 01b6 6D73675F 		.ascii	"msg_t\000"
 2235      7400
 2236              	.LASF74:
 2237 01bc 63685F73 		.ascii	"ch_system_t\000"
 2237      79737465 
 2237      6D5F7400 
 2238              	.LASF110:
 2239 01c8 77726974 		.ascii	"writes\000"
 2239      657300
 2240              	.LASF21:
 2241 01cf 746D6F64 		.ascii	"tmode_t\000"
 2241      655F7400 
 2242              	.LASF53:
 2243 01d7 63685F72 		.ascii	"ch_ready_list\000"
 2243      65616479 
ARM GAS  /tmp/ccKFnoS1.s 			page 42


 2243      5F6C6973 
 2243      7400
 2244              	.LASF26:
 2245 01e5 6576656E 		.ascii	"eventmask_t\000"
 2245      746D6173 
 2245      6B5F7400 
 2246              	.LASF7:
 2247 01f1 5F5F696E 		.ascii	"__int32_t\000"
 2247      7433325F 
 2247      7400
 2248              	.LASF81:
 2249 01fb 73746B61 		.ascii	"stkalign_t\000"
 2249      6C69676E 
 2249      5F7400
 2250              	.LASF115:
 2251 0206 6D734F62 		.ascii	"msObjectInit\000"
 2251      6A656374 
 2251      496E6974 
 2251      00
 2252              	.LASF104:
 2253 0213 77726974 		.ascii	"write\000"
 2253      6500
 2254              	.LASF40:
 2255 0219 705F7761 		.ascii	"p_waiting\000"
 2255      6974696E 
 2255      6700
 2256              	.LASF14:
 2257 0223 73697A65 		.ascii	"sizetype\000"
 2257      74797065 
 2257      00
 2258              	.LASF46:
 2259 022c 74687265 		.ascii	"thread_reference_t\000"
 2259      61645F72 
 2259      65666572 
 2259      656E6365 
 2259      5F7400
 2260              	.LASF69:
 2261 023f 63685F76 		.ascii	"ch_virtual_timers_list\000"
 2261      69727475 
 2261      616C5F74 
 2261      696D6572 
 2261      735F6C69 
 2262              	.LASF54:
 2263 0256 725F7175 		.ascii	"r_queue\000"
 2263      65756500 
 2264              	.LASF70:
 2265 025e 76745F6C 		.ascii	"vt_lasttime\000"
 2265      61737474 
 2265      696D6500 
 2266              	.LASF35:
 2267 026a 705F6F6C 		.ascii	"p_older\000"
 2267      64657200 
 2268              	.LASF56:
 2269 0272 725F6374 		.ascii	"r_ctx\000"
 2269      7800
 2270              	.LASF85:
 2271 0278 746D5F63 		.ascii	"tm_calibration_t\000"
ARM GAS  /tmp/ccKFnoS1.s 			page 43


 2271      616C6962 
 2271      72617469 
 2271      6F6E5F74 
 2271      00
 2272              	.LASF59:
 2273 0289 725F6375 		.ascii	"r_current\000"
 2273      7272656E 
 2273      7400
 2274              	.LASF58:
 2275 0293 725F6F6C 		.ascii	"r_older\000"
 2275      64657200 
 2276              	.LASF103:
 2277 029b 4D656D53 		.ascii	"MemStreamVMT\000"
 2277      74726561 
 2277      6D564D54 
 2277      00
 2278              	.LASF12:
 2279 02a8 5F5F7569 		.ascii	"__uint64_t\000"
 2279      6E743634 
 2279      5F7400
 2280              	.LASF61:
 2281 02b3 76697274 		.ascii	"virtual_timer_t\000"
 2281      75616C5F 
 2281      74696D65 
 2281      725F7400 
 2282              	.LASF31:
 2283 02c3 705F7072 		.ascii	"p_prev\000"
 2283      657600
 2284              	.LASF24:
 2285 02ca 74707269 		.ascii	"tprio_t\000"
 2285      6F5F7400 
 2286              	.LASF113:
 2287 02d2 2E2E2F43 		.ascii	"../ChibiOS/os/hal/lib/streams/memstreams.c\000"
 2287      68696269 
 2287      4F532F6F 
 2287      732F6861 
 2287      6C2F6C69 
 2288              	.LASF108:
 2289 02fd 4D656D6F 		.ascii	"MemoryStream\000"
 2289      72795374 
 2289      7265616D 
 2289      00
 2290              	.LASF72:
 2291 030a 63685F73 		.ascii	"ch_system_debug\000"
 2291      79737465 
 2291      6D5F6465 
 2291      62756700 
 2292              	.LASF102:
 2293 031a 5F426F6F 		.ascii	"_Bool\000"
 2293      6C00
 2294              	.LASF17:
 2295 0320 696E7433 		.ascii	"int32_t\000"
 2295      325F7400 
 2296              	.LASF4:
 2297 0328 756E7369 		.ascii	"unsigned char\000"
 2297      676E6564 
 2297      20636861 
ARM GAS  /tmp/ccKFnoS1.s 			page 44


 2297      7200
 2298              	.LASF37:
 2299 0336 705F7374 		.ascii	"p_state\000"
 2299      61746500 
 2300              	.LASF43:
 2301 033e 705F6D74 		.ascii	"p_mtxlist\000"
 2301      786C6973 
 2301      7400
 2302              	.LASF5:
 2303 0348 73686F72 		.ascii	"short int\000"
 2303      7420696E 
 2303      7400
 2304              	.LASF55:
 2305 0352 725F7072 		.ascii	"r_prio\000"
 2305      696F00
 2306              	.LASF93:
 2307 0359 65776D61 		.ascii	"ewmask\000"
 2307      736B00
 2308              	.LASF30:
 2309 0360 705F6E65 		.ascii	"p_next\000"
 2309      787400
 2310              	.LASF38:
 2311 0367 705F666C 		.ascii	"p_flags\000"
 2311      61677300 
 2312              	.LASF36:
 2313 036f 705F6E61 		.ascii	"p_name\000"
 2313      6D6500
 2314              	.LASF62:
 2315 0376 63685F76 		.ascii	"ch_virtual_timer\000"
 2315      69727475 
 2315      616C5F74 
 2315      696D6572 
 2315      00
 2316              	.LASF94:
 2317 0387 63685F73 		.ascii	"ch_semaphore\000"
 2317      656D6170 
 2317      686F7265 
 2317      00
 2318              	.LASF42:
 2319 0394 705F6570 		.ascii	"p_epending\000"
 2319      656E6469 
 2319      6E6700
 2320              	.LASF18:
 2321 039f 75696E74 		.ascii	"uint32_t\000"
 2321      33325F74 
 2321      00
 2322              	.LASF92:
 2323 03a8 77746D74 		.ascii	"wtmtxp\000"
 2323      787000
 2324              	.LASF114:
 2325 03af 2F6E6673 		.ascii	"/nfs/nfs4/home/cojthack/442FinalProject/milestone3\000"
 2325      2F6E6673 
 2325      342F686F 
 2325      6D652F63 
 2325      6F6A7468 
 2326              	.LASF65:
 2327 03e2 76745F64 		.ascii	"vt_delta\000"
ARM GAS  /tmp/ccKFnoS1.s 			page 45


 2327      656C7461 
 2327      00
 2328              	.LASF49:
 2329 03eb 63685F74 		.ascii	"ch_threads_list\000"
 2329      68726561 
 2329      64735F6C 
 2329      69737400 
 2330              	.LASF10:
 2331 03fb 6C6F6E67 		.ascii	"long unsigned int\000"
 2331      20756E73 
 2331      69676E65 
 2331      6420696E 
 2331      7400
 2332              	.LASF105:
 2333 040d 72656164 		.ascii	"read\000"
 2333      00
 2334              	.LASF15:
 2335 0412 63686172 		.ascii	"char\000"
 2335      00
 2336              	.LASF29:
 2337 0417 74687265 		.ascii	"thread_t\000"
 2337      61645F74 
 2337      00
 2338              	.LASF112:
 2339 0420 474E5520 		.ascii	"GNU C 4.8.4 20140526 (release) [ARM/embedded-4_8-br"
 2339      4320342E 
 2339      382E3420 
 2339      32303134 
 2339      30353236 
 2340 0453 616E6368 		.ascii	"anch revision 211358] -mcpu=cortex-m4 -mno-thumb-in"
 2340      20726576 
 2340      6973696F 
 2340      6E203231 
 2340      31333538 
 2341 0486 74657277 		.ascii	"terwork -mthumb -ggdb -O2 -fomit-frame-pointer -fal"
 2341      6F726B20 
 2341      2D6D7468 
 2341      756D6220 
 2341      2D676764 
 2342 04b9 69676E2D 		.ascii	"ign-functions=16 -ffunction-sections -fdata-section"
 2342      66756E63 
 2342      74696F6E 
 2342      733D3136 
 2342      202D6666 
 2343 04ec 73202D66 		.ascii	"s -fno-common\000"
 2343      6E6F2D63 
 2343      6F6D6D6F 
 2343      6E00
 2344              	.LASF100:
 2345 04fa 6D5F6E65 		.ascii	"m_next\000"
 2345      787400
 2346              	.LASF28:
 2347 0501 73797374 		.ascii	"systime_t\000"
 2347      696D655F 
 2347      7400
 2348              	.LASF44:
 2349 050b 705F7265 		.ascii	"p_realprio\000"
ARM GAS  /tmp/ccKFnoS1.s 			page 46


 2349      616C7072 
 2349      696F00
 2350              	.LASF60:
 2351 0516 76746675 		.ascii	"vtfunc_t\000"
 2351      6E635F74 
 2351      00
 2352              	.LASF9:
 2353 051f 5F5F7569 		.ascii	"__uint32_t\000"
 2353      6E743332 
 2353      5F7400
 2354              	.LASF73:
 2355 052a 70616E69 		.ascii	"panic_msg\000"
 2355      635F6D73 
 2355      6700
 2356              	.LASF84:
 2357 0534 6F666673 		.ascii	"offset\000"
 2357      657400
 2358              	.LASF82:
 2359 053b 636F6E74 		.ascii	"context\000"
 2359      65787400 
 2360              	.LASF20:
 2361 0543 7274636E 		.ascii	"rtcnt_t\000"
 2361      745F7400 
 2362              	.LASF67:
 2363 054b 76745F70 		.ascii	"vt_par\000"
 2363      617200
 2364              	.LASF50:
 2365 0552 74687265 		.ascii	"threads_queue_t\000"
 2365      6164735F 
 2365      71756575 
 2365      655F7400 
 2366              	.LASF97:
 2367 0562 63685F6D 		.ascii	"ch_mutex\000"
 2367      75746578 
 2367      00
 2368              	.LASF39:
 2369 056b 705F7265 		.ascii	"p_refs\000"
 2369      667300
 2370              	.LASF76:
 2371 0572 726C6973 		.ascii	"rlist\000"
 2371      7400
 2372              	.LASF16:
 2373 0578 75696E74 		.ascii	"uint8_t\000"
 2373      385F7400 
 2374              	.LASF88:
 2375 0580 77746F62 		.ascii	"wtobjp\000"
 2375      6A7000
 2376              	.LASF107:
 2377 0587 73697A65 		.ascii	"size\000"
 2377      00
 2378              	.LASF47:
 2379 058c 74687265 		.ascii	"threads_list_t\000"
 2379      6164735F 
 2379      6C697374 
 2379      5F7400
 2380              	.LASF99:
 2381 059b 6D5F6F77 		.ascii	"m_owner\000"
ARM GAS  /tmp/ccKFnoS1.s 			page 47


 2381      6E657200 
 2382              	.LASF33:
 2383 05a3 705F6374 		.ascii	"p_ctx\000"
 2383      7800
 2384              	.LASF66:
 2385 05a9 76745F66 		.ascii	"vt_func\000"
 2385      756E6300 
 2386              		.ident	"GCC: (GNU Tools for ARM Embedded Processors) 4.8.4 20140526 (release) [ARM/embedded-4_8-br
ARM GAS  /tmp/ccKFnoS1.s 			page 48


DEFINED SYMBOLS
                            *ABS*:00000000 memstreams.c
     /tmp/ccKFnoS1.s:19     .text.put:00000000 $t
     /tmp/ccKFnoS1.s:24     .text.put:00000000 put
     /tmp/ccKFnoS1.s:60     .text.get:00000000 $t
     /tmp/ccKFnoS1.s:65     .text.get:00000000 get
     /tmp/ccKFnoS1.s:104    .text.reads:00000000 $t
     /tmp/ccKFnoS1.s:109    .text.reads:00000000 reads
     /tmp/ccKFnoS1.s:156    .text.writes:00000000 $t
     /tmp/ccKFnoS1.s:161    .text.writes:00000000 writes
     /tmp/ccKFnoS1.s:204    .text.msObjectInit:00000000 $t
     /tmp/ccKFnoS1.s:210    .text.msObjectInit:00000000 msObjectInit
     /tmp/ccKFnoS1.s:241    .text.msObjectInit:00000018 $d
     /tmp/ccKFnoS1.s:246    .rodata.vmt:00000000 $d
     /tmp/ccKFnoS1.s:250    .rodata.vmt:00000000 vmt
                     .debug_frame:00000010 $d
     /tmp/ccKFnoS1.s:245    .text.msObjectInit:0000001c $t

UNDEFINED SYMBOLS
memcpy
