ARM GAS  /tmp/ccrIIr29.s 			page 1


   1              		.syntax unified
   2              		.cpu cortex-m4
   3              		.fpu softvfp
   4              		.eabi_attribute 20, 1
   5              		.eabi_attribute 21, 1
   6              		.eabi_attribute 23, 3
   7              		.eabi_attribute 24, 1
   8              		.eabi_attribute 25, 1
   9              		.eabi_attribute 26, 1
  10              		.eabi_attribute 30, 2
  11              		.eabi_attribute 34, 1
  12              		.eabi_attribute 18, 4
  13              		.thumb
  14              		.file	"hal.c"
  15              		.text
  16              	.Ltext0:
  17              		.section	.gnu.lto_.jmpfuncs.9dd5f4ba6844d785,"",%progbits
  18 0000 789C6362 		.ascii	"x\234cb`b\300\006d\2414#\214f\252f\370\3250\243A \223"
  18      6062C006 
  18      64A13423 
  18      8C66AA66 
  18      F8D530A3 
  19 0017 91211726 		.ascii	"\221!\027&\010\000@\377\004\033"
  19      080040FF 
  19      041B
  20              		.text
  21              		.section	.gnu.lto_.inline.9dd5f4ba6844d785,"",%progbits
  22 0000 789C6362 		.ascii	"x\234cb`b\300\006,\2414#\003\003\367I \011R\305\266"
  22      6062C006 
  22      2CA13423 
  22      0303F749 
  22      200952C5 
  23 0015 401EAC98 		.ascii	"@\036\254\230\221\013\007\301\304\015\322\000f2\000"
  23      910B07C1 
  23      C40DD200 
  23      663200
  24 0024 00657202 		.ascii	"\000er\002-"
  24      2D
  25              		.text
  26              		.section	.gnu.lto_.pureconst.9dd5f4ba6844d785,"",%progbits
  27 0000 789C6362 		.ascii	"x\234cb`b`f\200\000F\006\011\000\000\203\000!"
  27      60626066 
  27      80004606 
  27      09000083 
  27      0021
  28              		.text
  29              		.section	.gnu.lto_halInit.9dd5f4ba6844d785,"",%progbits
  30 0000 789C6362 		.ascii	"x\234cb`b@\007\222@\234\307\310\300 \007\244\031\231"
  30      60624007 
  30      92409CC7 
  30      C8C02007 
  30      A41999
  31 0013 19189926 		.ascii	"\031\030\231&\234c`h\344`bd\0041\030\030\031\352\231"
  31      9C636068 
  31      E4606264 
  31      04311818 
  31      19EA99
ARM GAS  /tmp/ccrIIr29.s 			page 2


  32 0026 18EB2319 		.ascii	"\030\353#\031\301j\3273\035x\360\377\377\272\017\033"
  32      C16AD733 
  32      1D78F0FF 
  32      FFBA0F1B 
  33 0036 1FCE6314 		.ascii	"\037\316c\024\342\004\012\2602\26444LP``H\006+\010\001"
  33      E2040AB0 
  33      32B43434 
  33      4C506060 
  33      48062B08 
  34 004b 92205DA1 		.ascii	"\222 ]\241\214L \232\371<C\363\203\177v\211\214\013"
  34      8C4C209A 
  34      F93C43F3 
  34      837F7689 
  34      8C0B
  35 005d 195981B2 		.ascii	"\031Y\201\262\325\014\277\032:\032\0042\031\201\252"
  35      D50CBF1A 
  35      3A1A0432 
  35      1981AA
  36 006c 21E66582 		.ascii	"!\346e\202\350\363\014-\017:\2231\0241%3B\034\013\022"
  36      E8F30C2D 
  36      0F3A9331 
  36      14312533 
  36      421C0B12 
  37 0080 91C86464 		.ascii	"\221\310dd\316ed\200*\312dd\001ik~\320s\230\015\233"
  37      CE656480 
  37      2ACA6464 
  37      01696B7E 
  37      D073980D 
  38 0095 E1CCC886 		.ascii	"\341\314\310\2067/X\301\214M\021\013\212\242\007\247"
  38      372F58C1 
  38      8C4D110B 
  38      8AA207A7 
  39 00a5 1663358A 		.ascii	"\026c5\212\025UUo+;6Ul\250\252\346,\305j\026;B\325E"
  39      1555556F 
  39      2B3B3655 
  39      6CA8AAE6 
  39      2CC56A16 
  40 00bd 86C607F3 		.ascii	"\206\306\007\363Ta\212  \004(\001\0144\220\247e\364"
  40      54618A20 
  40      20042801 
  40      0C3490A7 
  40      65F4
  41 00cf F4F49D33 		.ascii	"\364\364\23532\2232\375\203\365\363\213\3653\022s\364"
  41      329332FD 
  41      83F5F38B 
  41      F5331273 
  41      F4
  42 00e0 8B8B9241 		.ascii	"\213\213\222A\264^2\003\000\0341b\253"
  42      B45E3203 
  42      001C3162 
  42      AB
  43              		.text
  44              		.section	.gnu.lto_.symbol_nodes.9dd5f4ba6844d785,"",%progbits
  45 0000 789C45C8 		.ascii	"x\234E\3101\022\202@\020D\321\236^\026\270uSEb\010("
  45      31128240 
  45      1044D19E 
  45      5E16B875 
ARM GAS  /tmp/ccrIIr29.s 			page 3


  45      53456208 
  46 0015 6064C20D 		.ascii	"`d\302\015\274\002\271g\320\362\036\024\313j1\223\274"
  46      BC02B967 
  46      D0F21E14 
  46      CB6A3193 
  46      BC
  47 0026 F94D104F 		.ascii	"\371M\020O\374\217\035\005t/@z\\,^\231>\330\235\262"
  47      FC8F1D05 
  47      742F407A 
  47      5C2C5E99 
  47      3ED89DB2 
  48 003a DFDA3466 		.ascii	"\337\3324f3E\257\211\012^#Ux\335\250\3505P\245WOUg\005"
  48      3345AF89 
  48      0A5E2355 
  48      78DDA8E8 
  48      3550A557 
  49 0052 D468DF5B 		.ascii	"\324h\337[\262\302\222-\261f#\276\331\002\355\3470`"
  49      B2C2922D 
  49      B16623BE 
  49      D902EDE7 
  49      3060
  50 0064 C9126B12 		.ascii	"\311\022k\022;\264\3524<"
  50      3BB4EA34 
  50      3C
  51              		.text
  52              		.section	.gnu.lto_.refs.9dd5f4ba6844d785,"",%progbits
  53 0000 789C6362 		.ascii	"x\234cb`b`e\200\000F\006&F\006\000\000\237\000\016"
  53      60626065 
  53      80004606 
  53      26460600 
  53      009F000E 
  54              		.text
  55              		.section	.gnu.lto_.decls.9dd5f4ba6844d785,"",%progbits
  56 0000 789CBD96 		.ascii	"x\234\275\226\177L\034E\024\307\337\334\301\301Q\254"
  56      7F4C1C45 
  56      14C7DFDC 
  56      C1C151AC 
  57 0010 86C4C66A 		.ascii	"\206\304\306j\023\256j\375\243\011\254\036\325\340\037"
  57      13AE6AFD 
  57      A309AC1E 
  57      D5E01F
  58 001f 622AB495 		.ascii	"b*\264\225\004\205\024k\364\257\315p\273p\233\334/\367"
  58      0485146B 
  58      F4AFCD70 
  58      BB709BDC 
  58      2FF7
  59 0031 16AD7F39 		.ascii	"\026\255\1779P%\215\251\206\342\217HJ\310QA!i\255\351"
  59      50258DA9 
  59      86E28F48 
  59      4AC85141 
  59      2169ADE9 
  60 0045 1FC6586C 		.ascii	"\037\306XlN,\221\306\244\264g-\265\225p\266T\223\232"
  60      4E2C91C6 
  60      A4B4672D 
  60      B59570B6 
  60      54939A
  61 0058 186262D3 		.ascii	"\030bb\323\230\246\347\314\354\336\335.\267\013w\377"
ARM GAS  /tmp/ccrIIr29.s 			page 4


  61      98A6E7CC 
  61      ECDEDD2E 
  61      B70B77FF 
  62 0068 38C97B33 		.ascii	"8\311{3\267\373\346\363\2763ovo]\340\202q\000\310\320"
  62      B7FBE6F3 
  62      BE336F76 
  62      6F5DE082 
  62      7100C8D0 
  63 007c B65405F0 		.ascii	"\266T\005\360\250\033\350\025\200&j\210\332\030\350"
  63      A81BE815 
  63      80266A88 
  63      DA18E8
  64 008b AD92DA39 		.ascii	"\255\222\3329j)j\027\251]\242v\231\332\025j\277RK\033"
  64      6A296A17 
  64      A95DA276 
  64      99DA156A 
  64      BF524B1B 
  65 009f F1D7C0DA 		.ascii	"\361\327\300\332\330\234rj\313\324\346\251\3350\230"
  65      D89C726A 
  65      CBD4E6A9 
  65      DD3098
  66 00ae 8BABB869 		.ascii	"\213\253\270i\203s\305\340^2\362\244\034\270\033\340"
  66      8373C5E0 
  66      5E32F2A4 
  66      1CB81BE0 
  67 00be 5D42FA49 		.ascii	"]B\372Ib\200<?\267\261\006\016\023\332\022\204\240\271"
  67      62803C3F 
  67      B7B1060E 
  67      13DA1284 
  67      A0B9
  68 00d0 8D00AF20 		.ascii	"\215\000\257 \2146z!Y\305G\325^\230d\204m0N\310`z\366"
  68      8C367A21 
  68      59C547D5 
  68      5E986484 
  68      6D304EC8 
  69 00e7 F483A4CC 		.ascii	"\364\203\244\314\230\340s\216\306\350S\264\015\326\217"
  69      98E0738E 
  69      C6E853B4 
  69      0DD68F
  70 00f6 639113A8 		.ascii	"c\221\023\250\006\266\303\024\015\034$d\346!\213N\236"
  70      06B6C314 
  70      0D1C2464 
  70      E6218B4E 
  70      9E
  71 0107 95244FA5 		.ascii	"\225$O\245\252I\231\036\311f|\206\266\203M\333\012\011"
  71      AA49991E 
  71      C9667C86 
  71      B6834DDB 
  71      0A09
  72 0119 167C2135 		.ascii	"\026|!5\202Hb\006\331dO\243l\366-\271%%\207S\310\207"
  72      82486206 
  72      D9644FA3 
  72      6CF62DB9 
  72      25258753 
  73 012f D1148D77 		.ascii	"\321\024\215w\3013\310\202_\027\301\324\034\2433\365"
  73      C133C882 
  73      5F17C1D4 
ARM GAS  /tmp/ccrIIr29.s 			page 5


  73      1CA333F5 
  74 013f 4986DAAB 		.ascii	"I\206\332\253\363\\\355\261\"\324\366'\227\346G63\265"
  74      F35CEDB1 
  74      22D4F627 
  74      97E64736 
  74      33B5
  75 0151 5E3898AF 		.ascii	"^8\230\257H.\233/\233\254,_\202\013\003\263\337\241"
  75      482E9B2F 
  75      9BAC2C5F 
  75      820B03B3 
  75      DFA1
  76 0163 7E5A2C8C 		.ascii	"~Z,\214N\320i.8\203\254\252\213G\235z\177\372iB*1:\311"
  76      4ED0692E 
  76      3883ACAA 
  76      8B479D7A 
  76      7FFA6942 
  77 017b 41299715 		.ascii	"A)\227\025\204Q\205\327,\231\377\316\0060\032\277m\014"
  77      845185D7 
  77      2C99FFCE 
  77      06301ABF 
  77      6D0C
  78 018d D823702F 		.ascii	"\330#p/\224\032\356\202E\236\224m\226\235Pc\2507#\300"
  78      941AEE82 
  78      459E946D 
  78      969D5063 
  78      A83723C0 
  79 01a1 B281E9F1 		.ascii	"\262\201\351\361\273g\021\031\252\316n\306\365\222q"
  79      BB671119 
  79      AACE6EC6 
  79      F59271
  80 01b0 3E4B3D6E 		.ascii	">K=n\315W\017\342,\354f1\260JGm\311\177\315\260\277"
  80      CD570FE2 
  80      2CEC6631 
  80      B04A476D 
  80      C97FCDB0 
  81 01c5 4B865995 		.ascii	"K\206Y\225\3355\303n\027\003\273\317Y\331P\312\004\273"
  81      DD35C36E 
  81      1703BBCF 
  81      59D950CA 
  81      04BB
  82 01d7 5332CCAA 		.ascii	"S2\314\252\354c3\254\317]\004\354\001\033ev\315\374"
  82      EC6333AC 
  82      CF5D04EC 
  82      011B6576 
  82      CDFC
  83 01e9 7461749C 		.ascii	"tat\234\276S0\372\002m\245\376+\356\277\346\376\033"
  83      BE5330FA 
  83      026DA5FE 
  83      2BEEBFE6 
  83      FE1B
  84 01fb EEA7B93F 		.ascii	"\356\247\271?\315}\222\372\\s\301\000\3274\221\327d"
  84      CD7D92FA 
  84      5C73C100 
  84      D73491D7 
  84      64
  85 020c 7D8AD73B 		.ascii	"}\212\327;d$yy/[\240\376\216x\257(\230e\205>\013l\305"
  85      64247979 
ARM GAS  /tmp/ccrIIr29.s 			page 6


  85      2F5BA0FE 
  85      8E78AF28 
  85      9865853E 
  86 0223 04FBB028 		.ascii	"\004\373\260(X\243\263\262\333&\330\221\242`\035\316"
  86      58A3B3B2 
  86      DB26D891 
  86      A2601DCE 
  87 0233 CA063BF3 		.ascii	"\312\006;\363\260\243E\301b\316\312>1\301\246\212\202"
  87      B0A345C1 
  87      62CECA3E 
  87      31C1A68A 
  87      82
  88 0244 1D4436D2 		.ascii	"\035D6\322LgA?\005\237\363S0\311\353\374=\367\263\334"
  88      4C67413F 
  88      059FF353 
  88      30C9EBFC 
  88      3DF7B3DC 
  89 0258 FFC0FD59 		.ascii	"\377\300\375Y\356\177\264\326\377K\367\352\027\233\376"
  89      EE7FB4D6 
  89      FF4BF7EA 
  89      179BFE
  90 0267 5762624F 		.ascii	"WbbO\344\316\031\224F\267;\345\0141\2066dCja\224$\322"
  90      E4CE1994 
  90      46B73BE5 
  90      0C318636 
  90      64436A61 
  91 027e E97F8E4C 		.ascii	"\351\177\216L{\206I\362m\222\311\274\005\233\340#\376"
  91      7B8649F2 
  91      6D92C9BC 
  91      059BE023 
  91      FE
  92 028f A73B405F 		.ascii	"\247;@_\344\032FM\367;\202\346\321&c\264\317\235]\320"
  92      E41A464D 
  92      F73B82E6 
  92      D12663B4 
  92      CF9D5DD0 
  93 02a3 C2AA0501 		.ascii	"\302\252\005\001<\006\023\214G&\211\233\323X\3749Tk"
  93      3C06138C 
  93      4726899B 
  93      D358FC39 
  93      546B
  94 02b5 5DE479E4 		.ascii	"]\344y\3442_`\272\322\203\351\314\350B\037:| 1GV\330"
  94      325F60BA 
  94      D283E9CC 
  94      E8421F3A 
  94      7C203147 
  95 02cb 3B59CFE8 		.ascii	";Y\317\350\202LA\016\035\362\223-d\344\332\334q4T\000"
  95      824C410E 
  95      1DF2932D 
  95      64E4DADC 
  95      71345400 
  96 02df F9B6CC1E 		.ascii	"\371\266\314\036\362\263-d\364\367\225\326a2\243\357"
  96      F2B32D64 
  96      F4F795D6 
  96      6132A3EF 
  97 02ef 5016F1A7 		.ascii	"P\026\361\247\003b\301\026q\361\217\271\332\002\304"
  97      0362C116 
ARM GAS  /tmp/ccrIIr29.s 			page 7


  97      71F18FB9 
  97      DA02C4
  98 02fe 07E5F688 		.ascii	"\007\345\366\210_l\021\267n\2564\025 \246\035\020Wm"
  98      5F6C11B7 
  98      6EAE3415 
  98      20A61D10 
  98      576D
  99 0310 11CB270F 		.ascii	"\021\313'\017m&c\375\311L\346\331\022*\275hT\332\315"
  99      6D2663FD 
  99      C94CE6D9 
  99      122ABD68 
  99      54DACD
 100 0323 BF218D33 		.ascii	"\277!\2153\224/;\260\312\237q\320\261d\277\033\177\235"
 100      942F3BB0 
 100      CA9F71D0 
 100      B164BF1B 
 100      7F9D
 101 0335 9FB4A9CA 		.ascii	"\237\264\251\312;\036{\310oV\310\3030FV\3507\337\211"
 101      3B1E7BC8 
 101      6F56C8C3 
 101      304656E8 
 101      37DF89
 102 0348 438D7D6C 		.ascii	"C\215}l?\310\235L\006Q\311G\3713=\224\2038\177\333]"
 102      3FC89D4C 
 102      0651C947 
 102      F9333D94 
 102      83387FDB 
 103 035d CF032D9F 		.ascii	"\317\003-\237\234\272\020\247}X\316?:\253f-\2561\353"
 103      9CBA10A7 
 103      7D58CE3F 
 103      3AAB662D 
 103      AE31EB
 104 0370 467E1634 		.ascii	"F~\0264\324\327\013\315A\245Ki\357\024\242q!\210CB,"
 104      D4D70BCD 
 104      41A54B69 
 104      EF14A271 
 104      21884342 
 105 0385 AA6A71A1 		.ascii	"\252jq\241\363\245\027\032\374B[[\213\260\247\243\265"
 105      F3A5171A 
 105      FC425B5B 
 105      8BB0A7A3 
 105      B5
 106 0396 FD75BF10 		.ascii	"\375u\277\020\303!1\024\222\352\203\340\331\363\342"
 106      C3213114 
 106      92EA83E0 
 106      D9F3E2
 107 03a5 3E5F33D4 		.ascii	">_3\324\304\265p\203_\354\211)Q1.k\2751\221N\213ts{"
 107      C4B57083 
 107      5FEC8929 
 107      51312E6B 
 107      BD31914E 
 108 03bd 520846C3 		.ascii	"R\010F\303\262\240\312q\031\253\201 \345\252\322\033"
 108      B2A0CA71 
 108      19AB8120 
 108      E5AAD21B 
 109 03cd 589505AC 		.ascii	"X\225\005\254\206\375BO PG\007ur\270K\226$Y\312]\210"
 109      86FD424F 
ARM GAS  /tmp/ccrIIr29.s 			page 8


 109      20504707 
 109      7572B84B 
 109      962459CA 
 110 03e3 4423729D 		.ascii	"D#r\235\214\273\224\272\035bc\235\377\361'v\274\346"
 110      8CBB94BA 
 110      1D62639D 
 110      FFF12776 
 110      BCE6
 111 03f5 172C3704 		.ascii	"\027,7\004%\022\010\365J\262\020\327$%\242Q5\225\275"
 111      251208F5 
 111      4AB210D7 
 111      2425A251 
 111      3595BD
 112 0408 B4A73AB4 		.ascii	"\264\247:\264\003\350\377\313\036\306\201\240\022\221"
 112      03E8FFCB 
 112      1EC681A0 
 112      1291
 113 0416 055192BB 		.ascii	"\005Q\222\273qoH\023\2657cr\234\252\251\022\305\254"
 113      716F4813 
 113      B5376372 
 113      9CAAA912 
 113      C5AC
 114 0428 9EF27054 		.ascii	"\236\362pT\222UO\224\335R+\242\361\230,Kjy\2547&\251"
 114      92554F94 
 114      DD522BA2 
 114      F1982C4B 
 114      6A79AC37 
 115 043e EEA8A496 		.ascii	"\356\250\244\226\341n5\304\\\320\323\261\263\005k\330"
 115      E16E35C4 
 115      5CD0D3B1 
 115      B3056BD8 
 116 044e D3F19CDE 		.ascii	"\323\361\234\3365\353]\213\336\355\322\273\335\254\363"
 116      35EB5D8B 
 116      DEEDD2BB 
 116      DDACF3
 117 045d 76EC6C6B 		.ascii	"v\354lk\216F\272\225\236-\205u\213\253\001\326\327\007"
 117      8E46BA95 
 117      9E2D8575 
 117      8BAB01D6 
 117      D707
 118 046f A08276AD 		.ascii	"\240\202v\255\021E\253-\014\312o\037+d\\caO\025\206"
 118      1145AB2D 
 118      0CCA6F1F 
 118      2B645C63 
 118      614F1586 
 119 0483 7545E996 		.ascii	"uE\351\226\261C \362s\260\273Ali\355ln\177y\327\336"
 119      B14320F2 
 119      73B0BB41 
 119      6C69ED6C 
 119      6E7F79D7 
 120 0498 57F57B74 		.ascii	"W\365{t\266\227\017\030\340\2215\362\310\252B5\261\\"
 120      B6970F18 
 120      E09135F2 
 120      C8AA4235 
 120      B15C
 121 04aa 3CD4E71C 		.ascii	"<\324\347\034\332\023c\232*h\267N \226\002,\220v,\360"
 121      DA13639A 
ARM GAS  /tmp/ccrIIr29.s 			page 9


 121      2A68B74E 
 121      2096022C 
 121      90762CF0 
 122 04be 1ED13899 		.ascii	"\036\3218\231\242B\177\371\327>\317\306j\366\357gw\214"
 122      A2427FF9 
 122      D73ECFC6 
 122      6AF6EF67 
 122      778C
 123 04d0 E35C1D34 		.ascii	"\343\\\0354\315\257a\260lQ\003|\253\377\003\021T2S"
 123      CDAF61B0 
 123      6C51037C 
 123      ABFF0311 
 123      543253
 124              		.text
 125              		.section	.gnu.lto_.symtab.9dd5f4ba6844d785,"",%progbits
 126 0000 68616C49 		.ascii	"halInit\000\000\000\000\000\000\000\000\000\000\000"
 126      6E697400 
 126      00000000 
 126      00000000 
 126      0000
 127 0012 00CE0000 		.ascii	"\000\316\000\000\000pal_default_config\000\000\002\000"
 127      0070616C 
 127      5F646566 
 127      61756C74 
 127      5F636F6E 
 128 002d 00000000 		.ascii	"\000\000\000\000\000\000\000\000\342\000\000\000stI"
 128      00000000 
 128      E2000000 
 128      737449
 129 003c 6E697400 		.ascii	"nit\000\000\002\000\000\000\000\000\000\000\000\000"
 129      00020000 
 129      00000000 
 129      000000
 130 004b D2000000 		.ascii	"\322\000\000\000boardInit\000\000\002\000\000\000\000"
 130      626F6172 
 130      64496E69 
 130      74000002 
 130      00000000 
 131 005f 00000000 		.ascii	"\000\000\000\000\000\324\000\000\000sdInit\000\000\002"
 131      00D40000 
 131      00736449 
 131      6E697400 
 131      0002
 132 0071 00000000 		.ascii	"\000\000\000\000\000\000\000\000\000\326\000\000\000"
 132      00000000 
 132      00D60000 
 132      00
 133 007e 67707449 		.ascii	"gptInit\000\000\002\000\000\000\000\000\000\000\000"
 133      6E697400 
 133      00020000 
 133      00000000 
 133      0000
 134 0090 00D80000 		.ascii	"\000\330\000\000\000adcInit\000\000\002\000\000\000"
 134      00616463 
 134      496E6974 
 134      00000200 
 134      0000
ARM GAS  /tmp/ccrIIr29.s 			page 10


 135 00a2 00000000 		.ascii	"\000\000\000\000\000\000\332\000\000\000_pal_lld_in"
 135      0000DA00 
 135      00005F70 
 135      616C5F6C 
 135      6C645F69 
 136 00b7 69740000 		.ascii	"it\000\000\002\000\000\000\000\000\000\000\000\000\334"
 136      02000000 
 136      00000000 
 136      0000DC
 137 00c6 00000068 		.ascii	"\000\000\000hal_lld_init\000\000\002\000\000\000\000"
 137      616C5F6C 
 137      6C645F69 
 137      6E697400 
 137      00020000 
 138 00dc 00000000 		.ascii	"\000\000\000\000\000\340\000\000\000"
 138      00E00000 
 138      00
 139              		.text
 140              		.section	.gnu.lto_.opts,"",%progbits
 141 0000 272D6D63 		.ascii	"'-mcpu=cortex-m4' '-mno-thumb-interwork' '-mthumb' "
 141      70753D63 
 141      6F727465 
 141      782D6D34 
 141      2720272D 
 142 0033 272D6767 		.ascii	"'-ggdb' '-O2' '-fomit-frame-pointer' '-falign-funct"
 142      64622720 
 142      272D4F32 
 142      2720272D 
 142      666F6D69 
 143 0066 696F6E73 		.ascii	"ions=16' '-ffunction-sections' '-fdata-sections' '-"
 143      3D313627 
 143      20272D66 
 143      66756E63 
 143      74696F6E 
 144 0099 666E6F2D 		.ascii	"fno-common' '-flto'\000"
 144      636F6D6D 
 144      6F6E2720 
 144      272D666C 
 144      746F2700 
 145              		.text
 146              		.cfi_sections	.debug_frame
 147              		.section	.text.halInit,"ax",%progbits
 148              		.align	2
 149              		.p2align 4,,15
 150              		.global	halInit
 151              		.thumb
 152              		.thumb_func
 153              		.type	halInit, %function
 154              	halInit:
 155              	.LFB272:
 156              		.file 1 "../ChibiOS/os/hal/src/hal.c"
 157              		.loc 1 56 0
 158              		.cfi_startproc
 159              		@ args = 0, pretend = 0, frame = 0
 160              		@ frame_needed = 0, uses_anonymous_args = 0
 161 0000 08B5     		push	{r3, lr}
 162              		.cfi_def_cfa_offset 8
ARM GAS  /tmp/ccrIIr29.s 			page 11


 163              		.cfi_offset 3, -8
 164              		.cfi_offset 14, -4
 165              		.loc 1 62 0
 166 0002 FFF7FEFF 		bl	hal_lld_init
 167              	.LVL0:
 168              		.loc 1 65 0
 169 0006 0748     		ldr	r0, .L2
 170 0008 FFF7FEFF 		bl	_pal_lld_init
 171              	.LVL1:
 172              		.loc 1 68 0
 173 000c FFF7FEFF 		bl	adcInit
 174              	.LVL2:
 175              		.loc 1 80 0
 176 0010 FFF7FEFF 		bl	gptInit
 177              	.LVL3:
 178              		.loc 1 98 0
 179 0014 FFF7FEFF 		bl	sdInit
 180              	.LVL4:
 181              		.loc 1 133 0
 182 0018 FFF7FEFF 		bl	boardInit
 183              	.LVL5:
 184              		.loc 1 142 0
 185 001c BDE80840 		pop	{r3, lr}
 186              		.loc 1 140 0
 187 0020 FFF7FEBF 		b	stInit
 188              	.LVL6:
 189              	.L3:
 190              		.align	2
 191              	.L2:
 192 0024 00000000 		.word	pal_default_config
 193              		.cfi_endproc
 194              	.LFE272:
 195              		.size	halInit, .-halInit
 196 0028 AFF30080 		.text
 196      AFF30080 
 197              	.Letext0:
 198              		.file 2 "/nfs/nfs5/home/research/hardware/arm2/gcc-arm-embedded/gcc-arm-none-eabi-4_8-2014q2/arm-n
 199              		.file 3 "/nfs/nfs5/home/research/hardware/arm2/gcc-arm-embedded/gcc-arm-none-eabi-4_8-2014q2/arm-n
 200              		.file 4 "../ChibiOS/os/rt/ports/ARMCMx/compilers/GCC/chtypes.h"
 201              		.file 5 "../ChibiOS/os/rt/include/chsystypes.h"
 202              		.file 6 "../ChibiOS/os/rt/include/chschd.h"
 203              		.file 7 "../ChibiOS/os/rt/ports/ARMCMx/chcore.h"
 204              		.file 8 "../ChibiOS/os/rt/ports/ARMCMx/chcore_v7m.h"
 205              		.file 9 "../ChibiOS/os/rt/include/chtm.h"
 206              		.file 10 "../ChibiOS/os/rt/include/chsem.h"
 207              		.file 11 "../ChibiOS/os/rt/include/chmtx.h"
 208              		.file 12 "../ChibiOS/os/hal/ports/STM32/LLD/GPIOv2/pal_lld.h"
 209              		.file 13 "../ChibiOS/os/ext/CMSIS/include/core_cm4.h"
 210              		.file 14 "../ChibiOS/os/hal/ports/STM32/STM32F3xx/hal_lld.h"
 211              		.file 15 "../ChibiOS/os/hal/include/adc.h"
 212              		.file 16 "../ChibiOS/os/hal/include/gpt.h"
 213              		.file 17 "../ChibiOS/os/hal/include/serial.h"
 214              		.file 18 "../ChibiOS/os/hal/boards/ST_STM32F3_DISCOVERY/board.h"
 215              		.file 19 "../ChibiOS/os/hal/include/st.h"
 216              		.file 20 "../ChibiOS/os/hal/osal/rt/osal.h"
 217              		.section	.debug_info,"",%progbits
 218              	.Ldebug_info0:
ARM GAS  /tmp/ccrIIr29.s 			page 12


 219 0000 B8070000 		.4byte	0x7b8
 220 0004 0400     		.2byte	0x4
 221 0006 00000000 		.4byte	.Ldebug_abbrev0
 222 000a 04       		.byte	0x4
 223 000b 01       		.uleb128 0x1
 224 000c E5040000 		.4byte	.LASF124
 225 0010 01       		.byte	0x1
 226 0011 AE030000 		.4byte	.LASF125
 227 0015 20010000 		.4byte	.LASF126
 228 0019 00000000 		.4byte	.Ldebug_ranges0+0
 229 001d 00000000 		.4byte	0
 230 0021 00000000 		.4byte	.Ldebug_line0
 231 0025 02       		.uleb128 0x2
 232 0026 04       		.byte	0x4
 233 0027 05       		.byte	0x5
 234 0028 696E7400 		.ascii	"int\000"
 235 002c 03       		.uleb128 0x3
 236 002d 04       		.byte	0x4
 237 002e 07       		.byte	0x7
 238 002f B9010000 		.4byte	.LASF0
 239 0033 03       		.uleb128 0x3
 240 0034 01       		.byte	0x1
 241 0035 06       		.byte	0x6
 242 0036 E4000000 		.4byte	.LASF1
 243 003a 04       		.uleb128 0x4
 244 003b 3D000000 		.4byte	.LASF5
 245 003f 02       		.byte	0x2
 246 0040 1C       		.byte	0x1c
 247 0041 45000000 		.4byte	0x45
 248 0045 03       		.uleb128 0x3
 249 0046 01       		.byte	0x1
 250 0047 08       		.byte	0x8
 251 0048 4B030000 		.4byte	.LASF2
 252 004c 03       		.uleb128 0x3
 253 004d 02       		.byte	0x2
 254 004e 05       		.byte	0x5
 255 004f 6E030000 		.4byte	.LASF3
 256 0053 03       		.uleb128 0x3
 257 0054 02       		.byte	0x2
 258 0055 07       		.byte	0x7
 259 0056 F7010000 		.4byte	.LASF4
 260 005a 04       		.uleb128 0x4
 261 005b 4F020000 		.4byte	.LASF6
 262 005f 02       		.byte	0x2
 263 0060 37       		.byte	0x37
 264 0061 65000000 		.4byte	0x65
 265 0065 03       		.uleb128 0x3
 266 0066 04       		.byte	0x4
 267 0067 05       		.byte	0x5
 268 0068 10010000 		.4byte	.LASF7
 269 006c 04       		.uleb128 0x4
 270 006d 69040000 		.4byte	.LASF8
 271 0071 02       		.byte	0x2
 272 0072 38       		.byte	0x38
 273 0073 77000000 		.4byte	0x77
 274 0077 03       		.uleb128 0x3
 275 0078 04       		.byte	0x4
ARM GAS  /tmp/ccrIIr29.s 			page 13


 276 0079 07       		.byte	0x7
 277 007a 24040000 		.4byte	.LASF9
 278 007e 03       		.uleb128 0x3
 279 007f 08       		.byte	0x8
 280 0080 05       		.byte	0x5
 281 0081 D6000000 		.4byte	.LASF10
 282 0085 04       		.uleb128 0x4
 283 0086 F2020000 		.4byte	.LASF11
 284 008a 02       		.byte	0x2
 285 008b 4E       		.byte	0x4e
 286 008c 90000000 		.4byte	0x90
 287 0090 03       		.uleb128 0x3
 288 0091 08       		.byte	0x8
 289 0092 07       		.byte	0x7
 290 0093 62000000 		.4byte	.LASF12
 291 0097 04       		.uleb128 0x4
 292 0098 DD040000 		.4byte	.LASF13
 293 009c 03       		.byte	0x3
 294 009d 2A       		.byte	0x2a
 295 009e 3A000000 		.4byte	0x3a
 296 00a2 04       		.uleb128 0x4
 297 00a3 43030000 		.4byte	.LASF14
 298 00a7 03       		.byte	0x3
 299 00a8 41       		.byte	0x41
 300 00a9 5A000000 		.4byte	0x5a
 301 00ad 04       		.uleb128 0x4
 302 00ae F3030000 		.4byte	.LASF15
 303 00b2 03       		.byte	0x3
 304 00b3 42       		.byte	0x42
 305 00b4 6C000000 		.4byte	0x6c
 306 00b8 04       		.uleb128 0x4
 307 00b9 34000000 		.4byte	.LASF16
 308 00bd 03       		.byte	0x3
 309 00be 4E       		.byte	0x4e
 310 00bf 85000000 		.4byte	0x85
 311 00c3 04       		.uleb128 0x4
 312 00c4 9A040000 		.4byte	.LASF17
 313 00c8 04       		.byte	0x4
 314 00c9 39       		.byte	0x39
 315 00ca AD000000 		.4byte	0xad
 316 00ce 04       		.uleb128 0x4
 317 00cf 2D020000 		.4byte	.LASF18
 318 00d3 04       		.byte	0x4
 319 00d4 3C       		.byte	0x3c
 320 00d5 97000000 		.4byte	0x97
 321 00d9 04       		.uleb128 0x4
 322 00da 54010000 		.4byte	.LASF19
 323 00de 04       		.byte	0x4
 324 00df 3D       		.byte	0x3d
 325 00e0 97000000 		.4byte	0x97
 326 00e4 04       		.uleb128 0x4
 327 00e5 FD020000 		.4byte	.LASF20
 328 00e9 04       		.byte	0x4
 329 00ea 3E       		.byte	0x3e
 330 00eb 97000000 		.4byte	0x97
 331 00ef 04       		.uleb128 0x4
 332 00f0 25030000 		.4byte	.LASF21
ARM GAS  /tmp/ccrIIr29.s 			page 14


 333 00f4 04       		.byte	0x4
 334 00f5 40       		.byte	0x40
 335 00f6 AD000000 		.4byte	0xad
 336 00fa 04       		.uleb128 0x4
 337 00fb 1B020000 		.4byte	.LASF22
 338 00ff 04       		.byte	0x4
 339 0100 41       		.byte	0x41
 340 0101 A2000000 		.4byte	0xa2
 341 0105 04       		.uleb128 0x4
 342 0106 43020000 		.4byte	.LASF23
 343 010a 04       		.byte	0x4
 344 010b 43       		.byte	0x43
 345 010c AD000000 		.4byte	0xad
 346 0110 04       		.uleb128 0x4
 347 0111 B3010000 		.4byte	.LASF24
 348 0115 04       		.byte	0x4
 349 0116 45       		.byte	0x45
 350 0117 A2000000 		.4byte	0xa2
 351 011b 04       		.uleb128 0x4
 352 011c 4B040000 		.4byte	.LASF25
 353 0120 05       		.byte	0x5
 354 0121 33       		.byte	0x33
 355 0122 AD000000 		.4byte	0xad
 356 0126 04       		.uleb128 0x4
 357 0127 3B040000 		.4byte	.LASF26
 358 012b 05       		.byte	0x5
 359 012c 3F       		.byte	0x3f
 360 012d 31010000 		.4byte	0x131
 361 0131 05       		.uleb128 0x5
 362 0132 11020000 		.4byte	.LASF45
 363 0136 40       		.byte	0x40
 364 0137 06       		.byte	0x6
 365 0138 C2       		.byte	0xc2
 366 0139 11020000 		.4byte	0x211
 367 013d 06       		.uleb128 0x6
 368 013e 9F030000 		.4byte	.LASF27
 369 0142 06       		.byte	0x6
 370 0143 C3       		.byte	0xc3
 371 0144 1C020000 		.4byte	0x21c
 372 0148 00       		.byte	0
 373 0149 06       		.uleb128 0x6
 374 014a 15030000 		.4byte	.LASF28
 375 014e 06       		.byte	0x6
 376 014f C5       		.byte	0xc5
 377 0150 1C020000 		.4byte	0x21c
 378 0154 04       		.byte	0x4
 379 0155 06       		.uleb128 0x6
 380 0156 CF000000 		.4byte	.LASF29
 381 015a 06       		.byte	0x6
 382 015b C7       		.byte	0xc7
 383 015c EF000000 		.4byte	0xef
 384 0160 08       		.byte	0x8
 385 0161 06       		.uleb128 0x6
 386 0162 15060000 		.4byte	.LASF30
 387 0166 06       		.byte	0x6
 388 0167 C8       		.byte	0xc8
 389 0168 4C040000 		.4byte	0x44c
ARM GAS  /tmp/ccrIIr29.s 			page 15


 390 016c 0C       		.byte	0xc
 391 016d 06       		.uleb128 0x6
 392 016e 65010000 		.4byte	.LASF31
 393 0172 06       		.byte	0x6
 394 0173 CA       		.byte	0xca
 395 0174 1C020000 		.4byte	0x21c
 396 0178 10       		.byte	0x10
 397 0179 06       		.uleb128 0x6
 398 017a B5020000 		.4byte	.LASF32
 399 017e 06       		.byte	0x6
 400 017f CB       		.byte	0xcb
 401 0180 1C020000 		.4byte	0x21c
 402 0184 14       		.byte	0x14
 403 0185 06       		.uleb128 0x6
 404 0186 CC050000 		.4byte	.LASF33
 405 018a 06       		.byte	0x6
 406 018b D2       		.byte	0xd2
 407 018c D7050000 		.4byte	0x5d7
 408 0190 18       		.byte	0x18
 409 0191 06       		.uleb128 0x6
 410 0192 78030000 		.4byte	.LASF34
 411 0196 06       		.byte	0x6
 412 0197 DD       		.byte	0xdd
 413 0198 D9000000 		.4byte	0xd9
 414 019c 1C       		.byte	0x1c
 415 019d 06       		.uleb128 0x6
 416 019e A6030000 		.4byte	.LASF35
 417 01a2 06       		.byte	0x6
 418 01a3 E1       		.byte	0xe1
 419 01a4 CE000000 		.4byte	0xce
 420 01a8 1D       		.byte	0x1d
 421 01a9 06       		.uleb128 0x6
 422 01aa C2040000 		.4byte	.LASF36
 423 01ae 06       		.byte	0x6
 424 01af E6       		.byte	0xe6
 425 01b0 E4000000 		.4byte	0xe4
 426 01b4 1E       		.byte	0x1e
 427 01b5 07       		.uleb128 0x7
 428 01b6 705F7500 		.ascii	"p_u\000"
 429 01ba 06       		.byte	0x6
 430 01bb 3701     		.2byte	0x137
 431 01bd 06050000 		.4byte	0x506
 432 01c1 20       		.byte	0x20
 433 01c2 08       		.uleb128 0x8
 434 01c3 6C020000 		.4byte	.LASF37
 435 01c7 06       		.byte	0x6
 436 01c8 3C01     		.2byte	0x13c
 437 01ca 22020000 		.4byte	0x222
 438 01ce 24       		.byte	0x24
 439 01cf 08       		.uleb128 0x8
 440 01d0 D5010000 		.4byte	.LASF38
 441 01d4 06       		.byte	0x6
 442 01d5 4201     		.2byte	0x142
 443 01d7 46020000 		.4byte	0x246
 444 01db 28       		.byte	0x28
 445 01dc 08       		.uleb128 0x8
 446 01dd E8030000 		.4byte	.LASF39
ARM GAS  /tmp/ccrIIr29.s 			page 16


 447 01e1 06       		.byte	0x6
 448 01e2 4801     		.2byte	0x148
 449 01e4 05010000 		.4byte	0x105
 450 01e8 30       		.byte	0x30
 451 01e9 08       		.uleb128 0x8
 452 01ea 64030000 		.4byte	.LASF40
 453 01ee 06       		.byte	0x6
 454 01ef 4F01     		.2byte	0x14f
 455 01f1 D1050000 		.4byte	0x5d1
 456 01f5 34       		.byte	0x34
 457 01f6 08       		.uleb128 0x8
 458 01f7 55040000 		.4byte	.LASF41
 459 01fb 06       		.byte	0x6
 460 01fc 5301     		.2byte	0x153
 461 01fe EF000000 		.4byte	0xef
 462 0202 38       		.byte	0x38
 463 0203 08       		.uleb128 0x8
 464 0204 F0000000 		.4byte	.LASF42
 465 0208 06       		.byte	0x6
 466 0209 5A01     		.2byte	0x15a
 467 020b F9020000 		.4byte	0x2f9
 468 020f 3C       		.byte	0x3c
 469 0210 00       		.byte	0
 470 0211 04       		.uleb128 0x4
 471 0212 7F020000 		.4byte	.LASF43
 472 0216 05       		.byte	0x5
 473 0217 44       		.byte	0x44
 474 0218 1C020000 		.4byte	0x21c
 475 021c 09       		.uleb128 0x9
 476 021d 04       		.byte	0x4
 477 021e 26010000 		.4byte	0x126
 478 0222 04       		.uleb128 0x4
 479 0223 DA050000 		.4byte	.LASF44
 480 0227 05       		.byte	0x5
 481 0228 49       		.byte	0x49
 482 0229 2D020000 		.4byte	0x22d
 483 022d 05       		.uleb128 0x5
 484 022e 14040000 		.4byte	.LASF46
 485 0232 04       		.byte	0x4
 486 0233 06       		.byte	0x6
 487 0234 B0       		.byte	0xb0
 488 0235 46020000 		.4byte	0x246
 489 0239 06       		.uleb128 0x6
 490 023a 9F030000 		.4byte	.LASF27
 491 023e 06       		.byte	0x6
 492 023f B1       		.byte	0xb1
 493 0240 1C020000 		.4byte	0x21c
 494 0244 00       		.byte	0
 495 0245 00       		.byte	0
 496 0246 04       		.uleb128 0x4
 497 0247 A9040000 		.4byte	.LASF47
 498 024b 05       		.byte	0x5
 499 024c 50       		.byte	0x50
 500 024d 51020000 		.4byte	0x251
 501 0251 05       		.uleb128 0x5
 502 0252 BE000000 		.4byte	.LASF48
 503 0256 08       		.byte	0x8
ARM GAS  /tmp/ccrIIr29.s 			page 17


 504 0257 06       		.byte	0x6
 505 0258 B7       		.byte	0xb7
 506 0259 76020000 		.4byte	0x276
 507 025d 06       		.uleb128 0x6
 508 025e 9F030000 		.4byte	.LASF27
 509 0262 06       		.byte	0x6
 510 0263 B8       		.byte	0xb8
 511 0264 1C020000 		.4byte	0x21c
 512 0268 00       		.byte	0
 513 0269 06       		.uleb128 0x6
 514 026a 15030000 		.4byte	.LASF28
 515 026e 06       		.byte	0x6
 516 026f B9       		.byte	0xb9
 517 0270 1C020000 		.4byte	0x21c
 518 0274 04       		.byte	0x4
 519 0275 00       		.byte	0
 520 0276 04       		.uleb128 0x4
 521 0277 13000000 		.4byte	.LASF49
 522 027b 05       		.byte	0x5
 523 027c 57       		.byte	0x57
 524 027d 81020000 		.4byte	0x281
 525 0281 0A       		.uleb128 0xa
 526 0282 35020000 		.4byte	.LASF50
 527 0286 1C       		.byte	0x1c
 528 0287 06       		.byte	0x6
 529 0288 9201     		.2byte	0x192
 530 028a DD020000 		.4byte	0x2dd
 531 028e 08       		.uleb128 0x8
 532 028f 03040000 		.4byte	.LASF51
 533 0293 06       		.byte	0x6
 534 0294 9301     		.2byte	0x193
 535 0296 46020000 		.4byte	0x246
 536 029a 00       		.byte	0
 537 029b 08       		.uleb128 0x8
 538 029c 8A030000 		.4byte	.LASF52
 539 02a0 06       		.byte	0x6
 540 02a1 9401     		.2byte	0x194
 541 02a3 EF000000 		.4byte	0xef
 542 02a7 08       		.byte	0x8
 543 02a8 08       		.uleb128 0x8
 544 02a9 BD020000 		.4byte	.LASF53
 545 02ad 06       		.byte	0x6
 546 02ae 9601     		.2byte	0x196
 547 02b0 4C040000 		.4byte	0x44c
 548 02b4 0C       		.byte	0xc
 549 02b5 08       		.uleb128 0x8
 550 02b6 75010000 		.4byte	.LASF54
 551 02ba 06       		.byte	0x6
 552 02bb 9901     		.2byte	0x199
 553 02bd 1C020000 		.4byte	0x21c
 554 02c1 10       		.byte	0x10
 555 02c2 08       		.uleb128 0x8
 556 02c3 EA020000 		.4byte	.LASF55
 557 02c7 06       		.byte	0x6
 558 02c8 9A01     		.2byte	0x19a
 559 02ca 1C020000 		.4byte	0x21c
 560 02ce 14       		.byte	0x14
ARM GAS  /tmp/ccrIIr29.s 			page 18


 561 02cf 08       		.uleb128 0x8
 562 02d0 E0020000 		.4byte	.LASF56
 563 02d4 06       		.byte	0x6
 564 02d5 9D01     		.2byte	0x19d
 565 02d7 1C020000 		.4byte	0x21c
 566 02db 18       		.byte	0x18
 567 02dc 00       		.byte	0
 568 02dd 04       		.uleb128 0x4
 569 02de 60040000 		.4byte	.LASF57
 570 02e2 05       		.byte	0x5
 571 02e3 5C       		.byte	0x5c
 572 02e4 E8020000 		.4byte	0x2e8
 573 02e8 09       		.uleb128 0x9
 574 02e9 04       		.byte	0x4
 575 02ea EE020000 		.4byte	0x2ee
 576 02ee 0B       		.uleb128 0xb
 577 02ef F9020000 		.4byte	0x2f9
 578 02f3 0C       		.uleb128 0xc
 579 02f4 F9020000 		.4byte	0x2f9
 580 02f8 00       		.byte	0
 581 02f9 0D       		.uleb128 0xd
 582 02fa 04       		.byte	0x4
 583 02fb 04       		.uleb128 0x4
 584 02fc 05030000 		.4byte	.LASF58
 585 0300 05       		.byte	0x5
 586 0301 61       		.byte	0x61
 587 0302 06030000 		.4byte	0x306
 588 0306 0A       		.uleb128 0xa
 589 0307 CA030000 		.4byte	.LASF59
 590 030b 14       		.byte	0x14
 591 030c 06       		.byte	0x6
 592 030d 6D01     		.2byte	0x16d
 593 030f 55030000 		.4byte	0x355
 594 0313 08       		.uleb128 0x8
 595 0314 C6010000 		.4byte	.LASF60
 596 0318 06       		.byte	0x6
 597 0319 6E01     		.2byte	0x16e
 598 031b E9050000 		.4byte	0x5e9
 599 031f 00       		.byte	0
 600 0320 08       		.uleb128 0x8
 601 0321 86010000 		.4byte	.LASF61
 602 0325 06       		.byte	0x6
 603 0326 6F01     		.2byte	0x16f
 604 0328 E9050000 		.4byte	0x5e9
 605 032c 04       		.byte	0x4
 606 032d 08       		.uleb128 0x8
 607 032e 0B040000 		.4byte	.LASF62
 608 0332 06       		.byte	0x6
 609 0333 7001     		.2byte	0x170
 610 0335 1B010000 		.4byte	0x11b
 611 0339 08       		.byte	0x8
 612 033a 08       		.uleb128 0x8
 613 033b 1B060000 		.4byte	.LASF63
 614 033f 06       		.byte	0x6
 615 0340 7101     		.2byte	0x171
 616 0342 DD020000 		.4byte	0x2dd
 617 0346 0C       		.byte	0xc
ARM GAS  /tmp/ccrIIr29.s 			page 19


 618 0347 08       		.uleb128 0x8
 619 0348 A2040000 		.4byte	.LASF64
 620 034c 06       		.byte	0x6
 621 034d 7301     		.2byte	0x173
 622 034f F9020000 		.4byte	0x2f9
 623 0353 10       		.byte	0x10
 624 0354 00       		.byte	0
 625 0355 04       		.uleb128 0x4
 626 0356 9B000000 		.4byte	.LASF65
 627 035a 05       		.byte	0x5
 628 035b 66       		.byte	0x66
 629 035c 60030000 		.4byte	0x360
 630 0360 0A       		.uleb128 0xa
 631 0361 92020000 		.4byte	.LASF66
 632 0365 10       		.byte	0x10
 633 0366 06       		.byte	0x6
 634 0367 7D01     		.2byte	0x17d
 635 0369 A2030000 		.4byte	0x3a2
 636 036d 08       		.uleb128 0x8
 637 036e C6010000 		.4byte	.LASF60
 638 0372 06       		.byte	0x6
 639 0373 7E01     		.2byte	0x17e
 640 0375 E9050000 		.4byte	0x5e9
 641 0379 00       		.byte	0
 642 037a 08       		.uleb128 0x8
 643 037b 86010000 		.4byte	.LASF61
 644 037f 06       		.byte	0x6
 645 0380 8001     		.2byte	0x180
 646 0382 E9050000 		.4byte	0x5e9
 647 0386 04       		.byte	0x4
 648 0387 08       		.uleb128 0x8
 649 0388 0B040000 		.4byte	.LASF62
 650 038c 06       		.byte	0x6
 651 038d 8201     		.2byte	0x182
 652 038f 1B010000 		.4byte	0x11b
 653 0393 08       		.byte	0x8
 654 0394 08       		.uleb128 0x8
 655 0395 A9020000 		.4byte	.LASF67
 656 0399 06       		.byte	0x6
 657 039a 8A01     		.2byte	0x18a
 658 039c 1B010000 		.4byte	0x11b
 659 03a0 0C       		.byte	0xc
 660 03a1 00       		.byte	0
 661 03a2 04       		.uleb128 0x4
 662 03a3 53000000 		.4byte	.LASF68
 663 03a7 05       		.byte	0x5
 664 03a8 6B       		.byte	0x6b
 665 03a9 AD030000 		.4byte	0x3ad
 666 03ad 0A       		.uleb128 0xa
 667 03ae 2D030000 		.4byte	.LASF69
 668 03b2 04       		.byte	0x4
 669 03b3 06       		.byte	0x6
 670 03b4 A401     		.2byte	0x1a4
 671 03b6 C8030000 		.4byte	0x3c8
 672 03ba 08       		.uleb128 0x8
 673 03bb 74040000 		.4byte	.LASF70
 674 03bf 06       		.byte	0x6
ARM GAS  /tmp/ccrIIr29.s 			page 20


 675 03c0 AC01     		.2byte	0x1ac
 676 03c2 EF050000 		.4byte	0x5ef
 677 03c6 00       		.byte	0
 678 03c7 00       		.byte	0
 679 03c8 04       		.uleb128 0x4
 680 03c9 21020000 		.4byte	.LASF71
 681 03cd 05       		.byte	0x5
 682 03ce 70       		.byte	0x70
 683 03cf D3030000 		.4byte	0x3d3
 684 03d3 0E       		.uleb128 0xe
 685 03d4 06010000 		.4byte	.LASF72
 686 03d8 5001     		.2byte	0x150
 687 03da 06       		.byte	0x6
 688 03db C401     		.2byte	0x1c4
 689 03dd 2F040000 		.4byte	0x42f
 690 03e1 08       		.uleb128 0x8
 691 03e2 D7040000 		.4byte	.LASF73
 692 03e6 06       		.byte	0x6
 693 03e7 C801     		.2byte	0x1c8
 694 03e9 76020000 		.4byte	0x276
 695 03ed 00       		.byte	0
 696 03ee 08       		.uleb128 0x8
 697 03ef 8E010000 		.4byte	.LASF74
 698 03f3 06       		.byte	0x6
 699 03f4 CC01     		.2byte	0x1cc
 700 03f6 55030000 		.4byte	0x355
 701 03fa 1C       		.byte	0x1c
 702 03fb 07       		.uleb128 0x7
 703 03fc 64626700 		.ascii	"dbg\000"
 704 0400 06       		.byte	0x6
 705 0401 D001     		.2byte	0x1d0
 706 0403 A2030000 		.4byte	0x3a2
 707 0407 2C       		.byte	0x2c
 708 0408 08       		.uleb128 0x8
 709 0409 88000000 		.4byte	.LASF75
 710 040d 06       		.byte	0x6
 711 040e D401     		.2byte	0x1d4
 712 0410 26010000 		.4byte	0x126
 713 0414 30       		.byte	0x30
 714 0415 07       		.uleb128 0x7
 715 0416 746D00   		.ascii	"tm\000"
 716 0419 06       		.byte	0x6
 717 041a D901     		.2byte	0x1d9
 718 041c FB040000 		.4byte	0x4fb
 719 0420 70       		.byte	0x70
 720 0421 08       		.uleb128 0x8
 721 0422 A4010000 		.4byte	.LASF76
 722 0426 06       		.byte	0x6
 723 0427 E501     		.2byte	0x1e5
 724 0429 F4050000 		.4byte	0x5f4
 725 042d 78       		.byte	0x78
 726 042e 00       		.byte	0
 727 042f 03       		.uleb128 0x3
 728 0430 04       		.byte	0x4
 729 0431 07       		.byte	0x7
 730 0432 76020000 		.4byte	.LASF77
 731 0436 04       		.uleb128 0x4
ARM GAS  /tmp/ccrIIr29.s 			page 21


 732 0437 7D010000 		.4byte	.LASF78
 733 043b 07       		.byte	0x7
 734 043c 65       		.byte	0x65
 735 043d F9020000 		.4byte	0x2f9
 736 0441 04       		.uleb128 0x4
 737 0442 61020000 		.4byte	.LASF79
 738 0446 07       		.byte	0x7
 739 0447 6D       		.byte	0x6d
 740 0448 B8000000 		.4byte	0xb8
 741 044c 05       		.uleb128 0x5
 742 044d 85040000 		.4byte	.LASF80
 743 0451 04       		.byte	0x4
 744 0452 07       		.byte	0x7
 745 0453 89       		.byte	0x89
 746 0454 65040000 		.4byte	0x465
 747 0458 0F       		.uleb128 0xf
 748 0459 72313300 		.ascii	"r13\000"
 749 045d 07       		.byte	0x7
 750 045e 8A       		.byte	0x8a
 751 045f E0040000 		.4byte	0x4e0
 752 0463 00       		.byte	0
 753 0464 00       		.byte	0
 754 0465 05       		.uleb128 0x5
 755 0466 47000000 		.4byte	.LASF81
 756 046a 24       		.byte	0x24
 757 046b 08       		.byte	0x8
 758 046c FD       		.byte	0xfd
 759 046d E0040000 		.4byte	0x4e0
 760 0471 07       		.uleb128 0x7
 761 0472 723400   		.ascii	"r4\000"
 762 0475 08       		.byte	0x8
 763 0476 1001     		.2byte	0x110
 764 0478 36040000 		.4byte	0x436
 765 047c 00       		.byte	0
 766 047d 07       		.uleb128 0x7
 767 047e 723500   		.ascii	"r5\000"
 768 0481 08       		.byte	0x8
 769 0482 1101     		.2byte	0x111
 770 0484 36040000 		.4byte	0x436
 771 0488 04       		.byte	0x4
 772 0489 07       		.uleb128 0x7
 773 048a 723600   		.ascii	"r6\000"
 774 048d 08       		.byte	0x8
 775 048e 1201     		.2byte	0x112
 776 0490 36040000 		.4byte	0x436
 777 0494 08       		.byte	0x8
 778 0495 07       		.uleb128 0x7
 779 0496 723700   		.ascii	"r7\000"
 780 0499 08       		.byte	0x8
 781 049a 1301     		.2byte	0x113
 782 049c 36040000 		.4byte	0x436
 783 04a0 0C       		.byte	0xc
 784 04a1 07       		.uleb128 0x7
 785 04a2 723800   		.ascii	"r8\000"
 786 04a5 08       		.byte	0x8
 787 04a6 1401     		.2byte	0x114
 788 04a8 36040000 		.4byte	0x436
ARM GAS  /tmp/ccrIIr29.s 			page 22


 789 04ac 10       		.byte	0x10
 790 04ad 07       		.uleb128 0x7
 791 04ae 723900   		.ascii	"r9\000"
 792 04b1 08       		.byte	0x8
 793 04b2 1501     		.2byte	0x115
 794 04b4 36040000 		.4byte	0x436
 795 04b8 14       		.byte	0x14
 796 04b9 07       		.uleb128 0x7
 797 04ba 72313000 		.ascii	"r10\000"
 798 04be 08       		.byte	0x8
 799 04bf 1601     		.2byte	0x116
 800 04c1 36040000 		.4byte	0x436
 801 04c5 18       		.byte	0x18
 802 04c6 07       		.uleb128 0x7
 803 04c7 72313100 		.ascii	"r11\000"
 804 04cb 08       		.byte	0x8
 805 04cc 1701     		.2byte	0x117
 806 04ce 36040000 		.4byte	0x436
 807 04d2 1C       		.byte	0x1c
 808 04d3 07       		.uleb128 0x7
 809 04d4 6C7200   		.ascii	"lr\000"
 810 04d7 08       		.byte	0x8
 811 04d8 1801     		.2byte	0x118
 812 04da 36040000 		.4byte	0x436
 813 04de 20       		.byte	0x20
 814 04df 00       		.byte	0
 815 04e0 09       		.uleb128 0x9
 816 04e1 04       		.byte	0x4
 817 04e2 65040000 		.4byte	0x465
 818 04e6 10       		.uleb128 0x10
 819 04e7 04       		.byte	0x4
 820 04e8 09       		.byte	0x9
 821 04e9 38       		.byte	0x38
 822 04ea FB040000 		.4byte	0x4fb
 823 04ee 06       		.uleb128 0x6
 824 04ef 7E040000 		.4byte	.LASF82
 825 04f3 09       		.byte	0x9
 826 04f4 3C       		.byte	0x3c
 827 04f5 C3000000 		.4byte	0xc3
 828 04f9 00       		.byte	0
 829 04fa 00       		.byte	0
 830 04fb 04       		.uleb128 0x4
 831 04fc C3020000 		.4byte	.LASF83
 832 0500 09       		.byte	0x9
 833 0501 3D       		.byte	0x3d
 834 0502 E6040000 		.4byte	0x4e6
 835 0506 11       		.uleb128 0x11
 836 0507 04       		.byte	0x4
 837 0508 06       		.byte	0x6
 838 0509 FA       		.byte	0xfa
 839 050a 6F050000 		.4byte	0x56f
 840 050e 12       		.uleb128 0x12
 841 050f 2D000000 		.4byte	.LASF84
 842 0513 06       		.byte	0x6
 843 0514 0101     		.2byte	0x101
 844 0516 FA000000 		.4byte	0xfa
 845 051a 12       		.uleb128 0x12
ARM GAS  /tmp/ccrIIr29.s 			page 23


 846 051b 7F000000 		.4byte	.LASF85
 847 051f 06       		.byte	0x6
 848 0520 0801     		.2byte	0x108
 849 0522 FA000000 		.4byte	0xfa
 850 0526 12       		.uleb128 0x12
 851 0527 C5050000 		.4byte	.LASF86
 852 052b 06       		.byte	0x6
 853 052c 0F01     		.2byte	0x10f
 854 052e F9020000 		.4byte	0x2f9
 855 0532 12       		.uleb128 0x12
 856 0533 27000000 		.4byte	.LASF87
 857 0537 06       		.byte	0x6
 858 0538 1601     		.2byte	0x116
 859 053a 6F050000 		.4byte	0x56f
 860 053e 12       		.uleb128 0x12
 861 053f 93000000 		.4byte	.LASF88
 862 0543 06       		.byte	0x6
 863 0544 1B01     		.2byte	0x11b
 864 0546 FA000000 		.4byte	0xfa
 865 054a 12       		.uleb128 0x12
 866 054b CE010000 		.4byte	.LASF89
 867 054f 06       		.byte	0x6
 868 0550 2401     		.2byte	0x124
 869 0552 9A050000 		.4byte	0x59a
 870 0556 12       		.uleb128 0x12
 871 0557 FC030000 		.4byte	.LASF90
 872 055b 06       		.byte	0x6
 873 055c 2D01     		.2byte	0x12d
 874 055e D1050000 		.4byte	0x5d1
 875 0562 12       		.uleb128 0x12
 876 0563 98030000 		.4byte	.LASF91
 877 0567 06       		.byte	0x6
 878 0568 3501     		.2byte	0x135
 879 056a 05010000 		.4byte	0x105
 880 056e 00       		.byte	0
 881 056f 09       		.uleb128 0x9
 882 0570 04       		.byte	0x4
 883 0571 11020000 		.4byte	0x211
 884 0575 05       		.uleb128 0x5
 885 0576 DB030000 		.4byte	.LASF92
 886 057a 0C       		.byte	0xc
 887 057b 0A       		.byte	0xa
 888 057c 34       		.byte	0x34
 889 057d 9A050000 		.4byte	0x59a
 890 0581 06       		.uleb128 0x6
 891 0582 6D010000 		.4byte	.LASF93
 892 0586 0A       		.byte	0xa
 893 0587 35       		.byte	0x35
 894 0588 46020000 		.4byte	0x246
 895 058c 00       		.byte	0
 896 058d 06       		.uleb128 0x6
 897 058e 5E030000 		.4byte	.LASF94
 898 0592 0A       		.byte	0xa
 899 0593 37       		.byte	0x37
 900 0594 10010000 		.4byte	0x110
 901 0598 08       		.byte	0x8
 902 0599 00       		.byte	0
ARM GAS  /tmp/ccrIIr29.s 			page 24


 903 059a 09       		.uleb128 0x9
 904 059b 04       		.byte	0x4
 905 059c 75050000 		.4byte	0x575
 906 05a0 05       		.uleb128 0x5
 907 05a1 B9040000 		.4byte	.LASF95
 908 05a5 10       		.byte	0x10
 909 05a6 0B       		.byte	0xb
 910 05a7 39       		.byte	0x39
 911 05a8 D1050000 		.4byte	0x5d1
 912 05ac 06       		.uleb128 0x6
 913 05ad F8000000 		.4byte	.LASF96
 914 05b1 0B       		.byte	0xb
 915 05b2 3A       		.byte	0x3a
 916 05b3 46020000 		.4byte	0x246
 917 05b7 00       		.byte	0
 918 05b8 06       		.uleb128 0x6
 919 05b9 FA050000 		.4byte	.LASF97
 920 05bd 0B       		.byte	0xb
 921 05be 3C       		.byte	0x3c
 922 05bf 1C020000 		.4byte	0x21c
 923 05c3 08       		.byte	0x8
 924 05c4 06       		.uleb128 0x6
 925 05c5 44040000 		.4byte	.LASF98
 926 05c9 0B       		.byte	0xb
 927 05ca 3E       		.byte	0x3e
 928 05cb 0F060000 		.4byte	0x60f
 929 05cf 0C       		.byte	0xc
 930 05d0 00       		.byte	0
 931 05d1 09       		.uleb128 0x9
 932 05d2 04       		.byte	0x4
 933 05d3 A0050000 		.4byte	0x5a0
 934 05d7 09       		.uleb128 0x9
 935 05d8 04       		.byte	0x4
 936 05d9 DD050000 		.4byte	0x5dd
 937 05dd 13       		.uleb128 0x13
 938 05de E2050000 		.4byte	0x5e2
 939 05e2 03       		.uleb128 0x3
 940 05e3 01       		.byte	0x1
 941 05e4 08       		.byte	0x8
 942 05e5 36040000 		.4byte	.LASF99
 943 05e9 09       		.uleb128 0x9
 944 05ea 04       		.byte	0x4
 945 05eb FB020000 		.4byte	0x2fb
 946 05ef 14       		.uleb128 0x14
 947 05f0 D7050000 		.4byte	0x5d7
 948 05f4 15       		.uleb128 0x15
 949 05f5 41040000 		.4byte	0x441
 950 05f9 04060000 		.4byte	0x604
 951 05fd 16       		.uleb128 0x16
 952 05fe 2F040000 		.4byte	0x42f
 953 0602 1A       		.byte	0x1a
 954 0603 00       		.byte	0
 955 0604 04       		.uleb128 0x4
 956 0605 95010000 		.4byte	.LASF100
 957 0609 0B       		.byte	0xb
 958 060a 34       		.byte	0x34
 959 060b A0050000 		.4byte	0x5a0
ARM GAS  /tmp/ccrIIr29.s 			page 25


 960 060f 09       		.uleb128 0x9
 961 0610 04       		.byte	0x4
 962 0611 04060000 		.4byte	0x604
 963 0615 03       		.uleb128 0x3
 964 0616 01       		.byte	0x1
 965 0617 02       		.byte	0x2
 966 0618 3D030000 		.4byte	.LASF101
 967 061c 10       		.uleb128 0x10
 968 061d 1C       		.byte	0x1c
 969 061e 0C       		.byte	0xc
 970 061f F5       		.byte	0xf5
 971 0620 7B060000 		.4byte	0x67b
 972 0624 06       		.uleb128 0x6
 973 0625 00010000 		.4byte	.LASF102
 974 0629 0C       		.byte	0xc
 975 062a F7       		.byte	0xf7
 976 062b AD000000 		.4byte	0xad
 977 062f 00       		.byte	0
 978 0630 06       		.uleb128 0x6
 979 0631 F0010000 		.4byte	.LASF103
 980 0635 0C       		.byte	0xc
 981 0636 F9       		.byte	0xf9
 982 0637 AD000000 		.4byte	0xad
 983 063b 04       		.byte	0x4
 984 063c 06       		.uleb128 0x6
 985 063d E8010000 		.4byte	.LASF104
 986 0641 0C       		.byte	0xc
 987 0642 FB       		.byte	0xfb
 988 0643 AD000000 		.4byte	0xad
 989 0647 08       		.byte	0x8
 990 0648 06       		.uleb128 0x6
 991 0649 79000000 		.4byte	.LASF105
 992 064d 0C       		.byte	0xc
 993 064e FD       		.byte	0xfd
 994 064f AD000000 		.4byte	0xad
 995 0653 0C       		.byte	0xc
 996 0654 0F       		.uleb128 0xf
 997 0655 6F647200 		.ascii	"odr\000"
 998 0659 0C       		.byte	0xc
 999 065a FF       		.byte	0xff
 1000 065b AD000000 		.4byte	0xad
 1001 065f 10       		.byte	0x10
 1002 0660 08       		.uleb128 0x8
 1003 0661 59030000 		.4byte	.LASF106
 1004 0665 0C       		.byte	0xc
 1005 0666 0101     		.2byte	0x101
 1006 0668 AD000000 		.4byte	0xad
 1007 066c 14       		.byte	0x14
 1008 066d 08       		.uleb128 0x8
 1009 066e D4020000 		.4byte	.LASF107
 1010 0672 0C       		.byte	0xc
 1011 0673 0301     		.2byte	0x103
 1012 0675 AD000000 		.4byte	0xad
 1013 0679 18       		.byte	0x18
 1014 067a 00       		.byte	0
 1015 067b 17       		.uleb128 0x17
 1016 067c 00000000 		.4byte	.LASF108
ARM GAS  /tmp/ccrIIr29.s 			page 26


 1017 0680 0C       		.byte	0xc
 1018 0681 0401     		.2byte	0x104
 1019 0683 1C060000 		.4byte	0x61c
 1020 0687 18       		.uleb128 0x18
 1021 0688 A8       		.byte	0xa8
 1022 0689 0C       		.byte	0xc
 1023 068a 0D01     		.2byte	0x10d
 1024 068c DF060000 		.4byte	0x6df
 1025 0690 08       		.uleb128 0x8
 1026 0691 91030000 		.4byte	.LASF109
 1027 0695 0C       		.byte	0xc
 1028 0696 1001     		.2byte	0x110
 1029 0698 7B060000 		.4byte	0x67b
 1030 069c 00       		.byte	0
 1031 069d 08       		.uleb128 0x8
 1032 069e 9D010000 		.4byte	.LASF110
 1033 06a2 0C       		.byte	0xc
 1034 06a3 1401     		.2byte	0x114
 1035 06a5 7B060000 		.4byte	0x67b
 1036 06a9 1C       		.byte	0x1c
 1037 06aa 08       		.uleb128 0x8
 1038 06ab D3050000 		.4byte	.LASF111
 1039 06af 0C       		.byte	0xc
 1040 06b0 1801     		.2byte	0x118
 1041 06b2 7B060000 		.4byte	0x67b
 1042 06b6 38       		.byte	0x38
 1043 06b7 08       		.uleb128 0x8
 1044 06b8 D9020000 		.4byte	.LASF112
 1045 06bc 0C       		.byte	0xc
 1046 06bd 1C01     		.2byte	0x11c
 1047 06bf 7B060000 		.4byte	0x67b
 1048 06c3 54       		.byte	0x54
 1049 06c4 08       		.uleb128 0x8
 1050 06c5 19010000 		.4byte	.LASF113
 1051 06c9 0C       		.byte	0xc
 1052 06ca 2001     		.2byte	0x120
 1053 06cc 7B060000 		.4byte	0x67b
 1054 06d0 70       		.byte	0x70
 1055 06d1 08       		.uleb128 0x8
 1056 06d2 0A020000 		.4byte	.LASF114
 1057 06d6 0C       		.byte	0xc
 1058 06d7 2401     		.2byte	0x124
 1059 06d9 7B060000 		.4byte	0x67b
 1060 06dd 8C       		.byte	0x8c
 1061 06de 00       		.byte	0
 1062 06df 17       		.uleb128 0x17
 1063 06e0 F0050000 		.4byte	.LASF115
 1064 06e4 0C       		.byte	0xc
 1065 06e5 3A01     		.2byte	0x13a
 1066 06e7 87060000 		.4byte	0x687
 1067 06eb 19       		.uleb128 0x19
 1068 06ec 1C030000 		.4byte	.LASF127
 1069 06f0 14       		.byte	0x14
 1070 06f1 C101     		.2byte	0x1c1
 1071 06f3 03       		.byte	0x3
 1072 06f4 1A       		.uleb128 0x1a
 1073 06f5 E0010000 		.4byte	.LASF128
ARM GAS  /tmp/ccrIIr29.s 			page 27


 1074 06f9 01       		.byte	0x1
 1075 06fa 38       		.byte	0x38
 1076 06fb 00000000 		.4byte	.LFB272
 1077 06ff 28000000 		.4byte	.LFE272-.LFB272
 1078 0703 01       		.uleb128 0x1
 1079 0704 9C       		.byte	0x9c
 1080 0705 49070000 		.4byte	0x749
 1081 0709 1B       		.uleb128 0x1b
 1082 070a 06000000 		.4byte	.LVL0
 1083 070e 76070000 		.4byte	0x776
 1084 0712 1B       		.uleb128 0x1b
 1085 0713 0C000000 		.4byte	.LVL1
 1086 0717 7E070000 		.4byte	0x77e
 1087 071b 1B       		.uleb128 0x1b
 1088 071c 10000000 		.4byte	.LVL2
 1089 0720 96070000 		.4byte	0x796
 1090 0724 1B       		.uleb128 0x1b
 1091 0725 14000000 		.4byte	.LVL3
 1092 0729 9D070000 		.4byte	0x79d
 1093 072d 1B       		.uleb128 0x1b
 1094 072e 18000000 		.4byte	.LVL4
 1095 0732 A4070000 		.4byte	0x7a4
 1096 0736 1B       		.uleb128 0x1b
 1097 0737 1C000000 		.4byte	.LVL5
 1098 073b AC070000 		.4byte	0x7ac
 1099 073f 1C       		.uleb128 0x1c
 1100 0740 24000000 		.4byte	.LVL6
 1101 0744 B4070000 		.4byte	0x7b4
 1102 0748 00       		.byte	0
 1103 0749 1D       		.uleb128 0x1d
 1104 074a B1000000 		.4byte	.LASF116
 1105 074e 0D       		.byte	0xd
 1106 074f FA06     		.2byte	0x6fa
 1107 0751 55070000 		.4byte	0x755
 1108 0755 14       		.uleb128 0x14
 1109 0756 A2000000 		.4byte	0xa2
 1110 075a 1E       		.uleb128 0x1e
 1111 075b 636800   		.ascii	"ch\000"
 1112 075e 06       		.byte	0x6
 1113 075f 0B02     		.2byte	0x20b
 1114 0761 C8030000 		.4byte	0x3c8
 1115 0765 1D       		.uleb128 0x1d
 1116 0766 02060000 		.4byte	.LASF117
 1117 076a 0C       		.byte	0xc
 1118 076b 1E02     		.2byte	0x21e
 1119 076d 71070000 		.4byte	0x771
 1120 0771 13       		.uleb128 0x13
 1121 0772 DF060000 		.4byte	0x6df
 1122 0776 1F       		.uleb128 0x1f
 1123 0777 8D040000 		.4byte	.LASF118
 1124 077b 0E       		.byte	0xe
 1125 077c 8204     		.2byte	0x482
 1126 077e 20       		.uleb128 0x20
 1127 077f C9040000 		.4byte	.LASF129
 1128 0783 0C       		.byte	0xc
 1129 0784 2302     		.2byte	0x223
 1130 0786 90070000 		.4byte	0x790
ARM GAS  /tmp/ccrIIr29.s 			page 28


 1131 078a 0C       		.uleb128 0xc
 1132 078b 90070000 		.4byte	0x790
 1133 078f 00       		.byte	0
 1134 0790 09       		.uleb128 0x9
 1135 0791 04       		.byte	0x4
 1136 0792 71070000 		.4byte	0x771
 1137 0796 21       		.uleb128 0x21
 1138 0797 59020000 		.4byte	.LASF119
 1139 079b 0F       		.byte	0xf
 1140 079c F6       		.byte	0xf6
 1141 079d 21       		.uleb128 0x21
 1142 079e 5D010000 		.4byte	.LASF120
 1143 07a2 10       		.byte	0x10
 1144 07a3 79       		.byte	0x79
 1145 07a4 1F       		.uleb128 0x1f
 1146 07a5 E9050000 		.4byte	.LASF121
 1147 07a9 11       		.byte	0x11
 1148 07aa 0E01     		.2byte	0x10e
 1149 07ac 1F       		.uleb128 0x1f
 1150 07ad 80030000 		.4byte	.LASF122
 1151 07b1 12       		.byte	0x12
 1152 07b2 A904     		.2byte	0x4a9
 1153 07b4 21       		.uleb128 0x21
 1154 07b5 20000000 		.4byte	.LASF123
 1155 07b9 13       		.byte	0x13
 1156 07ba 56       		.byte	0x56
 1157 07bb 00       		.byte	0
 1158              		.section	.debug_abbrev,"",%progbits
 1159              	.Ldebug_abbrev0:
 1160 0000 01       		.uleb128 0x1
 1161 0001 11       		.uleb128 0x11
 1162 0002 01       		.byte	0x1
 1163 0003 25       		.uleb128 0x25
 1164 0004 0E       		.uleb128 0xe
 1165 0005 13       		.uleb128 0x13
 1166 0006 0B       		.uleb128 0xb
 1167 0007 03       		.uleb128 0x3
 1168 0008 0E       		.uleb128 0xe
 1169 0009 1B       		.uleb128 0x1b
 1170 000a 0E       		.uleb128 0xe
 1171 000b 55       		.uleb128 0x55
 1172 000c 17       		.uleb128 0x17
 1173 000d 11       		.uleb128 0x11
 1174 000e 01       		.uleb128 0x1
 1175 000f 10       		.uleb128 0x10
 1176 0010 17       		.uleb128 0x17
 1177 0011 00       		.byte	0
 1178 0012 00       		.byte	0
 1179 0013 02       		.uleb128 0x2
 1180 0014 24       		.uleb128 0x24
 1181 0015 00       		.byte	0
 1182 0016 0B       		.uleb128 0xb
 1183 0017 0B       		.uleb128 0xb
 1184 0018 3E       		.uleb128 0x3e
 1185 0019 0B       		.uleb128 0xb
 1186 001a 03       		.uleb128 0x3
 1187 001b 08       		.uleb128 0x8
ARM GAS  /tmp/ccrIIr29.s 			page 29


 1188 001c 00       		.byte	0
 1189 001d 00       		.byte	0
 1190 001e 03       		.uleb128 0x3
 1191 001f 24       		.uleb128 0x24
 1192 0020 00       		.byte	0
 1193 0021 0B       		.uleb128 0xb
 1194 0022 0B       		.uleb128 0xb
 1195 0023 3E       		.uleb128 0x3e
 1196 0024 0B       		.uleb128 0xb
 1197 0025 03       		.uleb128 0x3
 1198 0026 0E       		.uleb128 0xe
 1199 0027 00       		.byte	0
 1200 0028 00       		.byte	0
 1201 0029 04       		.uleb128 0x4
 1202 002a 16       		.uleb128 0x16
 1203 002b 00       		.byte	0
 1204 002c 03       		.uleb128 0x3
 1205 002d 0E       		.uleb128 0xe
 1206 002e 3A       		.uleb128 0x3a
 1207 002f 0B       		.uleb128 0xb
 1208 0030 3B       		.uleb128 0x3b
 1209 0031 0B       		.uleb128 0xb
 1210 0032 49       		.uleb128 0x49
 1211 0033 13       		.uleb128 0x13
 1212 0034 00       		.byte	0
 1213 0035 00       		.byte	0
 1214 0036 05       		.uleb128 0x5
 1215 0037 13       		.uleb128 0x13
 1216 0038 01       		.byte	0x1
 1217 0039 03       		.uleb128 0x3
 1218 003a 0E       		.uleb128 0xe
 1219 003b 0B       		.uleb128 0xb
 1220 003c 0B       		.uleb128 0xb
 1221 003d 3A       		.uleb128 0x3a
 1222 003e 0B       		.uleb128 0xb
 1223 003f 3B       		.uleb128 0x3b
 1224 0040 0B       		.uleb128 0xb
 1225 0041 01       		.uleb128 0x1
 1226 0042 13       		.uleb128 0x13
 1227 0043 00       		.byte	0
 1228 0044 00       		.byte	0
 1229 0045 06       		.uleb128 0x6
 1230 0046 0D       		.uleb128 0xd
 1231 0047 00       		.byte	0
 1232 0048 03       		.uleb128 0x3
 1233 0049 0E       		.uleb128 0xe
 1234 004a 3A       		.uleb128 0x3a
 1235 004b 0B       		.uleb128 0xb
 1236 004c 3B       		.uleb128 0x3b
 1237 004d 0B       		.uleb128 0xb
 1238 004e 49       		.uleb128 0x49
 1239 004f 13       		.uleb128 0x13
 1240 0050 38       		.uleb128 0x38
 1241 0051 0B       		.uleb128 0xb
 1242 0052 00       		.byte	0
 1243 0053 00       		.byte	0
 1244 0054 07       		.uleb128 0x7
ARM GAS  /tmp/ccrIIr29.s 			page 30


 1245 0055 0D       		.uleb128 0xd
 1246 0056 00       		.byte	0
 1247 0057 03       		.uleb128 0x3
 1248 0058 08       		.uleb128 0x8
 1249 0059 3A       		.uleb128 0x3a
 1250 005a 0B       		.uleb128 0xb
 1251 005b 3B       		.uleb128 0x3b
 1252 005c 05       		.uleb128 0x5
 1253 005d 49       		.uleb128 0x49
 1254 005e 13       		.uleb128 0x13
 1255 005f 38       		.uleb128 0x38
 1256 0060 0B       		.uleb128 0xb
 1257 0061 00       		.byte	0
 1258 0062 00       		.byte	0
 1259 0063 08       		.uleb128 0x8
 1260 0064 0D       		.uleb128 0xd
 1261 0065 00       		.byte	0
 1262 0066 03       		.uleb128 0x3
 1263 0067 0E       		.uleb128 0xe
 1264 0068 3A       		.uleb128 0x3a
 1265 0069 0B       		.uleb128 0xb
 1266 006a 3B       		.uleb128 0x3b
 1267 006b 05       		.uleb128 0x5
 1268 006c 49       		.uleb128 0x49
 1269 006d 13       		.uleb128 0x13
 1270 006e 38       		.uleb128 0x38
 1271 006f 0B       		.uleb128 0xb
 1272 0070 00       		.byte	0
 1273 0071 00       		.byte	0
 1274 0072 09       		.uleb128 0x9
 1275 0073 0F       		.uleb128 0xf
 1276 0074 00       		.byte	0
 1277 0075 0B       		.uleb128 0xb
 1278 0076 0B       		.uleb128 0xb
 1279 0077 49       		.uleb128 0x49
 1280 0078 13       		.uleb128 0x13
 1281 0079 00       		.byte	0
 1282 007a 00       		.byte	0
 1283 007b 0A       		.uleb128 0xa
 1284 007c 13       		.uleb128 0x13
 1285 007d 01       		.byte	0x1
 1286 007e 03       		.uleb128 0x3
 1287 007f 0E       		.uleb128 0xe
 1288 0080 0B       		.uleb128 0xb
 1289 0081 0B       		.uleb128 0xb
 1290 0082 3A       		.uleb128 0x3a
 1291 0083 0B       		.uleb128 0xb
 1292 0084 3B       		.uleb128 0x3b
 1293 0085 05       		.uleb128 0x5
 1294 0086 01       		.uleb128 0x1
 1295 0087 13       		.uleb128 0x13
 1296 0088 00       		.byte	0
 1297 0089 00       		.byte	0
 1298 008a 0B       		.uleb128 0xb
 1299 008b 15       		.uleb128 0x15
 1300 008c 01       		.byte	0x1
 1301 008d 27       		.uleb128 0x27
ARM GAS  /tmp/ccrIIr29.s 			page 31


 1302 008e 19       		.uleb128 0x19
 1303 008f 01       		.uleb128 0x1
 1304 0090 13       		.uleb128 0x13
 1305 0091 00       		.byte	0
 1306 0092 00       		.byte	0
 1307 0093 0C       		.uleb128 0xc
 1308 0094 05       		.uleb128 0x5
 1309 0095 00       		.byte	0
 1310 0096 49       		.uleb128 0x49
 1311 0097 13       		.uleb128 0x13
 1312 0098 00       		.byte	0
 1313 0099 00       		.byte	0
 1314 009a 0D       		.uleb128 0xd
 1315 009b 0F       		.uleb128 0xf
 1316 009c 00       		.byte	0
 1317 009d 0B       		.uleb128 0xb
 1318 009e 0B       		.uleb128 0xb
 1319 009f 00       		.byte	0
 1320 00a0 00       		.byte	0
 1321 00a1 0E       		.uleb128 0xe
 1322 00a2 13       		.uleb128 0x13
 1323 00a3 01       		.byte	0x1
 1324 00a4 03       		.uleb128 0x3
 1325 00a5 0E       		.uleb128 0xe
 1326 00a6 0B       		.uleb128 0xb
 1327 00a7 05       		.uleb128 0x5
 1328 00a8 3A       		.uleb128 0x3a
 1329 00a9 0B       		.uleb128 0xb
 1330 00aa 3B       		.uleb128 0x3b
 1331 00ab 05       		.uleb128 0x5
 1332 00ac 01       		.uleb128 0x1
 1333 00ad 13       		.uleb128 0x13
 1334 00ae 00       		.byte	0
 1335 00af 00       		.byte	0
 1336 00b0 0F       		.uleb128 0xf
 1337 00b1 0D       		.uleb128 0xd
 1338 00b2 00       		.byte	0
 1339 00b3 03       		.uleb128 0x3
 1340 00b4 08       		.uleb128 0x8
 1341 00b5 3A       		.uleb128 0x3a
 1342 00b6 0B       		.uleb128 0xb
 1343 00b7 3B       		.uleb128 0x3b
 1344 00b8 0B       		.uleb128 0xb
 1345 00b9 49       		.uleb128 0x49
 1346 00ba 13       		.uleb128 0x13
 1347 00bb 38       		.uleb128 0x38
 1348 00bc 0B       		.uleb128 0xb
 1349 00bd 00       		.byte	0
 1350 00be 00       		.byte	0
 1351 00bf 10       		.uleb128 0x10
 1352 00c0 13       		.uleb128 0x13
 1353 00c1 01       		.byte	0x1
 1354 00c2 0B       		.uleb128 0xb
 1355 00c3 0B       		.uleb128 0xb
 1356 00c4 3A       		.uleb128 0x3a
 1357 00c5 0B       		.uleb128 0xb
 1358 00c6 3B       		.uleb128 0x3b
ARM GAS  /tmp/ccrIIr29.s 			page 32


 1359 00c7 0B       		.uleb128 0xb
 1360 00c8 01       		.uleb128 0x1
 1361 00c9 13       		.uleb128 0x13
 1362 00ca 00       		.byte	0
 1363 00cb 00       		.byte	0
 1364 00cc 11       		.uleb128 0x11
 1365 00cd 17       		.uleb128 0x17
 1366 00ce 01       		.byte	0x1
 1367 00cf 0B       		.uleb128 0xb
 1368 00d0 0B       		.uleb128 0xb
 1369 00d1 3A       		.uleb128 0x3a
 1370 00d2 0B       		.uleb128 0xb
 1371 00d3 3B       		.uleb128 0x3b
 1372 00d4 0B       		.uleb128 0xb
 1373 00d5 01       		.uleb128 0x1
 1374 00d6 13       		.uleb128 0x13
 1375 00d7 00       		.byte	0
 1376 00d8 00       		.byte	0
 1377 00d9 12       		.uleb128 0x12
 1378 00da 0D       		.uleb128 0xd
 1379 00db 00       		.byte	0
 1380 00dc 03       		.uleb128 0x3
 1381 00dd 0E       		.uleb128 0xe
 1382 00de 3A       		.uleb128 0x3a
 1383 00df 0B       		.uleb128 0xb
 1384 00e0 3B       		.uleb128 0x3b
 1385 00e1 05       		.uleb128 0x5
 1386 00e2 49       		.uleb128 0x49
 1387 00e3 13       		.uleb128 0x13
 1388 00e4 00       		.byte	0
 1389 00e5 00       		.byte	0
 1390 00e6 13       		.uleb128 0x13
 1391 00e7 26       		.uleb128 0x26
 1392 00e8 00       		.byte	0
 1393 00e9 49       		.uleb128 0x49
 1394 00ea 13       		.uleb128 0x13
 1395 00eb 00       		.byte	0
 1396 00ec 00       		.byte	0
 1397 00ed 14       		.uleb128 0x14
 1398 00ee 35       		.uleb128 0x35
 1399 00ef 00       		.byte	0
 1400 00f0 49       		.uleb128 0x49
 1401 00f1 13       		.uleb128 0x13
 1402 00f2 00       		.byte	0
 1403 00f3 00       		.byte	0
 1404 00f4 15       		.uleb128 0x15
 1405 00f5 01       		.uleb128 0x1
 1406 00f6 01       		.byte	0x1
 1407 00f7 49       		.uleb128 0x49
 1408 00f8 13       		.uleb128 0x13
 1409 00f9 01       		.uleb128 0x1
 1410 00fa 13       		.uleb128 0x13
 1411 00fb 00       		.byte	0
 1412 00fc 00       		.byte	0
 1413 00fd 16       		.uleb128 0x16
 1414 00fe 21       		.uleb128 0x21
 1415 00ff 00       		.byte	0
ARM GAS  /tmp/ccrIIr29.s 			page 33


 1416 0100 49       		.uleb128 0x49
 1417 0101 13       		.uleb128 0x13
 1418 0102 2F       		.uleb128 0x2f
 1419 0103 0B       		.uleb128 0xb
 1420 0104 00       		.byte	0
 1421 0105 00       		.byte	0
 1422 0106 17       		.uleb128 0x17
 1423 0107 16       		.uleb128 0x16
 1424 0108 00       		.byte	0
 1425 0109 03       		.uleb128 0x3
 1426 010a 0E       		.uleb128 0xe
 1427 010b 3A       		.uleb128 0x3a
 1428 010c 0B       		.uleb128 0xb
 1429 010d 3B       		.uleb128 0x3b
 1430 010e 05       		.uleb128 0x5
 1431 010f 49       		.uleb128 0x49
 1432 0110 13       		.uleb128 0x13
 1433 0111 00       		.byte	0
 1434 0112 00       		.byte	0
 1435 0113 18       		.uleb128 0x18
 1436 0114 13       		.uleb128 0x13
 1437 0115 01       		.byte	0x1
 1438 0116 0B       		.uleb128 0xb
 1439 0117 0B       		.uleb128 0xb
 1440 0118 3A       		.uleb128 0x3a
 1441 0119 0B       		.uleb128 0xb
 1442 011a 3B       		.uleb128 0x3b
 1443 011b 05       		.uleb128 0x5
 1444 011c 01       		.uleb128 0x1
 1445 011d 13       		.uleb128 0x13
 1446 011e 00       		.byte	0
 1447 011f 00       		.byte	0
 1448 0120 19       		.uleb128 0x19
 1449 0121 2E       		.uleb128 0x2e
 1450 0122 00       		.byte	0
 1451 0123 03       		.uleb128 0x3
 1452 0124 0E       		.uleb128 0xe
 1453 0125 3A       		.uleb128 0x3a
 1454 0126 0B       		.uleb128 0xb
 1455 0127 3B       		.uleb128 0x3b
 1456 0128 05       		.uleb128 0x5
 1457 0129 27       		.uleb128 0x27
 1458 012a 19       		.uleb128 0x19
 1459 012b 20       		.uleb128 0x20
 1460 012c 0B       		.uleb128 0xb
 1461 012d 00       		.byte	0
 1462 012e 00       		.byte	0
 1463 012f 1A       		.uleb128 0x1a
 1464 0130 2E       		.uleb128 0x2e
 1465 0131 01       		.byte	0x1
 1466 0132 3F       		.uleb128 0x3f
 1467 0133 19       		.uleb128 0x19
 1468 0134 03       		.uleb128 0x3
 1469 0135 0E       		.uleb128 0xe
 1470 0136 3A       		.uleb128 0x3a
 1471 0137 0B       		.uleb128 0xb
 1472 0138 3B       		.uleb128 0x3b
ARM GAS  /tmp/ccrIIr29.s 			page 34


 1473 0139 0B       		.uleb128 0xb
 1474 013a 27       		.uleb128 0x27
 1475 013b 19       		.uleb128 0x19
 1476 013c 11       		.uleb128 0x11
 1477 013d 01       		.uleb128 0x1
 1478 013e 12       		.uleb128 0x12
 1479 013f 06       		.uleb128 0x6
 1480 0140 40       		.uleb128 0x40
 1481 0141 18       		.uleb128 0x18
 1482 0142 9742     		.uleb128 0x2117
 1483 0144 19       		.uleb128 0x19
 1484 0145 01       		.uleb128 0x1
 1485 0146 13       		.uleb128 0x13
 1486 0147 00       		.byte	0
 1487 0148 00       		.byte	0
 1488 0149 1B       		.uleb128 0x1b
 1489 014a 898201   		.uleb128 0x4109
 1490 014d 00       		.byte	0
 1491 014e 11       		.uleb128 0x11
 1492 014f 01       		.uleb128 0x1
 1493 0150 31       		.uleb128 0x31
 1494 0151 13       		.uleb128 0x13
 1495 0152 00       		.byte	0
 1496 0153 00       		.byte	0
 1497 0154 1C       		.uleb128 0x1c
 1498 0155 898201   		.uleb128 0x4109
 1499 0158 00       		.byte	0
 1500 0159 11       		.uleb128 0x11
 1501 015a 01       		.uleb128 0x1
 1502 015b 9542     		.uleb128 0x2115
 1503 015d 19       		.uleb128 0x19
 1504 015e 31       		.uleb128 0x31
 1505 015f 13       		.uleb128 0x13
 1506 0160 00       		.byte	0
 1507 0161 00       		.byte	0
 1508 0162 1D       		.uleb128 0x1d
 1509 0163 34       		.uleb128 0x34
 1510 0164 00       		.byte	0
 1511 0165 03       		.uleb128 0x3
 1512 0166 0E       		.uleb128 0xe
 1513 0167 3A       		.uleb128 0x3a
 1514 0168 0B       		.uleb128 0xb
 1515 0169 3B       		.uleb128 0x3b
 1516 016a 05       		.uleb128 0x5
 1517 016b 49       		.uleb128 0x49
 1518 016c 13       		.uleb128 0x13
 1519 016d 3F       		.uleb128 0x3f
 1520 016e 19       		.uleb128 0x19
 1521 016f 3C       		.uleb128 0x3c
 1522 0170 19       		.uleb128 0x19
 1523 0171 00       		.byte	0
 1524 0172 00       		.byte	0
 1525 0173 1E       		.uleb128 0x1e
 1526 0174 34       		.uleb128 0x34
 1527 0175 00       		.byte	0
 1528 0176 03       		.uleb128 0x3
 1529 0177 08       		.uleb128 0x8
ARM GAS  /tmp/ccrIIr29.s 			page 35


 1530 0178 3A       		.uleb128 0x3a
 1531 0179 0B       		.uleb128 0xb
 1532 017a 3B       		.uleb128 0x3b
 1533 017b 05       		.uleb128 0x5
 1534 017c 49       		.uleb128 0x49
 1535 017d 13       		.uleb128 0x13
 1536 017e 3F       		.uleb128 0x3f
 1537 017f 19       		.uleb128 0x19
 1538 0180 3C       		.uleb128 0x3c
 1539 0181 19       		.uleb128 0x19
 1540 0182 00       		.byte	0
 1541 0183 00       		.byte	0
 1542 0184 1F       		.uleb128 0x1f
 1543 0185 2E       		.uleb128 0x2e
 1544 0186 00       		.byte	0
 1545 0187 3F       		.uleb128 0x3f
 1546 0188 19       		.uleb128 0x19
 1547 0189 03       		.uleb128 0x3
 1548 018a 0E       		.uleb128 0xe
 1549 018b 3A       		.uleb128 0x3a
 1550 018c 0B       		.uleb128 0xb
 1551 018d 3B       		.uleb128 0x3b
 1552 018e 05       		.uleb128 0x5
 1553 018f 27       		.uleb128 0x27
 1554 0190 19       		.uleb128 0x19
 1555 0191 3C       		.uleb128 0x3c
 1556 0192 19       		.uleb128 0x19
 1557 0193 00       		.byte	0
 1558 0194 00       		.byte	0
 1559 0195 20       		.uleb128 0x20
 1560 0196 2E       		.uleb128 0x2e
 1561 0197 01       		.byte	0x1
 1562 0198 3F       		.uleb128 0x3f
 1563 0199 19       		.uleb128 0x19
 1564 019a 03       		.uleb128 0x3
 1565 019b 0E       		.uleb128 0xe
 1566 019c 3A       		.uleb128 0x3a
 1567 019d 0B       		.uleb128 0xb
 1568 019e 3B       		.uleb128 0x3b
 1569 019f 05       		.uleb128 0x5
 1570 01a0 27       		.uleb128 0x27
 1571 01a1 19       		.uleb128 0x19
 1572 01a2 3C       		.uleb128 0x3c
 1573 01a3 19       		.uleb128 0x19
 1574 01a4 01       		.uleb128 0x1
 1575 01a5 13       		.uleb128 0x13
 1576 01a6 00       		.byte	0
 1577 01a7 00       		.byte	0
 1578 01a8 21       		.uleb128 0x21
 1579 01a9 2E       		.uleb128 0x2e
 1580 01aa 00       		.byte	0
 1581 01ab 3F       		.uleb128 0x3f
 1582 01ac 19       		.uleb128 0x19
 1583 01ad 03       		.uleb128 0x3
 1584 01ae 0E       		.uleb128 0xe
 1585 01af 3A       		.uleb128 0x3a
 1586 01b0 0B       		.uleb128 0xb
ARM GAS  /tmp/ccrIIr29.s 			page 36


 1587 01b1 3B       		.uleb128 0x3b
 1588 01b2 0B       		.uleb128 0xb
 1589 01b3 27       		.uleb128 0x27
 1590 01b4 19       		.uleb128 0x19
 1591 01b5 3C       		.uleb128 0x3c
 1592 01b6 19       		.uleb128 0x19
 1593 01b7 00       		.byte	0
 1594 01b8 00       		.byte	0
 1595 01b9 00       		.byte	0
 1596              		.section	.debug_aranges,"",%progbits
 1597 0000 1C000000 		.4byte	0x1c
 1598 0004 0200     		.2byte	0x2
 1599 0006 00000000 		.4byte	.Ldebug_info0
 1600 000a 04       		.byte	0x4
 1601 000b 00       		.byte	0
 1602 000c 0000     		.2byte	0
 1603 000e 0000     		.2byte	0
 1604 0010 00000000 		.4byte	.LFB272
 1605 0014 28000000 		.4byte	.LFE272-.LFB272
 1606 0018 00000000 		.4byte	0
 1607 001c 00000000 		.4byte	0
 1608              		.section	.debug_ranges,"",%progbits
 1609              	.Ldebug_ranges0:
 1610 0000 00000000 		.4byte	.LFB272
 1611 0004 28000000 		.4byte	.LFE272
 1612 0008 00000000 		.4byte	0
 1613 000c 00000000 		.4byte	0
 1614              		.section	.debug_line,"",%progbits
 1615              	.Ldebug_line0:
 1616 0000 51030000 		.section	.debug_str,"MS",%progbits,1
 1616      02002C03 
 1616      00000201 
 1616      FB0E0D00 
 1616      01010101 
 1617              	.LASF108:
 1618 0000 73746D33 		.ascii	"stm32_gpio_setup_t\000"
 1618      325F6770 
 1618      696F5F73 
 1618      65747570 
 1618      5F7400
 1619              	.LASF49:
 1620 0013 72656164 		.ascii	"ready_list_t\000"
 1620      795F6C69 
 1620      73745F74 
 1620      00
 1621              	.LASF123:
 1622 0020 7374496E 		.ascii	"stInit\000"
 1622      697400
 1623              	.LASF87:
 1624 0027 77747472 		.ascii	"wttrp\000"
 1624      7000
 1625              	.LASF84:
 1626 002d 7264796D 		.ascii	"rdymsg\000"
 1626      736700
 1627              	.LASF16:
 1628 0034 75696E74 		.ascii	"uint64_t\000"
 1628      36345F74 
ARM GAS  /tmp/ccrIIr29.s 			page 37


 1628      00
 1629              	.LASF5:
 1630 003d 5F5F7569 		.ascii	"__uint8_t\000"
 1630      6E74385F 
 1630      7400
 1631              	.LASF81:
 1632 0047 706F7274 		.ascii	"port_intctx\000"
 1632      5F696E74 
 1632      63747800 
 1633              	.LASF68:
 1634 0053 73797374 		.ascii	"system_debug_t\000"
 1634      656D5F64 
 1634      65627567 
 1634      5F7400
 1635              	.LASF12:
 1636 0062 6C6F6E67 		.ascii	"long long unsigned int\000"
 1636      206C6F6E 
 1636      6720756E 
 1636      7369676E 
 1636      65642069 
 1637              	.LASF105:
 1638 0079 70757064 		.ascii	"pupdr\000"
 1638      7200
 1639              	.LASF85:
 1640 007f 65786974 		.ascii	"exitcode\000"
 1640      636F6465 
 1640      00
 1641              	.LASF75:
 1642 0088 6D61696E 		.ascii	"mainthread\000"
 1642      74687265 
 1642      616400
 1643              	.LASF88:
 1644 0093 73656E74 		.ascii	"sentmsg\000"
 1644      6D736700 
 1645              	.LASF65:
 1646 009b 76697274 		.ascii	"virtual_timers_list_t\000"
 1646      75616C5F 
 1646      74696D65 
 1646      72735F6C 
 1646      6973745F 
 1647              	.LASF116:
 1648 00b1 49544D5F 		.ascii	"ITM_RxBuffer\000"
 1648      52784275 
 1648      66666572 
 1648      00
 1649              	.LASF48:
 1650 00be 63685F74 		.ascii	"ch_threads_queue\000"
 1650      68726561 
 1650      64735F71 
 1650      75657565 
 1650      00
 1651              	.LASF29:
 1652 00cf 705F7072 		.ascii	"p_prio\000"
 1652      696F00
 1653              	.LASF10:
 1654 00d6 6C6F6E67 		.ascii	"long long int\000"
 1654      206C6F6E 
ARM GAS  /tmp/ccrIIr29.s 			page 38


 1654      6720696E 
 1654      7400
 1655              	.LASF1:
 1656 00e4 7369676E 		.ascii	"signed char\000"
 1656      65642063 
 1656      68617200 
 1657              	.LASF42:
 1658 00f0 705F6D70 		.ascii	"p_mpool\000"
 1658      6F6F6C00 
 1659              	.LASF96:
 1660 00f8 6D5F7175 		.ascii	"m_queue\000"
 1660      65756500 
 1661              	.LASF102:
 1662 0100 6D6F6465 		.ascii	"moder\000"
 1662      7200
 1663              	.LASF72:
 1664 0106 63685F73 		.ascii	"ch_system\000"
 1664      79737465 
 1664      6D00
 1665              	.LASF7:
 1666 0110 6C6F6E67 		.ascii	"long int\000"
 1666      20696E74 
 1666      00
 1667              	.LASF113:
 1668 0119 50454461 		.ascii	"PEData\000"
 1668      746100
 1669              	.LASF126:
 1670 0120 2F6E6673 		.ascii	"/nfs/nfs4/home/jacoroge/p442-submissions/milestone2"
 1670      2F6E6673 
 1670      342F686F 
 1670      6D652F6A 
 1670      61636F72 
 1671 0153 00       		.ascii	"\000"
 1672              	.LASF19:
 1673 0154 74737461 		.ascii	"tstate_t\000"
 1673      74655F74 
 1673      00
 1674              	.LASF120:
 1675 015d 67707449 		.ascii	"gptInit\000"
 1675      6E697400 
 1676              	.LASF31:
 1677 0165 705F6E65 		.ascii	"p_newer\000"
 1677      77657200 
 1678              	.LASF93:
 1679 016d 735F7175 		.ascii	"s_queue\000"
 1679      65756500 
 1680              	.LASF54:
 1681 0175 725F6E65 		.ascii	"r_newer\000"
 1681      77657200 
 1682              	.LASF78:
 1683 017d 72656761 		.ascii	"regarm_t\000"
 1683      726D5F74 
 1683      00
 1684              	.LASF61:
 1685 0186 76745F70 		.ascii	"vt_prev\000"
 1685      72657600 
 1686              	.LASF74:
ARM GAS  /tmp/ccrIIr29.s 			page 39


 1687 018e 76746C69 		.ascii	"vtlist\000"
 1687      737400
 1688              	.LASF100:
 1689 0195 6D757465 		.ascii	"mutex_t\000"
 1689      785F7400 
 1690              	.LASF110:
 1691 019d 50424461 		.ascii	"PBData\000"
 1691      746100
 1692              	.LASF76:
 1693 01a4 69646C65 		.ascii	"idle_thread_wa\000"
 1693      5F746872 
 1693      6561645F 
 1693      776100
 1694              	.LASF24:
 1695 01b3 636E745F 		.ascii	"cnt_t\000"
 1695      7400
 1696              	.LASF0:
 1697 01b9 756E7369 		.ascii	"unsigned int\000"
 1697      676E6564 
 1697      20696E74 
 1697      00
 1698              	.LASF60:
 1699 01c6 76745F6E 		.ascii	"vt_next\000"
 1699      65787400 
 1700              	.LASF89:
 1701 01ce 77747365 		.ascii	"wtsemp\000"
 1701      6D7000
 1702              	.LASF38:
 1703 01d5 705F6D73 		.ascii	"p_msgqueue\000"
 1703      67717565 
 1703      756500
 1704              	.LASF128:
 1705 01e0 68616C49 		.ascii	"halInit\000"
 1705      6E697400 
 1706              	.LASF104:
 1707 01e8 6F737065 		.ascii	"ospeedr\000"
 1707      65647200 
 1708              	.LASF103:
 1709 01f0 6F747970 		.ascii	"otyper\000"
 1709      657200
 1710              	.LASF4:
 1711 01f7 73686F72 		.ascii	"short unsigned int\000"
 1711      7420756E 
 1711      7369676E 
 1711      65642069 
 1711      6E7400
 1712              	.LASF114:
 1713 020a 50464461 		.ascii	"PFData\000"
 1713      746100
 1714              	.LASF45:
 1715 0211 63685F74 		.ascii	"ch_thread\000"
 1715      68726561 
 1715      6400
 1716              	.LASF22:
 1717 021b 6D73675F 		.ascii	"msg_t\000"
 1717      7400
 1718              	.LASF71:
ARM GAS  /tmp/ccrIIr29.s 			page 40


 1719 0221 63685F73 		.ascii	"ch_system_t\000"
 1719      79737465 
 1719      6D5F7400 
 1720              	.LASF18:
 1721 022d 746D6F64 		.ascii	"tmode_t\000"
 1721      655F7400 
 1722              	.LASF50:
 1723 0235 63685F72 		.ascii	"ch_ready_list\000"
 1723      65616479 
 1723      5F6C6973 
 1723      7400
 1724              	.LASF23:
 1725 0243 6576656E 		.ascii	"eventmask_t\000"
 1725      746D6173 
 1725      6B5F7400 
 1726              	.LASF6:
 1727 024f 5F5F696E 		.ascii	"__int32_t\000"
 1727      7433325F 
 1727      7400
 1728              	.LASF119:
 1729 0259 61646349 		.ascii	"adcInit\000"
 1729      6E697400 
 1730              	.LASF79:
 1731 0261 73746B61 		.ascii	"stkalign_t\000"
 1731      6C69676E 
 1731      5F7400
 1732              	.LASF37:
 1733 026c 705F7761 		.ascii	"p_waiting\000"
 1733      6974696E 
 1733      6700
 1734              	.LASF77:
 1735 0276 73697A65 		.ascii	"sizetype\000"
 1735      74797065 
 1735      00
 1736              	.LASF43:
 1737 027f 74687265 		.ascii	"thread_reference_t\000"
 1737      61645F72 
 1737      65666572 
 1737      656E6365 
 1737      5F7400
 1738              	.LASF66:
 1739 0292 63685F76 		.ascii	"ch_virtual_timers_list\000"
 1739      69727475 
 1739      616C5F74 
 1739      696D6572 
 1739      735F6C69 
 1740              	.LASF67:
 1741 02a9 76745F6C 		.ascii	"vt_lasttime\000"
 1741      61737474 
 1741      696D6500 
 1742              	.LASF32:
 1743 02b5 705F6F6C 		.ascii	"p_older\000"
 1743      64657200 
 1744              	.LASF53:
 1745 02bd 725F6374 		.ascii	"r_ctx\000"
 1745      7800
 1746              	.LASF83:
ARM GAS  /tmp/ccrIIr29.s 			page 41


 1747 02c3 746D5F63 		.ascii	"tm_calibration_t\000"
 1747      616C6962 
 1747      72617469 
 1747      6F6E5F74 
 1747      00
 1748              	.LASF107:
 1749 02d4 61667268 		.ascii	"afrh\000"
 1749      00
 1750              	.LASF112:
 1751 02d9 50444461 		.ascii	"PDData\000"
 1751      746100
 1752              	.LASF56:
 1753 02e0 725F6375 		.ascii	"r_current\000"
 1753      7272656E 
 1753      7400
 1754              	.LASF55:
 1755 02ea 725F6F6C 		.ascii	"r_older\000"
 1755      64657200 
 1756              	.LASF11:
 1757 02f2 5F5F7569 		.ascii	"__uint64_t\000"
 1757      6E743634 
 1757      5F7400
 1758              	.LASF20:
 1759 02fd 74726566 		.ascii	"trefs_t\000"
 1759      735F7400 
 1760              	.LASF58:
 1761 0305 76697274 		.ascii	"virtual_timer_t\000"
 1761      75616C5F 
 1761      74696D65 
 1761      725F7400 
 1762              	.LASF28:
 1763 0315 705F7072 		.ascii	"p_prev\000"
 1763      657600
 1764              	.LASF127:
 1765 031c 6F73616C 		.ascii	"osalInit\000"
 1765      496E6974 
 1765      00
 1766              	.LASF21:
 1767 0325 74707269 		.ascii	"tprio_t\000"
 1767      6F5F7400 
 1768              	.LASF69:
 1769 032d 63685F73 		.ascii	"ch_system_debug\000"
 1769      79737465 
 1769      6D5F6465 
 1769      62756700 
 1770              	.LASF101:
 1771 033d 5F426F6F 		.ascii	"_Bool\000"
 1771      6C00
 1772              	.LASF14:
 1773 0343 696E7433 		.ascii	"int32_t\000"
 1773      325F7400 
 1774              	.LASF2:
 1775 034b 756E7369 		.ascii	"unsigned char\000"
 1775      676E6564 
 1775      20636861 
 1775      7200
 1776              	.LASF106:
ARM GAS  /tmp/ccrIIr29.s 			page 42


 1777 0359 6166726C 		.ascii	"afrl\000"
 1777      00
 1778              	.LASF94:
 1779 035e 735F636E 		.ascii	"s_cnt\000"
 1779      7400
 1780              	.LASF40:
 1781 0364 705F6D74 		.ascii	"p_mtxlist\000"
 1781      786C6973 
 1781      7400
 1782              	.LASF3:
 1783 036e 73686F72 		.ascii	"short int\000"
 1783      7420696E 
 1783      7400
 1784              	.LASF34:
 1785 0378 705F7374 		.ascii	"p_state\000"
 1785      61746500 
 1786              	.LASF122:
 1787 0380 626F6172 		.ascii	"boardInit\000"
 1787      64496E69 
 1787      7400
 1788              	.LASF52:
 1789 038a 725F7072 		.ascii	"r_prio\000"
 1789      696F00
 1790              	.LASF109:
 1791 0391 50414461 		.ascii	"PAData\000"
 1791      746100
 1792              	.LASF91:
 1793 0398 65776D61 		.ascii	"ewmask\000"
 1793      736B00
 1794              	.LASF27:
 1795 039f 705F6E65 		.ascii	"p_next\000"
 1795      787400
 1796              	.LASF35:
 1797 03a6 705F666C 		.ascii	"p_flags\000"
 1797      61677300 
 1798              	.LASF125:
 1799 03ae 2E2E2F43 		.ascii	"../ChibiOS/os/hal/src/hal.c\000"
 1799      68696269 
 1799      4F532F6F 
 1799      732F6861 
 1799      6C2F7372 
 1800              	.LASF59:
 1801 03ca 63685F76 		.ascii	"ch_virtual_timer\000"
 1801      69727475 
 1801      616C5F74 
 1801      696D6572 
 1801      00
 1802              	.LASF92:
 1803 03db 63685F73 		.ascii	"ch_semaphore\000"
 1803      656D6170 
 1803      686F7265 
 1803      00
 1804              	.LASF39:
 1805 03e8 705F6570 		.ascii	"p_epending\000"
 1805      656E6469 
 1805      6E6700
 1806              	.LASF15:
ARM GAS  /tmp/ccrIIr29.s 			page 43


 1807 03f3 75696E74 		.ascii	"uint32_t\000"
 1807      33325F74 
 1807      00
 1808              	.LASF90:
 1809 03fc 77746D74 		.ascii	"wtmtxp\000"
 1809      787000
 1810              	.LASF51:
 1811 0403 725F7175 		.ascii	"r_queue\000"
 1811      65756500 
 1812              	.LASF62:
 1813 040b 76745F64 		.ascii	"vt_delta\000"
 1813      656C7461 
 1813      00
 1814              	.LASF46:
 1815 0414 63685F74 		.ascii	"ch_threads_list\000"
 1815      68726561 
 1815      64735F6C 
 1815      69737400 
 1816              	.LASF9:
 1817 0424 6C6F6E67 		.ascii	"long unsigned int\000"
 1817      20756E73 
 1817      69676E65 
 1817      6420696E 
 1817      7400
 1818              	.LASF99:
 1819 0436 63686172 		.ascii	"char\000"
 1819      00
 1820              	.LASF26:
 1821 043b 74687265 		.ascii	"thread_t\000"
 1821      61645F74 
 1821      00
 1822              	.LASF98:
 1823 0444 6D5F6E65 		.ascii	"m_next\000"
 1823      787400
 1824              	.LASF25:
 1825 044b 73797374 		.ascii	"systime_t\000"
 1825      696D655F 
 1825      7400
 1826              	.LASF41:
 1827 0455 705F7265 		.ascii	"p_realprio\000"
 1827      616C7072 
 1827      696F00
 1828              	.LASF57:
 1829 0460 76746675 		.ascii	"vtfunc_t\000"
 1829      6E635F74 
 1829      00
 1830              	.LASF8:
 1831 0469 5F5F7569 		.ascii	"__uint32_t\000"
 1831      6E743332 
 1831      5F7400
 1832              	.LASF70:
 1833 0474 70616E69 		.ascii	"panic_msg\000"
 1833      635F6D73 
 1833      6700
 1834              	.LASF82:
 1835 047e 6F666673 		.ascii	"offset\000"
 1835      657400
ARM GAS  /tmp/ccrIIr29.s 			page 44


 1836              	.LASF80:
 1837 0485 636F6E74 		.ascii	"context\000"
 1837      65787400 
 1838              	.LASF118:
 1839 048d 68616C5F 		.ascii	"hal_lld_init\000"
 1839      6C6C645F 
 1839      696E6974 
 1839      00
 1840              	.LASF17:
 1841 049a 7274636E 		.ascii	"rtcnt_t\000"
 1841      745F7400 
 1842              	.LASF64:
 1843 04a2 76745F70 		.ascii	"vt_par\000"
 1843      617200
 1844              	.LASF47:
 1845 04a9 74687265 		.ascii	"threads_queue_t\000"
 1845      6164735F 
 1845      71756575 
 1845      655F7400 
 1846              	.LASF95:
 1847 04b9 63685F6D 		.ascii	"ch_mutex\000"
 1847      75746578 
 1847      00
 1848              	.LASF36:
 1849 04c2 705F7265 		.ascii	"p_refs\000"
 1849      667300
 1850              	.LASF129:
 1851 04c9 5F70616C 		.ascii	"_pal_lld_init\000"
 1851      5F6C6C64 
 1851      5F696E69 
 1851      7400
 1852              	.LASF73:
 1853 04d7 726C6973 		.ascii	"rlist\000"
 1853      7400
 1854              	.LASF13:
 1855 04dd 75696E74 		.ascii	"uint8_t\000"
 1855      385F7400 
 1856              	.LASF124:
 1857 04e5 474E5520 		.ascii	"GNU C 4.8.4 20140526 (release) [ARM/embedded-4_8-br"
 1857      4320342E 
 1857      382E3420 
 1857      32303134 
 1857      30353236 
 1858 0518 616E6368 		.ascii	"anch revision 211358] -mcpu=cortex-m4 -mno-thumb-in"
 1858      20726576 
 1858      6973696F 
 1858      6E203231 
 1858      31333538 
 1859 054b 74657277 		.ascii	"terwork -mthumb -ggdb -O2 -fomit-frame-pointer -fal"
 1859      6F726B20 
 1859      2D6D7468 
 1859      756D6220 
 1859      2D676764 
 1860 057e 69676E2D 		.ascii	"ign-functions=16 -ffunction-sections -fdata-section"
 1860      66756E63 
 1860      74696F6E 
 1860      733D3136 
ARM GAS  /tmp/ccrIIr29.s 			page 45


 1860      202D6666 
 1861 05b1 73202D66 		.ascii	"s -fno-common -flto\000"
 1861      6E6F2D63 
 1861      6F6D6D6F 
 1861      6E202D66 
 1861      6C746F00 
 1862              	.LASF86:
 1863 05c5 77746F62 		.ascii	"wtobjp\000"
 1863      6A7000
 1864              	.LASF33:
 1865 05cc 705F6E61 		.ascii	"p_name\000"
 1865      6D6500
 1866              	.LASF111:
 1867 05d3 50434461 		.ascii	"PCData\000"
 1867      746100
 1868              	.LASF44:
 1869 05da 74687265 		.ascii	"threads_list_t\000"
 1869      6164735F 
 1869      6C697374 
 1869      5F7400
 1870              	.LASF121:
 1871 05e9 7364496E 		.ascii	"sdInit\000"
 1871      697400
 1872              	.LASF115:
 1873 05f0 50414C43 		.ascii	"PALConfig\000"
 1873      6F6E6669 
 1873      6700
 1874              	.LASF97:
 1875 05fa 6D5F6F77 		.ascii	"m_owner\000"
 1875      6E657200 
 1876              	.LASF117:
 1877 0602 70616C5F 		.ascii	"pal_default_config\000"
 1877      64656661 
 1877      756C745F 
 1877      636F6E66 
 1877      696700
 1878              	.LASF30:
 1879 0615 705F6374 		.ascii	"p_ctx\000"
 1879      7800
 1880              	.LASF63:
 1881 061b 76745F66 		.ascii	"vt_func\000"
 1881      756E6300 
 1882              		.comm	__gnu_lto_v1,1,1
 1883              		.ident	"GCC: (GNU Tools for ARM Embedded Processors) 4.8.4 20140526 (release) [ARM/embedded-4_8-br
ARM GAS  /tmp/ccrIIr29.s 			page 46


DEFINED SYMBOLS
                            *ABS*:00000000 hal.c
     /tmp/ccrIIr29.s:148    .text.halInit:00000000 $t
     /tmp/ccrIIr29.s:154    .text.halInit:00000000 halInit
     /tmp/ccrIIr29.s:192    .text.halInit:00000024 $d
                            *COM*:00000001 __gnu_lto_v1
                     .debug_frame:00000010 $d
     /tmp/ccrIIr29.s:196    .text.halInit:00000028 $t

UNDEFINED SYMBOLS
hal_lld_init
_pal_lld_init
adcInit
gptInit
sdInit
boardInit
stInit
pal_default_config
